[2025-11-12T19:05:54.830+0000] {local_task_job_runner.py:120} INFO - ::group::Pre task execution logs
[2025-11-12T19:05:54.839+0000] {taskinstance.py:2076} INFO - Dependencies all met for dep_context=non-requeueable deps ti=<TaskInstance: warehouse_daily.extract_to_minio manual__2025-11-12T19:05:46.681163+00:00 [queued]>
[2025-11-12T19:05:54.841+0000] {taskinstance.py:2076} INFO - Dependencies all met for dep_context=requeueable deps ti=<TaskInstance: warehouse_daily.extract_to_minio manual__2025-11-12T19:05:46.681163+00:00 [queued]>
[2025-11-12T19:05:54.841+0000] {taskinstance.py:2306} INFO - Starting attempt 1 of 3
[2025-11-12T19:05:54.845+0000] {taskinstance.py:2330} INFO - Executing <Task(BashOperator): extract_to_minio> on 2025-11-12 19:05:46.681163+00:00
[2025-11-12T19:05:54.847+0000] {standard_task_runner.py:64} INFO - Started process 216 to run task
[2025-11-12T19:05:54.848+0000] {standard_task_runner.py:90} INFO - Running: ['airflow', 'tasks', 'run', 'warehouse_daily', 'extract_to_minio', 'manual__2025-11-12T19:05:46.681163+00:00', '--job-id', '6', '--raw', '--subdir', 'DAGS_FOLDER/warehouse_dag.py', '--cfg-path', '/tmp/tmpo6vi2dn5']
[2025-11-12T19:05:54.849+0000] {standard_task_runner.py:91} INFO - Job 6: Subtask extract_to_minio
[2025-11-12T19:05:54.860+0000] {task_command.py:426} INFO - Running <TaskInstance: warehouse_daily.extract_to_minio manual__2025-11-12T19:05:46.681163+00:00 [running]> on host 6561605caf49
[2025-11-12T19:05:54.928+0000] {taskinstance.py:2648} INFO - Exporting env vars: AIRFLOW_CTX_DAG_OWNER='wyko' AIRFLOW_CTX_DAG_ID='warehouse_daily' AIRFLOW_CTX_TASK_ID='extract_to_minio' AIRFLOW_CTX_EXECUTION_DATE='2025-11-12T19:05:46.681163+00:00' AIRFLOW_CTX_TRY_NUMBER='1' AIRFLOW_CTX_DAG_RUN_ID='manual__2025-11-12T19:05:46.681163+00:00'
[2025-11-12T19:05:54.928+0000] {taskinstance.py:430} INFO - ::endgroup::
[2025-11-12T19:05:54.932+0000] {subprocess.py:63} INFO - Tmp dir root location: /tmp
[2025-11-12T19:05:54.933+0000] {subprocess.py:75} INFO - Running command: ['/usr/bin/bash', '-c', 'cd /opt/airflow/repo && python etl/extract.py']
[2025-11-12T19:05:54.936+0000] {subprocess.py:86} INFO - Output:
[2025-11-12T19:05:58.152+0000] {subprocess.py:93} INFO - Succesfully Uploaded data/raw/housing_800k.csv → s3://raw/housing_800k.csv  (rows=800,000)
[2025-11-12T19:05:58.211+0000] {subprocess.py:97} INFO - Command exited with return code 0
[2025-11-12T19:05:58.211+0000] {taskinstance.py:441} INFO - ::group::Post task execution logs
[2025-11-12T19:05:58.218+0000] {taskinstance.py:1206} INFO - Marking task as SUCCESS. dag_id=warehouse_daily, task_id=extract_to_minio, run_id=manual__2025-11-12T19:05:46.681163+00:00, execution_date=20251112T190546, start_date=20251112T190554, end_date=20251112T190558
[2025-11-12T19:05:58.243+0000] {local_task_job_runner.py:243} INFO - Task exited with return code 0
[2025-11-12T19:05:58.250+0000] {taskinstance.py:3503} INFO - 1 downstream tasks scheduled from follow-on schedule check
[2025-11-12T19:05:58.252+0000] {local_task_job_runner.py:222} INFO - ::endgroup::
