[2025-11-15T00:48:23.967+0000] {processor.py:161} INFO - Started process (PID=3031) to work on /opt/airflow/dags/warehouse_dag.py
[2025-11-15T00:48:23.967+0000] {processor.py:830} INFO - Processing file /opt/airflow/dags/warehouse_dag.py for tasks to queue
[2025-11-15T00:48:23.968+0000] {logging_mixin.py:188} INFO - [2025-11-15T00:48:23.968+0000] {dagbag.py:545} INFO - Filling up the DagBag from /opt/airflow/dags/warehouse_dag.py
[2025-11-15T00:48:23.977+0000] {processor.py:840} INFO - DAG(s) 'warehouse_daily' retrieved from /opt/airflow/dags/warehouse_dag.py
[2025-11-15T00:48:23.991+0000] {logging_mixin.py:188} INFO - [2025-11-15T00:48:23.991+0000] {dag.py:3089} INFO - Sync 1 DAGs
[2025-11-15T00:48:23.999+0000] {logging_mixin.py:188} INFO - [2025-11-15T00:48:23.999+0000] {dag.py:3947} INFO - Setting next_dagrun for warehouse_daily to 2025-11-14 06:00:00+00:00, run_after=2025-11-15 06:00:00+00:00
[2025-11-15T00:48:24.011+0000] {processor.py:183} INFO - Processing /opt/airflow/dags/warehouse_dag.py took 0.048 seconds
[2025-11-15T02:28:16.973+0000] {processor.py:161} INFO - Started process (PID=3032) to work on /opt/airflow/dags/warehouse_dag.py
[2025-11-15T02:28:16.976+0000] {processor.py:830} INFO - Processing file /opt/airflow/dags/warehouse_dag.py for tasks to queue
[2025-11-15T02:28:16.978+0000] {logging_mixin.py:188} INFO - [2025-11-15T02:28:16.977+0000] {dagbag.py:545} INFO - Filling up the DagBag from /opt/airflow/dags/warehouse_dag.py
[2025-11-15T02:28:17.003+0000] {processor.py:840} INFO - DAG(s) 'warehouse_daily' retrieved from /opt/airflow/dags/warehouse_dag.py
[2025-11-15T02:28:17.062+0000] {logging_mixin.py:188} INFO - [2025-11-15T02:28:17.061+0000] {dag.py:3089} INFO - Sync 1 DAGs
[2025-11-15T02:28:17.096+0000] {logging_mixin.py:188} INFO - [2025-11-15T02:28:17.096+0000] {dag.py:3947} INFO - Setting next_dagrun for warehouse_daily to 2025-11-14 06:00:00+00:00, run_after=2025-11-15 06:00:00+00:00
[2025-11-15T02:28:17.140+0000] {processor.py:183} INFO - Processing /opt/airflow/dags/warehouse_dag.py took 0.175 seconds
[2025-11-15T03:42:05.317+0000] {processor.py:161} INFO - Started process (PID=3033) to work on /opt/airflow/dags/warehouse_dag.py
[2025-11-15T03:42:05.317+0000] {processor.py:830} INFO - Processing file /opt/airflow/dags/warehouse_dag.py for tasks to queue
[2025-11-15T03:42:05.318+0000] {logging_mixin.py:188} INFO - [2025-11-15T03:42:05.318+0000] {dagbag.py:545} INFO - Filling up the DagBag from /opt/airflow/dags/warehouse_dag.py
[2025-11-15T03:42:05.324+0000] {processor.py:840} INFO - DAG(s) 'warehouse_daily' retrieved from /opt/airflow/dags/warehouse_dag.py
[2025-11-15T03:42:05.335+0000] {logging_mixin.py:188} INFO - [2025-11-15T03:42:05.335+0000] {dag.py:3089} INFO - Sync 1 DAGs
[2025-11-15T03:42:05.341+0000] {logging_mixin.py:188} INFO - [2025-11-15T03:42:05.340+0000] {dag.py:3947} INFO - Setting next_dagrun for warehouse_daily to 2025-11-14 06:00:00+00:00, run_after=2025-11-15 06:00:00+00:00
[2025-11-15T03:42:05.348+0000] {processor.py:183} INFO - Processing /opt/airflow/dags/warehouse_dag.py took 0.034 seconds
[2025-11-15T05:03:17.727+0000] {processor.py:161} INFO - Started process (PID=3034) to work on /opt/airflow/dags/warehouse_dag.py
[2025-11-15T05:03:17.727+0000] {processor.py:830} INFO - Processing file /opt/airflow/dags/warehouse_dag.py for tasks to queue
[2025-11-15T05:03:17.728+0000] {logging_mixin.py:188} INFO - [2025-11-15T05:03:17.728+0000] {dagbag.py:545} INFO - Filling up the DagBag from /opt/airflow/dags/warehouse_dag.py
[2025-11-15T05:03:17.737+0000] {processor.py:840} INFO - DAG(s) 'warehouse_daily' retrieved from /opt/airflow/dags/warehouse_dag.py
[2025-11-15T05:03:17.753+0000] {logging_mixin.py:188} INFO - [2025-11-15T05:03:17.753+0000] {dag.py:3089} INFO - Sync 1 DAGs
[2025-11-15T05:03:17.763+0000] {logging_mixin.py:188} INFO - [2025-11-15T05:03:17.763+0000] {dag.py:3947} INFO - Setting next_dagrun for warehouse_daily to 2025-11-14 06:00:00+00:00, run_after=2025-11-15 06:00:00+00:00
[2025-11-15T05:03:17.774+0000] {processor.py:183} INFO - Processing /opt/airflow/dags/warehouse_dag.py took 0.051 seconds
[2025-11-15T06:16:05.161+0000] {processor.py:161} INFO - Started process (PID=3035) to work on /opt/airflow/dags/warehouse_dag.py
[2025-11-15T06:16:05.161+0000] {processor.py:830} INFO - Processing file /opt/airflow/dags/warehouse_dag.py for tasks to queue
[2025-11-15T06:16:05.162+0000] {logging_mixin.py:188} INFO - [2025-11-15T06:16:05.162+0000] {dagbag.py:545} INFO - Filling up the DagBag from /opt/airflow/dags/warehouse_dag.py
[2025-11-15T06:16:05.171+0000] {processor.py:840} INFO - DAG(s) 'warehouse_daily' retrieved from /opt/airflow/dags/warehouse_dag.py
[2025-11-15T06:16:05.186+0000] {logging_mixin.py:188} INFO - [2025-11-15T06:16:05.186+0000] {dag.py:3089} INFO - Sync 1 DAGs
[2025-11-15T06:16:05.193+0000] {logging_mixin.py:188} INFO - [2025-11-15T06:16:05.193+0000] {dag.py:3947} INFO - Setting next_dagrun for warehouse_daily to 2025-11-14 06:00:00+00:00, run_after=2025-11-15 06:00:00+00:00
[2025-11-15T06:16:05.200+0000] {processor.py:183} INFO - Processing /opt/airflow/dags/warehouse_dag.py took 0.043 seconds
[2025-11-15T07:36:19.732+0000] {processor.py:161} INFO - Started process (PID=3129) to work on /opt/airflow/dags/warehouse_dag.py
[2025-11-15T07:36:19.733+0000] {processor.py:830} INFO - Processing file /opt/airflow/dags/warehouse_dag.py for tasks to queue
[2025-11-15T07:36:19.734+0000] {logging_mixin.py:188} INFO - [2025-11-15T07:36:19.734+0000] {dagbag.py:545} INFO - Filling up the DagBag from /opt/airflow/dags/warehouse_dag.py
[2025-11-15T07:36:19.753+0000] {processor.py:840} INFO - DAG(s) 'warehouse_daily' retrieved from /opt/airflow/dags/warehouse_dag.py
[2025-11-15T07:36:19.787+0000] {logging_mixin.py:188} INFO - [2025-11-15T07:36:19.787+0000] {dag.py:3089} INFO - Sync 1 DAGs
[2025-11-15T07:36:19.804+0000] {logging_mixin.py:188} INFO - [2025-11-15T07:36:19.804+0000] {dag.py:3947} INFO - Setting next_dagrun for warehouse_daily to 2025-11-15 06:00:00+00:00, run_after=2025-11-16 06:00:00+00:00
[2025-11-15T07:36:19.823+0000] {processor.py:183} INFO - Processing /opt/airflow/dags/warehouse_dag.py took 0.098 seconds
[2025-11-15T08:11:50.476+0000] {processor.py:161} INFO - Started process (PID=3130) to work on /opt/airflow/dags/warehouse_dag.py
[2025-11-15T08:11:50.476+0000] {processor.py:830} INFO - Processing file /opt/airflow/dags/warehouse_dag.py for tasks to queue
[2025-11-15T08:11:50.477+0000] {logging_mixin.py:188} INFO - [2025-11-15T08:11:50.477+0000] {dagbag.py:545} INFO - Filling up the DagBag from /opt/airflow/dags/warehouse_dag.py
[2025-11-15T08:11:50.484+0000] {processor.py:840} INFO - DAG(s) 'warehouse_daily' retrieved from /opt/airflow/dags/warehouse_dag.py
[2025-11-15T08:11:50.495+0000] {logging_mixin.py:188} INFO - [2025-11-15T08:11:50.495+0000] {dag.py:3089} INFO - Sync 1 DAGs
[2025-11-15T08:11:50.501+0000] {logging_mixin.py:188} INFO - [2025-11-15T08:11:50.501+0000] {dag.py:3947} INFO - Setting next_dagrun for warehouse_daily to 2025-11-15 06:00:00+00:00, run_after=2025-11-16 06:00:00+00:00
[2025-11-15T08:11:50.508+0000] {processor.py:183} INFO - Processing /opt/airflow/dags/warehouse_dag.py took 0.035 seconds
[2025-11-15T12:50:21.640+0000] {processor.py:161} INFO - Started process (PID=3224) to work on /opt/airflow/dags/warehouse_dag.py
[2025-11-15T12:50:21.641+0000] {processor.py:830} INFO - Processing file /opt/airflow/dags/warehouse_dag.py for tasks to queue
[2025-11-15T12:50:21.642+0000] {logging_mixin.py:188} INFO - [2025-11-15T12:50:21.642+0000] {dagbag.py:545} INFO - Filling up the DagBag from /opt/airflow/dags/warehouse_dag.py
[2025-11-15T12:50:21.656+0000] {processor.py:840} INFO - DAG(s) 'warehouse_daily' retrieved from /opt/airflow/dags/warehouse_dag.py
[2025-11-15T12:50:21.682+0000] {logging_mixin.py:188} INFO - [2025-11-15T12:50:21.681+0000] {dag.py:3089} INFO - Sync 1 DAGs
[2025-11-15T12:50:21.701+0000] {logging_mixin.py:188} INFO - [2025-11-15T12:50:21.701+0000] {dag.py:3947} INFO - Setting next_dagrun for warehouse_daily to 2025-11-15 06:00:00+00:00, run_after=2025-11-16 06:00:00+00:00
[2025-11-15T12:50:21.723+0000] {processor.py:183} INFO - Processing /opt/airflow/dags/warehouse_dag.py took 0.091 seconds
[2025-11-15T13:30:54.820+0000] {processor.py:161} INFO - Started process (PID=3270) to work on /opt/airflow/dags/warehouse_dag.py
[2025-11-15T13:30:54.822+0000] {processor.py:830} INFO - Processing file /opt/airflow/dags/warehouse_dag.py for tasks to queue
[2025-11-15T13:30:54.824+0000] {logging_mixin.py:188} INFO - [2025-11-15T13:30:54.823+0000] {dagbag.py:545} INFO - Filling up the DagBag from /opt/airflow/dags/warehouse_dag.py
[2025-11-15T13:30:54.848+0000] {processor.py:840} INFO - DAG(s) 'warehouse_daily' retrieved from /opt/airflow/dags/warehouse_dag.py
[2025-11-15T13:30:54.895+0000] {logging_mixin.py:188} INFO - [2025-11-15T13:30:54.894+0000] {dag.py:3089} INFO - Sync 1 DAGs
[2025-11-15T13:30:54.915+0000] {logging_mixin.py:188} INFO - [2025-11-15T13:30:54.915+0000] {dag.py:3947} INFO - Setting next_dagrun for warehouse_daily to 2025-11-15 06:00:00+00:00, run_after=2025-11-16 06:00:00+00:00
[2025-11-15T13:30:54.943+0000] {processor.py:183} INFO - Processing /opt/airflow/dags/warehouse_dag.py took 0.131 seconds
[2025-11-15T14:38:44.545+0000] {processor.py:161} INFO - Started process (PID=3286) to work on /opt/airflow/dags/warehouse_dag.py
[2025-11-15T14:38:44.546+0000] {processor.py:830} INFO - Processing file /opt/airflow/dags/warehouse_dag.py for tasks to queue
[2025-11-15T14:38:44.547+0000] {logging_mixin.py:188} INFO - [2025-11-15T14:38:44.546+0000] {dagbag.py:545} INFO - Filling up the DagBag from /opt/airflow/dags/warehouse_dag.py
[2025-11-15T14:38:44.557+0000] {processor.py:840} INFO - DAG(s) 'warehouse_daily' retrieved from /opt/airflow/dags/warehouse_dag.py
[2025-11-15T14:38:44.580+0000] {logging_mixin.py:188} INFO - [2025-11-15T14:38:44.580+0000] {dag.py:3089} INFO - Sync 1 DAGs
[2025-11-15T14:38:44.591+0000] {logging_mixin.py:188} INFO - [2025-11-15T14:38:44.591+0000] {dag.py:3947} INFO - Setting next_dagrun for warehouse_daily to 2025-11-15 06:00:00+00:00, run_after=2025-11-16 06:00:00+00:00
[2025-11-15T14:38:44.603+0000] {processor.py:183} INFO - Processing /opt/airflow/dags/warehouse_dag.py took 0.062 seconds
[2025-11-15T19:42:27.723+0000] {processor.py:161} INFO - Started process (PID=3750) to work on /opt/airflow/dags/warehouse_dag.py
[2025-11-15T19:42:27.725+0000] {processor.py:830} INFO - Processing file /opt/airflow/dags/warehouse_dag.py for tasks to queue
[2025-11-15T19:42:27.727+0000] {logging_mixin.py:188} INFO - [2025-11-15T19:42:27.726+0000] {dagbag.py:545} INFO - Filling up the DagBag from /opt/airflow/dags/warehouse_dag.py
[2025-11-15T19:42:27.754+0000] {processor.py:840} INFO - DAG(s) 'warehouse_daily' retrieved from /opt/airflow/dags/warehouse_dag.py
[2025-11-15T19:42:27.795+0000] {logging_mixin.py:188} INFO - [2025-11-15T19:42:27.795+0000] {dag.py:3089} INFO - Sync 1 DAGs
[2025-11-15T19:42:27.819+0000] {logging_mixin.py:188} INFO - [2025-11-15T19:42:27.818+0000] {dag.py:3947} INFO - Setting next_dagrun for warehouse_daily to 2025-11-15 06:00:00+00:00, run_after=2025-11-16 06:00:00+00:00
[2025-11-15T19:42:27.850+0000] {processor.py:183} INFO - Processing /opt/airflow/dags/warehouse_dag.py took 0.136 seconds
[2025-11-15T19:43:00.133+0000] {processor.py:161} INFO - Started process (PID=3751) to work on /opt/airflow/dags/warehouse_dag.py
[2025-11-15T19:43:00.134+0000] {processor.py:830} INFO - Processing file /opt/airflow/dags/warehouse_dag.py for tasks to queue
[2025-11-15T19:43:00.135+0000] {logging_mixin.py:188} INFO - [2025-11-15T19:43:00.135+0000] {dagbag.py:545} INFO - Filling up the DagBag from /opt/airflow/dags/warehouse_dag.py
[2025-11-15T19:43:00.153+0000] {processor.py:840} INFO - DAG(s) 'warehouse_daily' retrieved from /opt/airflow/dags/warehouse_dag.py
[2025-11-15T19:43:00.181+0000] {logging_mixin.py:188} INFO - [2025-11-15T19:43:00.180+0000] {dag.py:3089} INFO - Sync 1 DAGs
[2025-11-15T19:43:00.197+0000] {logging_mixin.py:188} INFO - [2025-11-15T19:43:00.197+0000] {dag.py:3947} INFO - Setting next_dagrun for warehouse_daily to 2025-11-15 06:00:00+00:00, run_after=2025-11-16 06:00:00+00:00
[2025-11-15T19:43:00.226+0000] {processor.py:183} INFO - Processing /opt/airflow/dags/warehouse_dag.py took 0.099 seconds
[2025-11-15T19:43:30.476+0000] {processor.py:161} INFO - Started process (PID=3752) to work on /opt/airflow/dags/warehouse_dag.py
[2025-11-15T19:43:30.477+0000] {processor.py:830} INFO - Processing file /opt/airflow/dags/warehouse_dag.py for tasks to queue
[2025-11-15T19:43:30.478+0000] {logging_mixin.py:188} INFO - [2025-11-15T19:43:30.477+0000] {dagbag.py:545} INFO - Filling up the DagBag from /opt/airflow/dags/warehouse_dag.py
[2025-11-15T19:43:30.488+0000] {processor.py:840} INFO - DAG(s) 'warehouse_daily' retrieved from /opt/airflow/dags/warehouse_dag.py
[2025-11-15T19:43:30.502+0000] {logging_mixin.py:188} INFO - [2025-11-15T19:43:30.502+0000] {dag.py:3089} INFO - Sync 1 DAGs
[2025-11-15T19:43:30.509+0000] {logging_mixin.py:188} INFO - [2025-11-15T19:43:30.509+0000] {dag.py:3947} INFO - Setting next_dagrun for warehouse_daily to 2025-11-15 06:00:00+00:00, run_after=2025-11-16 06:00:00+00:00
[2025-11-15T19:43:30.517+0000] {processor.py:183} INFO - Processing /opt/airflow/dags/warehouse_dag.py took 0.046 seconds
[2025-11-15T20:33:10.920+0000] {processor.py:161} INFO - Started process (PID=3753) to work on /opt/airflow/dags/warehouse_dag.py
[2025-11-15T20:33:10.920+0000] {processor.py:830} INFO - Processing file /opt/airflow/dags/warehouse_dag.py for tasks to queue
[2025-11-15T20:33:10.921+0000] {logging_mixin.py:188} INFO - [2025-11-15T20:33:10.920+0000] {dagbag.py:545} INFO - Filling up the DagBag from /opt/airflow/dags/warehouse_dag.py
[2025-11-15T20:33:10.927+0000] {processor.py:840} INFO - DAG(s) 'warehouse_daily' retrieved from /opt/airflow/dags/warehouse_dag.py
[2025-11-15T20:33:10.938+0000] {logging_mixin.py:188} INFO - [2025-11-15T20:33:10.938+0000] {dag.py:3089} INFO - Sync 1 DAGs
[2025-11-15T20:33:10.945+0000] {logging_mixin.py:188} INFO - [2025-11-15T20:33:10.945+0000] {dag.py:3947} INFO - Setting next_dagrun for warehouse_daily to 2025-11-15 06:00:00+00:00, run_after=2025-11-16 06:00:00+00:00
[2025-11-15T20:33:10.952+0000] {processor.py:183} INFO - Processing /opt/airflow/dags/warehouse_dag.py took 0.035 seconds
[2025-11-15T22:11:15.162+0000] {processor.py:161} INFO - Started process (PID=3754) to work on /opt/airflow/dags/warehouse_dag.py
[2025-11-15T22:11:15.163+0000] {processor.py:830} INFO - Processing file /opt/airflow/dags/warehouse_dag.py for tasks to queue
[2025-11-15T22:11:15.164+0000] {logging_mixin.py:188} INFO - [2025-11-15T22:11:15.163+0000] {dagbag.py:545} INFO - Filling up the DagBag from /opt/airflow/dags/warehouse_dag.py
[2025-11-15T22:11:15.173+0000] {processor.py:840} INFO - DAG(s) 'warehouse_daily' retrieved from /opt/airflow/dags/warehouse_dag.py
[2025-11-15T22:11:15.187+0000] {logging_mixin.py:188} INFO - [2025-11-15T22:11:15.187+0000] {dag.py:3089} INFO - Sync 1 DAGs
[2025-11-15T22:11:15.195+0000] {logging_mixin.py:188} INFO - [2025-11-15T22:11:15.195+0000] {dag.py:3947} INFO - Setting next_dagrun for warehouse_daily to 2025-11-15 06:00:00+00:00, run_after=2025-11-16 06:00:00+00:00
[2025-11-15T22:11:15.205+0000] {processor.py:183} INFO - Processing /opt/airflow/dags/warehouse_dag.py took 0.047 seconds
[2025-11-15T23:32:21.589+0000] {processor.py:161} INFO - Started process (PID=3755) to work on /opt/airflow/dags/warehouse_dag.py
[2025-11-15T23:32:21.590+0000] {processor.py:830} INFO - Processing file /opt/airflow/dags/warehouse_dag.py for tasks to queue
[2025-11-15T23:32:21.591+0000] {logging_mixin.py:188} INFO - [2025-11-15T23:32:21.591+0000] {dagbag.py:545} INFO - Filling up the DagBag from /opt/airflow/dags/warehouse_dag.py
[2025-11-15T23:32:21.602+0000] {processor.py:840} INFO - DAG(s) 'warehouse_daily' retrieved from /opt/airflow/dags/warehouse_dag.py
[2025-11-15T23:32:21.619+0000] {logging_mixin.py:188} INFO - [2025-11-15T23:32:21.619+0000] {dag.py:3089} INFO - Sync 1 DAGs
[2025-11-15T23:32:21.627+0000] {logging_mixin.py:188} INFO - [2025-11-15T23:32:21.627+0000] {dag.py:3947} INFO - Setting next_dagrun for warehouse_daily to 2025-11-15 06:00:00+00:00, run_after=2025-11-16 06:00:00+00:00
[2025-11-15T23:32:21.641+0000] {processor.py:183} INFO - Processing /opt/airflow/dags/warehouse_dag.py took 0.055 seconds
