[2025-11-13T13:58:07.404+0000] {local_task_job_runner.py:120} INFO - ::group::Pre task execution logs
[2025-11-13T13:58:07.413+0000] {taskinstance.py:2076} INFO - Dependencies all met for dep_context=non-requeueable deps ti=<TaskInstance: warehouse_daily.train_models manual__2025-11-13T13:51:07.517038+00:00 [queued]>
[2025-11-13T13:58:07.414+0000] {taskinstance.py:2076} INFO - Dependencies all met for dep_context=requeueable deps ti=<TaskInstance: warehouse_daily.train_models manual__2025-11-13T13:51:07.517038+00:00 [queued]>
[2025-11-13T13:58:07.415+0000] {taskinstance.py:2306} INFO - Starting attempt 2 of 3
[2025-11-13T13:58:07.419+0000] {taskinstance.py:2330} INFO - Executing <Task(BashOperator): train_models> on 2025-11-13 13:51:07.517038+00:00
[2025-11-13T13:58:07.420+0000] {standard_task_runner.py:64} INFO - Started process 810 to run task
[2025-11-13T13:58:07.422+0000] {standard_task_runner.py:90} INFO - Running: ['airflow', 'tasks', 'run', 'warehouse_daily', 'train_models', 'manual__2025-11-13T13:51:07.517038+00:00', '--job-id', '24', '--raw', '--subdir', 'DAGS_FOLDER/warehouse_dag.py', '--cfg-path', '/tmp/tmpjvflrzdf']
[2025-11-13T13:58:07.422+0000] {standard_task_runner.py:91} INFO - Job 24: Subtask train_models
[2025-11-13T13:58:07.434+0000] {task_command.py:426} INFO - Running <TaskInstance: warehouse_daily.train_models manual__2025-11-13T13:51:07.517038+00:00 [running]> on host 8b16c83c8b1e
[2025-11-13T13:58:07.503+0000] {taskinstance.py:2648} INFO - Exporting env vars: AIRFLOW_CTX_DAG_OWNER='wyko' AIRFLOW_CTX_DAG_ID='warehouse_daily' AIRFLOW_CTX_TASK_ID='train_models' AIRFLOW_CTX_EXECUTION_DATE='2025-11-13T13:51:07.517038+00:00' AIRFLOW_CTX_TRY_NUMBER='2' AIRFLOW_CTX_DAG_RUN_ID='manual__2025-11-13T13:51:07.517038+00:00'
[2025-11-13T13:58:07.503+0000] {taskinstance.py:430} INFO - ::endgroup::
[2025-11-13T13:58:07.508+0000] {subprocess.py:63} INFO - Tmp dir root location: /tmp
[2025-11-13T13:58:07.508+0000] {subprocess.py:75} INFO - Running command: ['/usr/bin/bash', '-c', 'cd /opt/airflow/repo && python ml/ml_final.py']
[2025-11-13T13:58:07.511+0000] {subprocess.py:86} INFO - Output:
[2025-11-13T14:02:43.711+0000] {subprocess.py:93} INFO - Trenowany model: RandomForest...
[2025-11-13T14:02:43.711+0000] {subprocess.py:93} INFO - MAE  = 6,234.49
[2025-11-13T14:02:43.711+0000] {subprocess.py:93} INFO - RMSE = 23,645.06
[2025-11-13T14:02:43.711+0000] {subprocess.py:93} INFO - R²   = 0.9913
[2025-11-13T14:02:43.711+0000] {subprocess.py:93} INFO - Trenowanie modelu RandomForest zajęło ( 5.91 sekund)
[2025-11-13T14:02:43.711+0000] {subprocess.py:93} INFO - Trenowany model: GradientBoosting...
[2025-11-13T14:02:43.712+0000] {subprocess.py:93} INFO - MAE  = 33,375.92
[2025-11-13T14:02:43.712+0000] {subprocess.py:93} INFO - RMSE = 54,445.24
[2025-11-13T14:02:43.712+0000] {subprocess.py:93} INFO - R²   = 0.9537
[2025-11-13T14:02:43.712+0000] {subprocess.py:93} INFO - Trenowanie modelu GradientBoosting zajęło ( 4.25 sekund)
[2025-11-13T14:02:43.712+0000] {subprocess.py:93} INFO - Trenowany model: XGBRegressor...
[2025-11-13T14:02:43.712+0000] {subprocess.py:93} INFO - MAE  = 20,365.45
[2025-11-13T14:02:43.712+0000] {subprocess.py:93} INFO - RMSE = 34,700.83
[2025-11-13T14:02:43.712+0000] {subprocess.py:93} INFO - R²   = 0.9812
[2025-11-13T14:02:43.712+0000] {subprocess.py:93} INFO - Trenowanie modelu XGBRegressor zajęło ( 0.93 sekund)
[2025-11-13T14:02:43.713+0000] {subprocess.py:93} INFO - 
[2025-11-13T14:02:43.713+0000] {subprocess.py:93} INFO - Zapisano metryki: artifacts/model_metrics.csv
[2025-11-13T14:02:43.713+0000] {subprocess.py:93} INFO - Najlepszy model: RandomForest (MAE=6,234.49)
[2025-11-13T14:02:43.713+0000] {subprocess.py:93} INFO - Zapisano pipeline do: artifacts/best_model_RandomForest.joblib
[2025-11-13T14:02:43.813+0000] {subprocess.py:97} INFO - Command exited with return code 0
[2025-11-13T14:02:43.814+0000] {taskinstance.py:441} INFO - ::group::Post task execution logs
[2025-11-13T14:02:43.822+0000] {taskinstance.py:1206} INFO - Marking task as SUCCESS. dag_id=warehouse_daily, task_id=train_models, run_id=manual__2025-11-13T13:51:07.517038+00:00, execution_date=20251113T135107, start_date=20251113T135807, end_date=20251113T140243
[2025-11-13T14:02:43.836+0000] {local_task_job_runner.py:243} INFO - Task exited with return code 0
[2025-11-13T14:02:43.840+0000] {taskinstance.py:3503} INFO - 0 downstream tasks scheduled from follow-on schedule check
[2025-11-13T14:02:43.841+0000] {local_task_job_runner.py:222} INFO - ::endgroup::
