[2025-11-13T13:52:53.733+0000] {local_task_job_runner.py:120} INFO - ::group::Pre task execution logs
[2025-11-13T13:52:53.744+0000] {taskinstance.py:2076} INFO - Dependencies all met for dep_context=non-requeueable deps ti=<TaskInstance: warehouse_daily.train_models manual__2025-11-13T13:51:07.517038+00:00 [queued]>
[2025-11-13T13:52:53.746+0000] {taskinstance.py:2076} INFO - Dependencies all met for dep_context=requeueable deps ti=<TaskInstance: warehouse_daily.train_models manual__2025-11-13T13:51:07.517038+00:00 [queued]>
[2025-11-13T13:52:53.746+0000] {taskinstance.py:2306} INFO - Starting attempt 1 of 3
[2025-11-13T13:52:53.751+0000] {taskinstance.py:2330} INFO - Executing <Task(BashOperator): train_models> on 2025-11-13 13:51:07.517038+00:00
[2025-11-13T13:52:53.753+0000] {standard_task_runner.py:64} INFO - Started process 667 to run task
[2025-11-13T13:52:53.754+0000] {standard_task_runner.py:90} INFO - Running: ['airflow', 'tasks', 'run', 'warehouse_daily', 'train_models', 'manual__2025-11-13T13:51:07.517038+00:00', '--job-id', '22', '--raw', '--subdir', 'DAGS_FOLDER/warehouse_dag.py', '--cfg-path', '/tmp/tmpq3nou5t3']
[2025-11-13T13:52:53.755+0000] {standard_task_runner.py:91} INFO - Job 22: Subtask train_models
[2025-11-13T13:52:53.766+0000] {task_command.py:426} INFO - Running <TaskInstance: warehouse_daily.train_models manual__2025-11-13T13:51:07.517038+00:00 [running]> on host 8b16c83c8b1e
[2025-11-13T13:52:53.783+0000] {taskinstance.py:2648} INFO - Exporting env vars: AIRFLOW_CTX_DAG_OWNER='wyko' AIRFLOW_CTX_DAG_ID='warehouse_daily' AIRFLOW_CTX_TASK_ID='train_models' AIRFLOW_CTX_EXECUTION_DATE='2025-11-13T13:51:07.517038+00:00' AIRFLOW_CTX_TRY_NUMBER='1' AIRFLOW_CTX_DAG_RUN_ID='manual__2025-11-13T13:51:07.517038+00:00'
[2025-11-13T13:52:53.783+0000] {taskinstance.py:430} INFO - ::endgroup::
[2025-11-13T13:52:53.845+0000] {subprocess.py:63} INFO - Tmp dir root location: /tmp
[2025-11-13T13:52:53.846+0000] {subprocess.py:75} INFO - Running command: ['/usr/bin/bash', '-c', 'cd /opt/airflow/repo && python ml/ml_final.py']
[2025-11-13T13:52:53.849+0000] {subprocess.py:86} INFO - Output:
[2025-11-13T13:52:59.883+0000] {subprocess.py:97} INFO - Command exited with return code -9
[2025-11-13T13:52:59.884+0000] {taskinstance.py:441} INFO - ::group::Post task execution logs
[2025-11-13T13:52:59.888+0000] {taskinstance.py:2905} ERROR - Task failed with exception
Traceback (most recent call last):
  File "/home/airflow/.local/lib/python3.12/site-packages/airflow/models/taskinstance.py", line 465, in _execute_task
    result = _execute_callable(context=context, **execute_callable_kwargs)
             ^^^^^^^^^^^^^^^^^^^^^^^^^^^^^^^^^^^^^^^^^^^^^^^^^^^^^^^^^^^^^
  File "/home/airflow/.local/lib/python3.12/site-packages/airflow/models/taskinstance.py", line 432, in _execute_callable
    return execute_callable(context=context, **execute_callable_kwargs)
           ^^^^^^^^^^^^^^^^^^^^^^^^^^^^^^^^^^^^^^^^^^^^^^^^^^^^^^^^^^^^
  File "/home/airflow/.local/lib/python3.12/site-packages/airflow/models/baseoperator.py", line 401, in wrapper
    return func(self, *args, **kwargs)
           ^^^^^^^^^^^^^^^^^^^^^^^^^^^
  File "/home/airflow/.local/lib/python3.12/site-packages/airflow/operators/bash.py", line 243, in execute
    raise AirflowException(
airflow.exceptions.AirflowException: Bash command failed. The command returned a non-zero exit code -9.
[2025-11-13T13:52:59.891+0000] {taskinstance.py:1206} INFO - Marking task as UP_FOR_RETRY. dag_id=warehouse_daily, task_id=train_models, run_id=manual__2025-11-13T13:51:07.517038+00:00, execution_date=20251113T135107, start_date=20251113T135253, end_date=20251113T135259
[2025-11-13T13:52:59.897+0000] {standard_task_runner.py:110} ERROR - Failed to execute job 22 for task train_models (Bash command failed. The command returned a non-zero exit code -9.; 667)
[2025-11-13T13:52:59.935+0000] {local_task_job_runner.py:243} INFO - Task exited with return code 1
[2025-11-13T13:52:59.939+0000] {taskinstance.py:3503} INFO - 0 downstream tasks scheduled from follow-on schedule check
[2025-11-13T13:52:59.939+0000] {local_task_job_runner.py:222} INFO - ::endgroup::
