[2025-11-20T07:03:42.394+0000] {local_task_job_runner.py:120} INFO - ::group::Pre task execution logs
[2025-11-20T07:03:42.402+0000] {taskinstance.py:2076} INFO - Dependencies all met for dep_context=non-requeueable deps ti=<TaskInstance: warehouse_daily.train_models scheduled__2025-11-19T06:00:00+00:00 [queued]>
[2025-11-20T07:03:42.404+0000] {taskinstance.py:2076} INFO - Dependencies all met for dep_context=requeueable deps ti=<TaskInstance: warehouse_daily.train_models scheduled__2025-11-19T06:00:00+00:00 [queued]>
[2025-11-20T07:03:42.404+0000] {taskinstance.py:2306} INFO - Starting attempt 1 of 3
[2025-11-20T07:03:42.408+0000] {taskinstance.py:2330} INFO - Executing <Task(BashOperator): train_models> on 2025-11-19 06:00:00+00:00
[2025-11-20T07:03:42.410+0000] {standard_task_runner.py:64} INFO - Started process 7166 to run task
[2025-11-20T07:03:42.411+0000] {standard_task_runner.py:90} INFO - Running: ['airflow', 'tasks', 'run', 'warehouse_daily', 'train_models', 'scheduled__2025-11-19T06:00:00+00:00', '--job-id', '126', '--raw', '--subdir', 'DAGS_FOLDER/warehouse_dag.py', '--cfg-path', '/tmp/tmpd_ot8xqo']
[2025-11-20T07:03:42.412+0000] {standard_task_runner.py:91} INFO - Job 126: Subtask train_models
[2025-11-20T07:03:42.424+0000] {task_command.py:426} INFO - Running <TaskInstance: warehouse_daily.train_models scheduled__2025-11-19T06:00:00+00:00 [running]> on host 8b16c83c8b1e
[2025-11-20T07:03:42.497+0000] {taskinstance.py:2648} INFO - Exporting env vars: AIRFLOW_CTX_DAG_OWNER='wyko' AIRFLOW_CTX_DAG_ID='warehouse_daily' AIRFLOW_CTX_TASK_ID='train_models' AIRFLOW_CTX_EXECUTION_DATE='2025-11-19T06:00:00+00:00' AIRFLOW_CTX_TRY_NUMBER='1' AIRFLOW_CTX_DAG_RUN_ID='scheduled__2025-11-19T06:00:00+00:00'
[2025-11-20T07:03:42.497+0000] {taskinstance.py:430} INFO - ::endgroup::
[2025-11-20T07:03:42.502+0000] {subprocess.py:63} INFO - Tmp dir root location: /tmp
[2025-11-20T07:03:42.502+0000] {subprocess.py:75} INFO - Running command: ['/usr/bin/bash', '-c', 'cd /opt/airflow/repo && python ml/ml_final.py']
[2025-11-20T07:03:42.505+0000] {subprocess.py:86} INFO - Output:
[2025-11-20T07:57:00.305+0000] {subprocess.py:93} INFO - 
[2025-11-20T07:57:00.305+0000] {subprocess.py:93} INFO - === Trenowany model: RandomForest ===
[2025-11-20T07:57:00.305+0000] {subprocess.py:93} INFO - Fitting 2 folds for each of 5 candidates, totalling 10 fits
[2025-11-20T07:57:00.305+0000] {subprocess.py:93} INFO - MAE  = 5,818.97
[2025-11-20T07:57:00.306+0000] {subprocess.py:93} INFO - RMSE = 22,080.96
[2025-11-20T07:57:00.306+0000] {subprocess.py:93} INFO - R²   = 0.9923
[2025-11-20T07:57:00.306+0000] {subprocess.py:93} INFO - Czas trenowania: 2218.57s
[2025-11-20T07:57:00.306+0000] {subprocess.py:93} INFO - 
[2025-11-20T07:57:00.306+0000] {subprocess.py:93} INFO - === Trenowany model: GradientBoosting ===
[2025-11-20T07:57:00.306+0000] {subprocess.py:93} INFO - Fitting 2 folds for each of 5 candidates, totalling 10 fits
[2025-11-20T07:57:00.306+0000] {subprocess.py:93} INFO - MAE  = 10,379.97
[2025-11-20T07:57:00.307+0000] {subprocess.py:93} INFO - RMSE = 24,814.04
[2025-11-20T07:57:00.307+0000] {subprocess.py:93} INFO - R²   = 0.9903
[2025-11-20T07:57:00.307+0000] {subprocess.py:93} INFO - Czas trenowania: 18.07s
[2025-11-20T07:57:00.307+0000] {subprocess.py:93} INFO - 
[2025-11-20T07:57:00.307+0000] {subprocess.py:93} INFO - === Trenowany model: XGBRegressor ===
[2025-11-20T07:57:00.307+0000] {subprocess.py:93} INFO - Fitting 2 folds for each of 5 candidates, totalling 10 fits
[2025-11-20T07:57:00.307+0000] {subprocess.py:93} INFO - MAE  = 11,013.70
[2025-11-20T07:57:00.308+0000] {subprocess.py:93} INFO - RMSE = 24,550.32
[2025-11-20T07:57:00.308+0000] {subprocess.py:93} INFO - R²   = 0.9905
[2025-11-20T07:57:00.308+0000] {subprocess.py:93} INFO - Czas trenowania: 956.42s
[2025-11-20T07:57:00.308+0000] {subprocess.py:93} INFO - 
[2025-11-20T07:57:00.308+0000] {subprocess.py:93} INFO - Zapisano metryki: artifacts/model_metrics.csv
[2025-11-20T07:57:00.308+0000] {subprocess.py:93} INFO - Najlepszy model: RandomForest (MAE=5,818.97)
[2025-11-20T07:57:00.308+0000] {subprocess.py:93} INFO - Zapisano pipeline do: artifacts/best_model_RandomForest.joblib
[2025-11-20T07:57:00.435+0000] {subprocess.py:97} INFO - Command exited with return code 0
[2025-11-20T07:57:00.435+0000] {taskinstance.py:441} INFO - ::group::Post task execution logs
[2025-11-20T07:57:00.445+0000] {taskinstance.py:1206} INFO - Marking task as SUCCESS. dag_id=warehouse_daily, task_id=train_models, run_id=scheduled__2025-11-19T06:00:00+00:00, execution_date=20251119T060000, start_date=20251120T070342, end_date=20251120T075700
[2025-11-20T07:57:00.467+0000] {local_task_job_runner.py:243} INFO - Task exited with return code 0
[2025-11-20T07:57:00.471+0000] {taskinstance.py:3503} INFO - 0 downstream tasks scheduled from follow-on schedule check
[2025-11-20T07:57:00.472+0000] {local_task_job_runner.py:222} INFO - ::endgroup::
