[2025-11-21T07:17:54.438+0000] {local_task_job_runner.py:120} INFO - ::group::Pre task execution logs
[2025-11-21T07:17:54.446+0000] {taskinstance.py:2076} INFO - Dependencies all met for dep_context=non-requeueable deps ti=<TaskInstance: warehouse_daily.train_models scheduled__2025-11-20T06:00:00+00:00 [queued]>
[2025-11-21T07:17:54.448+0000] {taskinstance.py:2076} INFO - Dependencies all met for dep_context=requeueable deps ti=<TaskInstance: warehouse_daily.train_models scheduled__2025-11-20T06:00:00+00:00 [queued]>
[2025-11-21T07:17:54.448+0000] {taskinstance.py:2306} INFO - Starting attempt 1 of 3
[2025-11-21T07:17:54.452+0000] {taskinstance.py:2330} INFO - Executing <Task(BashOperator): train_models> on 2025-11-20 06:00:00+00:00
[2025-11-21T07:17:54.454+0000] {standard_task_runner.py:64} INFO - Started process 7961 to run task
[2025-11-21T07:17:54.455+0000] {standard_task_runner.py:90} INFO - Running: ['airflow', 'tasks', 'run', 'warehouse_daily', 'train_models', 'scheduled__2025-11-20T06:00:00+00:00', '--job-id', '136', '--raw', '--subdir', 'DAGS_FOLDER/warehouse_dag.py', '--cfg-path', '/tmp/tmpujm41c_n']
[2025-11-21T07:17:54.456+0000] {standard_task_runner.py:91} INFO - Job 136: Subtask train_models
[2025-11-21T07:17:54.467+0000] {task_command.py:426} INFO - Running <TaskInstance: warehouse_daily.train_models scheduled__2025-11-20T06:00:00+00:00 [running]> on host 8b16c83c8b1e
[2025-11-21T07:17:54.541+0000] {taskinstance.py:2648} INFO - Exporting env vars: AIRFLOW_CTX_DAG_OWNER='wyko' AIRFLOW_CTX_DAG_ID='warehouse_daily' AIRFLOW_CTX_TASK_ID='train_models' AIRFLOW_CTX_EXECUTION_DATE='2025-11-20T06:00:00+00:00' AIRFLOW_CTX_TRY_NUMBER='1' AIRFLOW_CTX_DAG_RUN_ID='scheduled__2025-11-20T06:00:00+00:00'
[2025-11-21T07:17:54.541+0000] {taskinstance.py:430} INFO - ::endgroup::
[2025-11-21T07:17:54.545+0000] {subprocess.py:63} INFO - Tmp dir root location: /tmp
[2025-11-21T07:17:54.545+0000] {subprocess.py:75} INFO - Running command: ['/usr/bin/bash', '-c', 'cd /opt/airflow/repo && python ml/ml_final.py']
[2025-11-21T07:17:54.548+0000] {subprocess.py:86} INFO - Output:
[2025-11-21T07:18:24.333+0000] {subprocess.py:93} INFO - 
[2025-11-21T07:18:24.333+0000] {subprocess.py:93} INFO - === Trenowany model: RandomForest ===
[2025-11-21T07:18:24.333+0000] {subprocess.py:93} INFO - Fitting 2 folds for each of 5 candidates, totalling 10 fits
[2025-11-21T07:18:24.333+0000] {subprocess.py:93} INFO - MAE  = 5,818.97
[2025-11-21T07:18:24.334+0000] {subprocess.py:93} INFO - RMSE = 22,080.96
[2025-11-21T07:18:24.334+0000] {subprocess.py:93} INFO - R²   = 0.9923
[2025-11-21T07:18:24.334+0000] {subprocess.py:93} INFO - Czas trenowania: 10.98s
[2025-11-21T07:18:24.334+0000] {subprocess.py:93} INFO - 
[2025-11-21T07:18:24.334+0000] {subprocess.py:93} INFO - === Trenowany model: GradientBoosting ===
[2025-11-21T07:18:24.334+0000] {subprocess.py:93} INFO - Fitting 2 folds for each of 5 candidates, totalling 10 fits
[2025-11-21T07:18:24.334+0000] {subprocess.py:93} INFO - MAE  = 10,379.97
[2025-11-21T07:18:24.334+0000] {subprocess.py:93} INFO - RMSE = 24,814.04
[2025-11-21T07:18:24.334+0000] {subprocess.py:93} INFO - R²   = 0.9903
[2025-11-21T07:18:24.334+0000] {subprocess.py:93} INFO - Czas trenowania: 11.04s
[2025-11-21T07:18:24.334+0000] {subprocess.py:93} INFO - 
[2025-11-21T07:18:24.335+0000] {subprocess.py:93} INFO - === Trenowany model: XGBRegressor ===
[2025-11-21T07:18:24.335+0000] {subprocess.py:93} INFO - Fitting 2 folds for each of 5 candidates, totalling 10 fits
[2025-11-21T07:18:24.335+0000] {subprocess.py:93} INFO - MAE  = 11,013.70
[2025-11-21T07:18:24.335+0000] {subprocess.py:93} INFO - RMSE = 24,550.32
[2025-11-21T07:18:24.335+0000] {subprocess.py:93} INFO - R²   = 0.9905
[2025-11-21T07:18:24.335+0000] {subprocess.py:93} INFO - Czas trenowania: 3.50s
[2025-11-21T07:18:24.335+0000] {subprocess.py:93} INFO - 
[2025-11-21T07:18:24.335+0000] {subprocess.py:93} INFO - Zapisano metryki: artifacts/model_metrics.csv
[2025-11-21T07:18:24.335+0000] {subprocess.py:93} INFO - Najlepszy model: RandomForest (MAE=5,818.97)
[2025-11-21T07:18:24.335+0000] {subprocess.py:93} INFO - Zapisano pipeline do: artifacts/best_model_RandomForest.joblib
[2025-11-21T07:18:24.421+0000] {subprocess.py:97} INFO - Command exited with return code 0
[2025-11-21T07:18:24.421+0000] {taskinstance.py:441} INFO - ::group::Post task execution logs
[2025-11-21T07:18:24.428+0000] {taskinstance.py:1206} INFO - Marking task as SUCCESS. dag_id=warehouse_daily, task_id=train_models, run_id=scheduled__2025-11-20T06:00:00+00:00, execution_date=20251120T060000, start_date=20251121T071754, end_date=20251121T071824
[2025-11-21T07:18:24.459+0000] {local_task_job_runner.py:243} INFO - Task exited with return code 0
[2025-11-21T07:18:24.463+0000] {taskinstance.py:3503} INFO - 0 downstream tasks scheduled from follow-on schedule check
[2025-11-21T07:18:24.463+0000] {local_task_job_runner.py:222} INFO - ::endgroup::
[2025-11-21T15:59:02.505+0000] {local_task_job_runner.py:120} INFO - ::group::Pre task execution logs
[2025-11-21T15:59:02.513+0000] {taskinstance.py:2076} INFO - Dependencies all met for dep_context=non-requeueable deps ti=<TaskInstance: warehouse_daily.train_models scheduled__2025-11-20T06:00:00+00:00 [queued]>
[2025-11-21T15:59:02.515+0000] {taskinstance.py:2076} INFO - Dependencies all met for dep_context=requeueable deps ti=<TaskInstance: warehouse_daily.train_models scheduled__2025-11-20T06:00:00+00:00 [queued]>
[2025-11-21T15:59:02.515+0000] {taskinstance.py:2306} INFO - Starting attempt 1 of 3
[2025-11-21T15:59:02.519+0000] {taskinstance.py:2330} INFO - Executing <Task(BashOperator): train_models> on 2025-11-20 06:00:00+00:00
[2025-11-21T15:59:02.521+0000] {standard_task_runner.py:64} INFO - Started process 618 to run task
[2025-11-21T15:59:02.522+0000] {standard_task_runner.py:90} INFO - Running: ['airflow', 'tasks', 'run', 'warehouse_daily', 'train_models', 'scheduled__2025-11-20T06:00:00+00:00', '--job-id', '21', '--raw', '--subdir', 'DAGS_FOLDER/warehouse_dag.py', '--cfg-path', '/tmp/tmpatt1b1mx']
[2025-11-21T15:59:02.523+0000] {standard_task_runner.py:91} INFO - Job 21: Subtask train_models
[2025-11-21T15:59:02.535+0000] {task_command.py:426} INFO - Running <TaskInstance: warehouse_daily.train_models scheduled__2025-11-20T06:00:00+00:00 [running]> on host 584e6fca837f
[2025-11-21T15:59:02.608+0000] {taskinstance.py:2648} INFO - Exporting env vars: AIRFLOW_CTX_DAG_OWNER='wyko' AIRFLOW_CTX_DAG_ID='warehouse_daily' AIRFLOW_CTX_TASK_ID='train_models' AIRFLOW_CTX_EXECUTION_DATE='2025-11-20T06:00:00+00:00' AIRFLOW_CTX_TRY_NUMBER='1' AIRFLOW_CTX_DAG_RUN_ID='scheduled__2025-11-20T06:00:00+00:00'
[2025-11-21T15:59:02.608+0000] {taskinstance.py:430} INFO - ::endgroup::
[2025-11-21T15:59:02.613+0000] {subprocess.py:63} INFO - Tmp dir root location: /tmp
[2025-11-21T15:59:02.613+0000] {subprocess.py:75} INFO - Running command: ['/usr/bin/bash', '-c', 'cd /opt/airflow/repo && python ml/ml_final.py']
[2025-11-21T15:59:02.617+0000] {subprocess.py:86} INFO - Output:
[2025-11-21T15:59:32.081+0000] {subprocess.py:93} INFO - 
[2025-11-21T15:59:32.081+0000] {subprocess.py:93} INFO - === Trenowany model: RandomForest ===
[2025-11-21T15:59:32.082+0000] {subprocess.py:93} INFO - Fitting 2 folds for each of 5 candidates, totalling 10 fits
[2025-11-21T15:59:32.083+0000] {subprocess.py:93} INFO - MAE  = 5,818.97
[2025-11-21T15:59:32.083+0000] {subprocess.py:93} INFO - RMSE = 22,080.96
[2025-11-21T15:59:32.084+0000] {subprocess.py:93} INFO - R²   = 0.9923
[2025-11-21T15:59:32.085+0000] {subprocess.py:93} INFO - Czas trenowania: 10.57s
[2025-11-21T15:59:32.086+0000] {subprocess.py:93} INFO - 
[2025-11-21T15:59:32.087+0000] {subprocess.py:93} INFO - === Trenowany model: GradientBoosting ===
[2025-11-21T15:59:32.087+0000] {subprocess.py:93} INFO - Fitting 2 folds for each of 5 candidates, totalling 10 fits
[2025-11-21T15:59:32.089+0000] {subprocess.py:93} INFO - MAE  = 10,379.97
[2025-11-21T15:59:32.091+0000] {subprocess.py:93} INFO - RMSE = 24,814.04
[2025-11-21T15:59:32.091+0000] {subprocess.py:93} INFO - R²   = 0.9903
[2025-11-21T15:59:32.091+0000] {subprocess.py:93} INFO - Czas trenowania: 11.41s
[2025-11-21T15:59:32.091+0000] {subprocess.py:93} INFO - 
[2025-11-21T15:59:32.091+0000] {subprocess.py:93} INFO - === Trenowany model: XGBRegressor ===
[2025-11-21T15:59:32.091+0000] {subprocess.py:93} INFO - Fitting 2 folds for each of 5 candidates, totalling 10 fits
[2025-11-21T15:59:32.091+0000] {subprocess.py:93} INFO - MAE  = 11,013.70
[2025-11-21T15:59:32.091+0000] {subprocess.py:93} INFO - RMSE = 24,550.32
[2025-11-21T15:59:32.091+0000] {subprocess.py:93} INFO - R²   = 0.9905
[2025-11-21T15:59:32.092+0000] {subprocess.py:93} INFO - Czas trenowania: 2.81s
[2025-11-21T15:59:32.092+0000] {subprocess.py:93} INFO - 
[2025-11-21T15:59:32.092+0000] {subprocess.py:93} INFO - Zapisano metryki: artifacts/model_metrics.csv
[2025-11-21T15:59:32.092+0000] {subprocess.py:93} INFO - Najlepszy model: RandomForest (MAE=5,818.97)
[2025-11-21T15:59:32.092+0000] {subprocess.py:93} INFO - Zapisano pipeline do: artifacts/best_model_RandomForest.joblib
[2025-11-21T15:59:32.166+0000] {subprocess.py:97} INFO - Command exited with return code 0
[2025-11-21T15:59:32.166+0000] {taskinstance.py:441} INFO - ::group::Post task execution logs
[2025-11-21T15:59:32.173+0000] {taskinstance.py:1206} INFO - Marking task as SUCCESS. dag_id=warehouse_daily, task_id=train_models, run_id=scheduled__2025-11-20T06:00:00+00:00, execution_date=20251120T060000, start_date=20251121T155902, end_date=20251121T155932
[2025-11-21T15:59:32.208+0000] {local_task_job_runner.py:243} INFO - Task exited with return code 0
[2025-11-21T15:59:32.214+0000] {taskinstance.py:3503} INFO - 1 downstream tasks scheduled from follow-on schedule check
[2025-11-21T15:59:32.215+0000] {local_task_job_runner.py:222} INFO - ::endgroup::
[2025-11-21T16:15:28.970+0000] {local_task_job_runner.py:120} INFO - ::group::Pre task execution logs
[2025-11-21T16:15:28.978+0000] {taskinstance.py:2076} INFO - Dependencies all met for dep_context=non-requeueable deps ti=<TaskInstance: warehouse_daily.train_models scheduled__2025-11-20T06:00:00+00:00 [queued]>
[2025-11-21T16:15:28.980+0000] {taskinstance.py:2076} INFO - Dependencies all met for dep_context=requeueable deps ti=<TaskInstance: warehouse_daily.train_models scheduled__2025-11-20T06:00:00+00:00 [queued]>
[2025-11-21T16:15:28.980+0000] {taskinstance.py:2306} INFO - Starting attempt 1 of 3
[2025-11-21T16:15:28.984+0000] {taskinstance.py:2330} INFO - Executing <Task(BashOperator): train_models> on 2025-11-20 06:00:00+00:00
[2025-11-21T16:15:28.985+0000] {standard_task_runner.py:64} INFO - Started process 599 to run task
[2025-11-21T16:15:28.987+0000] {standard_task_runner.py:90} INFO - Running: ['airflow', 'tasks', 'run', 'warehouse_daily', 'train_models', 'scheduled__2025-11-20T06:00:00+00:00', '--job-id', '21', '--raw', '--subdir', 'DAGS_FOLDER/warehouse_dag.py', '--cfg-path', '/tmp/tmpz_qqvwuo']
[2025-11-21T16:15:28.987+0000] {standard_task_runner.py:91} INFO - Job 21: Subtask train_models
[2025-11-21T16:15:28.999+0000] {task_command.py:426} INFO - Running <TaskInstance: warehouse_daily.train_models scheduled__2025-11-20T06:00:00+00:00 [running]> on host 4e64c7378c33
[2025-11-21T16:15:29.070+0000] {taskinstance.py:2648} INFO - Exporting env vars: AIRFLOW_CTX_DAG_OWNER='wyko' AIRFLOW_CTX_DAG_ID='warehouse_daily' AIRFLOW_CTX_TASK_ID='train_models' AIRFLOW_CTX_EXECUTION_DATE='2025-11-20T06:00:00+00:00' AIRFLOW_CTX_TRY_NUMBER='1' AIRFLOW_CTX_DAG_RUN_ID='scheduled__2025-11-20T06:00:00+00:00'
[2025-11-21T16:15:29.071+0000] {taskinstance.py:430} INFO - ::endgroup::
[2025-11-21T16:15:29.075+0000] {subprocess.py:63} INFO - Tmp dir root location: /tmp
[2025-11-21T16:15:29.075+0000] {subprocess.py:75} INFO - Running command: ['/usr/bin/bash', '-c', 'cd /opt/airflow/repo && python ml/ml_final.py']
[2025-11-21T16:15:29.078+0000] {subprocess.py:86} INFO - Output:
[2025-11-21T16:15:58.636+0000] {subprocess.py:93} INFO - 
[2025-11-21T16:15:58.637+0000] {subprocess.py:93} INFO - === Trenowany model: RandomForest ===
[2025-11-21T16:15:58.637+0000] {subprocess.py:93} INFO - Fitting 2 folds for each of 5 candidates, totalling 10 fits
[2025-11-21T16:15:58.638+0000] {subprocess.py:93} INFO - MAE  = 5,818.97
[2025-11-21T16:15:58.638+0000] {subprocess.py:93} INFO - RMSE = 22,080.96
[2025-11-21T16:15:58.638+0000] {subprocess.py:93} INFO - R²   = 0.9923
[2025-11-21T16:15:58.638+0000] {subprocess.py:93} INFO - Czas trenowania: 10.81s
[2025-11-21T16:15:58.638+0000] {subprocess.py:93} INFO - 
[2025-11-21T16:15:58.638+0000] {subprocess.py:93} INFO - === Trenowany model: GradientBoosting ===
[2025-11-21T16:15:58.639+0000] {subprocess.py:93} INFO - Fitting 2 folds for each of 5 candidates, totalling 10 fits
[2025-11-21T16:15:58.639+0000] {subprocess.py:93} INFO - MAE  = 10,379.97
[2025-11-21T16:15:58.640+0000] {subprocess.py:93} INFO - RMSE = 24,814.04
[2025-11-21T16:15:58.640+0000] {subprocess.py:93} INFO - R²   = 0.9903
[2025-11-21T16:15:58.640+0000] {subprocess.py:93} INFO - Czas trenowania: 11.52s
[2025-11-21T16:15:58.640+0000] {subprocess.py:93} INFO - 
[2025-11-21T16:15:58.640+0000] {subprocess.py:93} INFO - === Trenowany model: XGBRegressor ===
[2025-11-21T16:15:58.640+0000] {subprocess.py:93} INFO - Fitting 2 folds for each of 5 candidates, totalling 10 fits
[2025-11-21T16:15:58.640+0000] {subprocess.py:93} INFO - MAE  = 11,013.70
[2025-11-21T16:15:58.640+0000] {subprocess.py:93} INFO - RMSE = 24,550.32
[2025-11-21T16:15:58.640+0000] {subprocess.py:93} INFO - R²   = 0.9905
[2025-11-21T16:15:58.640+0000] {subprocess.py:93} INFO - Czas trenowania: 2.77s
[2025-11-21T16:15:58.640+0000] {subprocess.py:93} INFO - 
[2025-11-21T16:15:58.640+0000] {subprocess.py:93} INFO - Zapisano metryki: artifacts/model_metrics.csv
[2025-11-21T16:15:58.640+0000] {subprocess.py:93} INFO - Najlepszy model: RandomForest (MAE=5,818.97)
[2025-11-21T16:15:58.640+0000] {subprocess.py:93} INFO - Zapisano pipeline do: artifacts/best_model_RandomForest.joblib
[2025-11-21T16:15:58.735+0000] {subprocess.py:97} INFO - Command exited with return code 0
[2025-11-21T16:15:58.735+0000] {taskinstance.py:441} INFO - ::group::Post task execution logs
[2025-11-21T16:15:58.741+0000] {taskinstance.py:1206} INFO - Marking task as SUCCESS. dag_id=warehouse_daily, task_id=train_models, run_id=scheduled__2025-11-20T06:00:00+00:00, execution_date=20251120T060000, start_date=20251121T161528, end_date=20251121T161558
[2025-11-21T16:15:58.781+0000] {local_task_job_runner.py:243} INFO - Task exited with return code 0
[2025-11-21T16:15:58.787+0000] {taskinstance.py:3503} INFO - 1 downstream tasks scheduled from follow-on schedule check
[2025-11-21T16:15:58.788+0000] {local_task_job_runner.py:222} INFO - ::endgroup::
