[2025-11-13T13:51:10.200+0000] {local_task_job_runner.py:120} INFO - ::group::Pre task execution logs
[2025-11-13T13:51:10.208+0000] {taskinstance.py:2076} INFO - Dependencies all met for dep_context=non-requeueable deps ti=<TaskInstance: warehouse_daily.wait_for_db manual__2025-11-13T13:51:07.517038+00:00 [queued]>
[2025-11-13T13:51:10.210+0000] {taskinstance.py:2076} INFO - Dependencies all met for dep_context=requeueable deps ti=<TaskInstance: warehouse_daily.wait_for_db manual__2025-11-13T13:51:07.517038+00:00 [queued]>
[2025-11-13T13:51:10.210+0000] {taskinstance.py:2306} INFO - Starting attempt 1 of 3
[2025-11-13T13:51:10.214+0000] {taskinstance.py:2330} INFO - Executing <Task(SqlSensor): wait_for_db> on 2025-11-13 13:51:07.517038+00:00
[2025-11-13T13:51:10.215+0000] {standard_task_runner.py:64} INFO - Started process 199 to run task
[2025-11-13T13:51:10.216+0000] {standard_task_runner.py:90} INFO - Running: ['airflow', 'tasks', 'run', 'warehouse_daily', 'wait_for_db', 'manual__2025-11-13T13:51:07.517038+00:00', '--job-id', '4', '--raw', '--subdir', 'DAGS_FOLDER/warehouse_dag.py', '--cfg-path', '/tmp/tmpymahbscs']
[2025-11-13T13:51:10.217+0000] {standard_task_runner.py:91} INFO - Job 4: Subtask wait_for_db
[2025-11-13T13:51:10.227+0000] {task_command.py:426} INFO - Running <TaskInstance: warehouse_daily.wait_for_db manual__2025-11-13T13:51:07.517038+00:00 [running]> on host 8b16c83c8b1e
[2025-11-13T13:51:10.243+0000] {taskinstance.py:2648} INFO - Exporting env vars: AIRFLOW_CTX_DAG_OWNER='wyko' AIRFLOW_CTX_DAG_ID='warehouse_daily' AIRFLOW_CTX_TASK_ID='wait_for_db' AIRFLOW_CTX_EXECUTION_DATE='2025-11-13T13:51:07.517038+00:00' AIRFLOW_CTX_TRY_NUMBER='1' AIRFLOW_CTX_DAG_RUN_ID='manual__2025-11-13T13:51:07.517038+00:00'
[2025-11-13T13:51:10.243+0000] {taskinstance.py:430} INFO - ::endgroup::
[2025-11-13T13:51:10.295+0000] {crypto.py:82} WARNING - empty cryptography key - values will not be stored encrypted.
[2025-11-13T13:51:10.296+0000] {base.py:84} INFO - Using connection ID 'warehouse_pg' for task execution.
[2025-11-13T13:51:10.311+0000] {sql.py:96} INFO - Poking: SELECT 1; (with parameters None)
[2025-11-13T13:51:10.311+0000] {base.py:84} INFO - Using connection ID 'warehouse_pg' for task execution.
[2025-11-13T13:51:10.317+0000] {sql.py:495} INFO - Running statement: SELECT 1;, parameters: None
[2025-11-13T13:51:10.318+0000] {sql.py:504} INFO - Rows affected: 1
[2025-11-13T13:51:10.318+0000] {base.py:294} INFO - Success criteria met. Exiting.
[2025-11-13T13:51:10.318+0000] {taskinstance.py:441} INFO - ::group::Post task execution logs
[2025-11-13T13:51:10.320+0000] {taskinstance.py:1206} INFO - Marking task as SUCCESS. dag_id=warehouse_daily, task_id=wait_for_db, run_id=manual__2025-11-13T13:51:07.517038+00:00, execution_date=20251113T135107, start_date=20251113T135110, end_date=20251113T135110
[2025-11-13T13:51:10.326+0000] {local_task_job_runner.py:243} INFO - Task exited with return code 0
[2025-11-13T13:51:10.335+0000] {taskinstance.py:3503} INFO - 1 downstream tasks scheduled from follow-on schedule check
[2025-11-13T13:51:10.336+0000] {local_task_job_runner.py:222} INFO - ::endgroup::
