[2025-11-12T18:43:09.559+0000] {local_task_job_runner.py:120} INFO - ::group::Pre task execution logs
[2025-11-12T18:43:09.568+0000] {taskinstance.py:2076} INFO - Dependencies all met for dep_context=non-requeueable deps ti=<TaskInstance: warehouse_daily.load_processed_to_pg scheduled__2025-11-11T06:00:00+00:00 [queued]>
[2025-11-12T18:43:09.570+0000] {taskinstance.py:2076} INFO - Dependencies all met for dep_context=requeueable deps ti=<TaskInstance: warehouse_daily.load_processed_to_pg scheduled__2025-11-11T06:00:00+00:00 [queued]>
[2025-11-12T18:43:09.570+0000] {taskinstance.py:2306} INFO - Starting attempt 2 of 3
[2025-11-12T18:43:09.575+0000] {taskinstance.py:2330} INFO - Executing <Task(BashOperator): load_processed_to_pg> on 2025-11-11 06:00:00+00:00
[2025-11-12T18:43:09.577+0000] {standard_task_runner.py:64} INFO - Started process 496 to run task
[2025-11-12T18:43:09.578+0000] {standard_task_runner.py:90} INFO - Running: ['airflow', 'tasks', 'run', 'warehouse_daily', 'load_processed_to_pg', 'scheduled__2025-11-11T06:00:00+00:00', '--job-id', '12', '--raw', '--subdir', 'DAGS_FOLDER/warehouse_dag.py', '--cfg-path', '/tmp/tmp8it2m1zd']
[2025-11-12T18:43:09.579+0000] {standard_task_runner.py:91} INFO - Job 12: Subtask load_processed_to_pg
[2025-11-12T18:43:09.591+0000] {task_command.py:426} INFO - Running <TaskInstance: warehouse_daily.load_processed_to_pg scheduled__2025-11-11T06:00:00+00:00 [running]> on host bc643d9c9001
[2025-11-12T18:43:09.606+0000] {taskinstance.py:2648} INFO - Exporting env vars: AIRFLOW_CTX_DAG_OWNER='wyko' AIRFLOW_CTX_DAG_ID='warehouse_daily' AIRFLOW_CTX_TASK_ID='load_processed_to_pg' AIRFLOW_CTX_EXECUTION_DATE='2025-11-11T06:00:00+00:00' AIRFLOW_CTX_TRY_NUMBER='2' AIRFLOW_CTX_DAG_RUN_ID='scheduled__2025-11-11T06:00:00+00:00'
[2025-11-12T18:43:09.607+0000] {taskinstance.py:430} INFO - ::endgroup::
[2025-11-12T18:43:09.663+0000] {subprocess.py:63} INFO - Tmp dir root location: /tmp
[2025-11-12T18:43:09.664+0000] {subprocess.py:75} INFO - Running command: ['/usr/bin/bash', '-c', 'python /opt/airflow/repo/etl/load.py']
[2025-11-12T18:43:09.666+0000] {subprocess.py:86} INFO - Output:
[2025-11-12T18:43:31.582+0000] {subprocess.py:93} INFO -  Loaded to Postgres public.housing
[2025-11-12T18:43:31.672+0000] {subprocess.py:97} INFO - Command exited with return code 0
[2025-11-12T18:43:31.673+0000] {taskinstance.py:441} INFO - ::group::Post task execution logs
[2025-11-12T18:43:31.681+0000] {taskinstance.py:1206} INFO - Marking task as SUCCESS. dag_id=warehouse_daily, task_id=load_processed_to_pg, run_id=scheduled__2025-11-11T06:00:00+00:00, execution_date=20251111T060000, start_date=20251112T184309, end_date=20251112T184331
[2025-11-12T18:43:31.699+0000] {local_task_job_runner.py:243} INFO - Task exited with return code 0
[2025-11-12T18:43:31.705+0000] {taskinstance.py:3503} INFO - 2 downstream tasks scheduled from follow-on schedule check
[2025-11-12T18:43:31.706+0000] {local_task_job_runner.py:222} INFO - ::endgroup::
