[2025-11-21T15:59:33.514+0000] {local_task_job_runner.py:120} INFO - ::group::Pre task execution logs
[2025-11-21T15:59:33.522+0000] {taskinstance.py:2076} INFO - Dependencies all met for dep_context=non-requeueable deps ti=<TaskInstance: warehouse_daily.train_models manual__2025-11-21T15:57:28.165261+00:00 [queued]>
[2025-11-21T15:59:33.524+0000] {taskinstance.py:2076} INFO - Dependencies all met for dep_context=requeueable deps ti=<TaskInstance: warehouse_daily.train_models manual__2025-11-21T15:57:28.165261+00:00 [queued]>
[2025-11-21T15:59:33.524+0000] {taskinstance.py:2306} INFO - Starting attempt 1 of 3
[2025-11-21T15:59:33.528+0000] {taskinstance.py:2330} INFO - Executing <Task(BashOperator): train_models> on 2025-11-21 15:57:28.165261+00:00
[2025-11-21T15:59:33.530+0000] {standard_task_runner.py:64} INFO - Started process 1049 to run task
[2025-11-21T15:59:33.531+0000] {standard_task_runner.py:90} INFO - Running: ['airflow', 'tasks', 'run', 'warehouse_daily', 'train_models', 'manual__2025-11-21T15:57:28.165261+00:00', '--job-id', '22', '--raw', '--subdir', 'DAGS_FOLDER/warehouse_dag.py', '--cfg-path', '/tmp/tmpdhglceym']
[2025-11-21T15:59:33.532+0000] {standard_task_runner.py:91} INFO - Job 22: Subtask train_models
[2025-11-21T15:59:33.544+0000] {task_command.py:426} INFO - Running <TaskInstance: warehouse_daily.train_models manual__2025-11-21T15:57:28.165261+00:00 [running]> on host 584e6fca837f
[2025-11-21T15:59:33.617+0000] {taskinstance.py:2648} INFO - Exporting env vars: AIRFLOW_CTX_DAG_OWNER='wyko' AIRFLOW_CTX_DAG_ID='warehouse_daily' AIRFLOW_CTX_TASK_ID='train_models' AIRFLOW_CTX_EXECUTION_DATE='2025-11-21T15:57:28.165261+00:00' AIRFLOW_CTX_TRY_NUMBER='1' AIRFLOW_CTX_DAG_RUN_ID='manual__2025-11-21T15:57:28.165261+00:00'
[2025-11-21T15:59:33.618+0000] {taskinstance.py:430} INFO - ::endgroup::
[2025-11-21T15:59:33.622+0000] {subprocess.py:63} INFO - Tmp dir root location: /tmp
[2025-11-21T15:59:33.622+0000] {subprocess.py:75} INFO - Running command: ['/usr/bin/bash', '-c', 'cd /opt/airflow/repo && python ml/ml_final.py']
[2025-11-21T15:59:33.626+0000] {subprocess.py:86} INFO - Output:
[2025-11-21T16:00:03.492+0000] {subprocess.py:93} INFO - 
[2025-11-21T16:00:03.493+0000] {subprocess.py:93} INFO - === Trenowany model: RandomForest ===
[2025-11-21T16:00:03.493+0000] {subprocess.py:93} INFO - Fitting 2 folds for each of 5 candidates, totalling 10 fits
[2025-11-21T16:00:03.494+0000] {subprocess.py:93} INFO - MAE  = 5,818.97
[2025-11-21T16:00:03.494+0000] {subprocess.py:93} INFO - RMSE = 22,080.96
[2025-11-21T16:00:03.495+0000] {subprocess.py:93} INFO - R²   = 0.9923
[2025-11-21T16:00:03.496+0000] {subprocess.py:93} INFO - Czas trenowania: 10.76s
[2025-11-21T16:00:03.496+0000] {subprocess.py:93} INFO - 
[2025-11-21T16:00:03.496+0000] {subprocess.py:93} INFO - === Trenowany model: GradientBoosting ===
[2025-11-21T16:00:03.496+0000] {subprocess.py:93} INFO - Fitting 2 folds for each of 5 candidates, totalling 10 fits
[2025-11-21T16:00:03.496+0000] {subprocess.py:93} INFO - MAE  = 10,379.97
[2025-11-21T16:00:03.496+0000] {subprocess.py:93} INFO - RMSE = 24,814.04
[2025-11-21T16:00:03.496+0000] {subprocess.py:93} INFO - R²   = 0.9903
[2025-11-21T16:00:03.496+0000] {subprocess.py:93} INFO - Czas trenowania: 11.80s
[2025-11-21T16:00:03.496+0000] {subprocess.py:93} INFO - 
[2025-11-21T16:00:03.496+0000] {subprocess.py:93} INFO - === Trenowany model: XGBRegressor ===
[2025-11-21T16:00:03.496+0000] {subprocess.py:93} INFO - Fitting 2 folds for each of 5 candidates, totalling 10 fits
[2025-11-21T16:00:03.496+0000] {subprocess.py:93} INFO - MAE  = 11,013.70
[2025-11-21T16:00:03.496+0000] {subprocess.py:93} INFO - RMSE = 24,550.32
[2025-11-21T16:00:03.497+0000] {subprocess.py:93} INFO - R²   = 0.9905
[2025-11-21T16:00:03.497+0000] {subprocess.py:93} INFO - Czas trenowania: 2.82s
[2025-11-21T16:00:03.497+0000] {subprocess.py:93} INFO - 
[2025-11-21T16:00:03.497+0000] {subprocess.py:93} INFO - Zapisano metryki: artifacts/model_metrics.csv
[2025-11-21T16:00:03.497+0000] {subprocess.py:93} INFO - Najlepszy model: RandomForest (MAE=5,818.97)
[2025-11-21T16:00:03.498+0000] {subprocess.py:93} INFO - Zapisano pipeline do: artifacts/best_model_RandomForest.joblib
[2025-11-21T16:00:03.574+0000] {subprocess.py:97} INFO - Command exited with return code 0
[2025-11-21T16:00:03.575+0000] {taskinstance.py:441} INFO - ::group::Post task execution logs
[2025-11-21T16:00:03.582+0000] {taskinstance.py:1206} INFO - Marking task as SUCCESS. dag_id=warehouse_daily, task_id=train_models, run_id=manual__2025-11-21T15:57:28.165261+00:00, execution_date=20251121T155728, start_date=20251121T155933, end_date=20251121T160003
[2025-11-21T16:00:03.629+0000] {local_task_job_runner.py:243} INFO - Task exited with return code 0
[2025-11-21T16:00:03.635+0000] {taskinstance.py:3503} INFO - 1 downstream tasks scheduled from follow-on schedule check
[2025-11-21T16:00:03.636+0000] {local_task_job_runner.py:222} INFO - ::endgroup::
