[2025-11-12T18:37:47.384+0000] {local_task_job_runner.py:120} INFO - ::group::Pre task execution logs
[2025-11-12T18:37:47.393+0000] {taskinstance.py:2076} INFO - Dependencies all met for dep_context=non-requeueable deps ti=<TaskInstance: warehouse_daily.transform_to_parquet scheduled__2025-11-11T06:00:00+00:00 [queued]>
[2025-11-12T18:37:47.394+0000] {taskinstance.py:2076} INFO - Dependencies all met for dep_context=requeueable deps ti=<TaskInstance: warehouse_daily.transform_to_parquet scheduled__2025-11-11T06:00:00+00:00 [queued]>
[2025-11-12T18:37:47.395+0000] {taskinstance.py:2306} INFO - Starting attempt 1 of 3
[2025-11-12T18:37:47.398+0000] {taskinstance.py:2330} INFO - Executing <Task(BashOperator): transform_to_parquet> on 2025-11-11 06:00:00+00:00
[2025-11-12T18:37:47.400+0000] {standard_task_runner.py:64} INFO - Started process 250 to run task
[2025-11-12T18:37:47.401+0000] {standard_task_runner.py:90} INFO - Running: ['airflow', 'tasks', 'run', 'warehouse_daily', 'transform_to_parquet', 'scheduled__2025-11-11T06:00:00+00:00', '--job-id', '7', '--raw', '--subdir', 'DAGS_FOLDER/warehouse_dag.py', '--cfg-path', '/tmp/tmp5l72atua']
[2025-11-12T18:37:47.402+0000] {standard_task_runner.py:91} INFO - Job 7: Subtask transform_to_parquet
[2025-11-12T18:37:47.413+0000] {task_command.py:426} INFO - Running <TaskInstance: warehouse_daily.transform_to_parquet scheduled__2025-11-11T06:00:00+00:00 [running]> on host bc643d9c9001
[2025-11-12T18:37:47.430+0000] {taskinstance.py:2648} INFO - Exporting env vars: AIRFLOW_CTX_DAG_OWNER='wyko' AIRFLOW_CTX_DAG_ID='warehouse_daily' AIRFLOW_CTX_TASK_ID='transform_to_parquet' AIRFLOW_CTX_EXECUTION_DATE='2025-11-11T06:00:00+00:00' AIRFLOW_CTX_TRY_NUMBER='1' AIRFLOW_CTX_DAG_RUN_ID='scheduled__2025-11-11T06:00:00+00:00'
[2025-11-12T18:37:47.430+0000] {taskinstance.py:430} INFO - ::endgroup::
[2025-11-12T18:37:47.486+0000] {subprocess.py:63} INFO - Tmp dir root location: /tmp
[2025-11-12T18:37:47.486+0000] {subprocess.py:75} INFO - Running command: ['/usr/bin/bash', '-c', 'python /opt/airflow/repo/etl/transform.py --src housing_800k.csv --dst housing_800k.parquet']
[2025-11-12T18:37:47.489+0000] {subprocess.py:86} INFO - Output:
[2025-11-12T18:37:49.461+0000] {subprocess.py:93} INFO -  Processed 800,000 rows → s3://processed/housing_800k.parquet
[2025-11-12T18:37:49.525+0000] {subprocess.py:97} INFO - Command exited with return code 0
[2025-11-12T18:37:49.525+0000] {taskinstance.py:441} INFO - ::group::Post task execution logs
[2025-11-12T18:37:49.531+0000] {taskinstance.py:1206} INFO - Marking task as SUCCESS. dag_id=warehouse_daily, task_id=transform_to_parquet, run_id=scheduled__2025-11-11T06:00:00+00:00, execution_date=20251111T060000, start_date=20251112T183747, end_date=20251112T183749
[2025-11-12T18:37:49.543+0000] {local_task_job_runner.py:243} INFO - Task exited with return code 0
[2025-11-12T18:37:49.550+0000] {taskinstance.py:3503} INFO - 1 downstream tasks scheduled from follow-on schedule check
[2025-11-12T18:37:49.551+0000] {local_task_job_runner.py:222} INFO - ::endgroup::
[2025-11-12T19:05:59.312+0000] {local_task_job_runner.py:120} INFO - ::group::Pre task execution logs
[2025-11-12T19:05:59.320+0000] {taskinstance.py:2076} INFO - Dependencies all met for dep_context=non-requeueable deps ti=<TaskInstance: warehouse_daily.transform_to_parquet scheduled__2025-11-11T06:00:00+00:00 [queued]>
[2025-11-12T19:05:59.322+0000] {taskinstance.py:2076} INFO - Dependencies all met for dep_context=requeueable deps ti=<TaskInstance: warehouse_daily.transform_to_parquet scheduled__2025-11-11T06:00:00+00:00 [queued]>
[2025-11-12T19:05:59.322+0000] {taskinstance.py:2306} INFO - Starting attempt 1 of 3
[2025-11-12T19:05:59.326+0000] {taskinstance.py:2330} INFO - Executing <Task(BashOperator): transform_to_parquet> on 2025-11-11 06:00:00+00:00
[2025-11-12T19:05:59.327+0000] {standard_task_runner.py:64} INFO - Started process 248 to run task
[2025-11-12T19:05:59.328+0000] {standard_task_runner.py:90} INFO - Running: ['airflow', 'tasks', 'run', 'warehouse_daily', 'transform_to_parquet', 'scheduled__2025-11-11T06:00:00+00:00', '--job-id', '7', '--raw', '--subdir', 'DAGS_FOLDER/warehouse_dag.py', '--cfg-path', '/tmp/tmplze64rrt']
[2025-11-12T19:05:59.329+0000] {standard_task_runner.py:91} INFO - Job 7: Subtask transform_to_parquet
[2025-11-12T19:05:59.340+0000] {task_command.py:426} INFO - Running <TaskInstance: warehouse_daily.transform_to_parquet scheduled__2025-11-11T06:00:00+00:00 [running]> on host 6561605caf49
[2025-11-12T19:05:59.356+0000] {taskinstance.py:2648} INFO - Exporting env vars: AIRFLOW_CTX_DAG_OWNER='wyko' AIRFLOW_CTX_DAG_ID='warehouse_daily' AIRFLOW_CTX_TASK_ID='transform_to_parquet' AIRFLOW_CTX_EXECUTION_DATE='2025-11-11T06:00:00+00:00' AIRFLOW_CTX_TRY_NUMBER='1' AIRFLOW_CTX_DAG_RUN_ID='scheduled__2025-11-11T06:00:00+00:00'
[2025-11-12T19:05:59.356+0000] {taskinstance.py:430} INFO - ::endgroup::
[2025-11-12T19:05:59.409+0000] {subprocess.py:63} INFO - Tmp dir root location: /tmp
[2025-11-12T19:05:59.410+0000] {subprocess.py:75} INFO - Running command: ['/usr/bin/bash', '-c', 'python /opt/airflow/repo/etl/transform.py --src housing_800k.csv --dst housing_800k.parquet']
[2025-11-12T19:05:59.413+0000] {subprocess.py:86} INFO - Output:
[2025-11-12T19:06:01.385+0000] {subprocess.py:93} INFO -  Processed 800,000 rows → s3://processed/housing_800k.parquet
[2025-11-12T19:06:01.446+0000] {subprocess.py:97} INFO - Command exited with return code 0
[2025-11-12T19:06:01.446+0000] {taskinstance.py:441} INFO - ::group::Post task execution logs
[2025-11-12T19:06:01.453+0000] {taskinstance.py:1206} INFO - Marking task as SUCCESS. dag_id=warehouse_daily, task_id=transform_to_parquet, run_id=scheduled__2025-11-11T06:00:00+00:00, execution_date=20251111T060000, start_date=20251112T190559, end_date=20251112T190601
[2025-11-12T19:06:01.485+0000] {local_task_job_runner.py:243} INFO - Task exited with return code 0
[2025-11-12T19:06:01.492+0000] {taskinstance.py:3503} INFO - 1 downstream tasks scheduled from follow-on schedule check
[2025-11-12T19:06:01.493+0000] {local_task_job_runner.py:222} INFO - ::endgroup::
