[2025-11-15T08:11:51.539+0000] {local_task_job_runner.py:120} INFO - ::group::Pre task execution logs
[2025-11-15T08:11:51.547+0000] {taskinstance.py:2076} INFO - Dependencies all met for dep_context=non-requeueable deps ti=<TaskInstance: warehouse_daily.transform_to_parquet scheduled__2025-11-14T06:00:00+00:00 [queued]>
[2025-11-15T08:11:51.549+0000] {taskinstance.py:2076} INFO - Dependencies all met for dep_context=requeueable deps ti=<TaskInstance: warehouse_daily.transform_to_parquet scheduled__2025-11-14T06:00:00+00:00 [queued]>
[2025-11-15T08:11:51.550+0000] {taskinstance.py:2306} INFO - Starting attempt 2 of 3
[2025-11-15T08:11:51.553+0000] {taskinstance.py:2330} INFO - Executing <Task(BashOperator): transform_to_parquet> on 2025-11-14 06:00:00+00:00
[2025-11-15T08:11:51.555+0000] {standard_task_runner.py:64} INFO - Started process 3145 to run task
[2025-11-15T08:11:51.557+0000] {standard_task_runner.py:90} INFO - Running: ['airflow', 'tasks', 'run', 'warehouse_daily', 'transform_to_parquet', 'scheduled__2025-11-14T06:00:00+00:00', '--job-id', '69', '--raw', '--subdir', 'DAGS_FOLDER/warehouse_dag.py', '--cfg-path', '/tmp/tmpuf4jm_3w']
[2025-11-15T08:11:51.557+0000] {standard_task_runner.py:91} INFO - Job 69: Subtask transform_to_parquet
[2025-11-15T08:11:51.570+0000] {task_command.py:426} INFO - Running <TaskInstance: warehouse_daily.transform_to_parquet scheduled__2025-11-14T06:00:00+00:00 [running]> on host 8b16c83c8b1e
[2025-11-15T08:11:51.647+0000] {taskinstance.py:2648} INFO - Exporting env vars: AIRFLOW_CTX_DAG_OWNER='wyko' AIRFLOW_CTX_DAG_ID='warehouse_daily' AIRFLOW_CTX_TASK_ID='transform_to_parquet' AIRFLOW_CTX_EXECUTION_DATE='2025-11-14T06:00:00+00:00' AIRFLOW_CTX_TRY_NUMBER='2' AIRFLOW_CTX_DAG_RUN_ID='scheduled__2025-11-14T06:00:00+00:00'
[2025-11-15T08:11:51.647+0000] {taskinstance.py:430} INFO - ::endgroup::
[2025-11-15T08:11:51.652+0000] {subprocess.py:63} INFO - Tmp dir root location: /tmp
[2025-11-15T08:11:51.652+0000] {subprocess.py:75} INFO - Running command: ['/usr/bin/bash', '-c', 'python /opt/airflow/repo/etl/transform.py --src housing_800k.csv --dst housing_800k.parquet']
[2025-11-15T08:11:51.656+0000] {subprocess.py:86} INFO - Output:
[2025-11-15T08:11:57.540+0000] {subprocess.py:93} INFO -  Processed 800,000 rows → s3://processed/housing_800k.parquet
[2025-11-15T08:11:58.576+0000] {subprocess.py:97} INFO - Command exited with return code 0
[2025-11-15T08:11:58.578+0000] {taskinstance.py:441} INFO - ::group::Post task execution logs
[2025-11-15T08:11:58.604+0000] {taskinstance.py:1206} INFO - Marking task as SUCCESS. dag_id=warehouse_daily, task_id=transform_to_parquet, run_id=scheduled__2025-11-14T06:00:00+00:00, execution_date=20251114T060000, start_date=20251115T081151, end_date=20251115T081158
[2025-11-15T08:11:58.672+0000] {local_task_job_runner.py:243} INFO - Task exited with return code 0
[2025-11-15T08:11:58.759+0000] {taskinstance.py:3503} INFO - 1 downstream tasks scheduled from follow-on schedule check
[2025-11-15T08:11:58.766+0000] {local_task_job_runner.py:222} INFO - ::endgroup::
