[2025-11-15T06:16:24.336+0000] {local_task_job_runner.py:120} INFO - ::group::Pre task execution logs
[2025-11-15T06:16:24.365+0000] {taskinstance.py:2076} INFO - Dependencies all met for dep_context=non-requeueable deps ti=<TaskInstance: warehouse_daily.transform_to_parquet scheduled__2025-11-14T06:00:00+00:00 [queued]>
[2025-11-15T06:16:24.373+0000] {taskinstance.py:2076} INFO - Dependencies all met for dep_context=requeueable deps ti=<TaskInstance: warehouse_daily.transform_to_parquet scheduled__2025-11-14T06:00:00+00:00 [queued]>
[2025-11-15T06:16:24.374+0000] {taskinstance.py:2306} INFO - Starting attempt 1 of 3
[2025-11-15T06:16:24.389+0000] {taskinstance.py:2330} INFO - Executing <Task(BashOperator): transform_to_parquet> on 2025-11-14 06:00:00+00:00
[2025-11-15T06:16:24.445+0000] {standard_task_runner.py:90} INFO - Running: ['airflow', 'tasks', 'run', 'warehouse_daily', 'transform_to_parquet', 'scheduled__2025-11-14T06:00:00+00:00', '--job-id', '68', '--raw', '--subdir', 'DAGS_FOLDER/warehouse_dag.py', '--cfg-path', '/tmp/tmpvyluxfbv']
[2025-11-15T06:16:24.456+0000] {standard_task_runner.py:91} INFO - Job 68: Subtask transform_to_parquet
[2025-11-15T06:16:24.458+0000] {logging_mixin.py:188} WARNING - /home/airflow/.local/lib/python3.12/site-packages/airflow/task/task_runner/standard_task_runner.py:62 DeprecationWarning: This process (pid=3087) is multi-threaded, use of fork() may lead to deadlocks in the child.
[2025-11-15T06:16:24.459+0000] {standard_task_runner.py:64} INFO - Started process 3101 to run task
[2025-11-15T06:16:24.492+0000] {task_command.py:426} INFO - Running <TaskInstance: warehouse_daily.transform_to_parquet scheduled__2025-11-14T06:00:00+00:00 [running]> on host 8b16c83c8b1e
[2025-11-15T06:16:25.102+0000] {taskinstance.py:2648} INFO - Exporting env vars: AIRFLOW_CTX_DAG_OWNER='wyko' AIRFLOW_CTX_DAG_ID='warehouse_daily' AIRFLOW_CTX_TASK_ID='transform_to_parquet' AIRFLOW_CTX_EXECUTION_DATE='2025-11-14T06:00:00+00:00' AIRFLOW_CTX_TRY_NUMBER='1' AIRFLOW_CTX_DAG_RUN_ID='scheduled__2025-11-14T06:00:00+00:00'
[2025-11-15T06:16:25.120+0000] {taskinstance.py:430} INFO - ::endgroup::
[2025-11-15T06:16:25.149+0000] {subprocess.py:63} INFO - Tmp dir root location: /tmp
[2025-11-15T06:16:25.150+0000] {subprocess.py:75} INFO - Running command: ['/usr/bin/bash', '-c', 'python /opt/airflow/repo/etl/transform.py --src housing_800k.csv --dst housing_800k.parquet']
[2025-11-15T06:16:25.166+0000] {subprocess.py:86} INFO - Output:
[2025-11-15T07:36:15.606+0000] {local_task_job_runner.py:214} ERROR - Heartbeat time limit exceeded!
[2025-11-15T07:36:15.609+0000] {local_task_job_runner.py:222} INFO - ::endgroup::
[2025-11-15T07:36:15.615+0000] {process_utils.py:132} INFO - Sending 15 to group 3101. PIDs of all processes in the group: [3102, 3101]
[2025-11-15T07:36:15.624+0000] {process_utils.py:87} INFO - Sending the signal 15 to group 3101
[2025-11-15T07:36:15.628+0000] {taskinstance.py:2611} ERROR - Received SIGTERM. Terminating subprocesses.
[2025-11-15T07:36:15.640+0000] {subprocess.py:104} INFO - Sending SIGTERM signal to process group
[2025-11-15T07:36:15.649+0000] {taskinstance.py:441} INFO - ::group::Post task execution logs
[2025-11-15T07:36:15.680+0000] {taskinstance.py:2905} ERROR - Task failed with exception
Traceback (most recent call last):
  File "/home/airflow/.local/lib/python3.12/site-packages/airflow/models/taskinstance.py", line 465, in _execute_task
    result = _execute_callable(context=context, **execute_callable_kwargs)
             ^^^^^^^^^^^^^^^^^^^^^^^^^^^^^^^^^^^^^^^^^^^^^^^^^^^^^^^^^^^^^
  File "/home/airflow/.local/lib/python3.12/site-packages/airflow/models/taskinstance.py", line 432, in _execute_callable
    return execute_callable(context=context, **execute_callable_kwargs)
           ^^^^^^^^^^^^^^^^^^^^^^^^^^^^^^^^^^^^^^^^^^^^^^^^^^^^^^^^^^^^
  File "/home/airflow/.local/lib/python3.12/site-packages/airflow/models/baseoperator.py", line 401, in wrapper
    return func(self, *args, **kwargs)
           ^^^^^^^^^^^^^^^^^^^^^^^^^^^
  File "/home/airflow/.local/lib/python3.12/site-packages/airflow/operators/bash.py", line 234, in execute
    result = self.subprocess_hook.run_command(
             ^^^^^^^^^^^^^^^^^^^^^^^^^^^^^^^^^
  File "/home/airflow/.local/lib/python3.12/site-packages/airflow/hooks/subprocess.py", line 91, in run_command
    for raw_line in iter(self.sub_process.stdout.readline, b""):
  File "/home/airflow/.local/lib/python3.12/site-packages/airflow/models/taskinstance.py", line 2613, in signal_handler
    raise AirflowTaskTerminated("Task received SIGTERM signal")
airflow.exceptions.AirflowTaskTerminated: Task received SIGTERM signal
[2025-11-15T07:36:16.278+0000] {taskinstance.py:1206} INFO - Marking task as UP_FOR_RETRY. dag_id=warehouse_daily, task_id=transform_to_parquet, run_id=scheduled__2025-11-14T06:00:00+00:00, execution_date=20251114T060000, start_date=20251115T061624, end_date=20251115T073616
[2025-11-15T07:36:16.408+0000] {process_utils.py:80} INFO - Process psutil.Process(pid=3102, status='terminated', started='06:16:24') (3102) terminated with exit code None
[2025-11-15T07:36:16.424+0000] {process_utils.py:80} INFO - Process psutil.Process(pid=3101, status='terminated', exitcode=2, started='06:16:23') (3101) terminated with exit code 2
