[2025-11-22T06:16:23.661+0000] {local_task_job_runner.py:120} INFO - ::group::Pre task execution logs
[2025-11-22T06:16:23.668+0000] {taskinstance.py:2076} INFO - Dependencies all met for dep_context=non-requeueable deps ti=<TaskInstance: warehouse_daily.train_models scheduled__2025-11-21T06:00:00+00:00 [queued]>
[2025-11-22T06:16:23.670+0000] {taskinstance.py:2076} INFO - Dependencies all met for dep_context=requeueable deps ti=<TaskInstance: warehouse_daily.train_models scheduled__2025-11-21T06:00:00+00:00 [queued]>
[2025-11-22T06:16:23.670+0000] {taskinstance.py:2306} INFO - Starting attempt 1 of 3
[2025-11-22T06:16:23.674+0000] {taskinstance.py:2330} INFO - Executing <Task(BashOperator): train_models> on 2025-11-21 06:00:00+00:00
[2025-11-22T06:16:23.676+0000] {standard_task_runner.py:64} INFO - Started process 2092 to run task
[2025-11-22T06:16:23.677+0000] {standard_task_runner.py:90} INFO - Running: ['airflow', 'tasks', 'run', 'warehouse_daily', 'train_models', 'scheduled__2025-11-21T06:00:00+00:00', '--job-id', '38', '--raw', '--subdir', 'DAGS_FOLDER/warehouse_dag.py', '--cfg-path', '/tmp/tmpo_jubn_d']
[2025-11-22T06:16:23.677+0000] {standard_task_runner.py:91} INFO - Job 38: Subtask train_models
[2025-11-22T06:16:23.688+0000] {task_command.py:426} INFO - Running <TaskInstance: warehouse_daily.train_models scheduled__2025-11-21T06:00:00+00:00 [running]> on host 4e64c7378c33
[2025-11-22T06:16:23.761+0000] {taskinstance.py:2648} INFO - Exporting env vars: AIRFLOW_CTX_DAG_OWNER='wyko' AIRFLOW_CTX_DAG_ID='warehouse_daily' AIRFLOW_CTX_TASK_ID='train_models' AIRFLOW_CTX_EXECUTION_DATE='2025-11-21T06:00:00+00:00' AIRFLOW_CTX_TRY_NUMBER='1' AIRFLOW_CTX_DAG_RUN_ID='scheduled__2025-11-21T06:00:00+00:00'
[2025-11-22T06:16:23.762+0000] {taskinstance.py:430} INFO - ::endgroup::
[2025-11-22T06:16:23.766+0000] {subprocess.py:63} INFO - Tmp dir root location: /tmp
[2025-11-22T06:16:23.766+0000] {subprocess.py:75} INFO - Running command: ['/usr/bin/bash', '-c', 'cd /opt/airflow/repo && python ml/ml_final.py']
[2025-11-22T06:16:23.769+0000] {subprocess.py:86} INFO - Output:
[2025-11-22T07:17:13.510+0000] {subprocess.py:93} INFO - 
[2025-11-22T07:17:13.510+0000] {subprocess.py:93} INFO - === Trenowany model: RandomForest ===
[2025-11-22T07:17:13.511+0000] {subprocess.py:93} INFO - Fitting 2 folds for each of 5 candidates, totalling 10 fits
[2025-11-22T07:17:13.511+0000] {subprocess.py:93} INFO - MAE  = 5,818.97
[2025-11-22T07:17:13.511+0000] {subprocess.py:93} INFO - RMSE = 22,080.96
[2025-11-22T07:17:13.511+0000] {subprocess.py:93} INFO - R²   = 0.9923
[2025-11-22T07:17:13.511+0000] {subprocess.py:93} INFO - Czas trenowania: 3614.38s
[2025-11-22T07:17:13.511+0000] {subprocess.py:93} INFO - 
[2025-11-22T07:17:13.511+0000] {subprocess.py:93} INFO - === Trenowany model: GradientBoosting ===
[2025-11-22T07:17:13.511+0000] {subprocess.py:93} INFO - Fitting 2 folds for each of 5 candidates, totalling 10 fits
[2025-11-22T07:17:13.511+0000] {subprocess.py:93} INFO - MAE  = 10,379.97
[2025-11-22T07:17:13.511+0000] {subprocess.py:93} INFO - RMSE = 24,814.04
[2025-11-22T07:17:13.511+0000] {subprocess.py:93} INFO - R²   = 0.9903
[2025-11-22T07:17:13.511+0000] {subprocess.py:93} INFO - Czas trenowania: 21.83s
[2025-11-22T07:17:13.511+0000] {subprocess.py:93} INFO - 
[2025-11-22T07:17:13.512+0000] {subprocess.py:93} INFO - === Trenowany model: XGBRegressor ===
[2025-11-22T07:17:13.512+0000] {subprocess.py:93} INFO - Fitting 2 folds for each of 5 candidates, totalling 10 fits
[2025-11-22T07:17:13.512+0000] {subprocess.py:93} INFO - MAE  = 11,013.70
[2025-11-22T07:17:13.512+0000] {subprocess.py:93} INFO - RMSE = 24,550.32
[2025-11-22T07:17:13.512+0000] {subprocess.py:93} INFO - R²   = 0.9905
[2025-11-22T07:17:13.512+0000] {subprocess.py:93} INFO - Czas trenowania: 8.85s
[2025-11-22T07:17:13.512+0000] {subprocess.py:93} INFO - 
[2025-11-22T07:17:13.512+0000] {subprocess.py:93} INFO - Zapisano metryki: artifacts/model_metrics.csv
[2025-11-22T07:17:13.512+0000] {subprocess.py:93} INFO - Najlepszy model: RandomForest (MAE=5,818.97)
[2025-11-22T07:17:13.512+0000] {subprocess.py:93} INFO - Zapisano pipeline do: artifacts/best_model_RandomForest.joblib
[2025-11-22T07:17:13.635+0000] {subprocess.py:97} INFO - Command exited with return code 0
[2025-11-22T07:17:13.635+0000] {taskinstance.py:441} INFO - ::group::Post task execution logs
[2025-11-22T07:17:13.644+0000] {taskinstance.py:1206} INFO - Marking task as SUCCESS. dag_id=warehouse_daily, task_id=train_models, run_id=scheduled__2025-11-21T06:00:00+00:00, execution_date=20251121T060000, start_date=20251122T061623, end_date=20251122T071713
[2025-11-22T07:17:13.658+0000] {local_task_job_runner.py:243} INFO - Task exited with return code 0
[2025-11-22T07:17:13.667+0000] {taskinstance.py:3503} INFO - 1 downstream tasks scheduled from follow-on schedule check
[2025-11-22T07:17:13.668+0000] {local_task_job_runner.py:222} INFO - ::endgroup::
[2025-11-22T14:38:44.542+0000] {local_task_job_runner.py:120} INFO - ::group::Pre task execution logs
[2025-11-22T14:38:44.549+0000] {taskinstance.py:2076} INFO - Dependencies all met for dep_context=non-requeueable deps ti=<TaskInstance: warehouse_daily.train_models scheduled__2025-11-21T06:00:00+00:00 [queued]>
[2025-11-22T14:38:44.551+0000] {taskinstance.py:2076} INFO - Dependencies all met for dep_context=requeueable deps ti=<TaskInstance: warehouse_daily.train_models scheduled__2025-11-21T06:00:00+00:00 [queued]>
[2025-11-22T14:38:44.551+0000] {taskinstance.py:2306} INFO - Starting attempt 1 of 3
[2025-11-22T14:38:44.555+0000] {taskinstance.py:2330} INFO - Executing <Task(BashOperator): train_models> on 2025-11-21 06:00:00+00:00
[2025-11-22T14:38:44.557+0000] {standard_task_runner.py:64} INFO - Started process 595 to run task
[2025-11-22T14:38:44.558+0000] {standard_task_runner.py:90} INFO - Running: ['airflow', 'tasks', 'run', 'warehouse_daily', 'train_models', 'scheduled__2025-11-21T06:00:00+00:00', '--job-id', '21', '--raw', '--subdir', 'DAGS_FOLDER/warehouse_dag.py', '--cfg-path', '/tmp/tmps0mqj2b7']
[2025-11-22T14:38:44.559+0000] {standard_task_runner.py:91} INFO - Job 21: Subtask train_models
[2025-11-22T14:38:44.571+0000] {task_command.py:426} INFO - Running <TaskInstance: warehouse_daily.train_models scheduled__2025-11-21T06:00:00+00:00 [running]> on host e41cc4788735
[2025-11-22T14:38:44.641+0000] {taskinstance.py:2648} INFO - Exporting env vars: AIRFLOW_CTX_DAG_OWNER='wyko' AIRFLOW_CTX_DAG_ID='warehouse_daily' AIRFLOW_CTX_TASK_ID='train_models' AIRFLOW_CTX_EXECUTION_DATE='2025-11-21T06:00:00+00:00' AIRFLOW_CTX_TRY_NUMBER='1' AIRFLOW_CTX_DAG_RUN_ID='scheduled__2025-11-21T06:00:00+00:00'
[2025-11-22T14:38:44.642+0000] {taskinstance.py:430} INFO - ::endgroup::
[2025-11-22T14:38:44.646+0000] {subprocess.py:63} INFO - Tmp dir root location: /tmp
[2025-11-22T14:38:44.646+0000] {subprocess.py:75} INFO - Running command: ['/usr/bin/bash', '-c', 'cd /opt/airflow/repo && python ml/ml_final.py']
[2025-11-22T14:38:44.650+0000] {subprocess.py:86} INFO - Output:
[2025-11-22T14:40:11.581+0000] {subprocess.py:93} INFO - 
[2025-11-22T14:40:11.582+0000] {subprocess.py:93} INFO - === Trenowany model: RandomForest ===
[2025-11-22T14:40:11.585+0000] {subprocess.py:93} INFO - Fitting 2 folds for each of 5 candidates, totalling 10 fits
[2025-11-22T14:40:11.586+0000] {subprocess.py:93} INFO - MAE  = 4,214.13
[2025-11-22T14:40:11.588+0000] {subprocess.py:93} INFO - RMSE = 19,122.16
[2025-11-22T14:40:11.589+0000] {subprocess.py:93} INFO - R²   = 0.9941
[2025-11-22T14:40:11.590+0000] {subprocess.py:93} INFO - Czas trenowania: 43.85s
[2025-11-22T14:40:11.592+0000] {subprocess.py:93} INFO - 
[2025-11-22T14:40:11.592+0000] {subprocess.py:93} INFO - === Trenowany model: GradientBoosting ===
[2025-11-22T14:40:11.592+0000] {subprocess.py:93} INFO - Fitting 2 folds for each of 5 candidates, totalling 10 fits
[2025-11-22T14:40:11.592+0000] {subprocess.py:93} INFO - MAE  = 8,517.27
[2025-11-22T14:40:11.592+0000] {subprocess.py:93} INFO - RMSE = 20,587.25
[2025-11-22T14:40:11.592+0000] {subprocess.py:93} INFO - R²   = 0.9932
[2025-11-22T14:40:11.593+0000] {subprocess.py:93} INFO - Czas trenowania: 32.45s
[2025-11-22T14:40:11.593+0000] {subprocess.py:93} INFO - 
[2025-11-22T14:40:11.593+0000] {subprocess.py:93} INFO - === Trenowany model: XGBRegressor ===
[2025-11-22T14:40:11.593+0000] {subprocess.py:93} INFO - Fitting 2 folds for each of 5 candidates, totalling 10 fits
[2025-11-22T14:40:11.593+0000] {subprocess.py:93} INFO - MAE  = 9,961.69
[2025-11-22T14:40:11.593+0000] {subprocess.py:93} INFO - RMSE = 20,924.60
[2025-11-22T14:40:11.593+0000] {subprocess.py:93} INFO - R²   = 0.9930
[2025-11-22T14:40:11.593+0000] {subprocess.py:93} INFO - Czas trenowania: 6.13s
[2025-11-22T14:40:11.593+0000] {subprocess.py:93} INFO - 
[2025-11-22T14:40:11.593+0000] {subprocess.py:93} INFO - Zapisano metryki: artifacts/model_metrics.csv
[2025-11-22T14:40:11.593+0000] {subprocess.py:93} INFO - Najlepszy model: RandomForest (MAE=4,214.13)
[2025-11-22T14:40:11.593+0000] {subprocess.py:93} INFO - Zapisano pipeline do: artifacts/best_model_RandomForest.joblib
[2025-11-22T14:40:11.593+0000] {subprocess.py:93} INFO - SHA256 pipeline’u: 20e4140e1d74ed541b2c3b0bc6a199189e6db5142b5784c6c18d4d9257200941
[2025-11-22T14:40:11.593+0000] {subprocess.py:93} INFO - Zapisano metadane runu do gold.model_runs
[2025-11-22T14:40:11.668+0000] {subprocess.py:97} INFO - Command exited with return code 0
[2025-11-22T14:40:11.668+0000] {taskinstance.py:441} INFO - ::group::Post task execution logs
[2025-11-22T14:40:11.674+0000] {taskinstance.py:1206} INFO - Marking task as SUCCESS. dag_id=warehouse_daily, task_id=train_models, run_id=scheduled__2025-11-21T06:00:00+00:00, execution_date=20251121T060000, start_date=20251122T143844, end_date=20251122T144011
[2025-11-22T14:40:11.716+0000] {local_task_job_runner.py:243} INFO - Task exited with return code 0
[2025-11-22T14:40:11.722+0000] {taskinstance.py:3503} INFO - 1 downstream tasks scheduled from follow-on schedule check
[2025-11-22T14:40:11.723+0000] {local_task_job_runner.py:222} INFO - ::endgroup::
