[2025-11-14T16:08:19.847+0000] {local_task_job_runner.py:120} INFO - ::group::Pre task execution logs
[2025-11-14T16:08:19.855+0000] {taskinstance.py:2076} INFO - Dependencies all met for dep_context=non-requeueable deps ti=<TaskInstance: warehouse_daily.train_models manual__2025-11-14T16:07:31.750485+00:00 [queued]>
[2025-11-14T16:08:19.857+0000] {taskinstance.py:2076} INFO - Dependencies all met for dep_context=requeueable deps ti=<TaskInstance: warehouse_daily.train_models manual__2025-11-14T16:07:31.750485+00:00 [queued]>
[2025-11-14T16:08:19.857+0000] {taskinstance.py:2306} INFO - Starting attempt 1 of 3
[2025-11-14T16:08:19.860+0000] {taskinstance.py:2330} INFO - Executing <Task(BashOperator): train_models> on 2025-11-14 16:07:31.750485+00:00
[2025-11-14T16:08:19.862+0000] {standard_task_runner.py:64} INFO - Started process 1787 to run task
[2025-11-14T16:08:19.863+0000] {standard_task_runner.py:90} INFO - Running: ['airflow', 'tasks', 'run', 'warehouse_daily', 'train_models', 'manual__2025-11-14T16:07:31.750485+00:00', '--job-id', '54', '--raw', '--subdir', 'DAGS_FOLDER/warehouse_dag.py', '--cfg-path', '/tmp/tmpet6f80ff']
[2025-11-14T16:08:19.864+0000] {standard_task_runner.py:91} INFO - Job 54: Subtask train_models
[2025-11-14T16:08:19.875+0000] {task_command.py:426} INFO - Running <TaskInstance: warehouse_daily.train_models manual__2025-11-14T16:07:31.750485+00:00 [running]> on host 8b16c83c8b1e
[2025-11-14T16:08:19.945+0000] {taskinstance.py:2648} INFO - Exporting env vars: AIRFLOW_CTX_DAG_OWNER='wyko' AIRFLOW_CTX_DAG_ID='warehouse_daily' AIRFLOW_CTX_TASK_ID='train_models' AIRFLOW_CTX_EXECUTION_DATE='2025-11-14T16:07:31.750485+00:00' AIRFLOW_CTX_TRY_NUMBER='1' AIRFLOW_CTX_DAG_RUN_ID='manual__2025-11-14T16:07:31.750485+00:00'
[2025-11-14T16:08:19.945+0000] {taskinstance.py:430} INFO - ::endgroup::
[2025-11-14T16:08:19.949+0000] {subprocess.py:63} INFO - Tmp dir root location: /tmp
[2025-11-14T16:08:19.950+0000] {subprocess.py:75} INFO - Running command: ['/usr/bin/bash', '-c', 'cd /opt/airflow/repo && python ml/ml_final.py']
[2025-11-14T16:08:19.952+0000] {subprocess.py:86} INFO - Output:
[2025-11-14T16:08:40.144+0000] {subprocess.py:93} INFO - Trenowany model: RandomForest...
[2025-11-14T16:08:40.144+0000] {subprocess.py:93} INFO - MAE  = 4,895.21
[2025-11-14T16:08:40.144+0000] {subprocess.py:93} INFO - RMSE = 23,873.89
[2025-11-14T16:08:40.144+0000] {subprocess.py:93} INFO - R²   = 0.9909
[2025-11-14T16:08:40.144+0000] {subprocess.py:93} INFO - Trenowanie modelu RandomForest zajęło ( 9.61 sekund)
[2025-11-14T16:08:40.145+0000] {subprocess.py:93} INFO - Trenowany model: GradientBoosting...
[2025-11-14T16:08:40.145+0000] {subprocess.py:93} INFO - MAE  = 32,631.76
[2025-11-14T16:08:40.145+0000] {subprocess.py:93} INFO - RMSE = 52,266.24
[2025-11-14T16:08:40.145+0000] {subprocess.py:93} INFO - R²   = 0.9562
[2025-11-14T16:08:40.145+0000] {subprocess.py:93} INFO - Trenowanie modelu GradientBoosting zajęło ( 5.11 sekund)
[2025-11-14T16:08:40.145+0000] {subprocess.py:93} INFO - Trenowany model: XGBRegressor...
[2025-11-14T16:08:40.145+0000] {subprocess.py:93} INFO - MAE  = 10,440.41
[2025-11-14T16:08:40.145+0000] {subprocess.py:93} INFO - RMSE = 26,077.37
[2025-11-14T16:08:40.145+0000] {subprocess.py:93} INFO - R²   = 0.9891
[2025-11-14T16:08:40.145+0000] {subprocess.py:93} INFO - Trenowanie modelu XGBRegressor zajęło ( 1.13 sekund)
[2025-11-14T16:08:40.145+0000] {subprocess.py:93} INFO - 
[2025-11-14T16:08:40.146+0000] {subprocess.py:93} INFO - Zapisano metryki: artifacts/model_metrics.csv
[2025-11-14T16:08:40.146+0000] {subprocess.py:93} INFO - Najlepszy model: RandomForest (MAE=4,895.21)
[2025-11-14T16:08:40.146+0000] {subprocess.py:93} INFO - Zapisano pipeline do: artifacts/best_model_RandomForest.joblib
[2025-11-14T16:08:40.224+0000] {subprocess.py:97} INFO - Command exited with return code 0
[2025-11-14T16:08:40.224+0000] {taskinstance.py:441} INFO - ::group::Post task execution logs
[2025-11-14T16:08:40.231+0000] {taskinstance.py:1206} INFO - Marking task as SUCCESS. dag_id=warehouse_daily, task_id=train_models, run_id=manual__2025-11-14T16:07:31.750485+00:00, execution_date=20251114T160731, start_date=20251114T160819, end_date=20251114T160840
[2025-11-14T16:08:40.262+0000] {local_task_job_runner.py:243} INFO - Task exited with return code 0
[2025-11-14T16:08:40.265+0000] {taskinstance.py:3503} INFO - 0 downstream tasks scheduled from follow-on schedule check
[2025-11-14T16:08:40.265+0000] {local_task_job_runner.py:222} INFO - ::endgroup::
