[2025-11-23T06:27:21.422+0000] {local_task_job_runner.py:120} INFO - ::group::Pre task execution logs
[2025-11-23T06:27:21.439+0000] {taskinstance.py:2076} INFO - Dependencies all met for dep_context=non-requeueable deps ti=<TaskInstance: warehouse_daily.transform_to_parquet scheduled__2025-11-22T06:00:00+00:00 [queued]>
[2025-11-23T06:27:21.444+0000] {taskinstance.py:2076} INFO - Dependencies all met for dep_context=requeueable deps ti=<TaskInstance: warehouse_daily.transform_to_parquet scheduled__2025-11-22T06:00:00+00:00 [queued]>
[2025-11-23T06:27:21.444+0000] {taskinstance.py:2306} INFO - Starting attempt 1 of 3
[2025-11-23T06:27:21.452+0000] {taskinstance.py:2330} INFO - Executing <Task(BashOperator): transform_to_parquet> on 2025-11-22 06:00:00+00:00
[2025-11-23T06:27:21.457+0000] {standard_task_runner.py:64} INFO - Started process 2393 to run task
[2025-11-23T06:27:21.460+0000] {standard_task_runner.py:90} INFO - Running: ['airflow', 'tasks', 'run', 'warehouse_daily', 'transform_to_parquet', 'scheduled__2025-11-22T06:00:00+00:00', '--job-id', '39', '--raw', '--subdir', 'DAGS_FOLDER/warehouse_dag.py', '--cfg-path', '/tmp/tmpyxg4s448']
[2025-11-23T06:27:21.461+0000] {standard_task_runner.py:91} INFO - Job 39: Subtask transform_to_parquet
[2025-11-23T06:27:21.488+0000] {task_command.py:426} INFO - Running <TaskInstance: warehouse_daily.transform_to_parquet scheduled__2025-11-22T06:00:00+00:00 [running]> on host e41cc4788735
[2025-11-23T06:27:21.658+0000] {taskinstance.py:2648} INFO - Exporting env vars: AIRFLOW_CTX_DAG_OWNER='wyko' AIRFLOW_CTX_DAG_ID='warehouse_daily' AIRFLOW_CTX_TASK_ID='transform_to_parquet' AIRFLOW_CTX_EXECUTION_DATE='2025-11-22T06:00:00+00:00' AIRFLOW_CTX_TRY_NUMBER='1' AIRFLOW_CTX_DAG_RUN_ID='scheduled__2025-11-22T06:00:00+00:00'
[2025-11-23T06:27:21.659+0000] {taskinstance.py:430} INFO - ::endgroup::
[2025-11-23T06:27:21.668+0000] {subprocess.py:63} INFO - Tmp dir root location: /tmp
[2025-11-23T06:27:21.668+0000] {subprocess.py:75} INFO - Running command: ['/usr/bin/bash', '-c', 'python /opt/airflow/repo/etl/transform.py --src housing_800k.csv --dst housing_800k.parquet']
[2025-11-23T06:27:21.673+0000] {subprocess.py:86} INFO - Output:
[2025-11-23T06:27:27.277+0000] {subprocess.py:93} INFO -  Processed 800,000 rows → s3://processed/housing_800k.parquet
[2025-11-23T06:27:27.438+0000] {subprocess.py:97} INFO - Command exited with return code 0
[2025-11-23T06:27:27.439+0000] {taskinstance.py:441} INFO - ::group::Post task execution logs
[2025-11-23T06:27:27.453+0000] {taskinstance.py:1206} INFO - Marking task as SUCCESS. dag_id=warehouse_daily, task_id=transform_to_parquet, run_id=scheduled__2025-11-22T06:00:00+00:00, execution_date=20251122T060000, start_date=20251123T062721, end_date=20251123T062727
[2025-11-23T06:27:27.470+0000] {local_task_job_runner.py:243} INFO - Task exited with return code 0
[2025-11-23T06:27:27.560+0000] {taskinstance.py:3503} INFO - 1 downstream tasks scheduled from follow-on schedule check
[2025-11-23T06:27:27.563+0000] {local_task_job_runner.py:222} INFO - ::endgroup::
