[2025-11-13T13:57:53.614+0000] {local_task_job_runner.py:120} INFO - ::group::Pre task execution logs
[2025-11-13T13:57:53.625+0000] {taskinstance.py:2076} INFO - Dependencies all met for dep_context=non-requeueable deps ti=<TaskInstance: warehouse_daily.train_models scheduled__2025-11-12T06:00:00+00:00 [queued]>
[2025-11-13T13:57:53.626+0000] {taskinstance.py:2076} INFO - Dependencies all met for dep_context=requeueable deps ti=<TaskInstance: warehouse_daily.train_models scheduled__2025-11-12T06:00:00+00:00 [queued]>
[2025-11-13T13:57:53.626+0000] {taskinstance.py:2306} INFO - Starting attempt 2 of 3
[2025-11-13T13:57:53.630+0000] {taskinstance.py:2330} INFO - Executing <Task(BashOperator): train_models> on 2025-11-12 06:00:00+00:00
[2025-11-13T13:57:53.632+0000] {standard_task_runner.py:64} INFO - Started process 719 to run task
[2025-11-13T13:57:53.633+0000] {standard_task_runner.py:90} INFO - Running: ['airflow', 'tasks', 'run', 'warehouse_daily', 'train_models', 'scheduled__2025-11-12T06:00:00+00:00', '--job-id', '23', '--raw', '--subdir', 'DAGS_FOLDER/warehouse_dag.py', '--cfg-path', '/tmp/tmphsj65d03']
[2025-11-13T13:57:53.634+0000] {standard_task_runner.py:91} INFO - Job 23: Subtask train_models
[2025-11-13T13:57:53.646+0000] {task_command.py:426} INFO - Running <TaskInstance: warehouse_daily.train_models scheduled__2025-11-12T06:00:00+00:00 [running]> on host 8b16c83c8b1e
[2025-11-13T13:57:53.662+0000] {taskinstance.py:2648} INFO - Exporting env vars: AIRFLOW_CTX_DAG_OWNER='wyko' AIRFLOW_CTX_DAG_ID='warehouse_daily' AIRFLOW_CTX_TASK_ID='train_models' AIRFLOW_CTX_EXECUTION_DATE='2025-11-12T06:00:00+00:00' AIRFLOW_CTX_TRY_NUMBER='2' AIRFLOW_CTX_DAG_RUN_ID='scheduled__2025-11-12T06:00:00+00:00'
[2025-11-13T13:57:53.662+0000] {taskinstance.py:430} INFO - ::endgroup::
[2025-11-13T13:57:53.723+0000] {subprocess.py:63} INFO - Tmp dir root location: /tmp
[2025-11-13T13:57:53.724+0000] {subprocess.py:75} INFO - Running command: ['/usr/bin/bash', '-c', 'cd /opt/airflow/repo && python ml/ml_final.py']
[2025-11-13T13:57:53.727+0000] {subprocess.py:86} INFO - Output:
[2025-11-13T13:58:05.678+0000] {subprocess.py:93} INFO - Trenowany model: RandomForest...
[2025-11-13T13:58:05.678+0000] {subprocess.py:93} INFO - MAE  = 6,234.49
[2025-11-13T13:58:05.678+0000] {subprocess.py:93} INFO - RMSE = 23,645.06
[2025-11-13T13:58:05.679+0000] {subprocess.py:93} INFO - R²   = 0.9913
[2025-11-13T13:58:05.679+0000] {subprocess.py:93} INFO - Trenowanie modelu RandomForest zajęło ( 2.88 sekund)
[2025-11-13T13:58:05.679+0000] {subprocess.py:93} INFO - Trenowany model: GradientBoosting...
[2025-11-13T13:58:05.679+0000] {subprocess.py:93} INFO - MAE  = 33,375.92
[2025-11-13T13:58:05.679+0000] {subprocess.py:93} INFO - RMSE = 54,445.24
[2025-11-13T13:58:05.679+0000] {subprocess.py:93} INFO - R²   = 0.9537
[2025-11-13T13:58:05.679+0000] {subprocess.py:93} INFO - Trenowanie modelu GradientBoosting zajęło ( 2.52 sekund)
[2025-11-13T13:58:05.679+0000] {subprocess.py:93} INFO - Trenowany model: XGBRegressor...
[2025-11-13T13:58:05.679+0000] {subprocess.py:93} INFO - MAE  = 20,365.45
[2025-11-13T13:58:05.679+0000] {subprocess.py:93} INFO - RMSE = 34,700.83
[2025-11-13T13:58:05.680+0000] {subprocess.py:93} INFO - R²   = 0.9812
[2025-11-13T13:58:05.680+0000] {subprocess.py:93} INFO - Trenowanie modelu XGBRegressor zajęło ( 0.72 sekund)
[2025-11-13T13:58:05.680+0000] {subprocess.py:93} INFO - 
[2025-11-13T13:58:05.680+0000] {subprocess.py:93} INFO - Zapisano metryki: artifacts/model_metrics.csv
[2025-11-13T13:58:05.680+0000] {subprocess.py:93} INFO - Najlepszy model: RandomForest (MAE=6,234.49)
[2025-11-13T13:58:05.680+0000] {subprocess.py:93} INFO - Zapisano pipeline do: artifacts/best_model_RandomForest.joblib
[2025-11-13T13:58:05.786+0000] {subprocess.py:97} INFO - Command exited with return code 0
[2025-11-13T13:58:05.787+0000] {taskinstance.py:441} INFO - ::group::Post task execution logs
[2025-11-13T13:58:05.795+0000] {taskinstance.py:1206} INFO - Marking task as SUCCESS. dag_id=warehouse_daily, task_id=train_models, run_id=scheduled__2025-11-12T06:00:00+00:00, execution_date=20251112T060000, start_date=20251113T135753, end_date=20251113T135805
[2025-11-13T13:58:05.822+0000] {local_task_job_runner.py:243} INFO - Task exited with return code 0
[2025-11-13T13:58:05.825+0000] {taskinstance.py:3503} INFO - 0 downstream tasks scheduled from follow-on schedule check
[2025-11-13T13:58:05.826+0000] {local_task_job_runner.py:222} INFO - ::endgroup::
