[2025-11-22T07:17:17.483+0000] {local_task_job_runner.py:120} INFO - ::group::Pre task execution logs
[2025-11-22T07:17:17.491+0000] {taskinstance.py:2076} INFO - Dependencies all met for dep_context=non-requeueable deps ti=<TaskInstance: warehouse_daily.shap_explainer_ml scheduled__2025-11-21T06:00:00+00:00 [queued]>
[2025-11-22T07:17:17.493+0000] {taskinstance.py:2076} INFO - Dependencies all met for dep_context=requeueable deps ti=<TaskInstance: warehouse_daily.shap_explainer_ml scheduled__2025-11-21T06:00:00+00:00 [queued]>
[2025-11-22T07:17:17.494+0000] {taskinstance.py:2306} INFO - Starting attempt 1 of 3
[2025-11-22T07:17:17.498+0000] {taskinstance.py:2330} INFO - Executing <Task(BashOperator): shap_explainer_ml> on 2025-11-21 06:00:00+00:00
[2025-11-22T07:17:17.500+0000] {standard_task_runner.py:64} INFO - Started process 2601 to run task
[2025-11-22T07:17:17.501+0000] {standard_task_runner.py:90} INFO - Running: ['airflow', 'tasks', 'run', 'warehouse_daily', 'shap_explainer_ml', 'scheduled__2025-11-21T06:00:00+00:00', '--job-id', '40', '--raw', '--subdir', 'DAGS_FOLDER/warehouse_dag.py', '--cfg-path', '/tmp/tmpaipj86r2']
[2025-11-22T07:17:17.502+0000] {standard_task_runner.py:91} INFO - Job 40: Subtask shap_explainer_ml
[2025-11-22T07:17:17.514+0000] {task_command.py:426} INFO - Running <TaskInstance: warehouse_daily.shap_explainer_ml scheduled__2025-11-21T06:00:00+00:00 [running]> on host 4e64c7378c33
[2025-11-22T07:17:17.589+0000] {taskinstance.py:2648} INFO - Exporting env vars: AIRFLOW_CTX_DAG_OWNER='wyko' AIRFLOW_CTX_DAG_ID='warehouse_daily' AIRFLOW_CTX_TASK_ID='shap_explainer_ml' AIRFLOW_CTX_EXECUTION_DATE='2025-11-21T06:00:00+00:00' AIRFLOW_CTX_TRY_NUMBER='1' AIRFLOW_CTX_DAG_RUN_ID='scheduled__2025-11-21T06:00:00+00:00'
[2025-11-22T07:17:17.589+0000] {taskinstance.py:430} INFO - ::endgroup::
[2025-11-22T07:17:17.593+0000] {subprocess.py:63} INFO - Tmp dir root location: /tmp
[2025-11-22T07:17:17.594+0000] {subprocess.py:75} INFO - Running command: ['/usr/bin/bash', '-c', 'cd /opt/airflow/repo && python ml/shap_explainer.py']
[2025-11-22T07:17:17.597+0000] {subprocess.py:86} INFO - Output:
[2025-11-22T07:17:17.962+0000] {subprocess.py:93} INFO - /opt/airflow/repo/ml/shap_explainer.py:4: FutureWarning: In the future `np.bool` will be defined as the corresponding NumPy scalar.
[2025-11-22T07:17:17.969+0000] {subprocess.py:93} INFO -   if not hasattr(np, "bool"):
[2025-11-22T09:14:40.120+0000] {subprocess.py:93} INFO - Ładowanie modelu: artifacts/best_model_RandomForest.joblib
[2025-11-22T09:14:40.120+0000] {subprocess.py:93} INFO - Pobieranie próby danych...
[2025-11-22T09:14:40.122+0000] {subprocess.py:93} INFO - Transformacja danych...
[2025-11-22T09:14:40.123+0000] {subprocess.py:93} INFO - Obliczanie wartości SHAP...
[2025-11-22T09:14:40.124+0000] {subprocess.py:93} INFO - Zapis do CSV...
[2025-11-22T09:14:40.124+0000] {subprocess.py:93} INFO - Zapisano SHAP CSV → artifacts/shap_values.csv
[2025-11-22T09:14:40.124+0000] {subprocess.py:93} INFO - Rysowanie wykresu (bar plot)...
[2025-11-22T09:14:40.124+0000] {subprocess.py:93} INFO - Wykres zapisany → artifacts/shap_summary.png
[2025-11-22T09:14:40.124+0000] {subprocess.py:93} INFO - DONE ✔
[2025-11-22T09:14:40.260+0000] {subprocess.py:97} INFO - Command exited with return code 0
[2025-11-22T09:14:40.260+0000] {taskinstance.py:441} INFO - ::group::Post task execution logs
[2025-11-22T09:14:40.267+0000] {taskinstance.py:1206} INFO - Marking task as SUCCESS. dag_id=warehouse_daily, task_id=shap_explainer_ml, run_id=scheduled__2025-11-21T06:00:00+00:00, execution_date=20251121T060000, start_date=20251122T071717, end_date=20251122T091440
[2025-11-22T09:14:40.282+0000] {local_task_job_runner.py:243} INFO - Task exited with return code 0
[2025-11-22T09:14:40.286+0000] {taskinstance.py:3503} INFO - 1 downstream tasks scheduled from follow-on schedule check
[2025-11-22T09:14:40.288+0000] {local_task_job_runner.py:222} INFO - ::endgroup::
[2025-11-22T14:41:47.722+0000] {local_task_job_runner.py:120} INFO - ::group::Pre task execution logs
[2025-11-22T14:41:47.730+0000] {taskinstance.py:2076} INFO - Dependencies all met for dep_context=non-requeueable deps ti=<TaskInstance: warehouse_daily.shap_explainer_ml scheduled__2025-11-21T06:00:00+00:00 [queued]>
[2025-11-22T14:41:47.732+0000] {taskinstance.py:2076} INFO - Dependencies all met for dep_context=requeueable deps ti=<TaskInstance: warehouse_daily.shap_explainer_ml scheduled__2025-11-21T06:00:00+00:00 [queued]>
[2025-11-22T14:41:47.732+0000] {taskinstance.py:2306} INFO - Starting attempt 1 of 3
[2025-11-22T14:41:47.736+0000] {taskinstance.py:2330} INFO - Executing <Task(BashOperator): shap_explainer_ml> on 2025-11-21 06:00:00+00:00
[2025-11-22T14:41:47.738+0000] {standard_task_runner.py:64} INFO - Started process 1613 to run task
[2025-11-22T14:41:47.739+0000] {standard_task_runner.py:90} INFO - Running: ['airflow', 'tasks', 'run', 'warehouse_daily', 'shap_explainer_ml', 'scheduled__2025-11-21T06:00:00+00:00', '--job-id', '25', '--raw', '--subdir', 'DAGS_FOLDER/warehouse_dag.py', '--cfg-path', '/tmp/tmpm_jeh979']
[2025-11-22T14:41:47.740+0000] {standard_task_runner.py:91} INFO - Job 25: Subtask shap_explainer_ml
[2025-11-22T14:41:47.752+0000] {task_command.py:426} INFO - Running <TaskInstance: warehouse_daily.shap_explainer_ml scheduled__2025-11-21T06:00:00+00:00 [running]> on host e41cc4788735
[2025-11-22T14:41:47.824+0000] {taskinstance.py:2648} INFO - Exporting env vars: AIRFLOW_CTX_DAG_OWNER='wyko' AIRFLOW_CTX_DAG_ID='warehouse_daily' AIRFLOW_CTX_TASK_ID='shap_explainer_ml' AIRFLOW_CTX_EXECUTION_DATE='2025-11-21T06:00:00+00:00' AIRFLOW_CTX_TRY_NUMBER='1' AIRFLOW_CTX_DAG_RUN_ID='scheduled__2025-11-21T06:00:00+00:00'
[2025-11-22T14:41:47.825+0000] {taskinstance.py:430} INFO - ::endgroup::
[2025-11-22T14:41:47.829+0000] {subprocess.py:63} INFO - Tmp dir root location: /tmp
[2025-11-22T14:41:47.829+0000] {subprocess.py:75} INFO - Running command: ['/usr/bin/bash', '-c', 'cd /opt/airflow/repo && python ml/shap_explainer.py']
[2025-11-22T14:41:47.832+0000] {subprocess.py:86} INFO - Output:
[2025-11-22T14:41:48.202+0000] {subprocess.py:93} INFO - /opt/airflow/repo/ml/shap_explainer.py:4: FutureWarning: In the future `np.bool` will be defined as the corresponding NumPy scalar.
[2025-11-22T14:41:48.202+0000] {subprocess.py:93} INFO -   if not hasattr(np, "bool"):
[2025-11-22T14:41:53.681+0000] {subprocess.py:97} INFO - Command exited with return code -9
[2025-11-22T14:41:53.687+0000] {taskinstance.py:441} INFO - ::group::Post task execution logs
[2025-11-22T14:41:53.700+0000] {taskinstance.py:2905} ERROR - Task failed with exception
Traceback (most recent call last):
  File "/home/airflow/.local/lib/python3.12/site-packages/airflow/models/taskinstance.py", line 465, in _execute_task
    result = _execute_callable(context=context, **execute_callable_kwargs)
             ^^^^^^^^^^^^^^^^^^^^^^^^^^^^^^^^^^^^^^^^^^^^^^^^^^^^^^^^^^^^^
  File "/home/airflow/.local/lib/python3.12/site-packages/airflow/models/taskinstance.py", line 432, in _execute_callable
    return execute_callable(context=context, **execute_callable_kwargs)
           ^^^^^^^^^^^^^^^^^^^^^^^^^^^^^^^^^^^^^^^^^^^^^^^^^^^^^^^^^^^^
  File "/home/airflow/.local/lib/python3.12/site-packages/airflow/models/baseoperator.py", line 401, in wrapper
    return func(self, *args, **kwargs)
           ^^^^^^^^^^^^^^^^^^^^^^^^^^^
  File "/home/airflow/.local/lib/python3.12/site-packages/airflow/operators/bash.py", line 243, in execute
    raise AirflowException(
airflow.exceptions.AirflowException: Bash command failed. The command returned a non-zero exit code -9.
[2025-11-22T14:41:53.704+0000] {taskinstance.py:1206} INFO - Marking task as UP_FOR_RETRY. dag_id=warehouse_daily, task_id=shap_explainer_ml, run_id=scheduled__2025-11-21T06:00:00+00:00, execution_date=20251121T060000, start_date=20251122T144147, end_date=20251122T144153
[2025-11-22T14:41:53.711+0000] {standard_task_runner.py:110} ERROR - Failed to execute job 25 for task shap_explainer_ml (Bash command failed. The command returned a non-zero exit code -9.; 1613)
[2025-11-22T14:41:53.743+0000] {local_task_job_runner.py:243} INFO - Task exited with return code 1
[2025-11-22T14:41:53.749+0000] {taskinstance.py:3503} INFO - 0 downstream tasks scheduled from follow-on schedule check
[2025-11-22T14:41:53.749+0000] {local_task_job_runner.py:222} INFO - ::endgroup::
