[2025-11-22T15:11:31.212+0000] {local_task_job_runner.py:120} INFO - ::group::Pre task execution logs
[2025-11-22T15:11:31.222+0000] {taskinstance.py:2076} INFO - Dependencies all met for dep_context=non-requeueable deps ti=<TaskInstance: warehouse_daily.shap_explainer_ml scheduled__2025-11-21T06:00:00+00:00 [queued]>
[2025-11-22T15:11:31.224+0000] {taskinstance.py:2076} INFO - Dependencies all met for dep_context=requeueable deps ti=<TaskInstance: warehouse_daily.shap_explainer_ml scheduled__2025-11-21T06:00:00+00:00 [queued]>
[2025-11-22T15:11:31.224+0000] {taskinstance.py:2306} INFO - Starting attempt 5 of 7
[2025-11-22T15:11:31.228+0000] {taskinstance.py:2330} INFO - Executing <Task(BashOperator): shap_explainer_ml> on 2025-11-21 06:00:00+00:00
[2025-11-22T15:11:31.229+0000] {standard_task_runner.py:64} INFO - Started process 2088 to run task
[2025-11-22T15:11:31.230+0000] {standard_task_runner.py:90} INFO - Running: ['airflow', 'tasks', 'run', 'warehouse_daily', 'shap_explainer_ml', 'scheduled__2025-11-21T06:00:00+00:00', '--job-id', '35', '--raw', '--subdir', 'DAGS_FOLDER/warehouse_dag.py', '--cfg-path', '/tmp/tmp2ynzqr7t']
[2025-11-22T15:11:31.231+0000] {standard_task_runner.py:91} INFO - Job 35: Subtask shap_explainer_ml
[2025-11-22T15:11:31.242+0000] {task_command.py:426} INFO - Running <TaskInstance: warehouse_daily.shap_explainer_ml scheduled__2025-11-21T06:00:00+00:00 [running]> on host e41cc4788735
[2025-11-22T15:11:31.308+0000] {taskinstance.py:2648} INFO - Exporting env vars: AIRFLOW_CTX_DAG_OWNER='wyko' AIRFLOW_CTX_DAG_ID='warehouse_daily' AIRFLOW_CTX_TASK_ID='shap_explainer_ml' AIRFLOW_CTX_EXECUTION_DATE='2025-11-21T06:00:00+00:00' AIRFLOW_CTX_TRY_NUMBER='5' AIRFLOW_CTX_DAG_RUN_ID='scheduled__2025-11-21T06:00:00+00:00'
[2025-11-22T15:11:31.309+0000] {taskinstance.py:430} INFO - ::endgroup::
[2025-11-22T15:11:31.314+0000] {subprocess.py:63} INFO - Tmp dir root location: /tmp
[2025-11-22T15:11:31.314+0000] {subprocess.py:75} INFO - Running command: ['/usr/bin/bash', '-c', 'cd /opt/airflow/repo && python ml/shap_explainer.py']
[2025-11-22T15:11:31.317+0000] {subprocess.py:86} INFO - Output:
[2025-11-22T15:11:31.700+0000] {subprocess.py:93} INFO - /opt/airflow/repo/ml/shap_explainer.py:4: FutureWarning: In the future `np.bool` will be defined as the corresponding NumPy scalar.
[2025-11-22T15:11:31.700+0000] {subprocess.py:93} INFO -   if not hasattr(np, "bool"):
[2025-11-22T15:12:05.510+0000] {subprocess.py:93} INFO - Ładowanie modelu: /opt/airflow/repo/artifacts/best_model_RandomForest.joblib
[2025-11-22T15:12:05.510+0000] {subprocess.py:93} INFO - Pobieranie próby danych...
[2025-11-22T15:12:05.513+0000] {subprocess.py:93} INFO - Transformacja danych...
[2025-11-22T15:12:05.514+0000] {subprocess.py:93} INFO - Obliczanie wartości SHAP...
[2025-11-22T15:12:05.515+0000] {subprocess.py:93} INFO - Zapis do CSV...
[2025-11-22T15:12:05.517+0000] {subprocess.py:93} INFO - Zapisano SHAP CSV → /opt/airflow/repo/artifacts/shap_values.csv
[2025-11-22T15:12:05.518+0000] {subprocess.py:93} INFO - Rysowanie wykresu (bar plot)...
[2025-11-22T15:12:05.518+0000] {subprocess.py:93} INFO - Wykres zapisany → /opt/airflow/repo/artifacts/shap_summary.png
[2025-11-22T15:12:05.518+0000] {subprocess.py:93} INFO - DONE ✔
[2025-11-22T15:12:05.661+0000] {subprocess.py:97} INFO - Command exited with return code 0
[2025-11-22T15:12:05.661+0000] {taskinstance.py:441} INFO - ::group::Post task execution logs
[2025-11-22T15:12:05.667+0000] {taskinstance.py:1206} INFO - Marking task as SUCCESS. dag_id=warehouse_daily, task_id=shap_explainer_ml, run_id=scheduled__2025-11-21T06:00:00+00:00, execution_date=20251121T060000, start_date=20251122T151131, end_date=20251122T151205
[2025-11-22T15:12:05.686+0000] {local_task_job_runner.py:243} INFO - Task exited with return code 0
[2025-11-22T15:12:05.690+0000] {taskinstance.py:3503} INFO - 1 downstream tasks scheduled from follow-on schedule check
[2025-11-22T15:12:05.691+0000] {local_task_job_runner.py:222} INFO - ::endgroup::
