[2025-11-22T06:16:11.862+0000] {local_task_job_runner.py:120} INFO - ::group::Pre task execution logs
[2025-11-22T06:16:11.870+0000] {taskinstance.py:2076} INFO - Dependencies all met for dep_context=non-requeueable deps ti=<TaskInstance: warehouse_daily.silver_logic_checks scheduled__2025-11-21T06:00:00+00:00 [queued]>
[2025-11-22T06:16:11.872+0000] {taskinstance.py:2076} INFO - Dependencies all met for dep_context=requeueable deps ti=<TaskInstance: warehouse_daily.silver_logic_checks scheduled__2025-11-21T06:00:00+00:00 [queued]>
[2025-11-22T06:16:11.872+0000] {taskinstance.py:2306} INFO - Starting attempt 1 of 3
[2025-11-22T06:16:11.876+0000] {taskinstance.py:2330} INFO - Executing <Task(SQLExecuteQueryOperator): silver_logic_checks> on 2025-11-21 06:00:00+00:00
[2025-11-22T06:16:11.877+0000] {standard_task_runner.py:64} INFO - Started process 2047 to run task
[2025-11-22T06:16:11.879+0000] {standard_task_runner.py:90} INFO - Running: ['airflow', 'tasks', 'run', 'warehouse_daily', 'silver_logic_checks', 'scheduled__2025-11-21T06:00:00+00:00', '--job-id', '35', '--raw', '--subdir', 'DAGS_FOLDER/warehouse_dag.py', '--cfg-path', '/tmp/tmpui_gua92']
[2025-11-22T06:16:11.879+0000] {standard_task_runner.py:91} INFO - Job 35: Subtask silver_logic_checks
[2025-11-22T06:16:11.892+0000] {task_command.py:426} INFO - Running <TaskInstance: warehouse_daily.silver_logic_checks scheduled__2025-11-21T06:00:00+00:00 [running]> on host 4e64c7378c33
[2025-11-22T06:16:11.970+0000] {taskinstance.py:2648} INFO - Exporting env vars: AIRFLOW_CTX_DAG_OWNER='wyko' AIRFLOW_CTX_DAG_ID='warehouse_daily' AIRFLOW_CTX_TASK_ID='silver_logic_checks' AIRFLOW_CTX_EXECUTION_DATE='2025-11-21T06:00:00+00:00' AIRFLOW_CTX_TRY_NUMBER='1' AIRFLOW_CTX_DAG_RUN_ID='scheduled__2025-11-21T06:00:00+00:00'
[2025-11-22T06:16:11.971+0000] {taskinstance.py:430} INFO - ::endgroup::
[2025-11-22T06:16:11.975+0000] {sql.py:282} INFO - Executing: CREATE OR REPLACE VIEW gold.clean as

select
	*,
	CASE
		WHEN 
		floor is not null and 
		total_floors is not null AND
		floor > total_floors 
		THEN True
		else False
	end as invalid_floor_flag
		
FROM silver.housing_clean
[2025-11-22T06:16:11.975+0000] {crypto.py:82} WARNING - empty cryptography key - values will not be stored encrypted.
[2025-11-22T06:16:11.975+0000] {base.py:84} INFO - Using connection ID 'warehouse_pg' for task execution.
[2025-11-22T06:16:11.992+0000] {base.py:84} INFO - Using connection ID 'warehouse_pg' for task execution.
[2025-11-22T06:16:11.998+0000] {sql.py:495} INFO - Running statement: CREATE OR REPLACE VIEW gold.clean as

select
	*,
	CASE
		WHEN 
		floor is not null and 
		total_floors is not null AND
		floor > total_floors 
		THEN True
		else False
	end as invalid_floor_flag
		
FROM silver.housing_clean, parameters: None
[2025-11-22T06:16:12.001+0000] {taskinstance.py:441} INFO - ::group::Post task execution logs
[2025-11-22T06:16:12.004+0000] {taskinstance.py:1206} INFO - Marking task as SUCCESS. dag_id=warehouse_daily, task_id=silver_logic_checks, run_id=scheduled__2025-11-21T06:00:00+00:00, execution_date=20251121T060000, start_date=20251122T061611, end_date=20251122T061612
[2025-11-22T06:16:12.020+0000] {local_task_job_runner.py:243} INFO - Task exited with return code 0
[2025-11-22T06:16:12.028+0000] {taskinstance.py:3503} INFO - 1 downstream tasks scheduled from follow-on schedule check
[2025-11-22T06:16:12.030+0000] {local_task_job_runner.py:222} INFO - ::endgroup::
[2025-11-22T14:38:21.077+0000] {local_task_job_runner.py:120} INFO - ::group::Pre task execution logs
[2025-11-22T14:38:21.085+0000] {taskinstance.py:2076} INFO - Dependencies all met for dep_context=non-requeueable deps ti=<TaskInstance: warehouse_daily.silver_logic_checks scheduled__2025-11-21T06:00:00+00:00 [queued]>
[2025-11-22T14:38:21.086+0000] {taskinstance.py:2076} INFO - Dependencies all met for dep_context=requeueable deps ti=<TaskInstance: warehouse_daily.silver_logic_checks scheduled__2025-11-21T06:00:00+00:00 [queued]>
[2025-11-22T14:38:21.087+0000] {taskinstance.py:2306} INFO - Starting attempt 1 of 3
[2025-11-22T14:38:21.090+0000] {taskinstance.py:2330} INFO - Executing <Task(SQLExecuteQueryOperator): silver_logic_checks> on 2025-11-21 06:00:00+00:00
[2025-11-22T14:38:21.092+0000] {standard_task_runner.py:64} INFO - Started process 505 to run task
[2025-11-22T14:38:21.093+0000] {standard_task_runner.py:90} INFO - Running: ['airflow', 'tasks', 'run', 'warehouse_daily', 'silver_logic_checks', 'scheduled__2025-11-21T06:00:00+00:00', '--job-id', '15', '--raw', '--subdir', 'DAGS_FOLDER/warehouse_dag.py', '--cfg-path', '/tmp/tmp7r1tvw81']
[2025-11-22T14:38:21.094+0000] {standard_task_runner.py:91} INFO - Job 15: Subtask silver_logic_checks
[2025-11-22T14:38:21.106+0000] {task_command.py:426} INFO - Running <TaskInstance: warehouse_daily.silver_logic_checks scheduled__2025-11-21T06:00:00+00:00 [running]> on host e41cc4788735
[2025-11-22T14:38:21.175+0000] {taskinstance.py:2648} INFO - Exporting env vars: AIRFLOW_CTX_DAG_OWNER='wyko' AIRFLOW_CTX_DAG_ID='warehouse_daily' AIRFLOW_CTX_TASK_ID='silver_logic_checks' AIRFLOW_CTX_EXECUTION_DATE='2025-11-21T06:00:00+00:00' AIRFLOW_CTX_TRY_NUMBER='1' AIRFLOW_CTX_DAG_RUN_ID='scheduled__2025-11-21T06:00:00+00:00'
[2025-11-22T14:38:21.175+0000] {taskinstance.py:430} INFO - ::endgroup::
[2025-11-22T14:38:21.179+0000] {sql.py:282} INFO - Executing: CREATE OR REPLACE VIEW gold.clean as

select
	*,
	CASE
		WHEN 
		floor is not null and 
		total_floors is not null AND
		floor > total_floors 
		THEN True
		else False
	end as invalid_floor_flag
		
FROM silver.housing_clean
[2025-11-22T14:38:21.180+0000] {crypto.py:82} WARNING - empty cryptography key - values will not be stored encrypted.
[2025-11-22T14:38:21.180+0000] {base.py:84} INFO - Using connection ID 'warehouse_pg' for task execution.
[2025-11-22T14:38:21.195+0000] {base.py:84} INFO - Using connection ID 'warehouse_pg' for task execution.
[2025-11-22T14:38:21.200+0000] {sql.py:495} INFO - Running statement: CREATE OR REPLACE VIEW gold.clean as

select
	*,
	CASE
		WHEN 
		floor is not null and 
		total_floors is not null AND
		floor > total_floors 
		THEN True
		else False
	end as invalid_floor_flag
		
FROM silver.housing_clean, parameters: None
[2025-11-22T14:38:21.203+0000] {taskinstance.py:441} INFO - ::group::Post task execution logs
[2025-11-22T14:38:21.204+0000] {taskinstance.py:1206} INFO - Marking task as SUCCESS. dag_id=warehouse_daily, task_id=silver_logic_checks, run_id=scheduled__2025-11-21T06:00:00+00:00, execution_date=20251121T060000, start_date=20251122T143821, end_date=20251122T143821
[2025-11-22T14:38:21.241+0000] {local_task_job_runner.py:243} INFO - Task exited with return code 0
[2025-11-22T14:38:21.249+0000] {taskinstance.py:3503} INFO - 1 downstream tasks scheduled from follow-on schedule check
[2025-11-22T14:38:21.250+0000] {local_task_job_runner.py:222} INFO - ::endgroup::
