[2025-11-13T09:52:29.143+0000] {local_task_job_runner.py:120} INFO - ::group::Pre task execution logs
[2025-11-13T09:52:29.151+0000] {taskinstance.py:2076} INFO - Dependencies all met for dep_context=non-requeueable deps ti=<TaskInstance: warehouse_daily.load_processed_to_pg manual__2025-11-13T09:51:47.189476+00:00 [queued]>
[2025-11-13T09:52:29.153+0000] {taskinstance.py:2076} INFO - Dependencies all met for dep_context=requeueable deps ti=<TaskInstance: warehouse_daily.load_processed_to_pg manual__2025-11-13T09:51:47.189476+00:00 [queued]>
[2025-11-13T09:52:29.153+0000] {taskinstance.py:2306} INFO - Starting attempt 1 of 3
[2025-11-13T09:52:29.157+0000] {taskinstance.py:2330} INFO - Executing <Task(BashOperator): load_processed_to_pg> on 2025-11-13 09:51:47.189476+00:00
[2025-11-13T09:52:29.159+0000] {standard_task_runner.py:64} INFO - Started process 411 to run task
[2025-11-13T09:52:29.160+0000] {standard_task_runner.py:90} INFO - Running: ['airflow', 'tasks', 'run', 'warehouse_daily', 'load_processed_to_pg', 'manual__2025-11-13T09:51:47.189476+00:00', '--job-id', '10', '--raw', '--subdir', 'DAGS_FOLDER/warehouse_dag.py', '--cfg-path', '/tmp/tmp7exgj_de']
[2025-11-13T09:52:29.161+0000] {standard_task_runner.py:91} INFO - Job 10: Subtask load_processed_to_pg
[2025-11-13T09:52:29.172+0000] {task_command.py:426} INFO - Running <TaskInstance: warehouse_daily.load_processed_to_pg manual__2025-11-13T09:51:47.189476+00:00 [running]> on host 1e1b3e3b62cf
[2025-11-13T09:52:29.188+0000] {taskinstance.py:2648} INFO - Exporting env vars: AIRFLOW_CTX_DAG_OWNER='wyko' AIRFLOW_CTX_DAG_ID='warehouse_daily' AIRFLOW_CTX_TASK_ID='load_processed_to_pg' AIRFLOW_CTX_EXECUTION_DATE='2025-11-13T09:51:47.189476+00:00' AIRFLOW_CTX_TRY_NUMBER='1' AIRFLOW_CTX_DAG_RUN_ID='manual__2025-11-13T09:51:47.189476+00:00'
[2025-11-13T09:52:29.188+0000] {taskinstance.py:430} INFO - ::endgroup::
[2025-11-13T09:52:29.244+0000] {subprocess.py:63} INFO - Tmp dir root location: /tmp
[2025-11-13T09:52:29.244+0000] {subprocess.py:75} INFO - Running command: ['/usr/bin/bash', '-c', 'python /opt/airflow/repo/etl/load.py']
[2025-11-13T09:52:29.248+0000] {subprocess.py:86} INFO - Output:
[2025-11-13T09:52:51.300+0000] {subprocess.py:93} INFO -  Loaded to Postgres public.housing
[2025-11-13T09:52:51.395+0000] {subprocess.py:97} INFO - Command exited with return code 0
[2025-11-13T09:52:51.395+0000] {taskinstance.py:441} INFO - ::group::Post task execution logs
[2025-11-13T09:52:51.403+0000] {taskinstance.py:1206} INFO - Marking task as SUCCESS. dag_id=warehouse_daily, task_id=load_processed_to_pg, run_id=manual__2025-11-13T09:51:47.189476+00:00, execution_date=20251113T095147, start_date=20251113T095229, end_date=20251113T095251
[2025-11-13T09:52:51.442+0000] {local_task_job_runner.py:243} INFO - Task exited with return code 0
[2025-11-13T09:52:51.448+0000] {taskinstance.py:3503} INFO - 2 downstream tasks scheduled from follow-on schedule check
[2025-11-13T09:52:51.449+0000] {local_task_job_runner.py:222} INFO - ::endgroup::
