[2025-11-21T06:33:03.104+0000] {local_task_job_runner.py:120} INFO - ::group::Pre task execution logs
[2025-11-21T06:33:03.112+0000] {taskinstance.py:2076} INFO - Dependencies all met for dep_context=non-requeueable deps ti=<TaskInstance: warehouse_daily.extract_to_minio scheduled__2025-11-20T06:00:00+00:00 [queued]>
[2025-11-21T06:33:03.114+0000] {taskinstance.py:2076} INFO - Dependencies all met for dep_context=requeueable deps ti=<TaskInstance: warehouse_daily.extract_to_minio scheduled__2025-11-20T06:00:00+00:00 [queued]>
[2025-11-21T06:33:03.114+0000] {taskinstance.py:2306} INFO - Starting attempt 1 of 3
[2025-11-21T06:33:03.118+0000] {taskinstance.py:2330} INFO - Executing <Task(BashOperator): extract_to_minio> on 2025-11-20 06:00:00+00:00
[2025-11-21T06:33:03.120+0000] {standard_task_runner.py:64} INFO - Started process 7755 to run task
[2025-11-21T06:33:03.121+0000] {standard_task_runner.py:90} INFO - Running: ['airflow', 'tasks', 'run', 'warehouse_daily', 'extract_to_minio', 'scheduled__2025-11-20T06:00:00+00:00', '--job-id', '128', '--raw', '--subdir', 'DAGS_FOLDER/warehouse_dag.py', '--cfg-path', '/tmp/tmp5l40kj47']
[2025-11-21T06:33:03.122+0000] {standard_task_runner.py:91} INFO - Job 128: Subtask extract_to_minio
[2025-11-21T06:33:03.133+0000] {task_command.py:426} INFO - Running <TaskInstance: warehouse_daily.extract_to_minio scheduled__2025-11-20T06:00:00+00:00 [running]> on host 8b16c83c8b1e
[2025-11-21T06:33:03.206+0000] {taskinstance.py:2648} INFO - Exporting env vars: AIRFLOW_CTX_DAG_OWNER='wyko' AIRFLOW_CTX_DAG_ID='warehouse_daily' AIRFLOW_CTX_TASK_ID='extract_to_minio' AIRFLOW_CTX_EXECUTION_DATE='2025-11-20T06:00:00+00:00' AIRFLOW_CTX_TRY_NUMBER='1' AIRFLOW_CTX_DAG_RUN_ID='scheduled__2025-11-20T06:00:00+00:00'
[2025-11-21T06:33:03.206+0000] {taskinstance.py:430} INFO - ::endgroup::
[2025-11-21T06:33:03.211+0000] {subprocess.py:63} INFO - Tmp dir root location: /tmp
[2025-11-21T06:33:03.211+0000] {subprocess.py:75} INFO - Running command: ['/usr/bin/bash', '-c', 'cd /opt/airflow/repo && python etl/extract.py']
[2025-11-21T06:33:03.214+0000] {subprocess.py:86} INFO - Output:
[2025-11-21T06:33:06.528+0000] {subprocess.py:93} INFO - Succesfully Uploaded data/raw/housing_800k.csv → s3://raw/housing_800k.csv  (rows=800,000)
[2025-11-21T06:33:06.590+0000] {subprocess.py:97} INFO - Command exited with return code 0
[2025-11-21T06:33:06.591+0000] {taskinstance.py:441} INFO - ::group::Post task execution logs
[2025-11-21T06:33:06.597+0000] {taskinstance.py:1206} INFO - Marking task as SUCCESS. dag_id=warehouse_daily, task_id=extract_to_minio, run_id=scheduled__2025-11-20T06:00:00+00:00, execution_date=20251120T060000, start_date=20251121T063303, end_date=20251121T063306
[2025-11-21T06:33:06.606+0000] {local_task_job_runner.py:243} INFO - Task exited with return code 0
[2025-11-21T06:33:06.613+0000] {taskinstance.py:3503} INFO - 1 downstream tasks scheduled from follow-on schedule check
[2025-11-21T06:33:06.614+0000] {local_task_job_runner.py:222} INFO - ::endgroup::
[2025-11-21T15:57:31.701+0000] {local_task_job_runner.py:120} INFO - ::group::Pre task execution logs
[2025-11-21T15:57:31.709+0000] {taskinstance.py:2076} INFO - Dependencies all met for dep_context=non-requeueable deps ti=<TaskInstance: warehouse_daily.extract_to_minio scheduled__2025-11-20T06:00:00+00:00 [queued]>
[2025-11-21T15:57:31.711+0000] {taskinstance.py:2076} INFO - Dependencies all met for dep_context=requeueable deps ti=<TaskInstance: warehouse_daily.extract_to_minio scheduled__2025-11-20T06:00:00+00:00 [queued]>
[2025-11-21T15:57:31.711+0000] {taskinstance.py:2306} INFO - Starting attempt 1 of 3
[2025-11-21T15:57:31.715+0000] {taskinstance.py:2330} INFO - Executing <Task(BashOperator): extract_to_minio> on 2025-11-20 06:00:00+00:00
[2025-11-21T15:57:31.717+0000] {standard_task_runner.py:64} INFO - Started process 215 to run task
[2025-11-21T15:57:31.718+0000] {standard_task_runner.py:90} INFO - Running: ['airflow', 'tasks', 'run', 'warehouse_daily', 'extract_to_minio', 'scheduled__2025-11-20T06:00:00+00:00', '--job-id', '5', '--raw', '--subdir', 'DAGS_FOLDER/warehouse_dag.py', '--cfg-path', '/tmp/tmp_c7vsra5']
[2025-11-21T15:57:31.719+0000] {standard_task_runner.py:91} INFO - Job 5: Subtask extract_to_minio
[2025-11-21T15:57:31.730+0000] {task_command.py:426} INFO - Running <TaskInstance: warehouse_daily.extract_to_minio scheduled__2025-11-20T06:00:00+00:00 [running]> on host 584e6fca837f
[2025-11-21T15:57:31.799+0000] {taskinstance.py:2648} INFO - Exporting env vars: AIRFLOW_CTX_DAG_OWNER='wyko' AIRFLOW_CTX_DAG_ID='warehouse_daily' AIRFLOW_CTX_TASK_ID='extract_to_minio' AIRFLOW_CTX_EXECUTION_DATE='2025-11-20T06:00:00+00:00' AIRFLOW_CTX_TRY_NUMBER='1' AIRFLOW_CTX_DAG_RUN_ID='scheduled__2025-11-20T06:00:00+00:00'
[2025-11-21T15:57:31.799+0000] {taskinstance.py:430} INFO - ::endgroup::
[2025-11-21T15:57:31.804+0000] {subprocess.py:63} INFO - Tmp dir root location: /tmp
[2025-11-21T15:57:31.804+0000] {subprocess.py:75} INFO - Running command: ['/usr/bin/bash', '-c', 'cd /opt/airflow/repo && python etl/extract.py']
[2025-11-21T15:57:31.808+0000] {subprocess.py:86} INFO - Output:
[2025-11-21T15:57:35.017+0000] {subprocess.py:93} INFO - Succesfully Uploaded data/raw/housing_800k.csv → s3://raw/housing_800k.csv  (rows=800,000)
[2025-11-21T15:57:35.080+0000] {subprocess.py:97} INFO - Command exited with return code 0
[2025-11-21T15:57:35.081+0000] {taskinstance.py:441} INFO - ::group::Post task execution logs
[2025-11-21T15:57:35.088+0000] {taskinstance.py:1206} INFO - Marking task as SUCCESS. dag_id=warehouse_daily, task_id=extract_to_minio, run_id=scheduled__2025-11-20T06:00:00+00:00, execution_date=20251120T060000, start_date=20251121T155731, end_date=20251121T155735
[2025-11-21T15:57:35.102+0000] {local_task_job_runner.py:243} INFO - Task exited with return code 0
[2025-11-21T15:57:35.110+0000] {taskinstance.py:3503} INFO - 1 downstream tasks scheduled from follow-on schedule check
[2025-11-21T15:57:35.111+0000] {local_task_job_runner.py:222} INFO - ::endgroup::
[2025-11-21T16:13:59.183+0000] {local_task_job_runner.py:120} INFO - ::group::Pre task execution logs
[2025-11-21T16:13:59.192+0000] {taskinstance.py:2076} INFO - Dependencies all met for dep_context=non-requeueable deps ti=<TaskInstance: warehouse_daily.extract_to_minio scheduled__2025-11-20T06:00:00+00:00 [queued]>
[2025-11-21T16:13:59.193+0000] {taskinstance.py:2076} INFO - Dependencies all met for dep_context=requeueable deps ti=<TaskInstance: warehouse_daily.extract_to_minio scheduled__2025-11-20T06:00:00+00:00 [queued]>
[2025-11-21T16:13:59.194+0000] {taskinstance.py:2306} INFO - Starting attempt 1 of 3
[2025-11-21T16:13:59.197+0000] {taskinstance.py:2330} INFO - Executing <Task(BashOperator): extract_to_minio> on 2025-11-20 06:00:00+00:00
[2025-11-21T16:13:59.199+0000] {standard_task_runner.py:64} INFO - Started process 194 to run task
[2025-11-21T16:13:59.200+0000] {standard_task_runner.py:90} INFO - Running: ['airflow', 'tasks', 'run', 'warehouse_daily', 'extract_to_minio', 'scheduled__2025-11-20T06:00:00+00:00', '--job-id', '5', '--raw', '--subdir', 'DAGS_FOLDER/warehouse_dag.py', '--cfg-path', '/tmp/tmp653tofzp']
[2025-11-21T16:13:59.200+0000] {standard_task_runner.py:91} INFO - Job 5: Subtask extract_to_minio
[2025-11-21T16:13:59.212+0000] {task_command.py:426} INFO - Running <TaskInstance: warehouse_daily.extract_to_minio scheduled__2025-11-20T06:00:00+00:00 [running]> on host 4e64c7378c33
[2025-11-21T16:13:59.280+0000] {taskinstance.py:2648} INFO - Exporting env vars: AIRFLOW_CTX_DAG_OWNER='wyko' AIRFLOW_CTX_DAG_ID='warehouse_daily' AIRFLOW_CTX_TASK_ID='extract_to_minio' AIRFLOW_CTX_EXECUTION_DATE='2025-11-20T06:00:00+00:00' AIRFLOW_CTX_TRY_NUMBER='1' AIRFLOW_CTX_DAG_RUN_ID='scheduled__2025-11-20T06:00:00+00:00'
[2025-11-21T16:13:59.280+0000] {taskinstance.py:430} INFO - ::endgroup::
[2025-11-21T16:13:59.284+0000] {subprocess.py:63} INFO - Tmp dir root location: /tmp
[2025-11-21T16:13:59.284+0000] {subprocess.py:75} INFO - Running command: ['/usr/bin/bash', '-c', 'cd /opt/airflow/repo && python etl/extract.py']
[2025-11-21T16:13:59.287+0000] {subprocess.py:86} INFO - Output:
[2025-11-21T16:14:02.470+0000] {subprocess.py:93} INFO - Succesfully Uploaded data/raw/housing_800k.csv → s3://raw/housing_800k.csv  (rows=800,000)
[2025-11-21T16:14:02.528+0000] {subprocess.py:97} INFO - Command exited with return code 0
[2025-11-21T16:14:02.528+0000] {taskinstance.py:441} INFO - ::group::Post task execution logs
[2025-11-21T16:14:02.535+0000] {taskinstance.py:1206} INFO - Marking task as SUCCESS. dag_id=warehouse_daily, task_id=extract_to_minio, run_id=scheduled__2025-11-20T06:00:00+00:00, execution_date=20251120T060000, start_date=20251121T161359, end_date=20251121T161402
[2025-11-21T16:14:02.547+0000] {local_task_job_runner.py:243} INFO - Task exited with return code 0
[2025-11-21T16:14:02.555+0000] {taskinstance.py:3503} INFO - 1 downstream tasks scheduled from follow-on schedule check
[2025-11-21T16:14:02.556+0000] {local_task_job_runner.py:222} INFO - ::endgroup::
