[2025-11-12T19:31:56.208+0000] {local_task_job_runner.py:120} INFO - ::group::Pre task execution logs
[2025-11-12T19:31:56.216+0000] {taskinstance.py:2076} INFO - Dependencies all met for dep_context=non-requeueable deps ti=<TaskInstance: warehouse_daily.transform_to_parquet manual__2025-11-12T19:31:48.352377+00:00 [queued]>
[2025-11-12T19:31:56.218+0000] {taskinstance.py:2076} INFO - Dependencies all met for dep_context=requeueable deps ti=<TaskInstance: warehouse_daily.transform_to_parquet manual__2025-11-12T19:31:48.352377+00:00 [queued]>
[2025-11-12T19:31:56.218+0000] {taskinstance.py:2306} INFO - Starting attempt 1 of 3
[2025-11-12T19:31:56.222+0000] {taskinstance.py:2330} INFO - Executing <Task(BashOperator): transform_to_parquet> on 2025-11-12 19:31:48.352377+00:00
[2025-11-12T19:31:56.223+0000] {standard_task_runner.py:64} INFO - Started process 1047 to run task
[2025-11-12T19:31:56.225+0000] {standard_task_runner.py:90} INFO - Running: ['airflow', 'tasks', 'run', 'warehouse_daily', 'transform_to_parquet', 'manual__2025-11-12T19:31:48.352377+00:00', '--job-id', '40', '--raw', '--subdir', 'DAGS_FOLDER/warehouse_dag.py', '--cfg-path', '/tmp/tmpdm2hb6o_']
[2025-11-12T19:31:56.225+0000] {standard_task_runner.py:91} INFO - Job 40: Subtask transform_to_parquet
[2025-11-12T19:31:56.236+0000] {task_command.py:426} INFO - Running <TaskInstance: warehouse_daily.transform_to_parquet manual__2025-11-12T19:31:48.352377+00:00 [running]> on host 6561605caf49
[2025-11-12T19:31:56.307+0000] {taskinstance.py:2648} INFO - Exporting env vars: AIRFLOW_CTX_DAG_OWNER='wyko' AIRFLOW_CTX_DAG_ID='warehouse_daily' AIRFLOW_CTX_TASK_ID='transform_to_parquet' AIRFLOW_CTX_EXECUTION_DATE='2025-11-12T19:31:48.352377+00:00' AIRFLOW_CTX_TRY_NUMBER='1' AIRFLOW_CTX_DAG_RUN_ID='manual__2025-11-12T19:31:48.352377+00:00'
[2025-11-12T19:31:56.307+0000] {taskinstance.py:430} INFO - ::endgroup::
[2025-11-12T19:31:56.312+0000] {subprocess.py:63} INFO - Tmp dir root location: /tmp
[2025-11-12T19:31:56.312+0000] {subprocess.py:75} INFO - Running command: ['/usr/bin/bash', '-c', 'python /opt/airflow/repo/etl/transform.py --src housing_800k.csv --dst housing_800k.parquet']
[2025-11-12T19:31:56.315+0000] {subprocess.py:86} INFO - Output:
[2025-11-12T19:31:58.377+0000] {subprocess.py:93} INFO -  Processed 800,000 rows → s3://processed/housing_800k.parquet
[2025-11-12T19:31:58.439+0000] {subprocess.py:97} INFO - Command exited with return code 0
[2025-11-12T19:31:58.440+0000] {taskinstance.py:441} INFO - ::group::Post task execution logs
[2025-11-12T19:31:58.446+0000] {taskinstance.py:1206} INFO - Marking task as SUCCESS. dag_id=warehouse_daily, task_id=transform_to_parquet, run_id=manual__2025-11-12T19:31:48.352377+00:00, execution_date=20251112T193148, start_date=20251112T193156, end_date=20251112T193158
[2025-11-12T19:31:58.463+0000] {local_task_job_runner.py:243} INFO - Task exited with return code 0
[2025-11-12T19:31:58.470+0000] {taskinstance.py:3503} INFO - 1 downstream tasks scheduled from follow-on schedule check
[2025-11-12T19:31:58.472+0000] {local_task_job_runner.py:222} INFO - ::endgroup::
