[2025-11-14T16:01:03.111+0000] {local_task_job_runner.py:120} INFO - ::group::Pre task execution logs
[2025-11-14T16:01:03.118+0000] {taskinstance.py:2076} INFO - Dependencies all met for dep_context=non-requeueable deps ti=<TaskInstance: warehouse_daily.train_models manual__2025-11-14T16:00:15.434588+00:00 [queued]>
[2025-11-14T16:01:03.120+0000] {taskinstance.py:2076} INFO - Dependencies all met for dep_context=requeueable deps ti=<TaskInstance: warehouse_daily.train_models manual__2025-11-14T16:00:15.434588+00:00 [queued]>
[2025-11-14T16:01:03.120+0000] {taskinstance.py:2306} INFO - Starting attempt 1 of 3
[2025-11-14T16:01:03.124+0000] {taskinstance.py:2330} INFO - Executing <Task(BashOperator): train_models> on 2025-11-14 16:00:15.434588+00:00
[2025-11-14T16:01:03.126+0000] {standard_task_runner.py:64} INFO - Started process 1468 to run task
[2025-11-14T16:01:03.127+0000] {standard_task_runner.py:90} INFO - Running: ['airflow', 'tasks', 'run', 'warehouse_daily', 'train_models', 'manual__2025-11-14T16:00:15.434588+00:00', '--job-id', '44', '--raw', '--subdir', 'DAGS_FOLDER/warehouse_dag.py', '--cfg-path', '/tmp/tmp1848a0p3']
[2025-11-14T16:01:03.128+0000] {standard_task_runner.py:91} INFO - Job 44: Subtask train_models
[2025-11-14T16:01:03.139+0000] {task_command.py:426} INFO - Running <TaskInstance: warehouse_daily.train_models manual__2025-11-14T16:00:15.434588+00:00 [running]> on host 8b16c83c8b1e
[2025-11-14T16:01:03.210+0000] {taskinstance.py:2648} INFO - Exporting env vars: AIRFLOW_CTX_DAG_OWNER='wyko' AIRFLOW_CTX_DAG_ID='warehouse_daily' AIRFLOW_CTX_TASK_ID='train_models' AIRFLOW_CTX_EXECUTION_DATE='2025-11-14T16:00:15.434588+00:00' AIRFLOW_CTX_TRY_NUMBER='1' AIRFLOW_CTX_DAG_RUN_ID='manual__2025-11-14T16:00:15.434588+00:00'
[2025-11-14T16:01:03.210+0000] {taskinstance.py:430} INFO - ::endgroup::
[2025-11-14T16:01:03.214+0000] {subprocess.py:63} INFO - Tmp dir root location: /tmp
[2025-11-14T16:01:03.215+0000] {subprocess.py:75} INFO - Running command: ['/usr/bin/bash', '-c', 'cd /opt/airflow/repo && python ml/ml_final.py']
[2025-11-14T16:01:03.217+0000] {subprocess.py:86} INFO - Output:
[2025-11-14T16:01:15.303+0000] {subprocess.py:93} INFO - Trenowany model: RandomForest...
[2025-11-14T16:01:15.303+0000] {subprocess.py:93} INFO - MAE  = 5,475.48
[2025-11-14T16:01:15.304+0000] {subprocess.py:93} INFO - RMSE = 23,525.71
[2025-11-14T16:01:15.305+0000] {subprocess.py:93} INFO - R²   = 0.9914
[2025-11-14T16:01:15.306+0000] {subprocess.py:93} INFO - Trenowanie modelu RandomForest zajęło ( 4.58 sekund)
[2025-11-14T16:01:15.307+0000] {subprocess.py:93} INFO - Trenowany model: GradientBoosting...
[2025-11-14T16:01:15.307+0000] {subprocess.py:93} INFO - MAE  = 33,375.92
[2025-11-14T16:01:15.307+0000] {subprocess.py:93} INFO - RMSE = 54,445.24
[2025-11-14T16:01:15.308+0000] {subprocess.py:93} INFO - R²   = 0.9537
[2025-11-14T16:01:15.309+0000] {subprocess.py:93} INFO - Trenowanie modelu GradientBoosting zajęło ( 2.62 sekund)
[2025-11-14T16:01:15.310+0000] {subprocess.py:93} INFO - Trenowany model: XGBRegressor...
[2025-11-14T16:01:15.310+0000] {subprocess.py:93} INFO - MAE  = 11,844.72
[2025-11-14T16:01:15.311+0000] {subprocess.py:93} INFO - RMSE = 26,469.88
[2025-11-14T16:01:15.311+0000] {subprocess.py:93} INFO - R²   = 0.9891
[2025-11-14T16:01:15.312+0000] {subprocess.py:93} INFO - Trenowanie modelu XGBRegressor zajęło ( 0.67 sekund)
[2025-11-14T16:01:15.313+0000] {subprocess.py:93} INFO - 
[2025-11-14T16:01:15.314+0000] {subprocess.py:93} INFO - Zapisano metryki: artifacts/model_metrics.csv
[2025-11-14T16:01:15.314+0000] {subprocess.py:93} INFO - Najlepszy model: RandomForest (MAE=5,475.48)
[2025-11-14T16:01:15.316+0000] {subprocess.py:93} INFO - Zapisano pipeline do: artifacts/best_model_RandomForest.joblib
[2025-11-14T16:01:15.386+0000] {subprocess.py:97} INFO - Command exited with return code 0
[2025-11-14T16:01:15.386+0000] {taskinstance.py:441} INFO - ::group::Post task execution logs
[2025-11-14T16:01:15.393+0000] {taskinstance.py:1206} INFO - Marking task as SUCCESS. dag_id=warehouse_daily, task_id=train_models, run_id=manual__2025-11-14T16:00:15.434588+00:00, execution_date=20251114T160015, start_date=20251114T160103, end_date=20251114T160115
[2025-11-14T16:01:15.402+0000] {local_task_job_runner.py:243} INFO - Task exited with return code 0
[2025-11-14T16:01:15.406+0000] {taskinstance.py:3503} INFO - 0 downstream tasks scheduled from follow-on schedule check
[2025-11-14T16:01:15.406+0000] {local_task_job_runner.py:222} INFO - ::endgroup::
