[2025-11-21T16:00:07.294+0000] {local_task_job_runner.py:120} INFO - ::group::Pre task execution logs
[2025-11-21T16:00:07.302+0000] {taskinstance.py:2076} INFO - Dependencies all met for dep_context=non-requeueable deps ti=<TaskInstance: warehouse_daily.feature_importance_ml manual__2025-11-21T15:57:28.165261+00:00 [queued]>
[2025-11-21T16:00:07.304+0000] {taskinstance.py:2076} INFO - Dependencies all met for dep_context=requeueable deps ti=<TaskInstance: warehouse_daily.feature_importance_ml manual__2025-11-21T15:57:28.165261+00:00 [queued]>
[2025-11-21T16:00:07.304+0000] {taskinstance.py:2306} INFO - Starting attempt 1 of 3
[2025-11-21T16:00:07.310+0000] {taskinstance.py:2330} INFO - Executing <Task(BashOperator): feature_importance_ml> on 2025-11-21 15:57:28.165261+00:00
[2025-11-21T16:00:07.311+0000] {standard_task_runner.py:64} INFO - Started process 1559 to run task
[2025-11-21T16:00:07.313+0000] {standard_task_runner.py:90} INFO - Running: ['airflow', 'tasks', 'run', 'warehouse_daily', 'feature_importance_ml', 'manual__2025-11-21T15:57:28.165261+00:00', '--job-id', '24', '--raw', '--subdir', 'DAGS_FOLDER/warehouse_dag.py', '--cfg-path', '/tmp/tmpt5603q4l']
[2025-11-21T16:00:07.314+0000] {standard_task_runner.py:91} INFO - Job 24: Subtask feature_importance_ml
[2025-11-21T16:00:07.326+0000] {task_command.py:426} INFO - Running <TaskInstance: warehouse_daily.feature_importance_ml manual__2025-11-21T15:57:28.165261+00:00 [running]> on host 584e6fca837f
[2025-11-21T16:00:07.398+0000] {taskinstance.py:2648} INFO - Exporting env vars: AIRFLOW_CTX_DAG_OWNER='wyko' AIRFLOW_CTX_DAG_ID='warehouse_daily' AIRFLOW_CTX_TASK_ID='feature_importance_ml' AIRFLOW_CTX_EXECUTION_DATE='2025-11-21T15:57:28.165261+00:00' AIRFLOW_CTX_TRY_NUMBER='1' AIRFLOW_CTX_DAG_RUN_ID='manual__2025-11-21T15:57:28.165261+00:00'
[2025-11-21T16:00:07.398+0000] {taskinstance.py:430} INFO - ::endgroup::
[2025-11-21T16:00:07.403+0000] {subprocess.py:63} INFO - Tmp dir root location: /tmp
[2025-11-21T16:00:07.403+0000] {subprocess.py:75} INFO - Running command: ['/usr/bin/bash', '-c', 'cd /opt/airflow/repo && python ml/feature_importance.py']
[2025-11-21T16:00:07.407+0000] {subprocess.py:86} INFO - Output:
[2025-11-21T16:00:08.272+0000] {subprocess.py:93} INFO - Ładowanie modelu: artifacts/best_model_RandomForest.joblib ...
[2025-11-21T16:00:08.274+0000] {subprocess.py:93} INFO - Generowanie listy cech...
[2025-11-21T16:00:08.276+0000] {subprocess.py:93} INFO - Pobieranie wartości feature_importances_...
[2025-11-21T16:00:08.276+0000] {subprocess.py:93} INFO - Zapisano CSV → artifacts/feature_importance.csv
[2025-11-21T16:00:08.276+0000] {subprocess.py:93} INFO - Zapisano wykres → artifacts/feature_importance.png
[2025-11-21T16:00:08.276+0000] {subprocess.py:93} INFO - DONE ✔
[2025-11-21T16:00:08.361+0000] {subprocess.py:97} INFO - Command exited with return code 0
[2025-11-21T16:00:08.361+0000] {taskinstance.py:441} INFO - ::group::Post task execution logs
[2025-11-21T16:00:08.368+0000] {taskinstance.py:1206} INFO - Marking task as SUCCESS. dag_id=warehouse_daily, task_id=feature_importance_ml, run_id=manual__2025-11-21T15:57:28.165261+00:00, execution_date=20251121T155728, start_date=20251121T160007, end_date=20251121T160008
[2025-11-21T16:00:08.391+0000] {local_task_job_runner.py:243} INFO - Task exited with return code 0
[2025-11-21T16:00:08.400+0000] {taskinstance.py:3503} INFO - 1 downstream tasks scheduled from follow-on schedule check
[2025-11-21T16:00:08.401+0000] {local_task_job_runner.py:222} INFO - ::endgroup::
