[2025-11-18T00:24:49.062+0000] {processor.py:161} INFO - Started process (PID=5325) to work on /opt/airflow/dags/warehouse_dag.py
[2025-11-18T00:24:49.062+0000] {processor.py:830} INFO - Processing file /opt/airflow/dags/warehouse_dag.py for tasks to queue
[2025-11-18T00:24:49.063+0000] {logging_mixin.py:188} INFO - [2025-11-18T00:24:49.062+0000] {dagbag.py:545} INFO - Filling up the DagBag from /opt/airflow/dags/warehouse_dag.py
[2025-11-18T00:24:49.068+0000] {processor.py:840} INFO - DAG(s) 'warehouse_daily' retrieved from /opt/airflow/dags/warehouse_dag.py
[2025-11-18T00:24:49.079+0000] {logging_mixin.py:188} INFO - [2025-11-18T00:24:49.079+0000] {dag.py:3089} INFO - Sync 1 DAGs
[2025-11-18T00:24:49.085+0000] {logging_mixin.py:188} INFO - [2025-11-18T00:24:49.085+0000] {dag.py:3947} INFO - Setting next_dagrun for warehouse_daily to 2025-11-17 06:00:00+00:00, run_after=2025-11-18 06:00:00+00:00
[2025-11-18T00:24:49.094+0000] {processor.py:183} INFO - Processing /opt/airflow/dags/warehouse_dag.py took 0.034 seconds
[2025-11-18T01:00:03.658+0000] {processor.py:161} INFO - Started process (PID=5326) to work on /opt/airflow/dags/warehouse_dag.py
[2025-11-18T01:00:03.659+0000] {processor.py:830} INFO - Processing file /opt/airflow/dags/warehouse_dag.py for tasks to queue
[2025-11-18T01:00:03.659+0000] {logging_mixin.py:188} INFO - [2025-11-18T01:00:03.659+0000] {dagbag.py:545} INFO - Filling up the DagBag from /opt/airflow/dags/warehouse_dag.py
[2025-11-18T01:00:03.673+0000] {processor.py:840} INFO - DAG(s) 'warehouse_daily' retrieved from /opt/airflow/dags/warehouse_dag.py
[2025-11-18T01:00:03.690+0000] {logging_mixin.py:188} INFO - [2025-11-18T01:00:03.690+0000] {dag.py:3089} INFO - Sync 1 DAGs
[2025-11-18T01:00:03.697+0000] {logging_mixin.py:188} INFO - [2025-11-18T01:00:03.697+0000] {dag.py:3947} INFO - Setting next_dagrun for warehouse_daily to 2025-11-17 06:00:00+00:00, run_after=2025-11-18 06:00:00+00:00
[2025-11-18T01:00:03.708+0000] {processor.py:183} INFO - Processing /opt/airflow/dags/warehouse_dag.py took 0.054 seconds
[2025-11-18T01:32:42.221+0000] {processor.py:161} INFO - Started process (PID=5327) to work on /opt/airflow/dags/warehouse_dag.py
[2025-11-18T01:32:42.222+0000] {processor.py:830} INFO - Processing file /opt/airflow/dags/warehouse_dag.py for tasks to queue
[2025-11-18T01:32:42.222+0000] {logging_mixin.py:188} INFO - [2025-11-18T01:32:42.222+0000] {dagbag.py:545} INFO - Filling up the DagBag from /opt/airflow/dags/warehouse_dag.py
[2025-11-18T01:32:42.232+0000] {processor.py:840} INFO - DAG(s) 'warehouse_daily' retrieved from /opt/airflow/dags/warehouse_dag.py
[2025-11-18T01:32:42.244+0000] {logging_mixin.py:188} INFO - [2025-11-18T01:32:42.244+0000] {dag.py:3089} INFO - Sync 1 DAGs
[2025-11-18T01:32:42.250+0000] {logging_mixin.py:188} INFO - [2025-11-18T01:32:42.250+0000] {dag.py:3947} INFO - Setting next_dagrun for warehouse_daily to 2025-11-17 06:00:00+00:00, run_after=2025-11-18 06:00:00+00:00
[2025-11-18T01:32:42.258+0000] {processor.py:183} INFO - Processing /opt/airflow/dags/warehouse_dag.py took 0.042 seconds
[2025-11-18T01:55:58.758+0000] {processor.py:161} INFO - Started process (PID=5328) to work on /opt/airflow/dags/warehouse_dag.py
[2025-11-18T01:55:58.759+0000] {processor.py:830} INFO - Processing file /opt/airflow/dags/warehouse_dag.py for tasks to queue
[2025-11-18T01:55:58.759+0000] {logging_mixin.py:188} INFO - [2025-11-18T01:55:58.759+0000] {dagbag.py:545} INFO - Filling up the DagBag from /opt/airflow/dags/warehouse_dag.py
[2025-11-18T01:55:58.766+0000] {processor.py:840} INFO - DAG(s) 'warehouse_daily' retrieved from /opt/airflow/dags/warehouse_dag.py
[2025-11-18T01:55:58.776+0000] {logging_mixin.py:188} INFO - [2025-11-18T01:55:58.776+0000] {dag.py:3089} INFO - Sync 1 DAGs
[2025-11-18T01:55:58.782+0000] {logging_mixin.py:188} INFO - [2025-11-18T01:55:58.782+0000] {dag.py:3947} INFO - Setting next_dagrun for warehouse_daily to 2025-11-17 06:00:00+00:00, run_after=2025-11-18 06:00:00+00:00
[2025-11-18T01:55:58.790+0000] {processor.py:183} INFO - Processing /opt/airflow/dags/warehouse_dag.py took 0.034 seconds
[2025-11-18T01:56:29.293+0000] {processor.py:161} INFO - Started process (PID=5329) to work on /opt/airflow/dags/warehouse_dag.py
[2025-11-18T01:56:29.294+0000] {processor.py:830} INFO - Processing file /opt/airflow/dags/warehouse_dag.py for tasks to queue
[2025-11-18T01:56:29.295+0000] {logging_mixin.py:188} INFO - [2025-11-18T01:56:29.294+0000] {dagbag.py:545} INFO - Filling up the DagBag from /opt/airflow/dags/warehouse_dag.py
[2025-11-18T01:56:29.305+0000] {processor.py:840} INFO - DAG(s) 'warehouse_daily' retrieved from /opt/airflow/dags/warehouse_dag.py
[2025-11-18T01:56:29.322+0000] {logging_mixin.py:188} INFO - [2025-11-18T01:56:29.322+0000] {dag.py:3089} INFO - Sync 1 DAGs
[2025-11-18T01:56:29.330+0000] {logging_mixin.py:188} INFO - [2025-11-18T01:56:29.330+0000] {dag.py:3947} INFO - Setting next_dagrun for warehouse_daily to 2025-11-17 06:00:00+00:00, run_after=2025-11-18 06:00:00+00:00
[2025-11-18T01:56:29.339+0000] {processor.py:183} INFO - Processing /opt/airflow/dags/warehouse_dag.py took 0.051 seconds
[2025-11-18T02:46:19.215+0000] {processor.py:161} INFO - Started process (PID=5330) to work on /opt/airflow/dags/warehouse_dag.py
[2025-11-18T02:46:19.216+0000] {processor.py:830} INFO - Processing file /opt/airflow/dags/warehouse_dag.py for tasks to queue
[2025-11-18T02:46:19.217+0000] {logging_mixin.py:188} INFO - [2025-11-18T02:46:19.216+0000] {dagbag.py:545} INFO - Filling up the DagBag from /opt/airflow/dags/warehouse_dag.py
[2025-11-18T02:46:19.226+0000] {processor.py:840} INFO - DAG(s) 'warehouse_daily' retrieved from /opt/airflow/dags/warehouse_dag.py
[2025-11-18T02:46:19.240+0000] {logging_mixin.py:188} INFO - [2025-11-18T02:46:19.240+0000] {dag.py:3089} INFO - Sync 1 DAGs
[2025-11-18T02:46:19.246+0000] {logging_mixin.py:188} INFO - [2025-11-18T02:46:19.246+0000] {dag.py:3947} INFO - Setting next_dagrun for warehouse_daily to 2025-11-17 06:00:00+00:00, run_after=2025-11-18 06:00:00+00:00
[2025-11-18T02:46:19.254+0000] {processor.py:183} INFO - Processing /opt/airflow/dags/warehouse_dag.py took 0.042 seconds
[2025-11-18T03:36:53.430+0000] {processor.py:161} INFO - Started process (PID=5331) to work on /opt/airflow/dags/warehouse_dag.py
[2025-11-18T03:36:53.431+0000] {processor.py:830} INFO - Processing file /opt/airflow/dags/warehouse_dag.py for tasks to queue
[2025-11-18T03:36:53.432+0000] {logging_mixin.py:188} INFO - [2025-11-18T03:36:53.431+0000] {dagbag.py:545} INFO - Filling up the DagBag from /opt/airflow/dags/warehouse_dag.py
[2025-11-18T03:36:53.440+0000] {processor.py:840} INFO - DAG(s) 'warehouse_daily' retrieved from /opt/airflow/dags/warehouse_dag.py
[2025-11-18T03:36:53.453+0000] {logging_mixin.py:188} INFO - [2025-11-18T03:36:53.453+0000] {dag.py:3089} INFO - Sync 1 DAGs
[2025-11-18T03:36:53.460+0000] {logging_mixin.py:188} INFO - [2025-11-18T03:36:53.460+0000] {dag.py:3947} INFO - Setting next_dagrun for warehouse_daily to 2025-11-17 06:00:00+00:00, run_after=2025-11-18 06:00:00+00:00
[2025-11-18T03:36:53.468+0000] {processor.py:183} INFO - Processing /opt/airflow/dags/warehouse_dag.py took 0.042 seconds
[2025-11-18T03:52:40.200+0000] {processor.py:161} INFO - Started process (PID=5332) to work on /opt/airflow/dags/warehouse_dag.py
[2025-11-18T03:52:40.200+0000] {processor.py:830} INFO - Processing file /opt/airflow/dags/warehouse_dag.py for tasks to queue
[2025-11-18T03:52:40.201+0000] {logging_mixin.py:188} INFO - [2025-11-18T03:52:40.201+0000] {dagbag.py:545} INFO - Filling up the DagBag from /opt/airflow/dags/warehouse_dag.py
[2025-11-18T03:52:40.208+0000] {processor.py:840} INFO - DAG(s) 'warehouse_daily' retrieved from /opt/airflow/dags/warehouse_dag.py
[2025-11-18T03:52:40.219+0000] {logging_mixin.py:188} INFO - [2025-11-18T03:52:40.219+0000] {dag.py:3089} INFO - Sync 1 DAGs
[2025-11-18T03:52:40.225+0000] {logging_mixin.py:188} INFO - [2025-11-18T03:52:40.225+0000] {dag.py:3947} INFO - Setting next_dagrun for warehouse_daily to 2025-11-17 06:00:00+00:00, run_after=2025-11-18 06:00:00+00:00
[2025-11-18T03:52:40.233+0000] {processor.py:183} INFO - Processing /opt/airflow/dags/warehouse_dag.py took 0.036 seconds
[2025-11-18T05:00:40.134+0000] {processor.py:161} INFO - Started process (PID=5333) to work on /opt/airflow/dags/warehouse_dag.py
[2025-11-18T05:00:40.135+0000] {processor.py:830} INFO - Processing file /opt/airflow/dags/warehouse_dag.py for tasks to queue
[2025-11-18T05:00:40.135+0000] {logging_mixin.py:188} INFO - [2025-11-18T05:00:40.135+0000] {dagbag.py:545} INFO - Filling up the DagBag from /opt/airflow/dags/warehouse_dag.py
[2025-11-18T05:00:40.145+0000] {processor.py:840} INFO - DAG(s) 'warehouse_daily' retrieved from /opt/airflow/dags/warehouse_dag.py
[2025-11-18T05:00:40.159+0000] {logging_mixin.py:188} INFO - [2025-11-18T05:00:40.159+0000] {dag.py:3089} INFO - Sync 1 DAGs
[2025-11-18T05:00:40.166+0000] {logging_mixin.py:188} INFO - [2025-11-18T05:00:40.166+0000] {dag.py:3947} INFO - Setting next_dagrun for warehouse_daily to 2025-11-17 06:00:00+00:00, run_after=2025-11-18 06:00:00+00:00
[2025-11-18T05:00:40.174+0000] {processor.py:183} INFO - Processing /opt/airflow/dags/warehouse_dag.py took 0.044 seconds
[2025-11-18T05:21:35.183+0000] {processor.py:161} INFO - Started process (PID=5334) to work on /opt/airflow/dags/warehouse_dag.py
[2025-11-18T05:21:35.183+0000] {processor.py:830} INFO - Processing file /opt/airflow/dags/warehouse_dag.py for tasks to queue
[2025-11-18T05:21:35.184+0000] {logging_mixin.py:188} INFO - [2025-11-18T05:21:35.184+0000] {dagbag.py:545} INFO - Filling up the DagBag from /opt/airflow/dags/warehouse_dag.py
[2025-11-18T05:21:35.193+0000] {processor.py:840} INFO - DAG(s) 'warehouse_daily' retrieved from /opt/airflow/dags/warehouse_dag.py
[2025-11-18T05:21:35.205+0000] {logging_mixin.py:188} INFO - [2025-11-18T05:21:35.205+0000] {dag.py:3089} INFO - Sync 1 DAGs
[2025-11-18T05:21:35.211+0000] {logging_mixin.py:188} INFO - [2025-11-18T05:21:35.211+0000] {dag.py:3947} INFO - Setting next_dagrun for warehouse_daily to 2025-11-17 06:00:00+00:00, run_after=2025-11-18 06:00:00+00:00
[2025-11-18T05:21:35.219+0000] {processor.py:183} INFO - Processing /opt/airflow/dags/warehouse_dag.py took 0.040 seconds
[2025-11-18T05:22:05.427+0000] {processor.py:161} INFO - Started process (PID=5335) to work on /opt/airflow/dags/warehouse_dag.py
[2025-11-18T05:22:05.427+0000] {processor.py:830} INFO - Processing file /opt/airflow/dags/warehouse_dag.py for tasks to queue
[2025-11-18T05:22:05.428+0000] {logging_mixin.py:188} INFO - [2025-11-18T05:22:05.428+0000] {dagbag.py:545} INFO - Filling up the DagBag from /opt/airflow/dags/warehouse_dag.py
[2025-11-18T05:22:05.438+0000] {processor.py:840} INFO - DAG(s) 'warehouse_daily' retrieved from /opt/airflow/dags/warehouse_dag.py
[2025-11-18T05:22:05.452+0000] {logging_mixin.py:188} INFO - [2025-11-18T05:22:05.452+0000] {dag.py:3089} INFO - Sync 1 DAGs
[2025-11-18T05:22:05.459+0000] {logging_mixin.py:188} INFO - [2025-11-18T05:22:05.459+0000] {dag.py:3947} INFO - Setting next_dagrun for warehouse_daily to 2025-11-17 06:00:00+00:00, run_after=2025-11-18 06:00:00+00:00
[2025-11-18T05:22:05.467+0000] {processor.py:183} INFO - Processing /opt/airflow/dags/warehouse_dag.py took 0.045 seconds
[2025-11-18T05:24:56.227+0000] {processor.py:161} INFO - Started process (PID=5336) to work on /opt/airflow/dags/warehouse_dag.py
[2025-11-18T05:24:56.228+0000] {processor.py:830} INFO - Processing file /opt/airflow/dags/warehouse_dag.py for tasks to queue
[2025-11-18T05:24:56.228+0000] {logging_mixin.py:188} INFO - [2025-11-18T05:24:56.228+0000] {dagbag.py:545} INFO - Filling up the DagBag from /opt/airflow/dags/warehouse_dag.py
[2025-11-18T05:24:56.239+0000] {processor.py:840} INFO - DAG(s) 'warehouse_daily' retrieved from /opt/airflow/dags/warehouse_dag.py
[2025-11-18T05:24:56.252+0000] {logging_mixin.py:188} INFO - [2025-11-18T05:24:56.252+0000] {dag.py:3089} INFO - Sync 1 DAGs
[2025-11-18T05:24:56.259+0000] {logging_mixin.py:188} INFO - [2025-11-18T05:24:56.259+0000] {dag.py:3947} INFO - Setting next_dagrun for warehouse_daily to 2025-11-17 06:00:00+00:00, run_after=2025-11-18 06:00:00+00:00
[2025-11-18T05:24:56.268+0000] {processor.py:183} INFO - Processing /opt/airflow/dags/warehouse_dag.py took 0.045 seconds
[2025-11-18T05:25:26.455+0000] {processor.py:161} INFO - Started process (PID=5337) to work on /opt/airflow/dags/warehouse_dag.py
[2025-11-18T05:25:26.456+0000] {processor.py:830} INFO - Processing file /opt/airflow/dags/warehouse_dag.py for tasks to queue
[2025-11-18T05:25:26.457+0000] {logging_mixin.py:188} INFO - [2025-11-18T05:25:26.457+0000] {dagbag.py:545} INFO - Filling up the DagBag from /opt/airflow/dags/warehouse_dag.py
[2025-11-18T05:25:26.469+0000] {processor.py:840} INFO - DAG(s) 'warehouse_daily' retrieved from /opt/airflow/dags/warehouse_dag.py
[2025-11-18T05:25:26.485+0000] {logging_mixin.py:188} INFO - [2025-11-18T05:25:26.485+0000] {dag.py:3089} INFO - Sync 1 DAGs
[2025-11-18T05:25:26.493+0000] {logging_mixin.py:188} INFO - [2025-11-18T05:25:26.493+0000] {dag.py:3947} INFO - Setting next_dagrun for warehouse_daily to 2025-11-17 06:00:00+00:00, run_after=2025-11-18 06:00:00+00:00
[2025-11-18T05:25:26.505+0000] {processor.py:183} INFO - Processing /opt/airflow/dags/warehouse_dag.py took 0.055 seconds
[2025-11-18T05:34:46.825+0000] {processor.py:161} INFO - Started process (PID=5338) to work on /opt/airflow/dags/warehouse_dag.py
[2025-11-18T05:34:46.825+0000] {processor.py:830} INFO - Processing file /opt/airflow/dags/warehouse_dag.py for tasks to queue
[2025-11-18T05:34:46.826+0000] {logging_mixin.py:188} INFO - [2025-11-18T05:34:46.826+0000] {dagbag.py:545} INFO - Filling up the DagBag from /opt/airflow/dags/warehouse_dag.py
[2025-11-18T05:34:46.834+0000] {processor.py:840} INFO - DAG(s) 'warehouse_daily' retrieved from /opt/airflow/dags/warehouse_dag.py
[2025-11-18T05:34:46.846+0000] {logging_mixin.py:188} INFO - [2025-11-18T05:34:46.846+0000] {dag.py:3089} INFO - Sync 1 DAGs
[2025-11-18T05:34:46.852+0000] {logging_mixin.py:188} INFO - [2025-11-18T05:34:46.852+0000] {dag.py:3947} INFO - Setting next_dagrun for warehouse_daily to 2025-11-17 06:00:00+00:00, run_after=2025-11-18 06:00:00+00:00
[2025-11-18T05:34:46.860+0000] {processor.py:183} INFO - Processing /opt/airflow/dags/warehouse_dag.py took 0.038 seconds
[2025-11-18T06:07:07.977+0000] {processor.py:161} INFO - Started process (PID=5339) to work on /opt/airflow/dags/warehouse_dag.py
[2025-11-18T06:07:07.978+0000] {processor.py:830} INFO - Processing file /opt/airflow/dags/warehouse_dag.py for tasks to queue
[2025-11-18T06:07:07.978+0000] {logging_mixin.py:188} INFO - [2025-11-18T06:07:07.978+0000] {dagbag.py:545} INFO - Filling up the DagBag from /opt/airflow/dags/warehouse_dag.py
[2025-11-18T06:07:07.986+0000] {processor.py:840} INFO - DAG(s) 'warehouse_daily' retrieved from /opt/airflow/dags/warehouse_dag.py
[2025-11-18T06:07:07.999+0000] {logging_mixin.py:188} INFO - [2025-11-18T06:07:07.999+0000] {dag.py:3089} INFO - Sync 1 DAGs
[2025-11-18T06:07:08.005+0000] {logging_mixin.py:188} INFO - [2025-11-18T06:07:08.005+0000] {dag.py:3947} INFO - Setting next_dagrun for warehouse_daily to 2025-11-17 06:00:00+00:00, run_after=2025-11-18 06:00:00+00:00
[2025-11-18T06:07:08.012+0000] {processor.py:183} INFO - Processing /opt/airflow/dags/warehouse_dag.py took 0.038 seconds
[2025-11-18T06:24:54.984+0000] {processor.py:161} INFO - Started process (PID=5482) to work on /opt/airflow/dags/warehouse_dag.py
[2025-11-18T06:24:54.984+0000] {processor.py:830} INFO - Processing file /opt/airflow/dags/warehouse_dag.py for tasks to queue
[2025-11-18T06:24:54.985+0000] {logging_mixin.py:188} INFO - [2025-11-18T06:24:54.985+0000] {dagbag.py:545} INFO - Filling up the DagBag from /opt/airflow/dags/warehouse_dag.py
[2025-11-18T06:24:54.990+0000] {processor.py:840} INFO - DAG(s) 'warehouse_daily' retrieved from /opt/airflow/dags/warehouse_dag.py
[2025-11-18T06:24:55.000+0000] {logging_mixin.py:188} INFO - [2025-11-18T06:24:55.000+0000] {dag.py:3089} INFO - Sync 1 DAGs
[2025-11-18T06:24:55.004+0000] {logging_mixin.py:188} INFO - [2025-11-18T06:24:55.004+0000] {dag.py:3947} INFO - Setting next_dagrun for warehouse_daily to 2025-11-18 06:00:00+00:00, run_after=2025-11-19 06:00:00+00:00
[2025-11-18T06:24:55.010+0000] {processor.py:183} INFO - Processing /opt/airflow/dags/warehouse_dag.py took 0.028 seconds
[2025-11-18T07:36:08.108+0000] {processor.py:161} INFO - Started process (PID=5989) to work on /opt/airflow/dags/warehouse_dag.py
[2025-11-18T07:36:08.108+0000] {processor.py:830} INFO - Processing file /opt/airflow/dags/warehouse_dag.py for tasks to queue
[2025-11-18T07:36:08.108+0000] {logging_mixin.py:188} INFO - [2025-11-18T07:36:08.108+0000] {dagbag.py:545} INFO - Filling up the DagBag from /opt/airflow/dags/warehouse_dag.py
[2025-11-18T07:36:08.114+0000] {processor.py:840} INFO - DAG(s) 'warehouse_daily' retrieved from /opt/airflow/dags/warehouse_dag.py
[2025-11-18T07:36:08.124+0000] {logging_mixin.py:188} INFO - [2025-11-18T07:36:08.124+0000] {dag.py:3089} INFO - Sync 1 DAGs
[2025-11-18T07:36:08.129+0000] {logging_mixin.py:188} INFO - [2025-11-18T07:36:08.129+0000] {dag.py:3947} INFO - Setting next_dagrun for warehouse_daily to 2025-11-18 06:00:00+00:00, run_after=2025-11-19 06:00:00+00:00
[2025-11-18T07:36:08.137+0000] {processor.py:183} INFO - Processing /opt/airflow/dags/warehouse_dag.py took 0.031 seconds
[2025-11-18T08:27:42.303+0000] {processor.py:161} INFO - Started process (PID=5990) to work on /opt/airflow/dags/warehouse_dag.py
[2025-11-18T08:27:42.303+0000] {processor.py:830} INFO - Processing file /opt/airflow/dags/warehouse_dag.py for tasks to queue
[2025-11-18T08:27:42.304+0000] {logging_mixin.py:188} INFO - [2025-11-18T08:27:42.303+0000] {dagbag.py:545} INFO - Filling up the DagBag from /opt/airflow/dags/warehouse_dag.py
[2025-11-18T08:27:42.310+0000] {processor.py:840} INFO - DAG(s) 'warehouse_daily' retrieved from /opt/airflow/dags/warehouse_dag.py
[2025-11-18T08:27:42.323+0000] {logging_mixin.py:188} INFO - [2025-11-18T08:27:42.323+0000] {dag.py:3089} INFO - Sync 1 DAGs
[2025-11-18T08:27:42.330+0000] {logging_mixin.py:188} INFO - [2025-11-18T08:27:42.330+0000] {dag.py:3947} INFO - Setting next_dagrun for warehouse_daily to 2025-11-18 06:00:00+00:00, run_after=2025-11-19 06:00:00+00:00
[2025-11-18T08:27:42.338+0000] {processor.py:183} INFO - Processing /opt/airflow/dags/warehouse_dag.py took 0.038 seconds
[2025-11-18T08:36:30.444+0000] {processor.py:161} INFO - Started process (PID=5991) to work on /opt/airflow/dags/warehouse_dag.py
[2025-11-18T08:36:30.444+0000] {processor.py:830} INFO - Processing file /opt/airflow/dags/warehouse_dag.py for tasks to queue
[2025-11-18T08:36:30.445+0000] {logging_mixin.py:188} INFO - [2025-11-18T08:36:30.444+0000] {dagbag.py:545} INFO - Filling up the DagBag from /opt/airflow/dags/warehouse_dag.py
[2025-11-18T08:36:30.452+0000] {processor.py:840} INFO - DAG(s) 'warehouse_daily' retrieved from /opt/airflow/dags/warehouse_dag.py
[2025-11-18T08:36:30.464+0000] {logging_mixin.py:188} INFO - [2025-11-18T08:36:30.463+0000] {dag.py:3089} INFO - Sync 1 DAGs
[2025-11-18T08:36:30.471+0000] {logging_mixin.py:188} INFO - [2025-11-18T08:36:30.471+0000] {dag.py:3947} INFO - Setting next_dagrun for warehouse_daily to 2025-11-18 06:00:00+00:00, run_after=2025-11-19 06:00:00+00:00
[2025-11-18T08:36:30.480+0000] {processor.py:183} INFO - Processing /opt/airflow/dags/warehouse_dag.py took 0.039 seconds
[2025-11-18T08:37:00.669+0000] {processor.py:161} INFO - Started process (PID=5992) to work on /opt/airflow/dags/warehouse_dag.py
[2025-11-18T08:37:00.670+0000] {processor.py:830} INFO - Processing file /opt/airflow/dags/warehouse_dag.py for tasks to queue
[2025-11-18T08:37:00.671+0000] {logging_mixin.py:188} INFO - [2025-11-18T08:37:00.671+0000] {dagbag.py:545} INFO - Filling up the DagBag from /opt/airflow/dags/warehouse_dag.py
[2025-11-18T08:37:00.681+0000] {processor.py:840} INFO - DAG(s) 'warehouse_daily' retrieved from /opt/airflow/dags/warehouse_dag.py
[2025-11-18T08:37:00.698+0000] {logging_mixin.py:188} INFO - [2025-11-18T08:37:00.697+0000] {dag.py:3089} INFO - Sync 1 DAGs
[2025-11-18T08:37:00.704+0000] {logging_mixin.py:188} INFO - [2025-11-18T08:37:00.704+0000] {dag.py:3947} INFO - Setting next_dagrun for warehouse_daily to 2025-11-18 06:00:00+00:00, run_after=2025-11-19 06:00:00+00:00
[2025-11-18T08:37:00.712+0000] {processor.py:183} INFO - Processing /opt/airflow/dags/warehouse_dag.py took 0.048 seconds
[2025-11-18T09:37:29.220+0000] {processor.py:161} INFO - Started process (PID=5993) to work on /opt/airflow/dags/warehouse_dag.py
[2025-11-18T09:37:29.221+0000] {processor.py:830} INFO - Processing file /opt/airflow/dags/warehouse_dag.py for tasks to queue
[2025-11-18T09:37:29.221+0000] {logging_mixin.py:188} INFO - [2025-11-18T09:37:29.221+0000] {dagbag.py:545} INFO - Filling up the DagBag from /opt/airflow/dags/warehouse_dag.py
[2025-11-18T09:37:29.232+0000] {processor.py:840} INFO - DAG(s) 'warehouse_daily' retrieved from /opt/airflow/dags/warehouse_dag.py
[2025-11-18T09:37:29.245+0000] {logging_mixin.py:188} INFO - [2025-11-18T09:37:29.245+0000] {dag.py:3089} INFO - Sync 1 DAGs
[2025-11-18T09:37:29.251+0000] {logging_mixin.py:188} INFO - [2025-11-18T09:37:29.251+0000] {dag.py:3947} INFO - Setting next_dagrun for warehouse_daily to 2025-11-18 06:00:00+00:00, run_after=2025-11-19 06:00:00+00:00
[2025-11-18T09:37:29.259+0000] {processor.py:183} INFO - Processing /opt/airflow/dags/warehouse_dag.py took 0.043 seconds
[2025-11-18T09:37:59.456+0000] {processor.py:161} INFO - Started process (PID=5994) to work on /opt/airflow/dags/warehouse_dag.py
[2025-11-18T09:37:59.457+0000] {processor.py:830} INFO - Processing file /opt/airflow/dags/warehouse_dag.py for tasks to queue
[2025-11-18T09:37:59.458+0000] {logging_mixin.py:188} INFO - [2025-11-18T09:37:59.458+0000] {dagbag.py:545} INFO - Filling up the DagBag from /opt/airflow/dags/warehouse_dag.py
[2025-11-18T09:37:59.468+0000] {processor.py:840} INFO - DAG(s) 'warehouse_daily' retrieved from /opt/airflow/dags/warehouse_dag.py
[2025-11-18T09:37:59.483+0000] {logging_mixin.py:188} INFO - [2025-11-18T09:37:59.483+0000] {dag.py:3089} INFO - Sync 1 DAGs
[2025-11-18T09:37:59.489+0000] {logging_mixin.py:188} INFO - [2025-11-18T09:37:59.489+0000] {dag.py:3947} INFO - Setting next_dagrun for warehouse_daily to 2025-11-18 06:00:00+00:00, run_after=2025-11-19 06:00:00+00:00
[2025-11-18T09:37:59.497+0000] {processor.py:183} INFO - Processing /opt/airflow/dags/warehouse_dag.py took 0.045 seconds
[2025-11-18T10:09:00.486+0000] {processor.py:161} INFO - Started process (PID=5995) to work on /opt/airflow/dags/warehouse_dag.py
[2025-11-18T10:09:00.487+0000] {processor.py:830} INFO - Processing file /opt/airflow/dags/warehouse_dag.py for tasks to queue
[2025-11-18T10:09:00.487+0000] {logging_mixin.py:188} INFO - [2025-11-18T10:09:00.487+0000] {dagbag.py:545} INFO - Filling up the DagBag from /opt/airflow/dags/warehouse_dag.py
[2025-11-18T10:09:00.497+0000] {processor.py:840} INFO - DAG(s) 'warehouse_daily' retrieved from /opt/airflow/dags/warehouse_dag.py
[2025-11-18T10:09:00.509+0000] {logging_mixin.py:188} INFO - [2025-11-18T10:09:00.509+0000] {dag.py:3089} INFO - Sync 1 DAGs
[2025-11-18T10:09:00.515+0000] {logging_mixin.py:188} INFO - [2025-11-18T10:09:00.515+0000] {dag.py:3947} INFO - Setting next_dagrun for warehouse_daily to 2025-11-18 06:00:00+00:00, run_after=2025-11-19 06:00:00+00:00
[2025-11-18T10:09:00.523+0000] {processor.py:183} INFO - Processing /opt/airflow/dags/warehouse_dag.py took 0.041 seconds
[2025-11-18T10:09:30.707+0000] {processor.py:161} INFO - Started process (PID=5996) to work on /opt/airflow/dags/warehouse_dag.py
[2025-11-18T10:09:30.708+0000] {processor.py:830} INFO - Processing file /opt/airflow/dags/warehouse_dag.py for tasks to queue
[2025-11-18T10:09:30.709+0000] {logging_mixin.py:188} INFO - [2025-11-18T10:09:30.709+0000] {dagbag.py:545} INFO - Filling up the DagBag from /opt/airflow/dags/warehouse_dag.py
[2025-11-18T10:09:30.719+0000] {processor.py:840} INFO - DAG(s) 'warehouse_daily' retrieved from /opt/airflow/dags/warehouse_dag.py
[2025-11-18T10:09:30.735+0000] {logging_mixin.py:188} INFO - [2025-11-18T10:09:30.735+0000] {dag.py:3089} INFO - Sync 1 DAGs
[2025-11-18T10:09:30.742+0000] {logging_mixin.py:188} INFO - [2025-11-18T10:09:30.742+0000] {dag.py:3947} INFO - Setting next_dagrun for warehouse_daily to 2025-11-18 06:00:00+00:00, run_after=2025-11-19 06:00:00+00:00
[2025-11-18T10:09:30.750+0000] {processor.py:183} INFO - Processing /opt/airflow/dags/warehouse_dag.py took 0.047 seconds
[2025-11-18T10:38:45.789+0000] {processor.py:161} INFO - Started process (PID=5997) to work on /opt/airflow/dags/warehouse_dag.py
[2025-11-18T10:38:45.790+0000] {processor.py:830} INFO - Processing file /opt/airflow/dags/warehouse_dag.py for tasks to queue
[2025-11-18T10:38:45.790+0000] {logging_mixin.py:188} INFO - [2025-11-18T10:38:45.790+0000] {dagbag.py:545} INFO - Filling up the DagBag from /opt/airflow/dags/warehouse_dag.py
[2025-11-18T10:38:45.800+0000] {processor.py:840} INFO - DAG(s) 'warehouse_daily' retrieved from /opt/airflow/dags/warehouse_dag.py
[2025-11-18T10:38:45.814+0000] {logging_mixin.py:188} INFO - [2025-11-18T10:38:45.814+0000] {dag.py:3089} INFO - Sync 1 DAGs
[2025-11-18T10:38:45.820+0000] {logging_mixin.py:188} INFO - [2025-11-18T10:38:45.820+0000] {dag.py:3947} INFO - Setting next_dagrun for warehouse_daily to 2025-11-18 06:00:00+00:00, run_after=2025-11-19 06:00:00+00:00
[2025-11-18T10:38:45.828+0000] {processor.py:183} INFO - Processing /opt/airflow/dags/warehouse_dag.py took 0.043 seconds
[2025-11-18T10:54:45.413+0000] {processor.py:161} INFO - Started process (PID=5998) to work on /opt/airflow/dags/warehouse_dag.py
[2025-11-18T10:54:45.414+0000] {processor.py:830} INFO - Processing file /opt/airflow/dags/warehouse_dag.py for tasks to queue
[2025-11-18T10:54:45.414+0000] {logging_mixin.py:188} INFO - [2025-11-18T10:54:45.414+0000] {dagbag.py:545} INFO - Filling up the DagBag from /opt/airflow/dags/warehouse_dag.py
[2025-11-18T10:54:45.421+0000] {processor.py:840} INFO - DAG(s) 'warehouse_daily' retrieved from /opt/airflow/dags/warehouse_dag.py
[2025-11-18T10:54:45.432+0000] {logging_mixin.py:188} INFO - [2025-11-18T10:54:45.432+0000] {dag.py:3089} INFO - Sync 1 DAGs
[2025-11-18T10:54:45.438+0000] {logging_mixin.py:188} INFO - [2025-11-18T10:54:45.438+0000] {dag.py:3947} INFO - Setting next_dagrun for warehouse_daily to 2025-11-18 06:00:00+00:00, run_after=2025-11-19 06:00:00+00:00
[2025-11-18T10:54:45.445+0000] {processor.py:183} INFO - Processing /opt/airflow/dags/warehouse_dag.py took 0.034 seconds
[2025-11-18T11:39:42.960+0000] {processor.py:161} INFO - Started process (PID=5999) to work on /opt/airflow/dags/warehouse_dag.py
[2025-11-18T11:39:42.961+0000] {processor.py:830} INFO - Processing file /opt/airflow/dags/warehouse_dag.py for tasks to queue
[2025-11-18T11:39:42.962+0000] {logging_mixin.py:188} INFO - [2025-11-18T11:39:42.961+0000] {dagbag.py:545} INFO - Filling up the DagBag from /opt/airflow/dags/warehouse_dag.py
[2025-11-18T11:39:42.972+0000] {processor.py:840} INFO - DAG(s) 'warehouse_daily' retrieved from /opt/airflow/dags/warehouse_dag.py
[2025-11-18T11:39:42.986+0000] {logging_mixin.py:188} INFO - [2025-11-18T11:39:42.986+0000] {dag.py:3089} INFO - Sync 1 DAGs
[2025-11-18T11:39:42.992+0000] {logging_mixin.py:188} INFO - [2025-11-18T11:39:42.992+0000] {dag.py:3947} INFO - Setting next_dagrun for warehouse_daily to 2025-11-18 06:00:00+00:00, run_after=2025-11-19 06:00:00+00:00
[2025-11-18T11:39:43.003+0000] {processor.py:183} INFO - Processing /opt/airflow/dags/warehouse_dag.py took 0.047 seconds
[2025-11-18T11:55:32.243+0000] {processor.py:161} INFO - Started process (PID=6000) to work on /opt/airflow/dags/warehouse_dag.py
[2025-11-18T11:55:32.244+0000] {processor.py:830} INFO - Processing file /opt/airflow/dags/warehouse_dag.py for tasks to queue
[2025-11-18T11:55:32.245+0000] {logging_mixin.py:188} INFO - [2025-11-18T11:55:32.245+0000] {dagbag.py:545} INFO - Filling up the DagBag from /opt/airflow/dags/warehouse_dag.py
[2025-11-18T11:55:32.254+0000] {processor.py:840} INFO - DAG(s) 'warehouse_daily' retrieved from /opt/airflow/dags/warehouse_dag.py
[2025-11-18T11:55:32.266+0000] {logging_mixin.py:188} INFO - [2025-11-18T11:55:32.266+0000] {dag.py:3089} INFO - Sync 1 DAGs
[2025-11-18T11:55:32.272+0000] {logging_mixin.py:188} INFO - [2025-11-18T11:55:32.272+0000] {dag.py:3947} INFO - Setting next_dagrun for warehouse_daily to 2025-11-18 06:00:00+00:00, run_after=2025-11-19 06:00:00+00:00
[2025-11-18T11:55:32.282+0000] {processor.py:183} INFO - Processing /opt/airflow/dags/warehouse_dag.py took 0.042 seconds
[2025-11-18T12:40:40.895+0000] {processor.py:161} INFO - Started process (PID=6001) to work on /opt/airflow/dags/warehouse_dag.py
[2025-11-18T12:40:40.895+0000] {processor.py:830} INFO - Processing file /opt/airflow/dags/warehouse_dag.py for tasks to queue
[2025-11-18T12:40:40.896+0000] {logging_mixin.py:188} INFO - [2025-11-18T12:40:40.896+0000] {dagbag.py:545} INFO - Filling up the DagBag from /opt/airflow/dags/warehouse_dag.py
[2025-11-18T12:40:40.904+0000] {processor.py:840} INFO - DAG(s) 'warehouse_daily' retrieved from /opt/airflow/dags/warehouse_dag.py
[2025-11-18T12:40:40.916+0000] {logging_mixin.py:188} INFO - [2025-11-18T12:40:40.916+0000] {dag.py:3089} INFO - Sync 1 DAGs
[2025-11-18T12:40:40.922+0000] {logging_mixin.py:188} INFO - [2025-11-18T12:40:40.922+0000] {dag.py:3947} INFO - Setting next_dagrun for warehouse_daily to 2025-11-18 06:00:00+00:00, run_after=2025-11-19 06:00:00+00:00
[2025-11-18T12:40:40.929+0000] {processor.py:183} INFO - Processing /opt/airflow/dags/warehouse_dag.py took 0.039 seconds
[2025-11-18T12:41:11.164+0000] {processor.py:161} INFO - Started process (PID=6002) to work on /opt/airflow/dags/warehouse_dag.py
[2025-11-18T12:41:11.165+0000] {processor.py:830} INFO - Processing file /opt/airflow/dags/warehouse_dag.py for tasks to queue
[2025-11-18T12:41:11.165+0000] {logging_mixin.py:188} INFO - [2025-11-18T12:41:11.165+0000] {dagbag.py:545} INFO - Filling up the DagBag from /opt/airflow/dags/warehouse_dag.py
[2025-11-18T12:41:11.176+0000] {processor.py:840} INFO - DAG(s) 'warehouse_daily' retrieved from /opt/airflow/dags/warehouse_dag.py
[2025-11-18T12:41:11.190+0000] {logging_mixin.py:188} INFO - [2025-11-18T12:41:11.190+0000] {dag.py:3089} INFO - Sync 1 DAGs
[2025-11-18T12:41:11.196+0000] {logging_mixin.py:188} INFO - [2025-11-18T12:41:11.196+0000] {dag.py:3947} INFO - Setting next_dagrun for warehouse_daily to 2025-11-18 06:00:00+00:00, run_after=2025-11-19 06:00:00+00:00
[2025-11-18T12:41:11.204+0000] {processor.py:183} INFO - Processing /opt/airflow/dags/warehouse_dag.py took 0.045 seconds
[2025-11-18T13:41:37.499+0000] {processor.py:161} INFO - Started process (PID=6003) to work on /opt/airflow/dags/warehouse_dag.py
[2025-11-18T13:41:37.500+0000] {processor.py:830} INFO - Processing file /opt/airflow/dags/warehouse_dag.py for tasks to queue
[2025-11-18T13:41:37.501+0000] {logging_mixin.py:188} INFO - [2025-11-18T13:41:37.501+0000] {dagbag.py:545} INFO - Filling up the DagBag from /opt/airflow/dags/warehouse_dag.py
[2025-11-18T13:41:37.511+0000] {processor.py:840} INFO - DAG(s) 'warehouse_daily' retrieved from /opt/airflow/dags/warehouse_dag.py
[2025-11-18T13:41:37.525+0000] {logging_mixin.py:188} INFO - [2025-11-18T13:41:37.525+0000] {dag.py:3089} INFO - Sync 1 DAGs
[2025-11-18T13:41:37.532+0000] {logging_mixin.py:188} INFO - [2025-11-18T13:41:37.532+0000] {dag.py:3947} INFO - Setting next_dagrun for warehouse_daily to 2025-11-18 06:00:00+00:00, run_after=2025-11-19 06:00:00+00:00
[2025-11-18T13:41:37.539+0000] {processor.py:183} INFO - Processing /opt/airflow/dags/warehouse_dag.py took 0.044 seconds
[2025-11-18T13:42:08.008+0000] {processor.py:161} INFO - Started process (PID=6004) to work on /opt/airflow/dags/warehouse_dag.py
[2025-11-18T13:42:08.009+0000] {processor.py:830} INFO - Processing file /opt/airflow/dags/warehouse_dag.py for tasks to queue
[2025-11-18T13:42:08.009+0000] {logging_mixin.py:188} INFO - [2025-11-18T13:42:08.009+0000] {dagbag.py:545} INFO - Filling up the DagBag from /opt/airflow/dags/warehouse_dag.py
[2025-11-18T13:42:08.018+0000] {processor.py:840} INFO - DAG(s) 'warehouse_daily' retrieved from /opt/airflow/dags/warehouse_dag.py
[2025-11-18T13:42:08.031+0000] {logging_mixin.py:188} INFO - [2025-11-18T13:42:08.031+0000] {dag.py:3089} INFO - Sync 1 DAGs
[2025-11-18T13:42:08.037+0000] {logging_mixin.py:188} INFO - [2025-11-18T13:42:08.037+0000] {dag.py:3947} INFO - Setting next_dagrun for warehouse_daily to 2025-11-18 06:00:00+00:00, run_after=2025-11-19 06:00:00+00:00
[2025-11-18T13:42:08.045+0000] {processor.py:183} INFO - Processing /opt/airflow/dags/warehouse_dag.py took 0.041 seconds
[2025-11-18T14:42:33.409+0000] {processor.py:161} INFO - Started process (PID=6005) to work on /opt/airflow/dags/warehouse_dag.py
[2025-11-18T14:42:33.410+0000] {processor.py:830} INFO - Processing file /opt/airflow/dags/warehouse_dag.py for tasks to queue
[2025-11-18T14:42:33.411+0000] {logging_mixin.py:188} INFO - [2025-11-18T14:42:33.411+0000] {dagbag.py:545} INFO - Filling up the DagBag from /opt/airflow/dags/warehouse_dag.py
[2025-11-18T14:42:33.420+0000] {processor.py:840} INFO - DAG(s) 'warehouse_daily' retrieved from /opt/airflow/dags/warehouse_dag.py
[2025-11-18T14:42:33.432+0000] {logging_mixin.py:188} INFO - [2025-11-18T14:42:33.432+0000] {dag.py:3089} INFO - Sync 1 DAGs
[2025-11-18T14:42:33.439+0000] {logging_mixin.py:188} INFO - [2025-11-18T14:42:33.439+0000] {dag.py:3947} INFO - Setting next_dagrun for warehouse_daily to 2025-11-18 06:00:00+00:00, run_after=2025-11-19 06:00:00+00:00
[2025-11-18T14:42:33.447+0000] {processor.py:183} INFO - Processing /opt/airflow/dags/warehouse_dag.py took 0.042 seconds
[2025-11-18T14:43:04.520+0000] {processor.py:161} INFO - Started process (PID=6006) to work on /opt/airflow/dags/warehouse_dag.py
[2025-11-18T14:43:04.520+0000] {processor.py:830} INFO - Processing file /opt/airflow/dags/warehouse_dag.py for tasks to queue
[2025-11-18T14:43:04.521+0000] {logging_mixin.py:188} INFO - [2025-11-18T14:43:04.521+0000] {dagbag.py:545} INFO - Filling up the DagBag from /opt/airflow/dags/warehouse_dag.py
[2025-11-18T14:43:04.527+0000] {processor.py:840} INFO - DAG(s) 'warehouse_daily' retrieved from /opt/airflow/dags/warehouse_dag.py
[2025-11-18T14:43:04.538+0000] {logging_mixin.py:188} INFO - [2025-11-18T14:43:04.538+0000] {dag.py:3089} INFO - Sync 1 DAGs
[2025-11-18T14:43:04.545+0000] {logging_mixin.py:188} INFO - [2025-11-18T14:43:04.545+0000] {dag.py:3947} INFO - Setting next_dagrun for warehouse_daily to 2025-11-18 06:00:00+00:00, run_after=2025-11-19 06:00:00+00:00
[2025-11-18T14:43:04.553+0000] {processor.py:183} INFO - Processing /opt/airflow/dags/warehouse_dag.py took 0.035 seconds
[2025-11-18T15:43:30.478+0000] {processor.py:161} INFO - Started process (PID=6007) to work on /opt/airflow/dags/warehouse_dag.py
[2025-11-18T15:43:30.479+0000] {processor.py:830} INFO - Processing file /opt/airflow/dags/warehouse_dag.py for tasks to queue
[2025-11-18T15:43:30.480+0000] {logging_mixin.py:188} INFO - [2025-11-18T15:43:30.480+0000] {dagbag.py:545} INFO - Filling up the DagBag from /opt/airflow/dags/warehouse_dag.py
[2025-11-18T15:43:30.490+0000] {processor.py:840} INFO - DAG(s) 'warehouse_daily' retrieved from /opt/airflow/dags/warehouse_dag.py
[2025-11-18T15:43:30.503+0000] {logging_mixin.py:188} INFO - [2025-11-18T15:43:30.503+0000] {dag.py:3089} INFO - Sync 1 DAGs
[2025-11-18T15:43:30.510+0000] {logging_mixin.py:188} INFO - [2025-11-18T15:43:30.510+0000] {dag.py:3947} INFO - Setting next_dagrun for warehouse_daily to 2025-11-18 06:00:00+00:00, run_after=2025-11-19 06:00:00+00:00
[2025-11-18T15:43:30.518+0000] {processor.py:183} INFO - Processing /opt/airflow/dags/warehouse_dag.py took 0.043 seconds
[2025-11-18T15:44:00.582+0000] {processor.py:161} INFO - Started process (PID=6008) to work on /opt/airflow/dags/warehouse_dag.py
[2025-11-18T15:44:00.582+0000] {processor.py:830} INFO - Processing file /opt/airflow/dags/warehouse_dag.py for tasks to queue
[2025-11-18T15:44:00.583+0000] {logging_mixin.py:188} INFO - [2025-11-18T15:44:00.583+0000] {dagbag.py:545} INFO - Filling up the DagBag from /opt/airflow/dags/warehouse_dag.py
[2025-11-18T15:44:00.589+0000] {processor.py:840} INFO - DAG(s) 'warehouse_daily' retrieved from /opt/airflow/dags/warehouse_dag.py
[2025-11-18T15:44:00.600+0000] {logging_mixin.py:188} INFO - [2025-11-18T15:44:00.600+0000] {dag.py:3089} INFO - Sync 1 DAGs
[2025-11-18T15:44:00.605+0000] {logging_mixin.py:188} INFO - [2025-11-18T15:44:00.605+0000] {dag.py:3947} INFO - Setting next_dagrun for warehouse_daily to 2025-11-18 06:00:00+00:00, run_after=2025-11-19 06:00:00+00:00
[2025-11-18T15:44:00.612+0000] {processor.py:183} INFO - Processing /opt/airflow/dags/warehouse_dag.py took 0.033 seconds
[2025-11-18T16:44:28.029+0000] {processor.py:161} INFO - Started process (PID=6009) to work on /opt/airflow/dags/warehouse_dag.py
[2025-11-18T16:44:28.030+0000] {processor.py:830} INFO - Processing file /opt/airflow/dags/warehouse_dag.py for tasks to queue
[2025-11-18T16:44:28.031+0000] {logging_mixin.py:188} INFO - [2025-11-18T16:44:28.031+0000] {dagbag.py:545} INFO - Filling up the DagBag from /opt/airflow/dags/warehouse_dag.py
[2025-11-18T16:44:28.040+0000] {processor.py:840} INFO - DAG(s) 'warehouse_daily' retrieved from /opt/airflow/dags/warehouse_dag.py
[2025-11-18T16:44:28.054+0000] {logging_mixin.py:188} INFO - [2025-11-18T16:44:28.054+0000] {dag.py:3089} INFO - Sync 1 DAGs
[2025-11-18T16:44:28.060+0000] {logging_mixin.py:188} INFO - [2025-11-18T16:44:28.060+0000] {dag.py:3947} INFO - Setting next_dagrun for warehouse_daily to 2025-11-18 06:00:00+00:00, run_after=2025-11-19 06:00:00+00:00
[2025-11-18T16:44:28.068+0000] {processor.py:183} INFO - Processing /opt/airflow/dags/warehouse_dag.py took 0.042 seconds
[2025-11-18T16:44:58.143+0000] {processor.py:161} INFO - Started process (PID=6010) to work on /opt/airflow/dags/warehouse_dag.py
[2025-11-18T16:44:58.143+0000] {processor.py:830} INFO - Processing file /opt/airflow/dags/warehouse_dag.py for tasks to queue
[2025-11-18T16:44:58.144+0000] {logging_mixin.py:188} INFO - [2025-11-18T16:44:58.144+0000] {dagbag.py:545} INFO - Filling up the DagBag from /opt/airflow/dags/warehouse_dag.py
[2025-11-18T16:44:58.154+0000] {processor.py:840} INFO - DAG(s) 'warehouse_daily' retrieved from /opt/airflow/dags/warehouse_dag.py
[2025-11-18T16:44:58.169+0000] {logging_mixin.py:188} INFO - [2025-11-18T16:44:58.168+0000] {dag.py:3089} INFO - Sync 1 DAGs
[2025-11-18T16:44:58.175+0000] {logging_mixin.py:188} INFO - [2025-11-18T16:44:58.175+0000] {dag.py:3947} INFO - Setting next_dagrun for warehouse_daily to 2025-11-18 06:00:00+00:00, run_after=2025-11-19 06:00:00+00:00
[2025-11-18T16:44:58.184+0000] {processor.py:183} INFO - Processing /opt/airflow/dags/warehouse_dag.py took 0.045 seconds
[2025-11-18T17:33:43.829+0000] {processor.py:161} INFO - Started process (PID=6011) to work on /opt/airflow/dags/warehouse_dag.py
[2025-11-18T17:33:43.829+0000] {processor.py:830} INFO - Processing file /opt/airflow/dags/warehouse_dag.py for tasks to queue
[2025-11-18T17:33:43.830+0000] {logging_mixin.py:188} INFO - [2025-11-18T17:33:43.829+0000] {dagbag.py:545} INFO - Filling up the DagBag from /opt/airflow/dags/warehouse_dag.py
[2025-11-18T17:33:43.835+0000] {processor.py:840} INFO - DAG(s) 'warehouse_daily' retrieved from /opt/airflow/dags/warehouse_dag.py
[2025-11-18T17:33:43.847+0000] {logging_mixin.py:188} INFO - [2025-11-18T17:33:43.847+0000] {dag.py:3089} INFO - Sync 1 DAGs
[2025-11-18T17:33:43.853+0000] {logging_mixin.py:188} INFO - [2025-11-18T17:33:43.853+0000] {dag.py:3947} INFO - Setting next_dagrun for warehouse_daily to 2025-11-18 06:00:00+00:00, run_after=2025-11-19 06:00:00+00:00
[2025-11-18T17:33:43.861+0000] {processor.py:183} INFO - Processing /opt/airflow/dags/warehouse_dag.py took 0.034 seconds
[2025-11-18T17:45:55.714+0000] {processor.py:161} INFO - Started process (PID=6012) to work on /opt/airflow/dags/warehouse_dag.py
[2025-11-18T17:45:55.715+0000] {processor.py:830} INFO - Processing file /opt/airflow/dags/warehouse_dag.py for tasks to queue
[2025-11-18T17:45:55.716+0000] {logging_mixin.py:188} INFO - [2025-11-18T17:45:55.716+0000] {dagbag.py:545} INFO - Filling up the DagBag from /opt/airflow/dags/warehouse_dag.py
[2025-11-18T17:45:55.725+0000] {processor.py:840} INFO - DAG(s) 'warehouse_daily' retrieved from /opt/airflow/dags/warehouse_dag.py
[2025-11-18T17:45:55.739+0000] {logging_mixin.py:188} INFO - [2025-11-18T17:45:55.739+0000] {dag.py:3089} INFO - Sync 1 DAGs
[2025-11-18T17:45:55.746+0000] {logging_mixin.py:188} INFO - [2025-11-18T17:45:55.746+0000] {dag.py:3947} INFO - Setting next_dagrun for warehouse_daily to 2025-11-18 06:00:00+00:00, run_after=2025-11-19 06:00:00+00:00
[2025-11-18T17:45:55.753+0000] {processor.py:183} INFO - Processing /opt/airflow/dags/warehouse_dag.py took 0.044 seconds
[2025-11-18T18:19:19.638+0000] {processor.py:161} INFO - Started process (PID=6013) to work on /opt/airflow/dags/warehouse_dag.py
[2025-11-18T18:19:19.639+0000] {processor.py:830} INFO - Processing file /opt/airflow/dags/warehouse_dag.py for tasks to queue
[2025-11-18T18:19:19.639+0000] {logging_mixin.py:188} INFO - [2025-11-18T18:19:19.639+0000] {dagbag.py:545} INFO - Filling up the DagBag from /opt/airflow/dags/warehouse_dag.py
[2025-11-18T18:19:19.646+0000] {processor.py:840} INFO - DAG(s) 'warehouse_daily' retrieved from /opt/airflow/dags/warehouse_dag.py
[2025-11-18T18:19:19.656+0000] {logging_mixin.py:188} INFO - [2025-11-18T18:19:19.656+0000] {dag.py:3089} INFO - Sync 1 DAGs
[2025-11-18T18:19:19.663+0000] {logging_mixin.py:188} INFO - [2025-11-18T18:19:19.663+0000] {dag.py:3947} INFO - Setting next_dagrun for warehouse_daily to 2025-11-18 06:00:00+00:00, run_after=2025-11-19 06:00:00+00:00
[2025-11-18T18:19:19.670+0000] {processor.py:183} INFO - Processing /opt/airflow/dags/warehouse_dag.py took 0.034 seconds
[2025-11-18T18:19:50.788+0000] {processor.py:161} INFO - Started process (PID=6014) to work on /opt/airflow/dags/warehouse_dag.py
[2025-11-18T18:19:50.789+0000] {processor.py:830} INFO - Processing file /opt/airflow/dags/warehouse_dag.py for tasks to queue
[2025-11-18T18:19:50.790+0000] {logging_mixin.py:188} INFO - [2025-11-18T18:19:50.789+0000] {dagbag.py:545} INFO - Filling up the DagBag from /opt/airflow/dags/warehouse_dag.py
[2025-11-18T18:19:50.801+0000] {processor.py:840} INFO - DAG(s) 'warehouse_daily' retrieved from /opt/airflow/dags/warehouse_dag.py
[2025-11-18T18:19:50.817+0000] {logging_mixin.py:188} INFO - [2025-11-18T18:19:50.816+0000] {dag.py:3089} INFO - Sync 1 DAGs
[2025-11-18T18:19:50.824+0000] {logging_mixin.py:188} INFO - [2025-11-18T18:19:50.824+0000] {dag.py:3947} INFO - Setting next_dagrun for warehouse_daily to 2025-11-18 06:00:00+00:00, run_after=2025-11-19 06:00:00+00:00
[2025-11-18T18:19:50.833+0000] {processor.py:183} INFO - Processing /opt/airflow/dags/warehouse_dag.py took 0.050 seconds
[2025-11-18T18:20:20.905+0000] {processor.py:161} INFO - Started process (PID=6015) to work on /opt/airflow/dags/warehouse_dag.py
[2025-11-18T18:20:20.906+0000] {processor.py:830} INFO - Processing file /opt/airflow/dags/warehouse_dag.py for tasks to queue
[2025-11-18T18:20:20.906+0000] {logging_mixin.py:188} INFO - [2025-11-18T18:20:20.906+0000] {dagbag.py:545} INFO - Filling up the DagBag from /opt/airflow/dags/warehouse_dag.py
[2025-11-18T18:20:20.917+0000] {processor.py:840} INFO - DAG(s) 'warehouse_daily' retrieved from /opt/airflow/dags/warehouse_dag.py
[2025-11-18T18:20:20.932+0000] {logging_mixin.py:188} INFO - [2025-11-18T18:20:20.932+0000] {dag.py:3089} INFO - Sync 1 DAGs
[2025-11-18T18:20:20.939+0000] {logging_mixin.py:188} INFO - [2025-11-18T18:20:20.939+0000] {dag.py:3947} INFO - Setting next_dagrun for warehouse_daily to 2025-11-18 06:00:00+00:00, run_after=2025-11-19 06:00:00+00:00
[2025-11-18T18:20:20.947+0000] {processor.py:183} INFO - Processing /opt/airflow/dags/warehouse_dag.py took 0.047 seconds
[2025-11-18T18:20:52.030+0000] {processor.py:161} INFO - Started process (PID=6016) to work on /opt/airflow/dags/warehouse_dag.py
[2025-11-18T18:20:52.032+0000] {processor.py:830} INFO - Processing file /opt/airflow/dags/warehouse_dag.py for tasks to queue
[2025-11-18T18:20:52.032+0000] {logging_mixin.py:188} INFO - [2025-11-18T18:20:52.032+0000] {dagbag.py:545} INFO - Filling up the DagBag from /opt/airflow/dags/warehouse_dag.py
[2025-11-18T18:20:52.043+0000] {processor.py:840} INFO - DAG(s) 'warehouse_daily' retrieved from /opt/airflow/dags/warehouse_dag.py
[2025-11-18T18:20:52.059+0000] {logging_mixin.py:188} INFO - [2025-11-18T18:20:52.059+0000] {dag.py:3089} INFO - Sync 1 DAGs
[2025-11-18T18:20:52.066+0000] {logging_mixin.py:188} INFO - [2025-11-18T18:20:52.066+0000] {dag.py:3947} INFO - Setting next_dagrun for warehouse_daily to 2025-11-18 06:00:00+00:00, run_after=2025-11-19 06:00:00+00:00
[2025-11-18T18:20:52.074+0000] {processor.py:183} INFO - Processing /opt/airflow/dags/warehouse_dag.py took 0.048 seconds
[2025-11-18T18:21:22.150+0000] {processor.py:161} INFO - Started process (PID=6017) to work on /opt/airflow/dags/warehouse_dag.py
[2025-11-18T18:21:22.151+0000] {processor.py:830} INFO - Processing file /opt/airflow/dags/warehouse_dag.py for tasks to queue
[2025-11-18T18:21:22.151+0000] {logging_mixin.py:188} INFO - [2025-11-18T18:21:22.151+0000] {dagbag.py:545} INFO - Filling up the DagBag from /opt/airflow/dags/warehouse_dag.py
[2025-11-18T18:21:22.161+0000] {processor.py:840} INFO - DAG(s) 'warehouse_daily' retrieved from /opt/airflow/dags/warehouse_dag.py
[2025-11-18T18:21:22.176+0000] {logging_mixin.py:188} INFO - [2025-11-18T18:21:22.176+0000] {dag.py:3089} INFO - Sync 1 DAGs
[2025-11-18T18:21:22.184+0000] {logging_mixin.py:188} INFO - [2025-11-18T18:21:22.184+0000] {dag.py:3947} INFO - Setting next_dagrun for warehouse_daily to 2025-11-18 06:00:00+00:00, run_after=2025-11-19 06:00:00+00:00
[2025-11-18T18:21:22.194+0000] {processor.py:183} INFO - Processing /opt/airflow/dags/warehouse_dag.py took 0.047 seconds
[2025-11-18T18:22:13.073+0000] {processor.py:161} INFO - Started process (PID=6018) to work on /opt/airflow/dags/warehouse_dag.py
[2025-11-18T18:22:13.074+0000] {processor.py:830} INFO - Processing file /opt/airflow/dags/warehouse_dag.py for tasks to queue
[2025-11-18T18:22:13.075+0000] {logging_mixin.py:188} INFO - [2025-11-18T18:22:13.074+0000] {dagbag.py:545} INFO - Filling up the DagBag from /opt/airflow/dags/warehouse_dag.py
[2025-11-18T18:22:13.085+0000] {processor.py:840} INFO - DAG(s) 'warehouse_daily' retrieved from /opt/airflow/dags/warehouse_dag.py
[2025-11-18T18:22:13.101+0000] {logging_mixin.py:188} INFO - [2025-11-18T18:22:13.101+0000] {dag.py:3089} INFO - Sync 1 DAGs
[2025-11-18T18:22:13.108+0000] {logging_mixin.py:188} INFO - [2025-11-18T18:22:13.108+0000] {dag.py:3947} INFO - Setting next_dagrun for warehouse_daily to 2025-11-18 06:00:00+00:00, run_after=2025-11-19 06:00:00+00:00
[2025-11-18T18:22:13.116+0000] {processor.py:183} INFO - Processing /opt/airflow/dags/warehouse_dag.py took 0.048 seconds
[2025-11-18T18:25:52.748+0000] {processor.py:161} INFO - Started process (PID=6019) to work on /opt/airflow/dags/warehouse_dag.py
[2025-11-18T18:25:52.749+0000] {processor.py:830} INFO - Processing file /opt/airflow/dags/warehouse_dag.py for tasks to queue
[2025-11-18T18:25:52.749+0000] {logging_mixin.py:188} INFO - [2025-11-18T18:25:52.749+0000] {dagbag.py:545} INFO - Filling up the DagBag from /opt/airflow/dags/warehouse_dag.py
[2025-11-18T18:25:52.755+0000] {processor.py:840} INFO - DAG(s) 'warehouse_daily' retrieved from /opt/airflow/dags/warehouse_dag.py
[2025-11-18T18:25:52.768+0000] {logging_mixin.py:188} INFO - [2025-11-18T18:25:52.768+0000] {dag.py:3089} INFO - Sync 1 DAGs
[2025-11-18T18:25:52.774+0000] {logging_mixin.py:188} INFO - [2025-11-18T18:25:52.774+0000] {dag.py:3947} INFO - Setting next_dagrun for warehouse_daily to 2025-11-18 06:00:00+00:00, run_after=2025-11-19 06:00:00+00:00
[2025-11-18T18:25:52.782+0000] {processor.py:183} INFO - Processing /opt/airflow/dags/warehouse_dag.py took 0.036 seconds
[2025-11-18T18:26:22.975+0000] {processor.py:161} INFO - Started process (PID=6020) to work on /opt/airflow/dags/warehouse_dag.py
[2025-11-18T18:26:22.975+0000] {processor.py:830} INFO - Processing file /opt/airflow/dags/warehouse_dag.py for tasks to queue
[2025-11-18T18:26:22.976+0000] {logging_mixin.py:188} INFO - [2025-11-18T18:26:22.976+0000] {dagbag.py:545} INFO - Filling up the DagBag from /opt/airflow/dags/warehouse_dag.py
[2025-11-18T18:26:22.984+0000] {processor.py:840} INFO - DAG(s) 'warehouse_daily' retrieved from /opt/airflow/dags/warehouse_dag.py
[2025-11-18T18:26:22.997+0000] {logging_mixin.py:188} INFO - [2025-11-18T18:26:22.997+0000] {dag.py:3089} INFO - Sync 1 DAGs
[2025-11-18T18:26:23.004+0000] {logging_mixin.py:188} INFO - [2025-11-18T18:26:23.004+0000] {dag.py:3947} INFO - Setting next_dagrun for warehouse_daily to 2025-11-18 06:00:00+00:00, run_after=2025-11-19 06:00:00+00:00
[2025-11-18T18:26:23.012+0000] {processor.py:183} INFO - Processing /opt/airflow/dags/warehouse_dag.py took 0.041 seconds
[2025-11-18T18:26:53.159+0000] {processor.py:161} INFO - Started process (PID=6021) to work on /opt/airflow/dags/warehouse_dag.py
[2025-11-18T18:26:53.159+0000] {processor.py:830} INFO - Processing file /opt/airflow/dags/warehouse_dag.py for tasks to queue
[2025-11-18T18:26:53.160+0000] {logging_mixin.py:188} INFO - [2025-11-18T18:26:53.159+0000] {dagbag.py:545} INFO - Filling up the DagBag from /opt/airflow/dags/warehouse_dag.py
[2025-11-18T18:26:53.167+0000] {processor.py:840} INFO - DAG(s) 'warehouse_daily' retrieved from /opt/airflow/dags/warehouse_dag.py
[2025-11-18T18:26:53.179+0000] {logging_mixin.py:188} INFO - [2025-11-18T18:26:53.179+0000] {dag.py:3089} INFO - Sync 1 DAGs
[2025-11-18T18:26:53.188+0000] {logging_mixin.py:188} INFO - [2025-11-18T18:26:53.187+0000] {dag.py:3947} INFO - Setting next_dagrun for warehouse_daily to 2025-11-18 06:00:00+00:00, run_after=2025-11-19 06:00:00+00:00
[2025-11-18T18:26:53.198+0000] {processor.py:183} INFO - Processing /opt/airflow/dags/warehouse_dag.py took 0.042 seconds
[2025-11-18T18:27:23.346+0000] {processor.py:161} INFO - Started process (PID=6022) to work on /opt/airflow/dags/warehouse_dag.py
[2025-11-18T18:27:23.347+0000] {processor.py:830} INFO - Processing file /opt/airflow/dags/warehouse_dag.py for tasks to queue
[2025-11-18T18:27:23.347+0000] {logging_mixin.py:188} INFO - [2025-11-18T18:27:23.347+0000] {dagbag.py:545} INFO - Filling up the DagBag from /opt/airflow/dags/warehouse_dag.py
[2025-11-18T18:27:23.354+0000] {processor.py:840} INFO - DAG(s) 'warehouse_daily' retrieved from /opt/airflow/dags/warehouse_dag.py
[2025-11-18T18:27:23.364+0000] {logging_mixin.py:188} INFO - [2025-11-18T18:27:23.364+0000] {dag.py:3089} INFO - Sync 1 DAGs
[2025-11-18T18:27:23.370+0000] {logging_mixin.py:188} INFO - [2025-11-18T18:27:23.370+0000] {dag.py:3947} INFO - Setting next_dagrun for warehouse_daily to 2025-11-18 06:00:00+00:00, run_after=2025-11-19 06:00:00+00:00
[2025-11-18T18:27:23.378+0000] {processor.py:183} INFO - Processing /opt/airflow/dags/warehouse_dag.py took 0.034 seconds
[2025-11-18T18:33:08.503+0000] {processor.py:161} INFO - Started process (PID=6023) to work on /opt/airflow/dags/warehouse_dag.py
[2025-11-18T18:33:08.503+0000] {processor.py:830} INFO - Processing file /opt/airflow/dags/warehouse_dag.py for tasks to queue
[2025-11-18T18:33:08.504+0000] {logging_mixin.py:188} INFO - [2025-11-18T18:33:08.504+0000] {dagbag.py:545} INFO - Filling up the DagBag from /opt/airflow/dags/warehouse_dag.py
[2025-11-18T18:33:08.510+0000] {processor.py:840} INFO - DAG(s) 'warehouse_daily' retrieved from /opt/airflow/dags/warehouse_dag.py
[2025-11-18T18:33:08.520+0000] {logging_mixin.py:188} INFO - [2025-11-18T18:33:08.520+0000] {dag.py:3089} INFO - Sync 1 DAGs
[2025-11-18T18:33:08.526+0000] {logging_mixin.py:188} INFO - [2025-11-18T18:33:08.526+0000] {dag.py:3947} INFO - Setting next_dagrun for warehouse_daily to 2025-11-18 06:00:00+00:00, run_after=2025-11-19 06:00:00+00:00
[2025-11-18T18:33:08.532+0000] {processor.py:183} INFO - Processing /opt/airflow/dags/warehouse_dag.py took 0.032 seconds
[2025-11-18T18:33:38.848+0000] {processor.py:161} INFO - Started process (PID=6024) to work on /opt/airflow/dags/warehouse_dag.py
[2025-11-18T18:33:38.848+0000] {processor.py:830} INFO - Processing file /opt/airflow/dags/warehouse_dag.py for tasks to queue
[2025-11-18T18:33:38.849+0000] {logging_mixin.py:188} INFO - [2025-11-18T18:33:38.849+0000] {dagbag.py:545} INFO - Filling up the DagBag from /opt/airflow/dags/warehouse_dag.py
[2025-11-18T18:33:38.856+0000] {processor.py:840} INFO - DAG(s) 'warehouse_daily' retrieved from /opt/airflow/dags/warehouse_dag.py
[2025-11-18T18:33:38.867+0000] {logging_mixin.py:188} INFO - [2025-11-18T18:33:38.867+0000] {dag.py:3089} INFO - Sync 1 DAGs
[2025-11-18T18:33:38.873+0000] {logging_mixin.py:188} INFO - [2025-11-18T18:33:38.873+0000] {dag.py:3947} INFO - Setting next_dagrun for warehouse_daily to 2025-11-18 06:00:00+00:00, run_after=2025-11-19 06:00:00+00:00
[2025-11-18T18:33:38.881+0000] {processor.py:183} INFO - Processing /opt/airflow/dags/warehouse_dag.py took 0.036 seconds
[2025-11-18T18:46:45.098+0000] {processor.py:161} INFO - Started process (PID=6025) to work on /opt/airflow/dags/warehouse_dag.py
[2025-11-18T18:46:45.099+0000] {processor.py:830} INFO - Processing file /opt/airflow/dags/warehouse_dag.py for tasks to queue
[2025-11-18T18:46:45.099+0000] {logging_mixin.py:188} INFO - [2025-11-18T18:46:45.099+0000] {dagbag.py:545} INFO - Filling up the DagBag from /opt/airflow/dags/warehouse_dag.py
[2025-11-18T18:46:45.107+0000] {processor.py:840} INFO - DAG(s) 'warehouse_daily' retrieved from /opt/airflow/dags/warehouse_dag.py
[2025-11-18T18:46:45.119+0000] {logging_mixin.py:188} INFO - [2025-11-18T18:46:45.118+0000] {dag.py:3089} INFO - Sync 1 DAGs
[2025-11-18T18:46:45.124+0000] {logging_mixin.py:188} INFO - [2025-11-18T18:46:45.124+0000] {dag.py:3947} INFO - Setting next_dagrun for warehouse_daily to 2025-11-18 06:00:00+00:00, run_after=2025-11-19 06:00:00+00:00
[2025-11-18T18:46:45.132+0000] {processor.py:183} INFO - Processing /opt/airflow/dags/warehouse_dag.py took 0.036 seconds
[2025-11-18T19:05:09.289+0000] {processor.py:161} INFO - Started process (PID=6026) to work on /opt/airflow/dags/warehouse_dag.py
[2025-11-18T19:05:09.289+0000] {processor.py:830} INFO - Processing file /opt/airflow/dags/warehouse_dag.py for tasks to queue
[2025-11-18T19:05:09.290+0000] {logging_mixin.py:188} INFO - [2025-11-18T19:05:09.290+0000] {dagbag.py:545} INFO - Filling up the DagBag from /opt/airflow/dags/warehouse_dag.py
[2025-11-18T19:05:09.296+0000] {processor.py:840} INFO - DAG(s) 'warehouse_daily' retrieved from /opt/airflow/dags/warehouse_dag.py
[2025-11-18T19:05:09.308+0000] {logging_mixin.py:188} INFO - [2025-11-18T19:05:09.307+0000] {dag.py:3089} INFO - Sync 1 DAGs
[2025-11-18T19:05:09.314+0000] {logging_mixin.py:188} INFO - [2025-11-18T19:05:09.314+0000] {dag.py:3947} INFO - Setting next_dagrun for warehouse_daily to 2025-11-18 06:00:00+00:00, run_after=2025-11-19 06:00:00+00:00
[2025-11-18T19:05:09.321+0000] {processor.py:183} INFO - Processing /opt/airflow/dags/warehouse_dag.py took 0.035 seconds
[2025-11-18T19:08:20.414+0000] {processor.py:161} INFO - Started process (PID=6027) to work on /opt/airflow/dags/warehouse_dag.py
[2025-11-18T19:08:20.415+0000] {processor.py:830} INFO - Processing file /opt/airflow/dags/warehouse_dag.py for tasks to queue
[2025-11-18T19:08:20.416+0000] {logging_mixin.py:188} INFO - [2025-11-18T19:08:20.415+0000] {dagbag.py:545} INFO - Filling up the DagBag from /opt/airflow/dags/warehouse_dag.py
[2025-11-18T19:08:20.425+0000] {processor.py:840} INFO - DAG(s) 'warehouse_daily' retrieved from /opt/airflow/dags/warehouse_dag.py
[2025-11-18T19:08:20.442+0000] {logging_mixin.py:188} INFO - [2025-11-18T19:08:20.442+0000] {dag.py:3089} INFO - Sync 1 DAGs
[2025-11-18T19:08:20.449+0000] {logging_mixin.py:188} INFO - [2025-11-18T19:08:20.449+0000] {dag.py:3947} INFO - Setting next_dagrun for warehouse_daily to 2025-11-18 06:00:00+00:00, run_after=2025-11-19 06:00:00+00:00
[2025-11-18T19:08:20.457+0000] {processor.py:183} INFO - Processing /opt/airflow/dags/warehouse_dag.py took 0.048 seconds
[2025-11-18T19:09:26.197+0000] {processor.py:161} INFO - Started process (PID=6028) to work on /opt/airflow/dags/warehouse_dag.py
[2025-11-18T19:09:26.198+0000] {processor.py:830} INFO - Processing file /opt/airflow/dags/warehouse_dag.py for tasks to queue
[2025-11-18T19:09:26.199+0000] {logging_mixin.py:188} INFO - [2025-11-18T19:09:26.198+0000] {dagbag.py:545} INFO - Filling up the DagBag from /opt/airflow/dags/warehouse_dag.py
[2025-11-18T19:09:26.209+0000] {processor.py:840} INFO - DAG(s) 'warehouse_daily' retrieved from /opt/airflow/dags/warehouse_dag.py
[2025-11-18T19:09:26.224+0000] {logging_mixin.py:188} INFO - [2025-11-18T19:09:26.224+0000] {dag.py:3089} INFO - Sync 1 DAGs
[2025-11-18T19:09:26.230+0000] {logging_mixin.py:188} INFO - [2025-11-18T19:09:26.230+0000] {dag.py:3947} INFO - Setting next_dagrun for warehouse_daily to 2025-11-18 06:00:00+00:00, run_after=2025-11-19 06:00:00+00:00
[2025-11-18T19:09:26.238+0000] {processor.py:183} INFO - Processing /opt/airflow/dags/warehouse_dag.py took 0.045 seconds
[2025-11-18T19:09:56.460+0000] {processor.py:161} INFO - Started process (PID=6029) to work on /opt/airflow/dags/warehouse_dag.py
[2025-11-18T19:09:56.461+0000] {processor.py:830} INFO - Processing file /opt/airflow/dags/warehouse_dag.py for tasks to queue
[2025-11-18T19:09:56.462+0000] {logging_mixin.py:188} INFO - [2025-11-18T19:09:56.462+0000] {dagbag.py:545} INFO - Filling up the DagBag from /opt/airflow/dags/warehouse_dag.py
[2025-11-18T19:09:56.473+0000] {processor.py:840} INFO - DAG(s) 'warehouse_daily' retrieved from /opt/airflow/dags/warehouse_dag.py
[2025-11-18T19:09:56.488+0000] {logging_mixin.py:188} INFO - [2025-11-18T19:09:56.487+0000] {dag.py:3089} INFO - Sync 1 DAGs
[2025-11-18T19:09:56.494+0000] {logging_mixin.py:188} INFO - [2025-11-18T19:09:56.494+0000] {dag.py:3947} INFO - Setting next_dagrun for warehouse_daily to 2025-11-18 06:00:00+00:00, run_after=2025-11-19 06:00:00+00:00
[2025-11-18T19:09:56.503+0000] {processor.py:183} INFO - Processing /opt/airflow/dags/warehouse_dag.py took 0.048 seconds
[2025-11-18T19:10:30.956+0000] {processor.py:161} INFO - Started process (PID=6030) to work on /opt/airflow/dags/warehouse_dag.py
[2025-11-18T19:10:30.957+0000] {processor.py:830} INFO - Processing file /opt/airflow/dags/warehouse_dag.py for tasks to queue
[2025-11-18T19:10:30.957+0000] {logging_mixin.py:188} INFO - [2025-11-18T19:10:30.957+0000] {dagbag.py:545} INFO - Filling up the DagBag from /opt/airflow/dags/warehouse_dag.py
[2025-11-18T19:10:30.964+0000] {processor.py:840} INFO - DAG(s) 'warehouse_daily' retrieved from /opt/airflow/dags/warehouse_dag.py
[2025-11-18T19:10:30.976+0000] {logging_mixin.py:188} INFO - [2025-11-18T19:10:30.976+0000] {dag.py:3089} INFO - Sync 1 DAGs
[2025-11-18T19:10:30.983+0000] {logging_mixin.py:188} INFO - [2025-11-18T19:10:30.983+0000] {dag.py:3947} INFO - Setting next_dagrun for warehouse_daily to 2025-11-18 06:00:00+00:00, run_after=2025-11-19 06:00:00+00:00
[2025-11-18T19:10:30.991+0000] {processor.py:183} INFO - Processing /opt/airflow/dags/warehouse_dag.py took 0.037 seconds
[2025-11-18T19:12:00.656+0000] {processor.py:161} INFO - Started process (PID=6031) to work on /opt/airflow/dags/warehouse_dag.py
[2025-11-18T19:12:00.657+0000] {processor.py:830} INFO - Processing file /opt/airflow/dags/warehouse_dag.py for tasks to queue
[2025-11-18T19:12:00.657+0000] {logging_mixin.py:188} INFO - [2025-11-18T19:12:00.657+0000] {dagbag.py:545} INFO - Filling up the DagBag from /opt/airflow/dags/warehouse_dag.py
[2025-11-18T19:12:00.664+0000] {processor.py:840} INFO - DAG(s) 'warehouse_daily' retrieved from /opt/airflow/dags/warehouse_dag.py
[2025-11-18T19:12:00.676+0000] {logging_mixin.py:188} INFO - [2025-11-18T19:12:00.675+0000] {dag.py:3089} INFO - Sync 1 DAGs
[2025-11-18T19:12:00.683+0000] {logging_mixin.py:188} INFO - [2025-11-18T19:12:00.682+0000] {dag.py:3947} INFO - Setting next_dagrun for warehouse_daily to 2025-11-18 06:00:00+00:00, run_after=2025-11-19 06:00:00+00:00
[2025-11-18T19:12:00.690+0000] {processor.py:183} INFO - Processing /opt/airflow/dags/warehouse_dag.py took 0.036 seconds
[2025-11-18T19:12:30.904+0000] {processor.py:161} INFO - Started process (PID=6032) to work on /opt/airflow/dags/warehouse_dag.py
[2025-11-18T19:12:30.905+0000] {processor.py:830} INFO - Processing file /opt/airflow/dags/warehouse_dag.py for tasks to queue
[2025-11-18T19:12:30.906+0000] {logging_mixin.py:188} INFO - [2025-11-18T19:12:30.906+0000] {dagbag.py:545} INFO - Filling up the DagBag from /opt/airflow/dags/warehouse_dag.py
[2025-11-18T19:12:30.915+0000] {processor.py:840} INFO - DAG(s) 'warehouse_daily' retrieved from /opt/airflow/dags/warehouse_dag.py
[2025-11-18T19:12:30.928+0000] {logging_mixin.py:188} INFO - [2025-11-18T19:12:30.928+0000] {dag.py:3089} INFO - Sync 1 DAGs
[2025-11-18T19:12:30.935+0000] {logging_mixin.py:188} INFO - [2025-11-18T19:12:30.935+0000] {dag.py:3947} INFO - Setting next_dagrun for warehouse_daily to 2025-11-18 06:00:00+00:00, run_after=2025-11-19 06:00:00+00:00
[2025-11-18T19:12:30.943+0000] {processor.py:183} INFO - Processing /opt/airflow/dags/warehouse_dag.py took 0.043 seconds
[2025-11-18T19:29:50.417+0000] {processor.py:161} INFO - Started process (PID=6033) to work on /opt/airflow/dags/warehouse_dag.py
[2025-11-18T19:29:50.418+0000] {processor.py:830} INFO - Processing file /opt/airflow/dags/warehouse_dag.py for tasks to queue
[2025-11-18T19:29:50.418+0000] {logging_mixin.py:188} INFO - [2025-11-18T19:29:50.418+0000] {dagbag.py:545} INFO - Filling up the DagBag from /opt/airflow/dags/warehouse_dag.py
[2025-11-18T19:29:50.425+0000] {processor.py:840} INFO - DAG(s) 'warehouse_daily' retrieved from /opt/airflow/dags/warehouse_dag.py
[2025-11-18T19:29:50.436+0000] {logging_mixin.py:188} INFO - [2025-11-18T19:29:50.436+0000] {dag.py:3089} INFO - Sync 1 DAGs
[2025-11-18T19:29:50.442+0000] {logging_mixin.py:188} INFO - [2025-11-18T19:29:50.442+0000] {dag.py:3947} INFO - Setting next_dagrun for warehouse_daily to 2025-11-18 06:00:00+00:00, run_after=2025-11-19 06:00:00+00:00
[2025-11-18T19:29:50.449+0000] {processor.py:183} INFO - Processing /opt/airflow/dags/warehouse_dag.py took 0.034 seconds
[2025-11-18T19:42:04.498+0000] {processor.py:161} INFO - Started process (PID=6034) to work on /opt/airflow/dags/warehouse_dag.py
[2025-11-18T19:42:04.499+0000] {processor.py:830} INFO - Processing file /opt/airflow/dags/warehouse_dag.py for tasks to queue
[2025-11-18T19:42:04.499+0000] {logging_mixin.py:188} INFO - [2025-11-18T19:42:04.499+0000] {dagbag.py:545} INFO - Filling up the DagBag from /opt/airflow/dags/warehouse_dag.py
[2025-11-18T19:42:04.505+0000] {processor.py:840} INFO - DAG(s) 'warehouse_daily' retrieved from /opt/airflow/dags/warehouse_dag.py
[2025-11-18T19:42:04.516+0000] {logging_mixin.py:188} INFO - [2025-11-18T19:42:04.516+0000] {dag.py:3089} INFO - Sync 1 DAGs
[2025-11-18T19:42:04.522+0000] {logging_mixin.py:188} INFO - [2025-11-18T19:42:04.522+0000] {dag.py:3947} INFO - Setting next_dagrun for warehouse_daily to 2025-11-18 06:00:00+00:00, run_after=2025-11-19 06:00:00+00:00
[2025-11-18T19:42:04.529+0000] {processor.py:183} INFO - Processing /opt/airflow/dags/warehouse_dag.py took 0.033 seconds
[2025-11-18T19:42:34.694+0000] {processor.py:161} INFO - Started process (PID=6035) to work on /opt/airflow/dags/warehouse_dag.py
[2025-11-18T19:42:34.695+0000] {processor.py:830} INFO - Processing file /opt/airflow/dags/warehouse_dag.py for tasks to queue
[2025-11-18T19:42:34.696+0000] {logging_mixin.py:188} INFO - [2025-11-18T19:42:34.696+0000] {dagbag.py:545} INFO - Filling up the DagBag from /opt/airflow/dags/warehouse_dag.py
[2025-11-18T19:42:34.709+0000] {processor.py:840} INFO - DAG(s) 'warehouse_daily' retrieved from /opt/airflow/dags/warehouse_dag.py
[2025-11-18T19:42:34.723+0000] {logging_mixin.py:188} INFO - [2025-11-18T19:42:34.723+0000] {dag.py:3089} INFO - Sync 1 DAGs
[2025-11-18T19:42:34.841+0000] {logging_mixin.py:188} INFO - [2025-11-18T19:42:34.840+0000] {dag.py:3947} INFO - Setting next_dagrun for warehouse_daily to 2025-11-18 06:00:00+00:00, run_after=2025-11-19 06:00:00+00:00
[2025-11-18T19:42:34.995+0000] {processor.py:183} INFO - Processing /opt/airflow/dags/warehouse_dag.py took 0.304 seconds
[2025-11-18T19:47:06.194+0000] {processor.py:161} INFO - Started process (PID=6036) to work on /opt/airflow/dags/warehouse_dag.py
[2025-11-18T19:47:06.194+0000] {processor.py:830} INFO - Processing file /opt/airflow/dags/warehouse_dag.py for tasks to queue
[2025-11-18T19:47:06.195+0000] {logging_mixin.py:188} INFO - [2025-11-18T19:47:06.195+0000] {dagbag.py:545} INFO - Filling up the DagBag from /opt/airflow/dags/warehouse_dag.py
[2025-11-18T19:47:06.201+0000] {processor.py:840} INFO - DAG(s) 'warehouse_daily' retrieved from /opt/airflow/dags/warehouse_dag.py
[2025-11-18T19:47:06.212+0000] {logging_mixin.py:188} INFO - [2025-11-18T19:47:06.212+0000] {dag.py:3089} INFO - Sync 1 DAGs
[2025-11-18T19:47:06.218+0000] {logging_mixin.py:188} INFO - [2025-11-18T19:47:06.218+0000] {dag.py:3947} INFO - Setting next_dagrun for warehouse_daily to 2025-11-18 06:00:00+00:00, run_after=2025-11-19 06:00:00+00:00
[2025-11-18T19:47:06.225+0000] {processor.py:183} INFO - Processing /opt/airflow/dags/warehouse_dag.py took 0.033 seconds
[2025-11-18T19:55:06.767+0000] {processor.py:161} INFO - Started process (PID=6037) to work on /opt/airflow/dags/warehouse_dag.py
[2025-11-18T19:55:06.767+0000] {processor.py:830} INFO - Processing file /opt/airflow/dags/warehouse_dag.py for tasks to queue
[2025-11-18T19:55:06.768+0000] {logging_mixin.py:188} INFO - [2025-11-18T19:55:06.768+0000] {dagbag.py:545} INFO - Filling up the DagBag from /opt/airflow/dags/warehouse_dag.py
[2025-11-18T19:55:06.776+0000] {processor.py:840} INFO - DAG(s) 'warehouse_daily' retrieved from /opt/airflow/dags/warehouse_dag.py
[2025-11-18T19:55:06.788+0000] {logging_mixin.py:188} INFO - [2025-11-18T19:55:06.788+0000] {dag.py:3089} INFO - Sync 1 DAGs
[2025-11-18T19:55:06.795+0000] {logging_mixin.py:188} INFO - [2025-11-18T19:55:06.795+0000] {dag.py:3947} INFO - Setting next_dagrun for warehouse_daily to 2025-11-18 06:00:00+00:00, run_after=2025-11-19 06:00:00+00:00
[2025-11-18T19:55:06.803+0000] {processor.py:183} INFO - Processing /opt/airflow/dags/warehouse_dag.py took 0.040 seconds
[2025-11-18T19:55:37.013+0000] {processor.py:161} INFO - Started process (PID=6038) to work on /opt/airflow/dags/warehouse_dag.py
[2025-11-18T19:55:37.014+0000] {processor.py:830} INFO - Processing file /opt/airflow/dags/warehouse_dag.py for tasks to queue
[2025-11-18T19:55:37.015+0000] {logging_mixin.py:188} INFO - [2025-11-18T19:55:37.015+0000] {dagbag.py:545} INFO - Filling up the DagBag from /opt/airflow/dags/warehouse_dag.py
[2025-11-18T19:55:37.025+0000] {processor.py:840} INFO - DAG(s) 'warehouse_daily' retrieved from /opt/airflow/dags/warehouse_dag.py
[2025-11-18T19:55:37.040+0000] {logging_mixin.py:188} INFO - [2025-11-18T19:55:37.040+0000] {dag.py:3089} INFO - Sync 1 DAGs
[2025-11-18T19:55:37.048+0000] {logging_mixin.py:188} INFO - [2025-11-18T19:55:37.047+0000] {dag.py:3947} INFO - Setting next_dagrun for warehouse_daily to 2025-11-18 06:00:00+00:00, run_after=2025-11-19 06:00:00+00:00
[2025-11-18T19:55:37.056+0000] {processor.py:183} INFO - Processing /opt/airflow/dags/warehouse_dag.py took 0.047 seconds
[2025-11-18T19:56:43.789+0000] {processor.py:161} INFO - Started process (PID=6039) to work on /opt/airflow/dags/warehouse_dag.py
[2025-11-18T19:56:43.789+0000] {processor.py:830} INFO - Processing file /opt/airflow/dags/warehouse_dag.py for tasks to queue
[2025-11-18T19:56:43.790+0000] {logging_mixin.py:188} INFO - [2025-11-18T19:56:43.790+0000] {dagbag.py:545} INFO - Filling up the DagBag from /opt/airflow/dags/warehouse_dag.py
[2025-11-18T19:56:43.797+0000] {processor.py:840} INFO - DAG(s) 'warehouse_daily' retrieved from /opt/airflow/dags/warehouse_dag.py
[2025-11-18T19:56:43.810+0000] {logging_mixin.py:188} INFO - [2025-11-18T19:56:43.809+0000] {dag.py:3089} INFO - Sync 1 DAGs
[2025-11-18T19:56:43.816+0000] {logging_mixin.py:188} INFO - [2025-11-18T19:56:43.816+0000] {dag.py:3947} INFO - Setting next_dagrun for warehouse_daily to 2025-11-18 06:00:00+00:00, run_after=2025-11-19 06:00:00+00:00
[2025-11-18T19:56:43.824+0000] {processor.py:183} INFO - Processing /opt/airflow/dags/warehouse_dag.py took 0.038 seconds
[2025-11-18T20:30:23.426+0000] {processor.py:161} INFO - Started process (PID=6040) to work on /opt/airflow/dags/warehouse_dag.py
[2025-11-18T20:30:23.427+0000] {processor.py:830} INFO - Processing file /opt/airflow/dags/warehouse_dag.py for tasks to queue
[2025-11-18T20:30:23.427+0000] {logging_mixin.py:188} INFO - [2025-11-18T20:30:23.427+0000] {dagbag.py:545} INFO - Filling up the DagBag from /opt/airflow/dags/warehouse_dag.py
[2025-11-18T20:30:23.434+0000] {processor.py:840} INFO - DAG(s) 'warehouse_daily' retrieved from /opt/airflow/dags/warehouse_dag.py
[2025-11-18T20:30:23.446+0000] {logging_mixin.py:188} INFO - [2025-11-18T20:30:23.446+0000] {dag.py:3089} INFO - Sync 1 DAGs
[2025-11-18T20:30:23.452+0000] {logging_mixin.py:188} INFO - [2025-11-18T20:30:23.452+0000] {dag.py:3947} INFO - Setting next_dagrun for warehouse_daily to 2025-11-18 06:00:00+00:00, run_after=2025-11-19 06:00:00+00:00
[2025-11-18T20:30:23.459+0000] {processor.py:183} INFO - Processing /opt/airflow/dags/warehouse_dag.py took 0.036 seconds
[2025-11-18T20:48:18.502+0000] {processor.py:161} INFO - Started process (PID=6041) to work on /opt/airflow/dags/warehouse_dag.py
[2025-11-18T20:48:18.503+0000] {processor.py:830} INFO - Processing file /opt/airflow/dags/warehouse_dag.py for tasks to queue
[2025-11-18T20:48:18.503+0000] {logging_mixin.py:188} INFO - [2025-11-18T20:48:18.503+0000] {dagbag.py:545} INFO - Filling up the DagBag from /opt/airflow/dags/warehouse_dag.py
[2025-11-18T20:48:18.510+0000] {processor.py:840} INFO - DAG(s) 'warehouse_daily' retrieved from /opt/airflow/dags/warehouse_dag.py
[2025-11-18T20:48:18.523+0000] {logging_mixin.py:188} INFO - [2025-11-18T20:48:18.523+0000] {dag.py:3089} INFO - Sync 1 DAGs
[2025-11-18T20:48:18.530+0000] {logging_mixin.py:188} INFO - [2025-11-18T20:48:18.530+0000] {dag.py:3947} INFO - Setting next_dagrun for warehouse_daily to 2025-11-18 06:00:00+00:00, run_after=2025-11-19 06:00:00+00:00
[2025-11-18T20:48:18.537+0000] {processor.py:183} INFO - Processing /opt/airflow/dags/warehouse_dag.py took 0.038 seconds
[2025-11-18T21:41:13.058+0000] {processor.py:161} INFO - Started process (PID=6042) to work on /opt/airflow/dags/warehouse_dag.py
[2025-11-18T21:41:13.059+0000] {processor.py:830} INFO - Processing file /opt/airflow/dags/warehouse_dag.py for tasks to queue
[2025-11-18T21:41:13.059+0000] {logging_mixin.py:188} INFO - [2025-11-18T21:41:13.059+0000] {dagbag.py:545} INFO - Filling up the DagBag from /opt/airflow/dags/warehouse_dag.py
[2025-11-18T21:41:13.065+0000] {processor.py:840} INFO - DAG(s) 'warehouse_daily' retrieved from /opt/airflow/dags/warehouse_dag.py
[2025-11-18T21:41:13.076+0000] {logging_mixin.py:188} INFO - [2025-11-18T21:41:13.076+0000] {dag.py:3089} INFO - Sync 1 DAGs
[2025-11-18T21:41:13.081+0000] {logging_mixin.py:188} INFO - [2025-11-18T21:41:13.081+0000] {dag.py:3947} INFO - Setting next_dagrun for warehouse_daily to 2025-11-18 06:00:00+00:00, run_after=2025-11-19 06:00:00+00:00
[2025-11-18T21:41:13.088+0000] {processor.py:183} INFO - Processing /opt/airflow/dags/warehouse_dag.py took 0.032 seconds
[2025-11-18T21:42:07.021+0000] {processor.py:161} INFO - Started process (PID=6043) to work on /opt/airflow/dags/warehouse_dag.py
[2025-11-18T21:42:07.021+0000] {processor.py:830} INFO - Processing file /opt/airflow/dags/warehouse_dag.py for tasks to queue
[2025-11-18T21:42:07.022+0000] {logging_mixin.py:188} INFO - [2025-11-18T21:42:07.021+0000] {dagbag.py:545} INFO - Filling up the DagBag from /opt/airflow/dags/warehouse_dag.py
[2025-11-18T21:42:07.028+0000] {processor.py:840} INFO - DAG(s) 'warehouse_daily' retrieved from /opt/airflow/dags/warehouse_dag.py
[2025-11-18T21:42:07.040+0000] {logging_mixin.py:188} INFO - [2025-11-18T21:42:07.040+0000] {dag.py:3089} INFO - Sync 1 DAGs
[2025-11-18T21:42:07.046+0000] {logging_mixin.py:188} INFO - [2025-11-18T21:42:07.046+0000] {dag.py:3947} INFO - Setting next_dagrun for warehouse_daily to 2025-11-18 06:00:00+00:00, run_after=2025-11-19 06:00:00+00:00
[2025-11-18T21:42:07.055+0000] {processor.py:183} INFO - Processing /opt/airflow/dags/warehouse_dag.py took 0.037 seconds
[2025-11-18T21:42:37.263+0000] {processor.py:161} INFO - Started process (PID=6044) to work on /opt/airflow/dags/warehouse_dag.py
[2025-11-18T21:42:37.263+0000] {processor.py:830} INFO - Processing file /opt/airflow/dags/warehouse_dag.py for tasks to queue
[2025-11-18T21:42:37.264+0000] {logging_mixin.py:188} INFO - [2025-11-18T21:42:37.264+0000] {dagbag.py:545} INFO - Filling up the DagBag from /opt/airflow/dags/warehouse_dag.py
[2025-11-18T21:42:37.274+0000] {processor.py:840} INFO - DAG(s) 'warehouse_daily' retrieved from /opt/airflow/dags/warehouse_dag.py
[2025-11-18T21:42:37.288+0000] {logging_mixin.py:188} INFO - [2025-11-18T21:42:37.288+0000] {dag.py:3089} INFO - Sync 1 DAGs
[2025-11-18T21:42:37.295+0000] {logging_mixin.py:188} INFO - [2025-11-18T21:42:37.295+0000] {dag.py:3947} INFO - Setting next_dagrun for warehouse_daily to 2025-11-18 06:00:00+00:00, run_after=2025-11-19 06:00:00+00:00
[2025-11-18T21:42:37.303+0000] {processor.py:183} INFO - Processing /opt/airflow/dags/warehouse_dag.py took 0.043 seconds
[2025-11-18T22:44:01.609+0000] {processor.py:161} INFO - Started process (PID=6045) to work on /opt/airflow/dags/warehouse_dag.py
[2025-11-18T22:44:01.610+0000] {processor.py:830} INFO - Processing file /opt/airflow/dags/warehouse_dag.py for tasks to queue
[2025-11-18T22:44:01.610+0000] {logging_mixin.py:188} INFO - [2025-11-18T22:44:01.610+0000] {dagbag.py:545} INFO - Filling up the DagBag from /opt/airflow/dags/warehouse_dag.py
[2025-11-18T22:44:01.618+0000] {processor.py:840} INFO - DAG(s) 'warehouse_daily' retrieved from /opt/airflow/dags/warehouse_dag.py
[2025-11-18T22:44:01.632+0000] {logging_mixin.py:188} INFO - [2025-11-18T22:44:01.632+0000] {dag.py:3089} INFO - Sync 1 DAGs
[2025-11-18T22:44:01.639+0000] {logging_mixin.py:188} INFO - [2025-11-18T22:44:01.639+0000] {dag.py:3947} INFO - Setting next_dagrun for warehouse_daily to 2025-11-18 06:00:00+00:00, run_after=2025-11-19 06:00:00+00:00
[2025-11-18T22:44:01.646+0000] {processor.py:183} INFO - Processing /opt/airflow/dags/warehouse_dag.py took 0.040 seconds
[2025-11-18T22:44:31.889+0000] {processor.py:161} INFO - Started process (PID=6046) to work on /opt/airflow/dags/warehouse_dag.py
[2025-11-18T22:44:31.890+0000] {processor.py:830} INFO - Processing file /opt/airflow/dags/warehouse_dag.py for tasks to queue
[2025-11-18T22:44:31.891+0000] {logging_mixin.py:188} INFO - [2025-11-18T22:44:31.890+0000] {dagbag.py:545} INFO - Filling up the DagBag from /opt/airflow/dags/warehouse_dag.py
[2025-11-18T22:44:31.900+0000] {processor.py:840} INFO - DAG(s) 'warehouse_daily' retrieved from /opt/airflow/dags/warehouse_dag.py
[2025-11-18T22:44:31.912+0000] {logging_mixin.py:188} INFO - [2025-11-18T22:44:31.912+0000] {dag.py:3089} INFO - Sync 1 DAGs
[2025-11-18T22:44:31.919+0000] {logging_mixin.py:188} INFO - [2025-11-18T22:44:31.918+0000] {dag.py:3947} INFO - Setting next_dagrun for warehouse_daily to 2025-11-18 06:00:00+00:00, run_after=2025-11-19 06:00:00+00:00
[2025-11-18T22:44:31.926+0000] {processor.py:183} INFO - Processing /opt/airflow/dags/warehouse_dag.py took 0.042 seconds
[2025-11-18T23:24:36.347+0000] {processor.py:161} INFO - Started process (PID=6047) to work on /opt/airflow/dags/warehouse_dag.py
[2025-11-18T23:24:36.347+0000] {processor.py:830} INFO - Processing file /opt/airflow/dags/warehouse_dag.py for tasks to queue
[2025-11-18T23:24:36.348+0000] {logging_mixin.py:188} INFO - [2025-11-18T23:24:36.348+0000] {dagbag.py:545} INFO - Filling up the DagBag from /opt/airflow/dags/warehouse_dag.py
[2025-11-18T23:24:36.353+0000] {processor.py:840} INFO - DAG(s) 'warehouse_daily' retrieved from /opt/airflow/dags/warehouse_dag.py
[2025-11-18T23:24:36.362+0000] {logging_mixin.py:188} INFO - [2025-11-18T23:24:36.362+0000] {dag.py:3089} INFO - Sync 1 DAGs
[2025-11-18T23:24:36.368+0000] {logging_mixin.py:188} INFO - [2025-11-18T23:24:36.368+0000] {dag.py:3947} INFO - Setting next_dagrun for warehouse_daily to 2025-11-18 06:00:00+00:00, run_after=2025-11-19 06:00:00+00:00
[2025-11-18T23:24:36.375+0000] {processor.py:183} INFO - Processing /opt/airflow/dags/warehouse_dag.py took 0.030 seconds
[2025-11-18T23:25:06.536+0000] {processor.py:161} INFO - Started process (PID=6048) to work on /opt/airflow/dags/warehouse_dag.py
[2025-11-18T23:25:06.537+0000] {processor.py:830} INFO - Processing file /opt/airflow/dags/warehouse_dag.py for tasks to queue
[2025-11-18T23:25:06.538+0000] {logging_mixin.py:188} INFO - [2025-11-18T23:25:06.538+0000] {dagbag.py:545} INFO - Filling up the DagBag from /opt/airflow/dags/warehouse_dag.py
[2025-11-18T23:25:06.549+0000] {processor.py:840} INFO - DAG(s) 'warehouse_daily' retrieved from /opt/airflow/dags/warehouse_dag.py
[2025-11-18T23:25:06.561+0000] {logging_mixin.py:188} INFO - [2025-11-18T23:25:06.561+0000] {dag.py:3089} INFO - Sync 1 DAGs
[2025-11-18T23:25:06.568+0000] {logging_mixin.py:188} INFO - [2025-11-18T23:25:06.568+0000] {dag.py:3947} INFO - Setting next_dagrun for warehouse_daily to 2025-11-18 06:00:00+00:00, run_after=2025-11-19 06:00:00+00:00
[2025-11-18T23:25:06.577+0000] {processor.py:183} INFO - Processing /opt/airflow/dags/warehouse_dag.py took 0.045 seconds
[2025-11-18T23:26:19.783+0000] {processor.py:161} INFO - Started process (PID=6049) to work on /opt/airflow/dags/warehouse_dag.py
[2025-11-18T23:26:19.784+0000] {processor.py:830} INFO - Processing file /opt/airflow/dags/warehouse_dag.py for tasks to queue
[2025-11-18T23:26:19.785+0000] {logging_mixin.py:188} INFO - [2025-11-18T23:26:19.785+0000] {dagbag.py:545} INFO - Filling up the DagBag from /opt/airflow/dags/warehouse_dag.py
[2025-11-18T23:26:19.795+0000] {processor.py:840} INFO - DAG(s) 'warehouse_daily' retrieved from /opt/airflow/dags/warehouse_dag.py
[2025-11-18T23:26:19.810+0000] {logging_mixin.py:188} INFO - [2025-11-18T23:26:19.810+0000] {dag.py:3089} INFO - Sync 1 DAGs
[2025-11-18T23:26:19.816+0000] {logging_mixin.py:188} INFO - [2025-11-18T23:26:19.816+0000] {dag.py:3947} INFO - Setting next_dagrun for warehouse_daily to 2025-11-18 06:00:00+00:00, run_after=2025-11-19 06:00:00+00:00
[2025-11-18T23:26:19.825+0000] {processor.py:183} INFO - Processing /opt/airflow/dags/warehouse_dag.py took 0.046 seconds
[2025-11-18T23:58:56.197+0000] {processor.py:161} INFO - Started process (PID=6050) to work on /opt/airflow/dags/warehouse_dag.py
[2025-11-18T23:58:56.198+0000] {processor.py:830} INFO - Processing file /opt/airflow/dags/warehouse_dag.py for tasks to queue
[2025-11-18T23:58:56.199+0000] {logging_mixin.py:188} INFO - [2025-11-18T23:58:56.199+0000] {dagbag.py:545} INFO - Filling up the DagBag from /opt/airflow/dags/warehouse_dag.py
[2025-11-18T23:58:56.207+0000] {processor.py:840} INFO - DAG(s) 'warehouse_daily' retrieved from /opt/airflow/dags/warehouse_dag.py
[2025-11-18T23:58:56.220+0000] {logging_mixin.py:188} INFO - [2025-11-18T23:58:56.220+0000] {dag.py:3089} INFO - Sync 1 DAGs
[2025-11-18T23:58:56.227+0000] {logging_mixin.py:188} INFO - [2025-11-18T23:58:56.227+0000] {dag.py:3947} INFO - Setting next_dagrun for warehouse_daily to 2025-11-18 06:00:00+00:00, run_after=2025-11-19 06:00:00+00:00
[2025-11-18T23:58:56.235+0000] {processor.py:183} INFO - Processing /opt/airflow/dags/warehouse_dag.py took 0.042 seconds
[2025-11-18T23:59:26.413+0000] {processor.py:161} INFO - Started process (PID=6051) to work on /opt/airflow/dags/warehouse_dag.py
[2025-11-18T23:59:26.414+0000] {processor.py:830} INFO - Processing file /opt/airflow/dags/warehouse_dag.py for tasks to queue
[2025-11-18T23:59:26.414+0000] {logging_mixin.py:188} INFO - [2025-11-18T23:59:26.414+0000] {dagbag.py:545} INFO - Filling up the DagBag from /opt/airflow/dags/warehouse_dag.py
[2025-11-18T23:59:26.420+0000] {processor.py:840} INFO - DAG(s) 'warehouse_daily' retrieved from /opt/airflow/dags/warehouse_dag.py
[2025-11-18T23:59:26.431+0000] {logging_mixin.py:188} INFO - [2025-11-18T23:59:26.431+0000] {dag.py:3089} INFO - Sync 1 DAGs
[2025-11-18T23:59:26.437+0000] {logging_mixin.py:188} INFO - [2025-11-18T23:59:26.437+0000] {dag.py:3947} INFO - Setting next_dagrun for warehouse_daily to 2025-11-18 06:00:00+00:00, run_after=2025-11-19 06:00:00+00:00
[2025-11-18T23:59:26.444+0000] {processor.py:183} INFO - Processing /opt/airflow/dags/warehouse_dag.py took 0.034 seconds
