[2025-11-22T07:17:15.071+0000] {local_task_job_runner.py:120} INFO - ::group::Pre task execution logs
[2025-11-22T07:17:15.079+0000] {taskinstance.py:2076} INFO - Dependencies all met for dep_context=non-requeueable deps ti=<TaskInstance: warehouse_daily.feature_importance_ml scheduled__2025-11-21T06:00:00+00:00 [queued]>
[2025-11-22T07:17:15.080+0000] {taskinstance.py:2076} INFO - Dependencies all met for dep_context=requeueable deps ti=<TaskInstance: warehouse_daily.feature_importance_ml scheduled__2025-11-21T06:00:00+00:00 [queued]>
[2025-11-22T07:17:15.081+0000] {taskinstance.py:2306} INFO - Starting attempt 1 of 3
[2025-11-22T07:17:15.084+0000] {taskinstance.py:2330} INFO - Executing <Task(BashOperator): feature_importance_ml> on 2025-11-21 06:00:00+00:00
[2025-11-22T07:17:15.086+0000] {standard_task_runner.py:64} INFO - Started process 2524 to run task
[2025-11-22T07:17:15.088+0000] {standard_task_runner.py:90} INFO - Running: ['airflow', 'tasks', 'run', 'warehouse_daily', 'feature_importance_ml', 'scheduled__2025-11-21T06:00:00+00:00', '--job-id', '39', '--raw', '--subdir', 'DAGS_FOLDER/warehouse_dag.py', '--cfg-path', '/tmp/tmp14uv4bza']
[2025-11-22T07:17:15.088+0000] {standard_task_runner.py:91} INFO - Job 39: Subtask feature_importance_ml
[2025-11-22T07:17:15.100+0000] {task_command.py:426} INFO - Running <TaskInstance: warehouse_daily.feature_importance_ml scheduled__2025-11-21T06:00:00+00:00 [running]> on host 4e64c7378c33
[2025-11-22T07:17:15.171+0000] {taskinstance.py:2648} INFO - Exporting env vars: AIRFLOW_CTX_DAG_OWNER='wyko' AIRFLOW_CTX_DAG_ID='warehouse_daily' AIRFLOW_CTX_TASK_ID='feature_importance_ml' AIRFLOW_CTX_EXECUTION_DATE='2025-11-21T06:00:00+00:00' AIRFLOW_CTX_TRY_NUMBER='1' AIRFLOW_CTX_DAG_RUN_ID='scheduled__2025-11-21T06:00:00+00:00'
[2025-11-22T07:17:15.171+0000] {taskinstance.py:430} INFO - ::endgroup::
[2025-11-22T07:17:15.176+0000] {subprocess.py:63} INFO - Tmp dir root location: /tmp
[2025-11-22T07:17:15.176+0000] {subprocess.py:75} INFO - Running command: ['/usr/bin/bash', '-c', 'cd /opt/airflow/repo && python ml/feature_importance.py']
[2025-11-22T07:17:15.180+0000] {subprocess.py:86} INFO - Output:
[2025-11-22T07:17:16.005+0000] {subprocess.py:93} INFO - Ładowanie modelu: artifacts/best_model_RandomForest.joblib ...
[2025-11-22T07:17:16.007+0000] {subprocess.py:93} INFO - Generowanie listy cech...
[2025-11-22T07:17:16.007+0000] {subprocess.py:93} INFO - Pobieranie wartości feature_importances_...
[2025-11-22T07:17:16.007+0000] {subprocess.py:93} INFO - Zapisano CSV → artifacts/feature_importance.csv
[2025-11-22T07:17:16.007+0000] {subprocess.py:93} INFO - Zapisano wykres → artifacts/feature_importance.png
[2025-11-22T07:17:16.007+0000] {subprocess.py:93} INFO - DONE ✔
[2025-11-22T07:17:16.107+0000] {subprocess.py:97} INFO - Command exited with return code 0
[2025-11-22T07:17:16.108+0000] {taskinstance.py:441} INFO - ::group::Post task execution logs
[2025-11-22T07:17:16.114+0000] {taskinstance.py:1206} INFO - Marking task as SUCCESS. dag_id=warehouse_daily, task_id=feature_importance_ml, run_id=scheduled__2025-11-21T06:00:00+00:00, execution_date=20251121T060000, start_date=20251122T071715, end_date=20251122T071716
[2025-11-22T07:17:16.127+0000] {local_task_job_runner.py:243} INFO - Task exited with return code 0
[2025-11-22T07:17:16.134+0000] {taskinstance.py:3503} INFO - 1 downstream tasks scheduled from follow-on schedule check
[2025-11-22T07:17:16.136+0000] {local_task_job_runner.py:222} INFO - ::endgroup::
[2025-11-22T14:41:43.083+0000] {local_task_job_runner.py:120} INFO - ::group::Pre task execution logs
[2025-11-22T14:41:43.091+0000] {taskinstance.py:2076} INFO - Dependencies all met for dep_context=non-requeueable deps ti=<TaskInstance: warehouse_daily.feature_importance_ml scheduled__2025-11-21T06:00:00+00:00 [queued]>
[2025-11-22T14:41:43.093+0000] {taskinstance.py:2076} INFO - Dependencies all met for dep_context=requeueable deps ti=<TaskInstance: warehouse_daily.feature_importance_ml scheduled__2025-11-21T06:00:00+00:00 [queued]>
[2025-11-22T14:41:43.093+0000] {taskinstance.py:2306} INFO - Starting attempt 1 of 3
[2025-11-22T14:41:43.097+0000] {taskinstance.py:2330} INFO - Executing <Task(BashOperator): feature_importance_ml> on 2025-11-21 06:00:00+00:00
[2025-11-22T14:41:43.099+0000] {standard_task_runner.py:64} INFO - Started process 1457 to run task
[2025-11-22T14:41:43.100+0000] {standard_task_runner.py:90} INFO - Running: ['airflow', 'tasks', 'run', 'warehouse_daily', 'feature_importance_ml', 'scheduled__2025-11-21T06:00:00+00:00', '--job-id', '23', '--raw', '--subdir', 'DAGS_FOLDER/warehouse_dag.py', '--cfg-path', '/tmp/tmpg62zssl1']
[2025-11-22T14:41:43.100+0000] {standard_task_runner.py:91} INFO - Job 23: Subtask feature_importance_ml
[2025-11-22T14:41:43.112+0000] {task_command.py:426} INFO - Running <TaskInstance: warehouse_daily.feature_importance_ml scheduled__2025-11-21T06:00:00+00:00 [running]> on host e41cc4788735
[2025-11-22T14:41:43.187+0000] {taskinstance.py:2648} INFO - Exporting env vars: AIRFLOW_CTX_DAG_OWNER='wyko' AIRFLOW_CTX_DAG_ID='warehouse_daily' AIRFLOW_CTX_TASK_ID='feature_importance_ml' AIRFLOW_CTX_EXECUTION_DATE='2025-11-21T06:00:00+00:00' AIRFLOW_CTX_TRY_NUMBER='1' AIRFLOW_CTX_DAG_RUN_ID='scheduled__2025-11-21T06:00:00+00:00'
[2025-11-22T14:41:43.187+0000] {taskinstance.py:430} INFO - ::endgroup::
[2025-11-22T14:41:43.192+0000] {subprocess.py:63} INFO - Tmp dir root location: /tmp
[2025-11-22T14:41:43.192+0000] {subprocess.py:75} INFO - Running command: ['/usr/bin/bash', '-c', 'cd /opt/airflow/repo && python ml/feature_importance.py']
[2025-11-22T14:41:43.195+0000] {subprocess.py:86} INFO - Output:
[2025-11-22T14:41:44.159+0000] {subprocess.py:93} INFO - Ładowanie modelu: artifacts/best_model_RandomForest.joblib ...
[2025-11-22T14:41:44.159+0000] {subprocess.py:93} INFO - Generowanie listy cech...
[2025-11-22T14:41:44.160+0000] {subprocess.py:93} INFO - Pobieranie wartości feature_importances_...
[2025-11-22T14:41:44.161+0000] {subprocess.py:93} INFO - Zapisano CSV → artifacts/feature_importance.csv
[2025-11-22T14:41:44.161+0000] {subprocess.py:93} INFO - Zapisano wykres → artifacts/feature_importance.png
[2025-11-22T14:41:44.161+0000] {subprocess.py:93} INFO - DONE ✔
[2025-11-22T14:41:44.248+0000] {subprocess.py:97} INFO - Command exited with return code 0
[2025-11-22T14:41:44.248+0000] {taskinstance.py:441} INFO - ::group::Post task execution logs
[2025-11-22T14:41:44.255+0000] {taskinstance.py:1206} INFO - Marking task as SUCCESS. dag_id=warehouse_daily, task_id=feature_importance_ml, run_id=scheduled__2025-11-21T06:00:00+00:00, execution_date=20251121T060000, start_date=20251122T144143, end_date=20251122T144144
[2025-11-22T14:41:44.282+0000] {local_task_job_runner.py:243} INFO - Task exited with return code 0
[2025-11-22T14:41:44.289+0000] {taskinstance.py:3503} INFO - 1 downstream tasks scheduled from follow-on schedule check
[2025-11-22T14:41:44.290+0000] {local_task_job_runner.py:222} INFO - ::endgroup::
