[2025-11-23T08:29:30.342+0000] {local_task_job_runner.py:120} INFO - ::group::Pre task execution logs
[2025-11-23T08:29:30.349+0000] {taskinstance.py:2076} INFO - Dependencies all met for dep_context=non-requeueable deps ti=<TaskInstance: warehouse_daily.shap_explainer_ml manual__2025-11-23T08:27:11.650061+00:00 [queued]>
[2025-11-23T08:29:30.351+0000] {taskinstance.py:2076} INFO - Dependencies all met for dep_context=requeueable deps ti=<TaskInstance: warehouse_daily.shap_explainer_ml manual__2025-11-23T08:27:11.650061+00:00 [queued]>
[2025-11-23T08:29:30.351+0000] {taskinstance.py:2306} INFO - Starting attempt 1 of 3
[2025-11-23T08:29:30.354+0000] {taskinstance.py:2330} INFO - Executing <Task(BashOperator): shap_explainer_ml> on 2025-11-23 08:27:11.650061+00:00
[2025-11-23T08:29:30.356+0000] {standard_task_runner.py:64} INFO - Started process 3931 to run task
[2025-11-23T08:29:30.357+0000] {standard_task_runner.py:90} INFO - Running: ['airflow', 'tasks', 'run', 'warehouse_daily', 'shap_explainer_ml', 'manual__2025-11-23T08:27:11.650061+00:00', '--job-id', '61', '--raw', '--subdir', 'DAGS_FOLDER/warehouse_dag.py', '--cfg-path', '/tmp/tmp6elcxcl4']
[2025-11-23T08:29:30.358+0000] {standard_task_runner.py:91} INFO - Job 61: Subtask shap_explainer_ml
[2025-11-23T08:29:30.369+0000] {task_command.py:426} INFO - Running <TaskInstance: warehouse_daily.shap_explainer_ml manual__2025-11-23T08:27:11.650061+00:00 [running]> on host e41cc4788735
[2025-11-23T08:29:30.441+0000] {taskinstance.py:2648} INFO - Exporting env vars: AIRFLOW_CTX_DAG_OWNER='wyko' AIRFLOW_CTX_DAG_ID='warehouse_daily' AIRFLOW_CTX_TASK_ID='shap_explainer_ml' AIRFLOW_CTX_EXECUTION_DATE='2025-11-23T08:27:11.650061+00:00' AIRFLOW_CTX_TRY_NUMBER='1' AIRFLOW_CTX_DAG_RUN_ID='manual__2025-11-23T08:27:11.650061+00:00'
[2025-11-23T08:29:30.441+0000] {taskinstance.py:430} INFO - ::endgroup::
[2025-11-23T08:29:30.445+0000] {subprocess.py:63} INFO - Tmp dir root location: /tmp
[2025-11-23T08:29:30.446+0000] {subprocess.py:75} INFO - Running command: ['/usr/bin/bash', '-c', 'cd /opt/airflow/repo && python ml/shap_explainer.py']
[2025-11-23T08:29:30.448+0000] {subprocess.py:86} INFO - Output:
[2025-11-23T08:29:30.815+0000] {subprocess.py:93} INFO - /opt/airflow/repo/ml/shap_explainer.py:4: FutureWarning: In the future `np.bool` will be defined as the corresponding NumPy scalar.
[2025-11-23T08:29:30.815+0000] {subprocess.py:93} INFO -   if not hasattr(np, "bool"):
[2025-11-23T08:32:07.699+0000] {subprocess.py:93} INFO - Ładowanie modelu: /opt/airflow/repo/artifacts/best_model_RandomForest.joblib
[2025-11-23T08:32:07.700+0000] {subprocess.py:93} INFO - Pobieranie próby danych...
[2025-11-23T08:32:07.701+0000] {subprocess.py:93} INFO - Transformacja danych...
[2025-11-23T08:32:07.703+0000] {subprocess.py:93} INFO - Obliczanie wartości SHAP...
[2025-11-23T08:32:07.703+0000] {subprocess.py:93} INFO - Zapis do CSV...
[2025-11-23T08:32:07.703+0000] {subprocess.py:93} INFO - Zapisano SHAP CSV → /opt/airflow/repo/artifacts/shap_values.csv
[2025-11-23T08:32:07.703+0000] {subprocess.py:93} INFO - Rysowanie wykresu (bar plot)...
[2025-11-23T08:32:07.704+0000] {subprocess.py:93} INFO - Wykres zapisany → /opt/airflow/repo/artifacts/shap_summary.png
[2025-11-23T08:32:07.704+0000] {subprocess.py:93} INFO - DONE ✔
[2025-11-23T08:32:07.879+0000] {subprocess.py:97} INFO - Command exited with return code 0
[2025-11-23T08:32:07.880+0000] {taskinstance.py:441} INFO - ::group::Post task execution logs
[2025-11-23T08:32:07.888+0000] {taskinstance.py:1206} INFO - Marking task as SUCCESS. dag_id=warehouse_daily, task_id=shap_explainer_ml, run_id=manual__2025-11-23T08:27:11.650061+00:00, execution_date=20251123T082711, start_date=20251123T082930, end_date=20251123T083207
[2025-11-23T08:32:07.936+0000] {local_task_job_runner.py:243} INFO - Task exited with return code 0
[2025-11-23T08:32:07.941+0000] {taskinstance.py:3503} INFO - 1 downstream tasks scheduled from follow-on schedule check
[2025-11-23T08:32:07.945+0000] {local_task_job_runner.py:222} INFO - ::endgroup::
