[2025-11-21T06:33:07.802+0000] {local_task_job_runner.py:120} INFO - ::group::Pre task execution logs
[2025-11-21T06:33:07.811+0000] {taskinstance.py:2076} INFO - Dependencies all met for dep_context=non-requeueable deps ti=<TaskInstance: warehouse_daily.transform_to_parquet scheduled__2025-11-20T06:00:00+00:00 [queued]>
[2025-11-21T06:33:07.814+0000] {taskinstance.py:2076} INFO - Dependencies all met for dep_context=requeueable deps ti=<TaskInstance: warehouse_daily.transform_to_parquet scheduled__2025-11-20T06:00:00+00:00 [queued]>
[2025-11-21T06:33:07.814+0000] {taskinstance.py:2306} INFO - Starting attempt 1 of 3
[2025-11-21T06:33:07.818+0000] {taskinstance.py:2330} INFO - Executing <Task(BashOperator): transform_to_parquet> on 2025-11-20 06:00:00+00:00
[2025-11-21T06:33:07.820+0000] {standard_task_runner.py:64} INFO - Started process 7789 to run task
[2025-11-21T06:33:07.822+0000] {standard_task_runner.py:90} INFO - Running: ['airflow', 'tasks', 'run', 'warehouse_daily', 'transform_to_parquet', 'scheduled__2025-11-20T06:00:00+00:00', '--job-id', '129', '--raw', '--subdir', 'DAGS_FOLDER/warehouse_dag.py', '--cfg-path', '/tmp/tmp765hs3ty']
[2025-11-21T06:33:07.823+0000] {standard_task_runner.py:91} INFO - Job 129: Subtask transform_to_parquet
[2025-11-21T06:33:07.837+0000] {task_command.py:426} INFO - Running <TaskInstance: warehouse_daily.transform_to_parquet scheduled__2025-11-20T06:00:00+00:00 [running]> on host 8b16c83c8b1e
[2025-11-21T06:33:07.923+0000] {taskinstance.py:2648} INFO - Exporting env vars: AIRFLOW_CTX_DAG_OWNER='wyko' AIRFLOW_CTX_DAG_ID='warehouse_daily' AIRFLOW_CTX_TASK_ID='transform_to_parquet' AIRFLOW_CTX_EXECUTION_DATE='2025-11-20T06:00:00+00:00' AIRFLOW_CTX_TRY_NUMBER='1' AIRFLOW_CTX_DAG_RUN_ID='scheduled__2025-11-20T06:00:00+00:00'
[2025-11-21T06:33:07.923+0000] {taskinstance.py:430} INFO - ::endgroup::
[2025-11-21T06:33:07.928+0000] {subprocess.py:63} INFO - Tmp dir root location: /tmp
[2025-11-21T06:33:07.929+0000] {subprocess.py:75} INFO - Running command: ['/usr/bin/bash', '-c', 'python /opt/airflow/repo/etl/transform.py --src housing_800k.csv --dst housing_800k.parquet']
[2025-11-21T06:33:07.932+0000] {subprocess.py:86} INFO - Output:
[2025-11-21T06:33:11.416+0000] {subprocess.py:93} INFO -  Processed 800,000 rows → s3://processed/housing_800k.parquet
[2025-11-21T06:33:11.549+0000] {subprocess.py:97} INFO - Command exited with return code 0
[2025-11-21T06:33:11.550+0000] {taskinstance.py:441} INFO - ::group::Post task execution logs
[2025-11-21T06:33:11.567+0000] {taskinstance.py:1206} INFO - Marking task as SUCCESS. dag_id=warehouse_daily, task_id=transform_to_parquet, run_id=scheduled__2025-11-20T06:00:00+00:00, execution_date=20251120T060000, start_date=20251121T063307, end_date=20251121T063311
[2025-11-21T06:33:11.623+0000] {local_task_job_runner.py:243} INFO - Task exited with return code 0
[2025-11-21T06:33:11.640+0000] {taskinstance.py:3503} INFO - 1 downstream tasks scheduled from follow-on schedule check
[2025-11-21T06:33:11.644+0000] {local_task_job_runner.py:222} INFO - ::endgroup::
[2025-11-21T15:57:40.806+0000] {local_task_job_runner.py:120} INFO - ::group::Pre task execution logs
[2025-11-21T15:57:40.813+0000] {taskinstance.py:2076} INFO - Dependencies all met for dep_context=non-requeueable deps ti=<TaskInstance: warehouse_daily.transform_to_parquet scheduled__2025-11-20T06:00:00+00:00 [queued]>
[2025-11-21T15:57:40.815+0000] {taskinstance.py:2076} INFO - Dependencies all met for dep_context=requeueable deps ti=<TaskInstance: warehouse_daily.transform_to_parquet scheduled__2025-11-20T06:00:00+00:00 [queued]>
[2025-11-21T15:57:40.815+0000] {taskinstance.py:2306} INFO - Starting attempt 1 of 3
[2025-11-21T15:57:40.819+0000] {taskinstance.py:2330} INFO - Executing <Task(BashOperator): transform_to_parquet> on 2025-11-20 06:00:00+00:00
[2025-11-21T15:57:40.821+0000] {standard_task_runner.py:64} INFO - Started process 280 to run task
[2025-11-21T15:57:40.822+0000] {standard_task_runner.py:90} INFO - Running: ['airflow', 'tasks', 'run', 'warehouse_daily', 'transform_to_parquet', 'scheduled__2025-11-20T06:00:00+00:00', '--job-id', '7', '--raw', '--subdir', 'DAGS_FOLDER/warehouse_dag.py', '--cfg-path', '/tmp/tmpqprh2npu']
[2025-11-21T15:57:40.823+0000] {standard_task_runner.py:91} INFO - Job 7: Subtask transform_to_parquet
[2025-11-21T15:57:40.835+0000] {task_command.py:426} INFO - Running <TaskInstance: warehouse_daily.transform_to_parquet scheduled__2025-11-20T06:00:00+00:00 [running]> on host 584e6fca837f
[2025-11-21T15:57:40.904+0000] {taskinstance.py:2648} INFO - Exporting env vars: AIRFLOW_CTX_DAG_OWNER='wyko' AIRFLOW_CTX_DAG_ID='warehouse_daily' AIRFLOW_CTX_TASK_ID='transform_to_parquet' AIRFLOW_CTX_EXECUTION_DATE='2025-11-20T06:00:00+00:00' AIRFLOW_CTX_TRY_NUMBER='1' AIRFLOW_CTX_DAG_RUN_ID='scheduled__2025-11-20T06:00:00+00:00'
[2025-11-21T15:57:40.904+0000] {taskinstance.py:430} INFO - ::endgroup::
[2025-11-21T15:57:40.908+0000] {subprocess.py:63} INFO - Tmp dir root location: /tmp
[2025-11-21T15:57:40.909+0000] {subprocess.py:75} INFO - Running command: ['/usr/bin/bash', '-c', 'python /opt/airflow/repo/etl/transform.py --src housing_800k.csv --dst housing_800k.parquet']
[2025-11-21T15:57:40.911+0000] {subprocess.py:86} INFO - Output:
[2025-11-21T15:57:42.899+0000] {subprocess.py:93} INFO -  Processed 800,000 rows → s3://processed/housing_800k.parquet
[2025-11-21T15:57:42.959+0000] {subprocess.py:97} INFO - Command exited with return code 0
[2025-11-21T15:57:42.959+0000] {taskinstance.py:441} INFO - ::group::Post task execution logs
[2025-11-21T15:57:42.968+0000] {taskinstance.py:1206} INFO - Marking task as SUCCESS. dag_id=warehouse_daily, task_id=transform_to_parquet, run_id=scheduled__2025-11-20T06:00:00+00:00, execution_date=20251120T060000, start_date=20251121T155740, end_date=20251121T155742
[2025-11-21T15:57:43.013+0000] {local_task_job_runner.py:243} INFO - Task exited with return code 0
[2025-11-21T15:57:43.021+0000] {taskinstance.py:3503} INFO - 1 downstream tasks scheduled from follow-on schedule check
[2025-11-21T15:57:43.023+0000] {local_task_job_runner.py:222} INFO - ::endgroup::
[2025-11-21T16:14:08.064+0000] {local_task_job_runner.py:120} INFO - ::group::Pre task execution logs
[2025-11-21T16:14:08.071+0000] {taskinstance.py:2076} INFO - Dependencies all met for dep_context=non-requeueable deps ti=<TaskInstance: warehouse_daily.transform_to_parquet scheduled__2025-11-20T06:00:00+00:00 [queued]>
[2025-11-21T16:14:08.073+0000] {taskinstance.py:2076} INFO - Dependencies all met for dep_context=requeueable deps ti=<TaskInstance: warehouse_daily.transform_to_parquet scheduled__2025-11-20T06:00:00+00:00 [queued]>
[2025-11-21T16:14:08.073+0000] {taskinstance.py:2306} INFO - Starting attempt 1 of 3
[2025-11-21T16:14:08.077+0000] {taskinstance.py:2330} INFO - Executing <Task(BashOperator): transform_to_parquet> on 2025-11-20 06:00:00+00:00
[2025-11-21T16:14:08.078+0000] {standard_task_runner.py:64} INFO - Started process 260 to run task
[2025-11-21T16:14:08.080+0000] {standard_task_runner.py:90} INFO - Running: ['airflow', 'tasks', 'run', 'warehouse_daily', 'transform_to_parquet', 'scheduled__2025-11-20T06:00:00+00:00', '--job-id', '7', '--raw', '--subdir', 'DAGS_FOLDER/warehouse_dag.py', '--cfg-path', '/tmp/tmp943_01ds']
[2025-11-21T16:14:08.080+0000] {standard_task_runner.py:91} INFO - Job 7: Subtask transform_to_parquet
[2025-11-21T16:14:08.092+0000] {task_command.py:426} INFO - Running <TaskInstance: warehouse_daily.transform_to_parquet scheduled__2025-11-20T06:00:00+00:00 [running]> on host 4e64c7378c33
[2025-11-21T16:14:08.159+0000] {taskinstance.py:2648} INFO - Exporting env vars: AIRFLOW_CTX_DAG_OWNER='wyko' AIRFLOW_CTX_DAG_ID='warehouse_daily' AIRFLOW_CTX_TASK_ID='transform_to_parquet' AIRFLOW_CTX_EXECUTION_DATE='2025-11-20T06:00:00+00:00' AIRFLOW_CTX_TRY_NUMBER='1' AIRFLOW_CTX_DAG_RUN_ID='scheduled__2025-11-20T06:00:00+00:00'
[2025-11-21T16:14:08.159+0000] {taskinstance.py:430} INFO - ::endgroup::
[2025-11-21T16:14:08.163+0000] {subprocess.py:63} INFO - Tmp dir root location: /tmp
[2025-11-21T16:14:08.164+0000] {subprocess.py:75} INFO - Running command: ['/usr/bin/bash', '-c', 'python /opt/airflow/repo/etl/transform.py --src housing_800k.csv --dst housing_800k.parquet']
[2025-11-21T16:14:08.166+0000] {subprocess.py:86} INFO - Output:
[2025-11-21T16:14:10.118+0000] {subprocess.py:93} INFO -  Processed 800,000 rows → s3://processed/housing_800k.parquet
[2025-11-21T16:14:10.180+0000] {subprocess.py:97} INFO - Command exited with return code 0
[2025-11-21T16:14:10.180+0000] {taskinstance.py:441} INFO - ::group::Post task execution logs
[2025-11-21T16:14:10.186+0000] {taskinstance.py:1206} INFO - Marking task as SUCCESS. dag_id=warehouse_daily, task_id=transform_to_parquet, run_id=scheduled__2025-11-20T06:00:00+00:00, execution_date=20251120T060000, start_date=20251121T161408, end_date=20251121T161410
[2025-11-21T16:14:10.236+0000] {local_task_job_runner.py:243} INFO - Task exited with return code 0
[2025-11-21T16:14:10.244+0000] {taskinstance.py:3503} INFO - 1 downstream tasks scheduled from follow-on schedule check
[2025-11-21T16:14:10.246+0000] {local_task_job_runner.py:222} INFO - ::endgroup::
