[2025-11-21T16:00:09.553+0000] {local_task_job_runner.py:120} INFO - ::group::Pre task execution logs
[2025-11-21T16:00:09.561+0000] {taskinstance.py:2076} INFO - Dependencies all met for dep_context=non-requeueable deps ti=<TaskInstance: warehouse_daily.shap_explainer_ml scheduled__2025-11-20T06:00:00+00:00 [queued]>
[2025-11-21T16:00:09.563+0000] {taskinstance.py:2076} INFO - Dependencies all met for dep_context=requeueable deps ti=<TaskInstance: warehouse_daily.shap_explainer_ml scheduled__2025-11-20T06:00:00+00:00 [queued]>
[2025-11-21T16:00:09.563+0000] {taskinstance.py:2306} INFO - Starting attempt 1 of 3
[2025-11-21T16:00:09.567+0000] {taskinstance.py:2330} INFO - Executing <Task(BashOperator): shap_explainer_ml> on 2025-11-20 06:00:00+00:00
[2025-11-21T16:00:09.569+0000] {standard_task_runner.py:64} INFO - Started process 1636 to run task
[2025-11-21T16:00:09.570+0000] {standard_task_runner.py:90} INFO - Running: ['airflow', 'tasks', 'run', 'warehouse_daily', 'shap_explainer_ml', 'scheduled__2025-11-20T06:00:00+00:00', '--job-id', '25', '--raw', '--subdir', 'DAGS_FOLDER/warehouse_dag.py', '--cfg-path', '/tmp/tmpqtybkrnb']
[2025-11-21T16:00:09.571+0000] {standard_task_runner.py:91} INFO - Job 25: Subtask shap_explainer_ml
[2025-11-21T16:00:09.583+0000] {task_command.py:426} INFO - Running <TaskInstance: warehouse_daily.shap_explainer_ml scheduled__2025-11-20T06:00:00+00:00 [running]> on host 584e6fca837f
[2025-11-21T16:00:09.654+0000] {taskinstance.py:2648} INFO - Exporting env vars: AIRFLOW_CTX_DAG_OWNER='wyko' AIRFLOW_CTX_DAG_ID='warehouse_daily' AIRFLOW_CTX_TASK_ID='shap_explainer_ml' AIRFLOW_CTX_EXECUTION_DATE='2025-11-20T06:00:00+00:00' AIRFLOW_CTX_TRY_NUMBER='1' AIRFLOW_CTX_DAG_RUN_ID='scheduled__2025-11-20T06:00:00+00:00'
[2025-11-21T16:00:09.654+0000] {taskinstance.py:430} INFO - ::endgroup::
[2025-11-21T16:00:09.658+0000] {subprocess.py:63} INFO - Tmp dir root location: /tmp
[2025-11-21T16:00:09.659+0000] {subprocess.py:75} INFO - Running command: ['/usr/bin/bash', '-c', 'cd /opt/airflow/repo && python ml/shap_explainer.py']
[2025-11-21T16:00:09.661+0000] {subprocess.py:86} INFO - Output:
[2025-11-21T16:00:10.030+0000] {subprocess.py:93} INFO - /opt/airflow/repo/ml/shap_explainer.py:4: FutureWarning: In the future `np.bool` will be defined as the corresponding NumPy scalar.
[2025-11-21T16:00:10.030+0000] {subprocess.py:93} INFO -   if not hasattr(np, "bool"):
[2025-11-21T16:01:42.779+0000] {subprocess.py:93} INFO - Ładowanie modelu: artifacts/best_model_RandomForest.joblib
[2025-11-21T16:01:42.779+0000] {subprocess.py:93} INFO - Pobieranie próby danych...
[2025-11-21T16:01:42.781+0000] {subprocess.py:93} INFO - Transformacja danych...
[2025-11-21T16:01:42.781+0000] {subprocess.py:93} INFO - Obliczanie wartości SHAP...
[2025-11-21T16:01:42.781+0000] {subprocess.py:93} INFO - Zapis do CSV...
[2025-11-21T16:01:42.782+0000] {subprocess.py:93} INFO - Zapisano SHAP CSV → artifacts/shap_values.csv
[2025-11-21T16:01:42.782+0000] {subprocess.py:93} INFO - Rysowanie wykresu (bar plot)...
[2025-11-21T16:01:42.782+0000] {subprocess.py:93} INFO - Wykres zapisany → artifacts/shap_summary.png
[2025-11-21T16:01:42.782+0000] {subprocess.py:93} INFO - DONE ✔
[2025-11-21T16:01:42.953+0000] {subprocess.py:97} INFO - Command exited with return code 0
[2025-11-21T16:01:42.954+0000] {taskinstance.py:441} INFO - ::group::Post task execution logs
[2025-11-21T16:01:42.960+0000] {taskinstance.py:1206} INFO - Marking task as SUCCESS. dag_id=warehouse_daily, task_id=shap_explainer_ml, run_id=scheduled__2025-11-20T06:00:00+00:00, execution_date=20251120T060000, start_date=20251121T160009, end_date=20251121T160142
[2025-11-21T16:01:42.989+0000] {local_task_job_runner.py:243} INFO - Task exited with return code 0
[2025-11-21T16:01:42.993+0000] {taskinstance.py:3503} INFO - 1 downstream tasks scheduled from follow-on schedule check
[2025-11-21T16:01:42.994+0000] {local_task_job_runner.py:222} INFO - ::endgroup::
[2025-11-21T16:16:35.543+0000] {local_task_job_runner.py:120} INFO - ::group::Pre task execution logs
[2025-11-21T16:16:35.551+0000] {taskinstance.py:2076} INFO - Dependencies all met for dep_context=non-requeueable deps ti=<TaskInstance: warehouse_daily.shap_explainer_ml scheduled__2025-11-20T06:00:00+00:00 [queued]>
[2025-11-21T16:16:35.553+0000] {taskinstance.py:2076} INFO - Dependencies all met for dep_context=requeueable deps ti=<TaskInstance: warehouse_daily.shap_explainer_ml scheduled__2025-11-20T06:00:00+00:00 [queued]>
[2025-11-21T16:16:35.553+0000] {taskinstance.py:2306} INFO - Starting attempt 1 of 3
[2025-11-21T16:16:35.558+0000] {taskinstance.py:2330} INFO - Executing <Task(BashOperator): shap_explainer_ml> on 2025-11-20 06:00:00+00:00
[2025-11-21T16:16:35.559+0000] {standard_task_runner.py:64} INFO - Started process 1617 to run task
[2025-11-21T16:16:35.560+0000] {standard_task_runner.py:90} INFO - Running: ['airflow', 'tasks', 'run', 'warehouse_daily', 'shap_explainer_ml', 'scheduled__2025-11-20T06:00:00+00:00', '--job-id', '25', '--raw', '--subdir', 'DAGS_FOLDER/warehouse_dag.py', '--cfg-path', '/tmp/tmprj6hga28']
[2025-11-21T16:16:35.561+0000] {standard_task_runner.py:91} INFO - Job 25: Subtask shap_explainer_ml
[2025-11-21T16:16:35.573+0000] {task_command.py:426} INFO - Running <TaskInstance: warehouse_daily.shap_explainer_ml scheduled__2025-11-20T06:00:00+00:00 [running]> on host 4e64c7378c33
[2025-11-21T16:16:35.641+0000] {taskinstance.py:2648} INFO - Exporting env vars: AIRFLOW_CTX_DAG_OWNER='wyko' AIRFLOW_CTX_DAG_ID='warehouse_daily' AIRFLOW_CTX_TASK_ID='shap_explainer_ml' AIRFLOW_CTX_EXECUTION_DATE='2025-11-20T06:00:00+00:00' AIRFLOW_CTX_TRY_NUMBER='1' AIRFLOW_CTX_DAG_RUN_ID='scheduled__2025-11-20T06:00:00+00:00'
[2025-11-21T16:16:35.642+0000] {taskinstance.py:430} INFO - ::endgroup::
[2025-11-21T16:16:35.646+0000] {subprocess.py:63} INFO - Tmp dir root location: /tmp
[2025-11-21T16:16:35.646+0000] {subprocess.py:75} INFO - Running command: ['/usr/bin/bash', '-c', 'cd /opt/airflow/repo && python ml/shap_explainer.py']
[2025-11-21T16:16:35.649+0000] {subprocess.py:86} INFO - Output:
[2025-11-21T16:16:36.021+0000] {subprocess.py:93} INFO - /opt/airflow/repo/ml/shap_explainer.py:4: FutureWarning: In the future `np.bool` will be defined as the corresponding NumPy scalar.
[2025-11-21T16:16:36.021+0000] {subprocess.py:93} INFO -   if not hasattr(np, "bool"):
[2025-11-21T16:18:12.627+0000] {subprocess.py:93} INFO - Ładowanie modelu: artifacts/best_model_RandomForest.joblib
[2025-11-21T16:18:12.628+0000] {subprocess.py:93} INFO - Pobieranie próby danych...
[2025-11-21T16:18:12.630+0000] {subprocess.py:93} INFO - Transformacja danych...
[2025-11-21T16:18:12.631+0000] {subprocess.py:93} INFO - Obliczanie wartości SHAP...
[2025-11-21T16:18:12.632+0000] {subprocess.py:93} INFO - Zapis do CSV...
[2025-11-21T16:18:12.634+0000] {subprocess.py:93} INFO - Zapisano SHAP CSV → artifacts/shap_values.csv
[2025-11-21T16:18:12.634+0000] {subprocess.py:93} INFO - Rysowanie wykresu (bar plot)...
[2025-11-21T16:18:12.634+0000] {subprocess.py:93} INFO - Wykres zapisany → artifacts/shap_summary.png
[2025-11-21T16:18:12.634+0000] {subprocess.py:93} INFO - DONE ✔
[2025-11-21T16:18:12.790+0000] {subprocess.py:97} INFO - Command exited with return code 0
[2025-11-21T16:18:12.790+0000] {taskinstance.py:441} INFO - ::group::Post task execution logs
[2025-11-21T16:18:12.798+0000] {taskinstance.py:1206} INFO - Marking task as SUCCESS. dag_id=warehouse_daily, task_id=shap_explainer_ml, run_id=scheduled__2025-11-20T06:00:00+00:00, execution_date=20251120T060000, start_date=20251121T161635, end_date=20251121T161812
[2025-11-21T16:18:12.816+0000] {local_task_job_runner.py:243} INFO - Task exited with return code 0
[2025-11-21T16:18:12.821+0000] {taskinstance.py:3503} INFO - 1 downstream tasks scheduled from follow-on schedule check
[2025-11-21T16:18:12.822+0000] {local_task_job_runner.py:222} INFO - ::endgroup::
