[2025-11-15T14:38:53.121+0000] {local_task_job_runner.py:120} INFO - ::group::Pre task execution logs
[2025-11-15T14:38:53.146+0000] {taskinstance.py:2076} INFO - Dependencies all met for dep_context=non-requeueable deps ti=<TaskInstance: warehouse_daily.train_models scheduled__2025-11-14T06:00:00+00:00 [queued]>
[2025-11-15T14:38:53.151+0000] {taskinstance.py:2076} INFO - Dependencies all met for dep_context=requeueable deps ti=<TaskInstance: warehouse_daily.train_models scheduled__2025-11-14T06:00:00+00:00 [queued]>
[2025-11-15T14:38:53.152+0000] {taskinstance.py:2306} INFO - Starting attempt 1 of 3
[2025-11-15T14:38:53.165+0000] {taskinstance.py:2330} INFO - Executing <Task(BashOperator): train_models> on 2025-11-14 06:00:00+00:00
[2025-11-15T14:38:53.175+0000] {standard_task_runner.py:64} INFO - Started process 3316 to run task
[2025-11-15T14:38:53.178+0000] {standard_task_runner.py:90} INFO - Running: ['airflow', 'tasks', 'run', 'warehouse_daily', 'train_models', 'scheduled__2025-11-14T06:00:00+00:00', '--job-id', '76', '--raw', '--subdir', 'DAGS_FOLDER/warehouse_dag.py', '--cfg-path', '/tmp/tmp09sh621y']
[2025-11-15T14:38:53.180+0000] {standard_task_runner.py:91} INFO - Job 76: Subtask train_models
[2025-11-15T14:38:53.215+0000] {task_command.py:426} INFO - Running <TaskInstance: warehouse_daily.train_models scheduled__2025-11-14T06:00:00+00:00 [running]> on host 8b16c83c8b1e
[2025-11-15T14:38:53.493+0000] {taskinstance.py:2648} INFO - Exporting env vars: AIRFLOW_CTX_DAG_OWNER='wyko' AIRFLOW_CTX_DAG_ID='warehouse_daily' AIRFLOW_CTX_TASK_ID='train_models' AIRFLOW_CTX_EXECUTION_DATE='2025-11-14T06:00:00+00:00' AIRFLOW_CTX_TRY_NUMBER='1' AIRFLOW_CTX_DAG_RUN_ID='scheduled__2025-11-14T06:00:00+00:00'
[2025-11-15T14:38:53.494+0000] {taskinstance.py:430} INFO - ::endgroup::
[2025-11-15T14:38:53.507+0000] {subprocess.py:63} INFO - Tmp dir root location: /tmp
[2025-11-15T14:38:53.508+0000] {subprocess.py:75} INFO - Running command: ['/usr/bin/bash', '-c', 'cd /opt/airflow/repo && python ml/ml_final.py']
[2025-11-15T14:38:53.522+0000] {subprocess.py:86} INFO - Output:
[2025-11-15T19:42:24.045+0000] {subprocess.py:93} INFO - 
[2025-11-15T19:42:24.047+0000] {subprocess.py:93} INFO - === Trenowany model: RandomForest ===
[2025-11-15T19:42:24.087+0000] {subprocess.py:93} INFO - Fitting 2 folds for each of 5 candidates, totalling 10 fits
[2025-11-15T19:42:24.091+0000] {subprocess.py:93} INFO - MAE  = 5,818.97
[2025-11-15T19:42:24.091+0000] {subprocess.py:93} INFO - RMSE = 22,080.96
[2025-11-15T19:42:24.091+0000] {subprocess.py:93} INFO - R²   = 0.9923
[2025-11-15T19:42:24.092+0000] {subprocess.py:93} INFO - Czas trenowania: 11050.72s
[2025-11-15T19:42:24.092+0000] {subprocess.py:93} INFO - 
[2025-11-15T19:42:24.092+0000] {subprocess.py:93} INFO - === Trenowany model: GradientBoosting ===
[2025-11-15T19:42:24.092+0000] {subprocess.py:93} INFO - Fitting 2 folds for each of 5 candidates, totalling 10 fits
[2025-11-15T19:42:24.092+0000] {subprocess.py:93} INFO - MAE  = 10,379.97
[2025-11-15T19:42:24.092+0000] {subprocess.py:93} INFO - RMSE = 24,814.04
[2025-11-15T19:42:24.094+0000] {subprocess.py:93} INFO - R²   = 0.9903
[2025-11-15T19:42:24.095+0000] {subprocess.py:93} INFO - Czas trenowania: 3622.61s
[2025-11-15T19:42:24.095+0000] {subprocess.py:93} INFO - 
[2025-11-15T19:42:24.096+0000] {subprocess.py:93} INFO - === Trenowany model: XGBRegressor ===
[2025-11-15T19:42:24.096+0000] {subprocess.py:93} INFO - Fitting 2 folds for each of 5 candidates, totalling 10 fits
[2025-11-15T19:42:24.096+0000] {subprocess.py:93} INFO - MAE  = 11,013.70
[2025-11-15T19:42:24.113+0000] {subprocess.py:93} INFO - RMSE = 24,550.32
[2025-11-15T19:42:24.123+0000] {subprocess.py:93} INFO - R²   = 0.9905
[2025-11-15T19:42:24.124+0000] {subprocess.py:93} INFO - Czas trenowania: 1792.89s
[2025-11-15T19:42:24.415+0000] {subprocess.py:93} INFO - 
[2025-11-15T19:42:24.417+0000] {subprocess.py:93} INFO - Zapisano metryki: artifacts/model_metrics.csv
[2025-11-15T19:42:24.437+0000] {subprocess.py:93} INFO - Najlepszy model: RandomForest (MAE=5,818.97)
[2025-11-15T19:42:24.460+0000] {subprocess.py:93} INFO - Zapisano pipeline do: artifacts/best_model_RandomForest.joblib
[2025-11-15T19:42:24.567+0000] {subprocess.py:93} INFO - Zapisano feature importance: artifacts/feature_importance.csv
[2025-11-15T19:42:25.218+0000] {subprocess.py:97} INFO - Command exited with return code 0
[2025-11-15T19:42:25.221+0000] {taskinstance.py:441} INFO - ::group::Post task execution logs
[2025-11-15T19:42:25.254+0000] {taskinstance.py:1206} INFO - Marking task as SUCCESS. dag_id=warehouse_daily, task_id=train_models, run_id=scheduled__2025-11-14T06:00:00+00:00, execution_date=20251114T060000, start_date=20251115T143853, end_date=20251115T194225
[2025-11-15T19:42:25.339+0000] {local_task_job_runner.py:243} INFO - Task exited with return code 0
[2025-11-15T19:42:25.356+0000] {taskinstance.py:3503} INFO - 0 downstream tasks scheduled from follow-on schedule check
[2025-11-15T19:42:25.357+0000] {local_task_job_runner.py:222} INFO - ::endgroup::
