[2025-11-12T19:01:51.909+0000] {local_task_job_runner.py:120} INFO - ::group::Pre task execution logs
[2025-11-12T19:01:51.917+0000] {taskinstance.py:2076} INFO - Dependencies all met for dep_context=non-requeueable deps ti=<TaskInstance: warehouse_daily.silver_handle_missing scheduled__2025-11-11T06:00:00+00:00 [queued]>
[2025-11-12T19:01:51.919+0000] {taskinstance.py:2076} INFO - Dependencies all met for dep_context=requeueable deps ti=<TaskInstance: warehouse_daily.silver_handle_missing scheduled__2025-11-11T06:00:00+00:00 [queued]>
[2025-11-12T19:01:51.919+0000] {taskinstance.py:2306} INFO - Starting attempt 3 of 3
[2025-11-12T19:01:51.923+0000] {taskinstance.py:2330} INFO - Executing <Task(SQLExecuteQueryOperator): silver_handle_missing> on 2025-11-11 06:00:00+00:00
[2025-11-12T19:01:51.925+0000] {standard_task_runner.py:64} INFO - Started process 686 to run task
[2025-11-12T19:01:51.926+0000] {standard_task_runner.py:90} INFO - Running: ['airflow', 'tasks', 'run', 'warehouse_daily', 'silver_handle_missing', 'scheduled__2025-11-11T06:00:00+00:00', '--job-id', '21', '--raw', '--subdir', 'DAGS_FOLDER/warehouse_dag.py', '--cfg-path', '/tmp/tmpiiyof53m']
[2025-11-12T19:01:51.927+0000] {standard_task_runner.py:91} INFO - Job 21: Subtask silver_handle_missing
[2025-11-12T19:01:51.944+0000] {task_command.py:426} INFO - Running <TaskInstance: warehouse_daily.silver_handle_missing scheduled__2025-11-11T06:00:00+00:00 [running]> on host bc643d9c9001
[2025-11-12T19:01:51.953+0000] {abstractoperator.py:725} ERROR - Exception rendering Jinja template for task 'silver_handle_missing', field 'sql'. Template: '/opt/airflow/repo/SQL/SQL_raw/01_staging/110_handle_missing_values.sql'
Traceback (most recent call last):
  File "/home/airflow/.local/lib/python3.12/site-packages/airflow/models/abstractoperator.py", line 717, in _do_render_template_fields
    rendered_content = self.render_template(
                       ^^^^^^^^^^^^^^^^^^^^^
  File "/home/airflow/.local/lib/python3.12/site-packages/airflow/template/templater.py", line 166, in render_template
    template = jinja_env.get_template(value)
               ^^^^^^^^^^^^^^^^^^^^^^^^^^^^^
  File "/home/airflow/.local/lib/python3.12/site-packages/jinja2/environment.py", line 1013, in get_template
    return self._load_template(name, globals)
           ^^^^^^^^^^^^^^^^^^^^^^^^^^^^^^^^^^
  File "/home/airflow/.local/lib/python3.12/site-packages/jinja2/environment.py", line 972, in _load_template
    template = self.loader.load(self, name, self.make_globals(globals))
               ^^^^^^^^^^^^^^^^^^^^^^^^^^^^^^^^^^^^^^^^^^^^^^^^^^^^^^^^
  File "/home/airflow/.local/lib/python3.12/site-packages/jinja2/loaders.py", line 126, in load
    source, filename, uptodate = self.get_source(environment, name)
                                 ^^^^^^^^^^^^^^^^^^^^^^^^^^^^^^^^^^
  File "/home/airflow/.local/lib/python3.12/site-packages/jinja2/loaders.py", line 207, in get_source
    raise TemplateNotFound(template)
jinja2.exceptions.TemplateNotFound: /opt/airflow/repo/SQL/SQL_raw/01_staging/110_handle_missing_values.sql
[2025-11-12T19:01:51.954+0000] {taskinstance.py:2905} ERROR - Task failed with exception
Traceback (most recent call last):
  File "/home/airflow/.local/lib/python3.12/site-packages/airflow/models/taskinstance.py", line 2479, in _run_raw_task
    self._execute_task_with_callbacks(context, test_mode, session=session)
  File "/home/airflow/.local/lib/python3.12/site-packages/airflow/models/taskinstance.py", line 2633, in _execute_task_with_callbacks
    task_orig = self.render_templates(context=context, jinja_env=jinja_env)
                ^^^^^^^^^^^^^^^^^^^^^^^^^^^^^^^^^^^^^^^^^^^^^^^^^^^^^^^^^^^
  File "/home/airflow/.local/lib/python3.12/site-packages/airflow/models/taskinstance.py", line 3094, in render_templates
    original_task.render_template_fields(context, jinja_env)
  File "/home/airflow/.local/lib/python3.12/site-packages/airflow/models/baseoperator.py", line 1337, in render_template_fields
    self._do_render_template_fields(self, self.template_fields, context, jinja_env, set())
  File "/home/airflow/.local/lib/python3.12/site-packages/airflow/models/abstractoperator.py", line 717, in _do_render_template_fields
    rendered_content = self.render_template(
                       ^^^^^^^^^^^^^^^^^^^^^
  File "/home/airflow/.local/lib/python3.12/site-packages/airflow/template/templater.py", line 166, in render_template
    template = jinja_env.get_template(value)
               ^^^^^^^^^^^^^^^^^^^^^^^^^^^^^
  File "/home/airflow/.local/lib/python3.12/site-packages/jinja2/environment.py", line 1013, in get_template
    return self._load_template(name, globals)
           ^^^^^^^^^^^^^^^^^^^^^^^^^^^^^^^^^^
  File "/home/airflow/.local/lib/python3.12/site-packages/jinja2/environment.py", line 972, in _load_template
    template = self.loader.load(self, name, self.make_globals(globals))
               ^^^^^^^^^^^^^^^^^^^^^^^^^^^^^^^^^^^^^^^^^^^^^^^^^^^^^^^^
  File "/home/airflow/.local/lib/python3.12/site-packages/jinja2/loaders.py", line 126, in load
    source, filename, uptodate = self.get_source(environment, name)
                                 ^^^^^^^^^^^^^^^^^^^^^^^^^^^^^^^^^^
  File "/home/airflow/.local/lib/python3.12/site-packages/jinja2/loaders.py", line 207, in get_source
    raise TemplateNotFound(template)
jinja2.exceptions.TemplateNotFound: /opt/airflow/repo/SQL/SQL_raw/01_staging/110_handle_missing_values.sql
[2025-11-12T19:01:51.955+0000] {taskinstance.py:1206} INFO - Marking task as FAILED. dag_id=warehouse_daily, task_id=silver_handle_missing, run_id=scheduled__2025-11-11T06:00:00+00:00, execution_date=20251111T060000, start_date=20251112T190151, end_date=20251112T190151
[2025-11-12T19:01:51.958+0000] {standard_task_runner.py:110} ERROR - Failed to execute job 21 for task silver_handle_missing (/opt/airflow/repo/SQL/SQL_raw/01_staging/110_handle_missing_values.sql; 686)
[2025-11-12T19:01:51.985+0000] {local_task_job_runner.py:243} INFO - Task exited with return code 1
[2025-11-12T19:01:51.991+0000] {taskinstance.py:3503} INFO - 0 downstream tasks scheduled from follow-on schedule check
[2025-11-12T19:01:51.993+0000] {local_task_job_runner.py:222} INFO - ::endgroup::
