[2025-11-12T18:48:36.727+0000] {local_task_job_runner.py:120} INFO - ::group::Pre task execution logs
[2025-11-12T18:48:36.735+0000] {taskinstance.py:2076} INFO - Dependencies all met for dep_context=non-requeueable deps ti=<TaskInstance: warehouse_daily.silver_handle_missing scheduled__2025-11-11T06:00:00+00:00 [queued]>
[2025-11-12T18:48:36.737+0000] {taskinstance.py:2076} INFO - Dependencies all met for dep_context=requeueable deps ti=<TaskInstance: warehouse_daily.silver_handle_missing scheduled__2025-11-11T06:00:00+00:00 [queued]>
[2025-11-12T18:48:36.737+0000] {taskinstance.py:2306} INFO - Starting attempt 2 of 3
[2025-11-12T18:48:36.741+0000] {taskinstance.py:2330} INFO - Executing <Task(SQLExecuteQueryOperator): silver_handle_missing> on 2025-11-11 06:00:00+00:00
[2025-11-12T18:48:36.742+0000] {standard_task_runner.py:64} INFO - Started process 652 to run task
[2025-11-12T18:48:36.743+0000] {standard_task_runner.py:90} INFO - Running: ['airflow', 'tasks', 'run', 'warehouse_daily', 'silver_handle_missing', 'scheduled__2025-11-11T06:00:00+00:00', '--job-id', '19', '--raw', '--subdir', 'DAGS_FOLDER/warehouse_dag.py', '--cfg-path', '/tmp/tmp9u15gtac']
[2025-11-12T18:48:36.744+0000] {standard_task_runner.py:91} INFO - Job 19: Subtask silver_handle_missing
[2025-11-12T18:48:36.756+0000] {task_command.py:426} INFO - Running <TaskInstance: warehouse_daily.silver_handle_missing scheduled__2025-11-11T06:00:00+00:00 [running]> on host bc643d9c9001
[2025-11-12T18:48:36.765+0000] {abstractoperator.py:725} ERROR - Exception rendering Jinja template for task 'silver_handle_missing', field 'sql'. Template: '/opt/airflow/repo/SQL/SQL_raw/01_staging/110_handle_missing_values.sql'
Traceback (most recent call last):
  File "/home/airflow/.local/lib/python3.12/site-packages/airflow/models/abstractoperator.py", line 717, in _do_render_template_fields
    rendered_content = self.render_template(
                       ^^^^^^^^^^^^^^^^^^^^^
  File "/home/airflow/.local/lib/python3.12/site-packages/airflow/template/templater.py", line 166, in render_template
    template = jinja_env.get_template(value)
               ^^^^^^^^^^^^^^^^^^^^^^^^^^^^^
  File "/home/airflow/.local/lib/python3.12/site-packages/jinja2/environment.py", line 1013, in get_template
    return self._load_template(name, globals)
           ^^^^^^^^^^^^^^^^^^^^^^^^^^^^^^^^^^
  File "/home/airflow/.local/lib/python3.12/site-packages/jinja2/environment.py", line 972, in _load_template
    template = self.loader.load(self, name, self.make_globals(globals))
               ^^^^^^^^^^^^^^^^^^^^^^^^^^^^^^^^^^^^^^^^^^^^^^^^^^^^^^^^
  File "/home/airflow/.local/lib/python3.12/site-packages/jinja2/loaders.py", line 126, in load
    source, filename, uptodate = self.get_source(environment, name)
                                 ^^^^^^^^^^^^^^^^^^^^^^^^^^^^^^^^^^
  File "/home/airflow/.local/lib/python3.12/site-packages/jinja2/loaders.py", line 207, in get_source
    raise TemplateNotFound(template)
jinja2.exceptions.TemplateNotFound: /opt/airflow/repo/SQL/SQL_raw/01_staging/110_handle_missing_values.sql
[2025-11-12T18:48:36.765+0000] {taskinstance.py:2905} ERROR - Task failed with exception
Traceback (most recent call last):
  File "/home/airflow/.local/lib/python3.12/site-packages/airflow/models/taskinstance.py", line 2479, in _run_raw_task
    self._execute_task_with_callbacks(context, test_mode, session=session)
  File "/home/airflow/.local/lib/python3.12/site-packages/airflow/models/taskinstance.py", line 2633, in _execute_task_with_callbacks
    task_orig = self.render_templates(context=context, jinja_env=jinja_env)
                ^^^^^^^^^^^^^^^^^^^^^^^^^^^^^^^^^^^^^^^^^^^^^^^^^^^^^^^^^^^
  File "/home/airflow/.local/lib/python3.12/site-packages/airflow/models/taskinstance.py", line 3094, in render_templates
    original_task.render_template_fields(context, jinja_env)
  File "/home/airflow/.local/lib/python3.12/site-packages/airflow/models/baseoperator.py", line 1337, in render_template_fields
    self._do_render_template_fields(self, self.template_fields, context, jinja_env, set())
  File "/home/airflow/.local/lib/python3.12/site-packages/airflow/models/abstractoperator.py", line 717, in _do_render_template_fields
    rendered_content = self.render_template(
                       ^^^^^^^^^^^^^^^^^^^^^
  File "/home/airflow/.local/lib/python3.12/site-packages/airflow/template/templater.py", line 166, in render_template
    template = jinja_env.get_template(value)
               ^^^^^^^^^^^^^^^^^^^^^^^^^^^^^
  File "/home/airflow/.local/lib/python3.12/site-packages/jinja2/environment.py", line 1013, in get_template
    return self._load_template(name, globals)
           ^^^^^^^^^^^^^^^^^^^^^^^^^^^^^^^^^^
  File "/home/airflow/.local/lib/python3.12/site-packages/jinja2/environment.py", line 972, in _load_template
    template = self.loader.load(self, name, self.make_globals(globals))
               ^^^^^^^^^^^^^^^^^^^^^^^^^^^^^^^^^^^^^^^^^^^^^^^^^^^^^^^^
  File "/home/airflow/.local/lib/python3.12/site-packages/jinja2/loaders.py", line 126, in load
    source, filename, uptodate = self.get_source(environment, name)
                                 ^^^^^^^^^^^^^^^^^^^^^^^^^^^^^^^^^^
  File "/home/airflow/.local/lib/python3.12/site-packages/jinja2/loaders.py", line 207, in get_source
    raise TemplateNotFound(template)
jinja2.exceptions.TemplateNotFound: /opt/airflow/repo/SQL/SQL_raw/01_staging/110_handle_missing_values.sql
[2025-11-12T18:48:36.767+0000] {taskinstance.py:1206} INFO - Marking task as UP_FOR_RETRY. dag_id=warehouse_daily, task_id=silver_handle_missing, run_id=scheduled__2025-11-11T06:00:00+00:00, execution_date=20251111T060000, start_date=20251112T184836, end_date=20251112T184836
[2025-11-12T18:48:36.769+0000] {standard_task_runner.py:110} ERROR - Failed to execute job 19 for task silver_handle_missing (/opt/airflow/repo/SQL/SQL_raw/01_staging/110_handle_missing_values.sql; 652)
[2025-11-12T18:48:36.775+0000] {local_task_job_runner.py:243} INFO - Task exited with return code 1
[2025-11-12T18:48:36.781+0000] {taskinstance.py:3503} INFO - 0 downstream tasks scheduled from follow-on schedule check
[2025-11-12T18:48:36.781+0000] {local_task_job_runner.py:222} INFO - ::endgroup::
[2025-11-12T19:11:53.773+0000] {local_task_job_runner.py:120} INFO - ::group::Pre task execution logs
[2025-11-12T19:11:53.780+0000] {taskinstance.py:2076} INFO - Dependencies all met for dep_context=non-requeueable deps ti=<TaskInstance: warehouse_daily.silver_handle_missing scheduled__2025-11-11T06:00:00+00:00 [queued]>
[2025-11-12T19:11:53.782+0000] {taskinstance.py:2076} INFO - Dependencies all met for dep_context=requeueable deps ti=<TaskInstance: warehouse_daily.silver_handle_missing scheduled__2025-11-11T06:00:00+00:00 [queued]>
[2025-11-12T19:11:53.782+0000] {taskinstance.py:2306} INFO - Starting attempt 2 of 3
[2025-11-12T19:11:53.786+0000] {taskinstance.py:2330} INFO - Executing <Task(SQLExecuteQueryOperator): silver_handle_missing> on 2025-11-11 06:00:00+00:00
[2025-11-12T19:11:53.788+0000] {standard_task_runner.py:64} INFO - Started process 516 to run task
[2025-11-12T19:11:53.789+0000] {standard_task_runner.py:90} INFO - Running: ['airflow', 'tasks', 'run', 'warehouse_daily', 'silver_handle_missing', 'scheduled__2025-11-11T06:00:00+00:00', '--job-id', '15', '--raw', '--subdir', 'DAGS_FOLDER/warehouse_dag.py', '--cfg-path', '/tmp/tmplld309tm']
[2025-11-12T19:11:53.790+0000] {standard_task_runner.py:91} INFO - Job 15: Subtask silver_handle_missing
[2025-11-12T19:11:53.801+0000] {task_command.py:426} INFO - Running <TaskInstance: warehouse_daily.silver_handle_missing scheduled__2025-11-11T06:00:00+00:00 [running]> on host 6561605caf49
[2025-11-12T19:11:53.818+0000] {taskinstance.py:2648} INFO - Exporting env vars: AIRFLOW_CTX_DAG_OWNER='wyko' AIRFLOW_CTX_DAG_ID='warehouse_daily' AIRFLOW_CTX_TASK_ID='silver_handle_missing' AIRFLOW_CTX_EXECUTION_DATE='2025-11-11T06:00:00+00:00' AIRFLOW_CTX_TRY_NUMBER='2' AIRFLOW_CTX_DAG_RUN_ID='scheduled__2025-11-11T06:00:00+00:00'
[2025-11-12T19:11:53.819+0000] {taskinstance.py:430} INFO - ::endgroup::
[2025-11-12T19:11:53.875+0000] {sql.py:282} INFO - Executing: create or replace view silver.housing_typed as
WITH src AS (     
  SELECT
    listing_id,
    date,
    city,
    district,
    postal_code,
    NULLIF(REPLACE(rooms::text,              ',', ''), '')::numeric                 AS rooms_num,
    NULLIF(REPLACE(area_sqm::text,           ',', ''), '')::numeric                 AS area_num,
    NULLIF(REPLACE(floor::text,              ',', ''), '')::numeric                 AS floor_num,
    NULLIF(REPLACE(total_floors::text,       ',', ''), '')::numeric                 AS total_floors_num,
    NULLIF(REPLACE(year_built::text,         ',', ''), '')::numeric                 AS year_num,
    NULLIF(REPLACE(distance_center_km::text, ',', ''), '')::numeric                 AS dist_num,
    CASE
      WHEN has_elevator IS NULL THEN NULL
      WHEN has_elevator::int = 1 THEN 1
      WHEN has_elevator::int = 0 THEN 0
      ELSE NULL
    END AS has_elevator_int,
    price_sqm,
    price_total
  FROM bronze.housing_raw
),
median_calc AS(
	select
		PERCENTILE_CONT(0.5) within group (order by rooms_num) as median_rooms,
		PERCENTILE_CONT(0.5) within group (order by area_num) as median_area,
		PERCENTILE_CONT(0.5) within group (order by floor_num) as median_floors,
		PERCENTILE_CONT(0.5) within group (order by total_floors_num) as median_floors_total,
		PERCENTILE_CONT(0.5) within group (order by year_num) as median_year,
		PERCENTILE_CONT(0.5) within group (order by dist_num) as median_distance
	from src
)
SELECT
  s.listing_id,
  s.date,
  s.city,
  s.district,
  COALESCE(s.rooms_num,            m.median_rooms)        AS rooms,             
  COALESCE(s.area_num,             m.median_area)         AS area_sqm,          
  COALESCE(s.floor_num,            m.median_floors)        AS floor,             
  COALESCE(s.total_floors_num,     m.median_floors_total) AS total_floors,      
  COALESCE(s.year_num,             m.median_year)         AS year_built,        
  COALESCE(s.dist_num,             m.median_distance)         AS distance_center_km,
  COALESCE(
    CASE WHEN s.has_elevator_int = 1 THEN TRUE
         WHEN s.has_elevator_int = 0 THEN FALSE
         ELSE NULL END,
    TRUE  
  ) AS has_elevator,
  s.postal_code,
  s.price_sqm,
  s.price_total
FROM src s
CROSS JOIN median_calc m;




[2025-11-12T19:11:53.876+0000] {crypto.py:82} WARNING - empty cryptography key - values will not be stored encrypted.
[2025-11-12T19:11:53.876+0000] {base.py:84} INFO - Using connection ID 'warehouse_pg' for task execution.
[2025-11-12T19:11:53.893+0000] {base.py:84} INFO - Using connection ID 'warehouse_pg' for task execution.
[2025-11-12T19:11:53.898+0000] {sql.py:495} INFO - Running statement: create or replace view silver.housing_typed as
WITH src AS (     
  SELECT
    listing_id,
    date,
    city,
    district,
    postal_code,
    NULLIF(REPLACE(rooms::text,              ',', ''), '')::numeric                 AS rooms_num,
    NULLIF(REPLACE(area_sqm::text,           ',', ''), '')::numeric                 AS area_num,
    NULLIF(REPLACE(floor::text,              ',', ''), '')::numeric                 AS floor_num,
    NULLIF(REPLACE(total_floors::text,       ',', ''), '')::numeric                 AS total_floors_num,
    NULLIF(REPLACE(year_built::text,         ',', ''), '')::numeric                 AS year_num,
    NULLIF(REPLACE(distance_center_km::text, ',', ''), '')::numeric                 AS dist_num,
    CASE
      WHEN has_elevator IS NULL THEN NULL
      WHEN has_elevator::int = 1 THEN 1
      WHEN has_elevator::int = 0 THEN 0
      ELSE NULL
    END AS has_elevator_int,
    price_sqm,
    price_total
  FROM bronze.housing_raw
),
median_calc AS(
	select
		PERCENTILE_CONT(0.5) within group (order by rooms_num) as median_rooms,
		PERCENTILE_CONT(0.5) within group (order by area_num) as median_area,
		PERCENTILE_CONT(0.5) within group (order by floor_num) as median_floors,
		PERCENTILE_CONT(0.5) within group (order by total_floors_num) as median_floors_total,
		PERCENTILE_CONT(0.5) within group (order by year_num) as median_year,
		PERCENTILE_CONT(0.5) within group (order by dist_num) as median_distance
	from src
)
SELECT
  s.listing_id,
  s.date,
  s.city,
  s.district,
  COALESCE(s.rooms_num,            m.median_rooms)        AS rooms,             
  COALESCE(s.area_num,             m.median_area)         AS area_sqm,          
  COALESCE(s.floor_num,            m.median_floors)        AS floor,             
  COALESCE(s.total_floors_num,     m.median_floors_total) AS total_floors,      
  COALESCE(s.year_num,             m.median_year)         AS year_built,        
  COALESCE(s.dist_num,             m.median_distance)         AS distance_center_km,
  COALESCE(
    CASE WHEN s.has_elevator_int = 1 THEN TRUE
         WHEN s.has_elevator_int = 0 THEN FALSE
         ELSE NULL END,
    TRUE  
  ) AS has_elevator,
  s.postal_code,
  s.price_sqm,
  s.price_total
FROM src s
CROSS JOIN median_calc m;



, parameters: None
[2025-11-12T19:11:53.905+0000] {taskinstance.py:441} INFO - ::group::Post task execution logs
[2025-11-12T19:11:53.906+0000] {taskinstance.py:1206} INFO - Marking task as SUCCESS. dag_id=warehouse_daily, task_id=silver_handle_missing, run_id=scheduled__2025-11-11T06:00:00+00:00, execution_date=20251111T060000, start_date=20251112T191153, end_date=20251112T191153
[2025-11-12T19:11:53.937+0000] {local_task_job_runner.py:243} INFO - Task exited with return code 0
[2025-11-12T19:11:53.944+0000] {taskinstance.py:3503} INFO - 0 downstream tasks scheduled from follow-on schedule check
[2025-11-12T19:11:53.944+0000] {local_task_job_runner.py:222} INFO - ::endgroup::
