[2025-11-12T18:42:47.068+0000] {local_task_job_runner.py:120} INFO - ::group::Pre task execution logs
[2025-11-12T18:42:47.077+0000] {taskinstance.py:2076} INFO - Dependencies all met for dep_context=non-requeueable deps ti=<TaskInstance: warehouse_daily.load_processed_to_pg manual__2025-11-12T18:37:34.476309+00:00 [queued]>
[2025-11-12T18:42:47.078+0000] {taskinstance.py:2076} INFO - Dependencies all met for dep_context=requeueable deps ti=<TaskInstance: warehouse_daily.load_processed_to_pg manual__2025-11-12T18:37:34.476309+00:00 [queued]>
[2025-11-12T18:42:47.079+0000] {taskinstance.py:2306} INFO - Starting attempt 2 of 4
[2025-11-12T18:42:47.082+0000] {taskinstance.py:2330} INFO - Executing <Task(BashOperator): load_processed_to_pg> on 2025-11-12 18:37:34.476309+00:00
[2025-11-12T18:42:47.084+0000] {standard_task_runner.py:64} INFO - Started process 446 to run task
[2025-11-12T18:42:47.085+0000] {standard_task_runner.py:90} INFO - Running: ['airflow', 'tasks', 'run', 'warehouse_daily', 'load_processed_to_pg', 'manual__2025-11-12T18:37:34.476309+00:00', '--job-id', '11', '--raw', '--subdir', 'DAGS_FOLDER/warehouse_dag.py', '--cfg-path', '/tmp/tmp_ev5t10h']
[2025-11-12T18:42:47.085+0000] {standard_task_runner.py:91} INFO - Job 11: Subtask load_processed_to_pg
[2025-11-12T18:42:47.097+0000] {task_command.py:426} INFO - Running <TaskInstance: warehouse_daily.load_processed_to_pg manual__2025-11-12T18:37:34.476309+00:00 [running]> on host bc643d9c9001
[2025-11-12T18:42:47.111+0000] {taskinstance.py:2648} INFO - Exporting env vars: AIRFLOW_CTX_DAG_OWNER='wyko' AIRFLOW_CTX_DAG_ID='warehouse_daily' AIRFLOW_CTX_TASK_ID='load_processed_to_pg' AIRFLOW_CTX_EXECUTION_DATE='2025-11-12T18:37:34.476309+00:00' AIRFLOW_CTX_TRY_NUMBER='2' AIRFLOW_CTX_DAG_RUN_ID='manual__2025-11-12T18:37:34.476309+00:00'
[2025-11-12T18:42:47.112+0000] {taskinstance.py:430} INFO - ::endgroup::
[2025-11-12T18:42:47.167+0000] {subprocess.py:63} INFO - Tmp dir root location: /tmp
[2025-11-12T18:42:47.168+0000] {subprocess.py:75} INFO - Running command: ['/usr/bin/bash', '-c', 'python /opt/airflow/repo/etl/load.py']
[2025-11-12T18:42:47.170+0000] {subprocess.py:86} INFO - Output:
[2025-11-12T18:43:08.290+0000] {subprocess.py:93} INFO -  Loaded to Postgres public.housing
[2025-11-12T18:43:08.377+0000] {subprocess.py:97} INFO - Command exited with return code 0
[2025-11-12T18:43:08.377+0000] {taskinstance.py:441} INFO - ::group::Post task execution logs
[2025-11-12T18:43:08.384+0000] {taskinstance.py:1206} INFO - Marking task as SUCCESS. dag_id=warehouse_daily, task_id=load_processed_to_pg, run_id=manual__2025-11-12T18:37:34.476309+00:00, execution_date=20251112T183734, start_date=20251112T184247, end_date=20251112T184308
[2025-11-12T18:43:08.392+0000] {local_task_job_runner.py:243} INFO - Task exited with return code 0
[2025-11-12T18:43:08.397+0000] {taskinstance.py:3503} INFO - 2 downstream tasks scheduled from follow-on schedule check
[2025-11-12T18:43:08.398+0000] {local_task_job_runner.py:222} INFO - ::endgroup::
