[2025-11-19T06:32:52.025+0000] {local_task_job_runner.py:120} INFO - ::group::Pre task execution logs
[2025-11-19T06:32:52.045+0000] {taskinstance.py:2076} INFO - Dependencies all met for dep_context=non-requeueable deps ti=<TaskInstance: warehouse_daily.extract_to_minio scheduled__2025-11-18T06:00:00+00:00 [queued]>
[2025-11-19T06:32:52.050+0000] {taskinstance.py:2076} INFO - Dependencies all met for dep_context=requeueable deps ti=<TaskInstance: warehouse_daily.extract_to_minio scheduled__2025-11-18T06:00:00+00:00 [queued]>
[2025-11-19T06:32:52.050+0000] {taskinstance.py:2306} INFO - Starting attempt 1 of 3
[2025-11-19T06:32:52.059+0000] {taskinstance.py:2330} INFO - Executing <Task(BashOperator): extract_to_minio> on 2025-11-18 06:00:00+00:00
[2025-11-19T06:32:52.066+0000] {standard_task_runner.py:64} INFO - Started process 6095 to run task
[2025-11-19T06:32:52.068+0000] {standard_task_runner.py:90} INFO - Running: ['airflow', 'tasks', 'run', 'warehouse_daily', 'extract_to_minio', 'scheduled__2025-11-18T06:00:00+00:00', '--job-id', '108', '--raw', '--subdir', 'DAGS_FOLDER/warehouse_dag.py', '--cfg-path', '/tmp/tmp7eoo73ok']
[2025-11-19T06:32:52.070+0000] {standard_task_runner.py:91} INFO - Job 108: Subtask extract_to_minio
[2025-11-19T06:32:52.098+0000] {task_command.py:426} INFO - Running <TaskInstance: warehouse_daily.extract_to_minio scheduled__2025-11-18T06:00:00+00:00 [running]> on host 8b16c83c8b1e
[2025-11-19T06:32:52.272+0000] {taskinstance.py:2648} INFO - Exporting env vars: AIRFLOW_CTX_DAG_OWNER='wyko' AIRFLOW_CTX_DAG_ID='warehouse_daily' AIRFLOW_CTX_TASK_ID='extract_to_minio' AIRFLOW_CTX_EXECUTION_DATE='2025-11-18T06:00:00+00:00' AIRFLOW_CTX_TRY_NUMBER='1' AIRFLOW_CTX_DAG_RUN_ID='scheduled__2025-11-18T06:00:00+00:00'
[2025-11-19T06:32:52.273+0000] {taskinstance.py:430} INFO - ::endgroup::
[2025-11-19T06:32:52.283+0000] {subprocess.py:63} INFO - Tmp dir root location: /tmp
[2025-11-19T06:32:52.283+0000] {subprocess.py:75} INFO - Running command: ['/usr/bin/bash', '-c', 'cd /opt/airflow/repo && python etl/extract.py']
[2025-11-19T06:32:52.288+0000] {subprocess.py:86} INFO - Output:
[2025-11-19T06:32:59.583+0000] {subprocess.py:93} INFO - Succesfully Uploaded data/raw/housing_800k.csv → s3://raw/housing_800k.csv  (rows=800,000)
[2025-11-19T06:32:59.710+0000] {subprocess.py:97} INFO - Command exited with return code 0
[2025-11-19T06:32:59.711+0000] {taskinstance.py:441} INFO - ::group::Post task execution logs
[2025-11-19T06:32:59.723+0000] {taskinstance.py:1206} INFO - Marking task as SUCCESS. dag_id=warehouse_daily, task_id=extract_to_minio, run_id=scheduled__2025-11-18T06:00:00+00:00, execution_date=20251118T060000, start_date=20251119T063252, end_date=20251119T063259
[2025-11-19T06:32:59.772+0000] {local_task_job_runner.py:243} INFO - Task exited with return code 0
[2025-11-19T06:32:59.785+0000] {taskinstance.py:3503} INFO - 1 downstream tasks scheduled from follow-on schedule check
[2025-11-19T06:32:59.789+0000] {local_task_job_runner.py:222} INFO - ::endgroup::
