[2025-11-16T11:08:02.560+0000] {local_task_job_runner.py:120} INFO - ::group::Pre task execution logs
[2025-11-16T11:08:02.585+0000] {taskinstance.py:2076} INFO - Dependencies all met for dep_context=non-requeueable deps ti=<TaskInstance: warehouse_daily.silver_cast_normalize scheduled__2025-11-15T06:00:00+00:00 [queued]>
[2025-11-16T11:08:02.591+0000] {taskinstance.py:2076} INFO - Dependencies all met for dep_context=requeueable deps ti=<TaskInstance: warehouse_daily.silver_cast_normalize scheduled__2025-11-15T06:00:00+00:00 [queued]>
[2025-11-16T11:08:02.591+0000] {taskinstance.py:2306} INFO - Starting attempt 1 of 3
[2025-11-16T11:08:02.606+0000] {taskinstance.py:2330} INFO - Executing <Task(SQLExecuteQueryOperator): silver_cast_normalize> on 2025-11-15 06:00:00+00:00
[2025-11-16T11:08:02.615+0000] {standard_task_runner.py:64} INFO - Started process 3937 to run task
[2025-11-16T11:08:02.619+0000] {standard_task_runner.py:90} INFO - Running: ['airflow', 'tasks', 'run', 'warehouse_daily', 'silver_cast_normalize', 'scheduled__2025-11-15T06:00:00+00:00', '--job-id', '82', '--raw', '--subdir', 'DAGS_FOLDER/warehouse_dag.py', '--cfg-path', '/tmp/tmp6kh3mqqt']
[2025-11-16T11:08:02.621+0000] {standard_task_runner.py:91} INFO - Job 82: Subtask silver_cast_normalize
[2025-11-16T11:08:02.673+0000] {task_command.py:426} INFO - Running <TaskInstance: warehouse_daily.silver_cast_normalize scheduled__2025-11-15T06:00:00+00:00 [running]> on host 8b16c83c8b1e
[2025-11-16T11:08:02.986+0000] {taskinstance.py:2648} INFO - Exporting env vars: AIRFLOW_CTX_DAG_OWNER='wyko' AIRFLOW_CTX_DAG_ID='warehouse_daily' AIRFLOW_CTX_TASK_ID='silver_cast_normalize' AIRFLOW_CTX_EXECUTION_DATE='2025-11-15T06:00:00+00:00' AIRFLOW_CTX_TRY_NUMBER='1' AIRFLOW_CTX_DAG_RUN_ID='scheduled__2025-11-15T06:00:00+00:00'
[2025-11-16T11:08:02.986+0000] {taskinstance.py:430} INFO - ::endgroup::
[2025-11-16T11:08:02.999+0000] {sql.py:282} INFO - Executing: create or replace view silver.housing_clean as
	select
	
    replace(listing_id::text, ',', '')::BIGINT           AS listing_id,
    NULLIF(TRIM("date"), '')::date                       AS listing_date,

    CASE WHEN city IS NULL OR TRIM(city) = '' 
         THEN NULL ELSE INITCAP(TRIM(city)) END          AS city,
         
    CASE WHEN district IS NULL OR TRIM(district) = '' 
         THEN NULL ELSE INITCAP(TRIM(district)) END      AS district,
         
    NULLIF(TRIM(postal_code), '')                        AS postal_code,

    -- liczby całkowite
    rooms::int                                           AS rooms,
    floor::int                                           AS floor,
    total_floors::int                                    AS total_floors,
    REPLACE(year_built::text, ',', '')::int                    AS year_built,
    


    ROUND(area_sqm::numeric, 2)::numeric(12,2)           AS area_sqm,
    ROUND(distance_center_km::numeric, 2)::numeric(12,2) AS distance_center_km,


    (price_sqm::numeric)::numeric(18,2)                  AS price_sqm,
    (price_total::numeric)::numeric(18,2)                AS price_total,
    
	has_elevator


from silver.housing_typed;
[2025-11-16T11:08:03.000+0000] {crypto.py:82} WARNING - empty cryptography key - values will not be stored encrypted.
[2025-11-16T11:08:03.001+0000] {base.py:84} INFO - Using connection ID 'warehouse_pg' for task execution.
[2025-11-16T11:08:03.048+0000] {base.py:84} INFO - Using connection ID 'warehouse_pg' for task execution.
[2025-11-16T11:08:03.070+0000] {sql.py:495} INFO - Running statement: create or replace view silver.housing_clean as
	select
	
    replace(listing_id::text, ',', '')::BIGINT           AS listing_id,
    NULLIF(TRIM("date"), '')::date                       AS listing_date,

    CASE WHEN city IS NULL OR TRIM(city) = '' 
         THEN NULL ELSE INITCAP(TRIM(city)) END          AS city,
         
    CASE WHEN district IS NULL OR TRIM(district) = '' 
         THEN NULL ELSE INITCAP(TRIM(district)) END      AS district,
         
    NULLIF(TRIM(postal_code), '')                        AS postal_code,

    -- liczby całkowite
    rooms::int                                           AS rooms,
    floor::int                                           AS floor,
    total_floors::int                                    AS total_floors,
    REPLACE(year_built::text, ',', '')::int                    AS year_built,
    


    ROUND(area_sqm::numeric, 2)::numeric(12,2)           AS area_sqm,
    ROUND(distance_center_km::numeric, 2)::numeric(12,2) AS distance_center_km,


    (price_sqm::numeric)::numeric(18,2)                  AS price_sqm,
    (price_total::numeric)::numeric(18,2)                AS price_total,
    
	has_elevator


from silver.housing_typed;, parameters: None
[2025-11-16T11:08:03.078+0000] {taskinstance.py:441} INFO - ::group::Post task execution logs
[2025-11-16T11:08:03.085+0000] {taskinstance.py:1206} INFO - Marking task as SUCCESS. dag_id=warehouse_daily, task_id=silver_cast_normalize, run_id=scheduled__2025-11-15T06:00:00+00:00, execution_date=20251115T060000, start_date=20251116T110802, end_date=20251116T110803
[2025-11-16T11:08:03.138+0000] {local_task_job_runner.py:243} INFO - Task exited with return code 0
[2025-11-16T11:08:03.162+0000] {taskinstance.py:3503} INFO - 1 downstream tasks scheduled from follow-on schedule check
[2025-11-16T11:08:03.168+0000] {local_task_job_runner.py:222} INFO - ::endgroup::
