[2025-11-15T08:12:10.935+0000] {local_task_job_runner.py:120} INFO - ::group::Pre task execution logs
[2025-11-15T08:12:11.030+0000] {taskinstance.py:2076} INFO - Dependencies all met for dep_context=non-requeueable deps ti=<TaskInstance: warehouse_daily.load_processed_to_pg scheduled__2025-11-14T06:00:00+00:00 [queued]>
[2025-11-15T08:12:11.044+0000] {taskinstance.py:2076} INFO - Dependencies all met for dep_context=requeueable deps ti=<TaskInstance: warehouse_daily.load_processed_to_pg scheduled__2025-11-14T06:00:00+00:00 [queued]>
[2025-11-15T08:12:11.045+0000] {taskinstance.py:2306} INFO - Starting attempt 1 of 3
[2025-11-15T08:12:11.063+0000] {taskinstance.py:2330} INFO - Executing <Task(BashOperator): load_processed_to_pg> on 2025-11-14 06:00:00+00:00
[2025-11-15T08:12:11.073+0000] {standard_task_runner.py:64} INFO - Started process 3187 to run task
[2025-11-15T08:12:11.077+0000] {standard_task_runner.py:90} INFO - Running: ['airflow', 'tasks', 'run', 'warehouse_daily', 'load_processed_to_pg', 'scheduled__2025-11-14T06:00:00+00:00', '--job-id', '70', '--raw', '--subdir', 'DAGS_FOLDER/warehouse_dag.py', '--cfg-path', '/tmp/tmpfh1tzxjc']
[2025-11-15T08:12:11.080+0000] {standard_task_runner.py:91} INFO - Job 70: Subtask load_processed_to_pg
[2025-11-15T08:12:11.121+0000] {task_command.py:426} INFO - Running <TaskInstance: warehouse_daily.load_processed_to_pg scheduled__2025-11-14T06:00:00+00:00 [running]> on host 8b16c83c8b1e
[2025-11-15T08:12:12.867+0000] {taskinstance.py:2648} INFO - Exporting env vars: AIRFLOW_CTX_DAG_OWNER='wyko' AIRFLOW_CTX_DAG_ID='warehouse_daily' AIRFLOW_CTX_TASK_ID='load_processed_to_pg' AIRFLOW_CTX_EXECUTION_DATE='2025-11-14T06:00:00+00:00' AIRFLOW_CTX_TRY_NUMBER='1' AIRFLOW_CTX_DAG_RUN_ID='scheduled__2025-11-14T06:00:00+00:00'
[2025-11-15T08:12:12.868+0000] {taskinstance.py:430} INFO - ::endgroup::
[2025-11-15T08:12:12.897+0000] {subprocess.py:63} INFO - Tmp dir root location: /tmp
[2025-11-15T08:12:12.899+0000] {subprocess.py:75} INFO - Running command: ['/usr/bin/bash', '-c', 'python /opt/airflow/repo/etl/load.py']
[2025-11-15T08:12:12.912+0000] {subprocess.py:86} INFO - Output:
[2025-11-15T12:50:20.663+0000] {subprocess.py:93} INFO -  Loaded to Postgres public.housing
[2025-11-15T12:50:20.874+0000] {subprocess.py:97} INFO - Command exited with return code 0
[2025-11-15T12:50:20.876+0000] {taskinstance.py:441} INFO - ::group::Post task execution logs
[2025-11-15T12:50:20.890+0000] {taskinstance.py:1206} INFO - Marking task as SUCCESS. dag_id=warehouse_daily, task_id=load_processed_to_pg, run_id=scheduled__2025-11-14T06:00:00+00:00, execution_date=20251114T060000, start_date=20251115T081211, end_date=20251115T125020
[2025-11-15T12:50:20.915+0000] {local_task_job_runner.py:243} INFO - Task exited with return code 0
[2025-11-15T12:50:20.936+0000] {taskinstance.py:3503} INFO - 2 downstream tasks scheduled from follow-on schedule check
[2025-11-15T12:50:20.943+0000] {local_task_job_runner.py:222} INFO - ::endgroup::
