[2025-11-13T06:06:41.611+0000] {local_task_job_runner.py:120} INFO - ::group::Pre task execution logs
[2025-11-13T06:06:41.641+0000] {taskinstance.py:2076} INFO - Dependencies all met for dep_context=non-requeueable deps ti=<TaskInstance: warehouse_daily.transform_to_parquet scheduled__2025-11-12T06:00:00+00:00 [queued]>
[2025-11-13T06:06:41.646+0000] {taskinstance.py:2076} INFO - Dependencies all met for dep_context=requeueable deps ti=<TaskInstance: warehouse_daily.transform_to_parquet scheduled__2025-11-12T06:00:00+00:00 [queued]>
[2025-11-13T06:06:41.647+0000] {taskinstance.py:2306} INFO - Starting attempt 1 of 3
[2025-11-13T06:06:41.660+0000] {taskinstance.py:2330} INFO - Executing <Task(BashOperator): transform_to_parquet> on 2025-11-12 06:00:00+00:00
[2025-11-13T06:06:41.668+0000] {standard_task_runner.py:64} INFO - Started process 1292 to run task
[2025-11-13T06:06:41.671+0000] {standard_task_runner.py:90} INFO - Running: ['airflow', 'tasks', 'run', 'warehouse_daily', 'transform_to_parquet', 'scheduled__2025-11-12T06:00:00+00:00', '--job-id', '49', '--raw', '--subdir', 'DAGS_FOLDER/warehouse_dag.py', '--cfg-path', '/tmp/tmplzwhd3l3']
[2025-11-13T06:06:41.673+0000] {standard_task_runner.py:91} INFO - Job 49: Subtask transform_to_parquet
[2025-11-13T06:06:41.725+0000] {task_command.py:426} INFO - Running <TaskInstance: warehouse_daily.transform_to_parquet scheduled__2025-11-12T06:00:00+00:00 [running]> on host 6561605caf49
[2025-11-13T06:06:42.014+0000] {taskinstance.py:2648} INFO - Exporting env vars: AIRFLOW_CTX_DAG_OWNER='wyko' AIRFLOW_CTX_DAG_ID='warehouse_daily' AIRFLOW_CTX_TASK_ID='transform_to_parquet' AIRFLOW_CTX_EXECUTION_DATE='2025-11-12T06:00:00+00:00' AIRFLOW_CTX_TRY_NUMBER='1' AIRFLOW_CTX_DAG_RUN_ID='scheduled__2025-11-12T06:00:00+00:00'
[2025-11-13T06:06:42.015+0000] {taskinstance.py:430} INFO - ::endgroup::
[2025-11-13T06:06:42.027+0000] {subprocess.py:63} INFO - Tmp dir root location: /tmp
[2025-11-13T06:06:42.028+0000] {subprocess.py:75} INFO - Running command: ['/usr/bin/bash', '-c', 'python /opt/airflow/repo/etl/transform.py --src housing_800k.csv --dst housing_800k.parquet']
[2025-11-13T06:06:42.045+0000] {subprocess.py:86} INFO - Output:
[2025-11-13T06:06:47.161+0000] {subprocess.py:93} INFO -  Processed 800,000 rows → s3://processed/housing_800k.parquet
[2025-11-13T06:06:47.287+0000] {subprocess.py:97} INFO - Command exited with return code 0
[2025-11-13T06:06:47.288+0000] {taskinstance.py:441} INFO - ::group::Post task execution logs
[2025-11-13T06:06:47.302+0000] {taskinstance.py:1206} INFO - Marking task as SUCCESS. dag_id=warehouse_daily, task_id=transform_to_parquet, run_id=scheduled__2025-11-12T06:00:00+00:00, execution_date=20251112T060000, start_date=20251113T060641, end_date=20251113T060647
[2025-11-13T06:06:47.319+0000] {local_task_job_runner.py:243} INFO - Task exited with return code 0
[2025-11-13T06:06:47.333+0000] {taskinstance.py:3503} INFO - 1 downstream tasks scheduled from follow-on schedule check
[2025-11-13T06:06:47.336+0000] {local_task_job_runner.py:222} INFO - ::endgroup::
[2025-11-13T09:52:00.037+0000] {local_task_job_runner.py:120} INFO - ::group::Pre task execution logs
[2025-11-13T09:52:00.045+0000] {taskinstance.py:2076} INFO - Dependencies all met for dep_context=non-requeueable deps ti=<TaskInstance: warehouse_daily.transform_to_parquet scheduled__2025-11-12T06:00:00+00:00 [queued]>
[2025-11-13T09:52:00.046+0000] {taskinstance.py:2076} INFO - Dependencies all met for dep_context=requeueable deps ti=<TaskInstance: warehouse_daily.transform_to_parquet scheduled__2025-11-12T06:00:00+00:00 [queued]>
[2025-11-13T09:52:00.046+0000] {taskinstance.py:2306} INFO - Starting attempt 1 of 3
[2025-11-13T09:52:00.050+0000] {taskinstance.py:2330} INFO - Executing <Task(BashOperator): transform_to_parquet> on 2025-11-12 06:00:00+00:00
[2025-11-13T09:52:00.052+0000] {standard_task_runner.py:64} INFO - Started process 272 to run task
[2025-11-13T09:52:00.053+0000] {standard_task_runner.py:90} INFO - Running: ['airflow', 'tasks', 'run', 'warehouse_daily', 'transform_to_parquet', 'scheduled__2025-11-12T06:00:00+00:00', '--job-id', '7', '--raw', '--subdir', 'DAGS_FOLDER/warehouse_dag.py', '--cfg-path', '/tmp/tmp9ivjb_9p']
[2025-11-13T09:52:00.053+0000] {standard_task_runner.py:91} INFO - Job 7: Subtask transform_to_parquet
[2025-11-13T09:52:00.065+0000] {task_command.py:426} INFO - Running <TaskInstance: warehouse_daily.transform_to_parquet scheduled__2025-11-12T06:00:00+00:00 [running]> on host 1e1b3e3b62cf
[2025-11-13T09:52:00.080+0000] {taskinstance.py:2648} INFO - Exporting env vars: AIRFLOW_CTX_DAG_OWNER='wyko' AIRFLOW_CTX_DAG_ID='warehouse_daily' AIRFLOW_CTX_TASK_ID='transform_to_parquet' AIRFLOW_CTX_EXECUTION_DATE='2025-11-12T06:00:00+00:00' AIRFLOW_CTX_TRY_NUMBER='1' AIRFLOW_CTX_DAG_RUN_ID='scheduled__2025-11-12T06:00:00+00:00'
[2025-11-13T09:52:00.081+0000] {taskinstance.py:430} INFO - ::endgroup::
[2025-11-13T09:52:00.134+0000] {subprocess.py:63} INFO - Tmp dir root location: /tmp
[2025-11-13T09:52:00.134+0000] {subprocess.py:75} INFO - Running command: ['/usr/bin/bash', '-c', 'python /opt/airflow/repo/etl/transform.py --src housing_800k.csv --dst housing_800k.parquet']
[2025-11-13T09:52:00.138+0000] {subprocess.py:86} INFO - Output:
[2025-11-13T09:52:02.095+0000] {subprocess.py:93} INFO -  Processed 800,000 rows → s3://processed/housing_800k.parquet
[2025-11-13T09:52:02.158+0000] {subprocess.py:97} INFO - Command exited with return code 0
[2025-11-13T09:52:02.158+0000] {taskinstance.py:441} INFO - ::group::Post task execution logs
[2025-11-13T09:52:02.165+0000] {taskinstance.py:1206} INFO - Marking task as SUCCESS. dag_id=warehouse_daily, task_id=transform_to_parquet, run_id=scheduled__2025-11-12T06:00:00+00:00, execution_date=20251112T060000, start_date=20251113T095200, end_date=20251113T095202
[2025-11-13T09:52:02.173+0000] {local_task_job_runner.py:243} INFO - Task exited with return code 0
[2025-11-13T09:52:02.179+0000] {taskinstance.py:3503} INFO - 1 downstream tasks scheduled from follow-on schedule check
[2025-11-13T09:52:02.180+0000] {local_task_job_runner.py:222} INFO - ::endgroup::
[2025-11-13T13:51:20.697+0000] {local_task_job_runner.py:120} INFO - ::group::Pre task execution logs
[2025-11-13T13:51:20.704+0000] {taskinstance.py:2076} INFO - Dependencies all met for dep_context=non-requeueable deps ti=<TaskInstance: warehouse_daily.transform_to_parquet scheduled__2025-11-12T06:00:00+00:00 [queued]>
[2025-11-13T13:51:20.706+0000] {taskinstance.py:2076} INFO - Dependencies all met for dep_context=requeueable deps ti=<TaskInstance: warehouse_daily.transform_to_parquet scheduled__2025-11-12T06:00:00+00:00 [queued]>
[2025-11-13T13:51:20.706+0000] {taskinstance.py:2306} INFO - Starting attempt 1 of 3
[2025-11-13T13:51:20.710+0000] {taskinstance.py:2330} INFO - Executing <Task(BashOperator): transform_to_parquet> on 2025-11-12 06:00:00+00:00
[2025-11-13T13:51:20.711+0000] {standard_task_runner.py:64} INFO - Started process 282 to run task
[2025-11-13T13:51:20.712+0000] {standard_task_runner.py:90} INFO - Running: ['airflow', 'tasks', 'run', 'warehouse_daily', 'transform_to_parquet', 'scheduled__2025-11-12T06:00:00+00:00', '--job-id', '7', '--raw', '--subdir', 'DAGS_FOLDER/warehouse_dag.py', '--cfg-path', '/tmp/tmpn6vmx8vn']
[2025-11-13T13:51:20.713+0000] {standard_task_runner.py:91} INFO - Job 7: Subtask transform_to_parquet
[2025-11-13T13:51:20.724+0000] {task_command.py:426} INFO - Running <TaskInstance: warehouse_daily.transform_to_parquet scheduled__2025-11-12T06:00:00+00:00 [running]> on host 8b16c83c8b1e
[2025-11-13T13:51:20.741+0000] {taskinstance.py:2648} INFO - Exporting env vars: AIRFLOW_CTX_DAG_OWNER='wyko' AIRFLOW_CTX_DAG_ID='warehouse_daily' AIRFLOW_CTX_TASK_ID='transform_to_parquet' AIRFLOW_CTX_EXECUTION_DATE='2025-11-12T06:00:00+00:00' AIRFLOW_CTX_TRY_NUMBER='1' AIRFLOW_CTX_DAG_RUN_ID='scheduled__2025-11-12T06:00:00+00:00'
[2025-11-13T13:51:20.741+0000] {taskinstance.py:430} INFO - ::endgroup::
[2025-11-13T13:51:20.807+0000] {subprocess.py:63} INFO - Tmp dir root location: /tmp
[2025-11-13T13:51:20.807+0000] {subprocess.py:75} INFO - Running command: ['/usr/bin/bash', '-c', 'python /opt/airflow/repo/etl/transform.py --src housing_800k.csv --dst housing_800k.parquet']
[2025-11-13T13:51:20.810+0000] {subprocess.py:86} INFO - Output:
[2025-11-13T13:51:22.827+0000] {subprocess.py:93} INFO -  Processed 800,000 rows → s3://processed/housing_800k.parquet
[2025-11-13T13:51:22.888+0000] {subprocess.py:97} INFO - Command exited with return code 0
[2025-11-13T13:51:22.888+0000] {taskinstance.py:441} INFO - ::group::Post task execution logs
[2025-11-13T13:51:22.896+0000] {taskinstance.py:1206} INFO - Marking task as SUCCESS. dag_id=warehouse_daily, task_id=transform_to_parquet, run_id=scheduled__2025-11-12T06:00:00+00:00, execution_date=20251112T060000, start_date=20251113T135120, end_date=20251113T135122
[2025-11-13T13:51:22.940+0000] {local_task_job_runner.py:243} INFO - Task exited with return code 0
[2025-11-13T13:51:22.947+0000] {taskinstance.py:3503} INFO - 1 downstream tasks scheduled from follow-on schedule check
[2025-11-13T13:51:22.949+0000] {local_task_job_runner.py:222} INFO - ::endgroup::
