[2025-11-23T07:29:00.199+0000] {local_task_job_runner.py:120} INFO - ::group::Pre task execution logs
[2025-11-23T07:29:00.210+0000] {taskinstance.py:2076} INFO - Dependencies all met for dep_context=non-requeueable deps ti=<TaskInstance: warehouse_daily.train_models scheduled__2025-11-22T06:00:00+00:00 [queued]>
[2025-11-23T07:29:00.213+0000] {taskinstance.py:2076} INFO - Dependencies all met for dep_context=requeueable deps ti=<TaskInstance: warehouse_daily.train_models scheduled__2025-11-22T06:00:00+00:00 [queued]>
[2025-11-23T07:29:00.213+0000] {taskinstance.py:2306} INFO - Starting attempt 1 of 3
[2025-11-23T07:29:00.220+0000] {taskinstance.py:2330} INFO - Executing <Task(BashOperator): train_models> on 2025-11-22 06:00:00+00:00
[2025-11-23T07:29:00.223+0000] {standard_task_runner.py:64} INFO - Started process 2563 to run task
[2025-11-23T07:29:00.224+0000] {standard_task_runner.py:90} INFO - Running: ['airflow', 'tasks', 'run', 'warehouse_daily', 'train_models', 'scheduled__2025-11-22T06:00:00+00:00', '--job-id', '46', '--raw', '--subdir', 'DAGS_FOLDER/warehouse_dag.py', '--cfg-path', '/tmp/tmpdi6blftv']
[2025-11-23T07:29:00.225+0000] {standard_task_runner.py:91} INFO - Job 46: Subtask train_models
[2025-11-23T07:29:00.241+0000] {task_command.py:426} INFO - Running <TaskInstance: warehouse_daily.train_models scheduled__2025-11-22T06:00:00+00:00 [running]> on host e41cc4788735
[2025-11-23T07:29:00.347+0000] {taskinstance.py:2648} INFO - Exporting env vars: AIRFLOW_CTX_DAG_OWNER='wyko' AIRFLOW_CTX_DAG_ID='warehouse_daily' AIRFLOW_CTX_TASK_ID='train_models' AIRFLOW_CTX_EXECUTION_DATE='2025-11-22T06:00:00+00:00' AIRFLOW_CTX_TRY_NUMBER='1' AIRFLOW_CTX_DAG_RUN_ID='scheduled__2025-11-22T06:00:00+00:00'
[2025-11-23T07:29:00.347+0000] {taskinstance.py:430} INFO - ::endgroup::
[2025-11-23T07:29:00.354+0000] {subprocess.py:63} INFO - Tmp dir root location: /tmp
[2025-11-23T07:29:00.354+0000] {subprocess.py:75} INFO - Running command: ['/usr/bin/bash', '-c', 'cd /opt/airflow/repo && python ml/ml_final.py']
[2025-11-23T07:29:00.359+0000] {subprocess.py:86} INFO - Output:
[2025-11-23T08:00:05.734+0000] {subprocess.py:93} INFO - 
[2025-11-23T08:00:05.734+0000] {subprocess.py:93} INFO - === Trenowany model: RandomForest ===
[2025-11-23T08:00:05.737+0000] {subprocess.py:93} INFO - Fitting 2 folds for each of 5 candidates, totalling 10 fits
[2025-11-23T08:00:05.740+0000] {subprocess.py:93} INFO - MAE  = 4,214.13
[2025-11-23T08:00:05.742+0000] {subprocess.py:93} INFO - RMSE = 19,122.16
[2025-11-23T08:00:05.743+0000] {subprocess.py:93} INFO - R²   = 0.9941
[2025-11-23T08:00:05.744+0000] {subprocess.py:93} INFO - Czas trenowania: 1818.80s
[2025-11-23T08:00:05.744+0000] {subprocess.py:93} INFO - 
[2025-11-23T08:00:05.744+0000] {subprocess.py:93} INFO - === Trenowany model: GradientBoosting ===
[2025-11-23T08:00:05.745+0000] {subprocess.py:93} INFO - Fitting 2 folds for each of 5 candidates, totalling 10 fits
[2025-11-23T08:00:05.745+0000] {subprocess.py:93} INFO - MAE  = 8,517.27
[2025-11-23T08:00:05.745+0000] {subprocess.py:93} INFO - RMSE = 20,587.25
[2025-11-23T08:00:05.745+0000] {subprocess.py:93} INFO - R²   = 0.9932
[2025-11-23T08:00:05.745+0000] {subprocess.py:93} INFO - Czas trenowania: 31.36s
[2025-11-23T08:00:05.745+0000] {subprocess.py:93} INFO - 
[2025-11-23T08:00:05.745+0000] {subprocess.py:93} INFO - === Trenowany model: XGBRegressor ===
[2025-11-23T08:00:05.745+0000] {subprocess.py:93} INFO - Fitting 2 folds for each of 5 candidates, totalling 10 fits
[2025-11-23T08:00:05.745+0000] {subprocess.py:93} INFO - MAE  = 9,961.69
[2025-11-23T08:00:05.745+0000] {subprocess.py:93} INFO - RMSE = 20,924.60
[2025-11-23T08:00:05.745+0000] {subprocess.py:93} INFO - R²   = 0.9930
[2025-11-23T08:00:05.745+0000] {subprocess.py:93} INFO - Czas trenowania: 5.08s
[2025-11-23T08:00:05.745+0000] {subprocess.py:93} INFO - 
[2025-11-23T08:00:05.745+0000] {subprocess.py:93} INFO - Zapisano metryki: artifacts/model_metrics.csv
[2025-11-23T08:00:05.745+0000] {subprocess.py:93} INFO - Najlepszy model: RandomForest (MAE=4,214.13)
[2025-11-23T08:00:05.745+0000] {subprocess.py:93} INFO - Zapisano pipeline do: artifacts/best_model_RandomForest.joblib
[2025-11-23T08:00:05.745+0000] {subprocess.py:93} INFO - SHA256 pipeline’u: 20e4140e1d74ed541b2c3b0bc6a199189e6db5142b5784c6c18d4d9257200941
[2025-11-23T08:00:05.745+0000] {subprocess.py:93} INFO - Zapisano metadane runu do gold.model_runs
[2025-11-23T08:00:05.816+0000] {subprocess.py:97} INFO - Command exited with return code 0
[2025-11-23T08:00:05.816+0000] {taskinstance.py:441} INFO - ::group::Post task execution logs
[2025-11-23T08:00:05.823+0000] {taskinstance.py:1206} INFO - Marking task as SUCCESS. dag_id=warehouse_daily, task_id=train_models, run_id=scheduled__2025-11-22T06:00:00+00:00, execution_date=20251122T060000, start_date=20251123T072900, end_date=20251123T080005
[2025-11-23T08:00:05.839+0000] {local_task_job_runner.py:243} INFO - Task exited with return code 0
[2025-11-23T08:00:05.845+0000] {taskinstance.py:3503} INFO - 1 downstream tasks scheduled from follow-on schedule check
[2025-11-23T08:00:05.846+0000] {local_task_job_runner.py:222} INFO - ::endgroup::
