[2025-11-21T16:00:04.771+0000] {local_task_job_runner.py:120} INFO - ::group::Pre task execution logs
[2025-11-21T16:00:04.780+0000] {taskinstance.py:2076} INFO - Dependencies all met for dep_context=non-requeueable deps ti=<TaskInstance: warehouse_daily.feature_importance_ml scheduled__2025-11-20T06:00:00+00:00 [queued]>
[2025-11-21T16:00:04.782+0000] {taskinstance.py:2076} INFO - Dependencies all met for dep_context=requeueable deps ti=<TaskInstance: warehouse_daily.feature_importance_ml scheduled__2025-11-20T06:00:00+00:00 [queued]>
[2025-11-21T16:00:04.782+0000] {taskinstance.py:2306} INFO - Starting attempt 1 of 3
[2025-11-21T16:00:04.786+0000] {taskinstance.py:2330} INFO - Executing <Task(BashOperator): feature_importance_ml> on 2025-11-20 06:00:00+00:00
[2025-11-21T16:00:04.788+0000] {standard_task_runner.py:64} INFO - Started process 1479 to run task
[2025-11-21T16:00:04.789+0000] {standard_task_runner.py:90} INFO - Running: ['airflow', 'tasks', 'run', 'warehouse_daily', 'feature_importance_ml', 'scheduled__2025-11-20T06:00:00+00:00', '--job-id', '23', '--raw', '--subdir', 'DAGS_FOLDER/warehouse_dag.py', '--cfg-path', '/tmp/tmpm6fzfurz']
[2025-11-21T16:00:04.789+0000] {standard_task_runner.py:91} INFO - Job 23: Subtask feature_importance_ml
[2025-11-21T16:00:04.803+0000] {task_command.py:426} INFO - Running <TaskInstance: warehouse_daily.feature_importance_ml scheduled__2025-11-20T06:00:00+00:00 [running]> on host 584e6fca837f
[2025-11-21T16:00:04.879+0000] {taskinstance.py:2648} INFO - Exporting env vars: AIRFLOW_CTX_DAG_OWNER='wyko' AIRFLOW_CTX_DAG_ID='warehouse_daily' AIRFLOW_CTX_TASK_ID='feature_importance_ml' AIRFLOW_CTX_EXECUTION_DATE='2025-11-20T06:00:00+00:00' AIRFLOW_CTX_TRY_NUMBER='1' AIRFLOW_CTX_DAG_RUN_ID='scheduled__2025-11-20T06:00:00+00:00'
[2025-11-21T16:00:04.879+0000] {taskinstance.py:430} INFO - ::endgroup::
[2025-11-21T16:00:04.884+0000] {subprocess.py:63} INFO - Tmp dir root location: /tmp
[2025-11-21T16:00:04.884+0000] {subprocess.py:75} INFO - Running command: ['/usr/bin/bash', '-c', 'cd /opt/airflow/repo && python ml/feature_importance.py']
[2025-11-21T16:00:04.887+0000] {subprocess.py:86} INFO - Output:
[2025-11-21T16:00:05.861+0000] {subprocess.py:93} INFO - Ładowanie modelu: artifacts/best_model_RandomForest.joblib ...
[2025-11-21T16:00:05.861+0000] {subprocess.py:93} INFO - Generowanie listy cech...
[2025-11-21T16:00:05.863+0000] {subprocess.py:93} INFO - Pobieranie wartości feature_importances_...
[2025-11-21T16:00:05.865+0000] {subprocess.py:93} INFO - Zapisano CSV → artifacts/feature_importance.csv
[2025-11-21T16:00:05.865+0000] {subprocess.py:93} INFO - Zapisano wykres → artifacts/feature_importance.png
[2025-11-21T16:00:05.865+0000] {subprocess.py:93} INFO - DONE ✔
[2025-11-21T16:00:05.960+0000] {subprocess.py:97} INFO - Command exited with return code 0
[2025-11-21T16:00:05.961+0000] {taskinstance.py:441} INFO - ::group::Post task execution logs
[2025-11-21T16:00:05.968+0000] {taskinstance.py:1206} INFO - Marking task as SUCCESS. dag_id=warehouse_daily, task_id=feature_importance_ml, run_id=scheduled__2025-11-20T06:00:00+00:00, execution_date=20251120T060000, start_date=20251121T160004, end_date=20251121T160005
[2025-11-21T16:00:05.991+0000] {local_task_job_runner.py:243} INFO - Task exited with return code 0
[2025-11-21T16:00:05.998+0000] {taskinstance.py:3503} INFO - 1 downstream tasks scheduled from follow-on schedule check
[2025-11-21T16:00:05.999+0000] {local_task_job_runner.py:222} INFO - ::endgroup::
[2025-11-21T16:16:31.001+0000] {local_task_job_runner.py:120} INFO - ::group::Pre task execution logs
[2025-11-21T16:16:31.010+0000] {taskinstance.py:2076} INFO - Dependencies all met for dep_context=non-requeueable deps ti=<TaskInstance: warehouse_daily.feature_importance_ml scheduled__2025-11-20T06:00:00+00:00 [queued]>
[2025-11-21T16:16:31.012+0000] {taskinstance.py:2076} INFO - Dependencies all met for dep_context=requeueable deps ti=<TaskInstance: warehouse_daily.feature_importance_ml scheduled__2025-11-20T06:00:00+00:00 [queued]>
[2025-11-21T16:16:31.012+0000] {taskinstance.py:2306} INFO - Starting attempt 1 of 3
[2025-11-21T16:16:31.016+0000] {taskinstance.py:2330} INFO - Executing <Task(BashOperator): feature_importance_ml> on 2025-11-20 06:00:00+00:00
[2025-11-21T16:16:31.018+0000] {standard_task_runner.py:64} INFO - Started process 1461 to run task
[2025-11-21T16:16:31.019+0000] {standard_task_runner.py:90} INFO - Running: ['airflow', 'tasks', 'run', 'warehouse_daily', 'feature_importance_ml', 'scheduled__2025-11-20T06:00:00+00:00', '--job-id', '23', '--raw', '--subdir', 'DAGS_FOLDER/warehouse_dag.py', '--cfg-path', '/tmp/tmpphk27mr3']
[2025-11-21T16:16:31.020+0000] {standard_task_runner.py:91} INFO - Job 23: Subtask feature_importance_ml
[2025-11-21T16:16:31.032+0000] {task_command.py:426} INFO - Running <TaskInstance: warehouse_daily.feature_importance_ml scheduled__2025-11-20T06:00:00+00:00 [running]> on host 4e64c7378c33
[2025-11-21T16:16:31.104+0000] {taskinstance.py:2648} INFO - Exporting env vars: AIRFLOW_CTX_DAG_OWNER='wyko' AIRFLOW_CTX_DAG_ID='warehouse_daily' AIRFLOW_CTX_TASK_ID='feature_importance_ml' AIRFLOW_CTX_EXECUTION_DATE='2025-11-20T06:00:00+00:00' AIRFLOW_CTX_TRY_NUMBER='1' AIRFLOW_CTX_DAG_RUN_ID='scheduled__2025-11-20T06:00:00+00:00'
[2025-11-21T16:16:31.104+0000] {taskinstance.py:430} INFO - ::endgroup::
[2025-11-21T16:16:31.109+0000] {subprocess.py:63} INFO - Tmp dir root location: /tmp
[2025-11-21T16:16:31.109+0000] {subprocess.py:75} INFO - Running command: ['/usr/bin/bash', '-c', 'cd /opt/airflow/repo && python ml/feature_importance.py']
[2025-11-21T16:16:31.112+0000] {subprocess.py:86} INFO - Output:
[2025-11-21T16:16:32.015+0000] {subprocess.py:93} INFO - Ładowanie modelu: artifacts/best_model_RandomForest.joblib ...
[2025-11-21T16:16:32.016+0000] {subprocess.py:93} INFO - Generowanie listy cech...
[2025-11-21T16:16:32.016+0000] {subprocess.py:93} INFO - Pobieranie wartości feature_importances_...
[2025-11-21T16:16:32.016+0000] {subprocess.py:93} INFO - Zapisano CSV → artifacts/feature_importance.csv
[2025-11-21T16:16:32.016+0000] {subprocess.py:93} INFO - Zapisano wykres → artifacts/feature_importance.png
[2025-11-21T16:16:32.016+0000] {subprocess.py:93} INFO - DONE ✔
[2025-11-21T16:16:32.120+0000] {subprocess.py:97} INFO - Command exited with return code 0
[2025-11-21T16:16:32.121+0000] {taskinstance.py:441} INFO - ::group::Post task execution logs
[2025-11-21T16:16:32.128+0000] {taskinstance.py:1206} INFO - Marking task as SUCCESS. dag_id=warehouse_daily, task_id=feature_importance_ml, run_id=scheduled__2025-11-20T06:00:00+00:00, execution_date=20251120T060000, start_date=20251121T161631, end_date=20251121T161632
[2025-11-21T16:16:32.162+0000] {local_task_job_runner.py:243} INFO - Task exited with return code 0
[2025-11-21T16:16:32.169+0000] {taskinstance.py:3503} INFO - 1 downstream tasks scheduled from follow-on schedule check
[2025-11-21T16:16:32.171+0000] {local_task_job_runner.py:222} INFO - ::endgroup::
