[2025-11-13T06:22:35.254+0000] {local_task_job_runner.py:120} INFO - ::group::Pre task execution logs
[2025-11-13T06:22:35.270+0000] {taskinstance.py:2076} INFO - Dependencies all met for dep_context=non-requeueable deps ti=<TaskInstance: warehouse_daily.silver_logic_checks scheduled__2025-11-12T06:00:00+00:00 [queued]>
[2025-11-13T06:22:35.274+0000] {taskinstance.py:2076} INFO - Dependencies all met for dep_context=requeueable deps ti=<TaskInstance: warehouse_daily.silver_logic_checks scheduled__2025-11-12T06:00:00+00:00 [queued]>
[2025-11-13T06:22:35.274+0000] {taskinstance.py:2306} INFO - Starting attempt 1 of 3
[2025-11-13T06:22:35.282+0000] {taskinstance.py:2330} INFO - Executing <Task(SQLExecuteQueryOperator): silver_logic_checks> on 2025-11-12 06:00:00+00:00
[2025-11-13T06:22:35.285+0000] {standard_task_runner.py:64} INFO - Started process 1417 to run task
[2025-11-13T06:22:35.288+0000] {standard_task_runner.py:90} INFO - Running: ['airflow', 'tasks', 'run', 'warehouse_daily', 'silver_logic_checks', 'scheduled__2025-11-12T06:00:00+00:00', '--job-id', '53', '--raw', '--subdir', 'DAGS_FOLDER/warehouse_dag.py', '--cfg-path', '/tmp/tmprw21rcm4']
[2025-11-13T06:22:35.289+0000] {standard_task_runner.py:91} INFO - Job 53: Subtask silver_logic_checks
[2025-11-13T06:22:35.314+0000] {task_command.py:426} INFO - Running <TaskInstance: warehouse_daily.silver_logic_checks scheduled__2025-11-12T06:00:00+00:00 [running]> on host 6561605caf49
[2025-11-13T06:22:35.483+0000] {taskinstance.py:2648} INFO - Exporting env vars: AIRFLOW_CTX_DAG_OWNER='wyko' AIRFLOW_CTX_DAG_ID='warehouse_daily' AIRFLOW_CTX_TASK_ID='silver_logic_checks' AIRFLOW_CTX_EXECUTION_DATE='2025-11-12T06:00:00+00:00' AIRFLOW_CTX_TRY_NUMBER='1' AIRFLOW_CTX_DAG_RUN_ID='scheduled__2025-11-12T06:00:00+00:00'
[2025-11-13T06:22:35.483+0000] {taskinstance.py:430} INFO - ::endgroup::
[2025-11-13T06:22:35.493+0000] {sql.py:282} INFO - Executing: CREATE OR REPLACE VIEW gold.clean as

select
	*,
	CASE
		WHEN 
		floor is not null and 
		total_floors is not null AND
		floor > total_floors 
		THEN True
		else False
	end as invalid_floor_flag
		
FROM silver.housing_clean
[2025-11-13T06:22:35.494+0000] {crypto.py:82} WARNING - empty cryptography key - values will not be stored encrypted.
[2025-11-13T06:22:35.494+0000] {base.py:84} INFO - Using connection ID 'warehouse_pg' for task execution.
[2025-11-13T06:22:35.531+0000] {base.py:84} INFO - Using connection ID 'warehouse_pg' for task execution.
[2025-11-13T06:22:35.541+0000] {sql.py:495} INFO - Running statement: CREATE OR REPLACE VIEW gold.clean as

select
	*,
	CASE
		WHEN 
		floor is not null and 
		total_floors is not null AND
		floor > total_floors 
		THEN True
		else False
	end as invalid_floor_flag
		
FROM silver.housing_clean, parameters: None
[2025-11-13T06:22:35.544+0000] {taskinstance.py:441} INFO - ::group::Post task execution logs
[2025-11-13T06:22:35.548+0000] {taskinstance.py:1206} INFO - Marking task as SUCCESS. dag_id=warehouse_daily, task_id=silver_logic_checks, run_id=scheduled__2025-11-12T06:00:00+00:00, execution_date=20251112T060000, start_date=20251113T062235, end_date=20251113T062235
[2025-11-13T06:22:35.599+0000] {local_task_job_runner.py:243} INFO - Task exited with return code 0
[2025-11-13T06:22:35.612+0000] {taskinstance.py:3503} INFO - 1 downstream tasks scheduled from follow-on schedule check
[2025-11-13T06:22:35.615+0000] {local_task_job_runner.py:222} INFO - ::endgroup::
[2025-11-13T09:52:57.748+0000] {local_task_job_runner.py:120} INFO - ::group::Pre task execution logs
[2025-11-13T09:52:57.755+0000] {taskinstance.py:2076} INFO - Dependencies all met for dep_context=non-requeueable deps ti=<TaskInstance: warehouse_daily.silver_logic_checks scheduled__2025-11-12T06:00:00+00:00 [queued]>
[2025-11-13T09:52:57.757+0000] {taskinstance.py:2076} INFO - Dependencies all met for dep_context=requeueable deps ti=<TaskInstance: warehouse_daily.silver_logic_checks scheduled__2025-11-12T06:00:00+00:00 [queued]>
[2025-11-13T09:52:57.757+0000] {taskinstance.py:2306} INFO - Starting attempt 1 of 3
[2025-11-13T09:52:57.763+0000] {taskinstance.py:2330} INFO - Executing <Task(SQLExecuteQueryOperator): silver_logic_checks> on 2025-11-12 06:00:00+00:00
[2025-11-13T09:52:57.765+0000] {standard_task_runner.py:64} INFO - Started process 522 to run task
[2025-11-13T09:52:57.766+0000] {standard_task_runner.py:90} INFO - Running: ['airflow', 'tasks', 'run', 'warehouse_daily', 'silver_logic_checks', 'scheduled__2025-11-12T06:00:00+00:00', '--job-id', '15', '--raw', '--subdir', 'DAGS_FOLDER/warehouse_dag.py', '--cfg-path', '/tmp/tmpuer1e7iv']
[2025-11-13T09:52:57.766+0000] {standard_task_runner.py:91} INFO - Job 15: Subtask silver_logic_checks
[2025-11-13T09:52:57.777+0000] {task_command.py:426} INFO - Running <TaskInstance: warehouse_daily.silver_logic_checks scheduled__2025-11-12T06:00:00+00:00 [running]> on host 1e1b3e3b62cf
[2025-11-13T09:52:57.794+0000] {taskinstance.py:2648} INFO - Exporting env vars: AIRFLOW_CTX_DAG_OWNER='wyko' AIRFLOW_CTX_DAG_ID='warehouse_daily' AIRFLOW_CTX_TASK_ID='silver_logic_checks' AIRFLOW_CTX_EXECUTION_DATE='2025-11-12T06:00:00+00:00' AIRFLOW_CTX_TRY_NUMBER='1' AIRFLOW_CTX_DAG_RUN_ID='scheduled__2025-11-12T06:00:00+00:00'
[2025-11-13T09:52:57.794+0000] {taskinstance.py:430} INFO - ::endgroup::
[2025-11-13T09:52:57.849+0000] {sql.py:282} INFO - Executing: CREATE OR REPLACE VIEW gold.clean as

select
	*,
	CASE
		WHEN 
		floor is not null and 
		total_floors is not null AND
		floor > total_floors 
		THEN True
		else False
	end as invalid_floor_flag
		
FROM silver.housing_clean
[2025-11-13T09:52:57.849+0000] {crypto.py:82} WARNING - empty cryptography key - values will not be stored encrypted.
[2025-11-13T09:52:57.849+0000] {base.py:84} INFO - Using connection ID 'warehouse_pg' for task execution.
[2025-11-13T09:52:57.865+0000] {base.py:84} INFO - Using connection ID 'warehouse_pg' for task execution.
[2025-11-13T09:52:57.870+0000] {sql.py:495} INFO - Running statement: CREATE OR REPLACE VIEW gold.clean as

select
	*,
	CASE
		WHEN 
		floor is not null and 
		total_floors is not null AND
		floor > total_floors 
		THEN True
		else False
	end as invalid_floor_flag
		
FROM silver.housing_clean, parameters: None
[2025-11-13T09:52:57.873+0000] {taskinstance.py:441} INFO - ::group::Post task execution logs
[2025-11-13T09:52:57.875+0000] {taskinstance.py:1206} INFO - Marking task as SUCCESS. dag_id=warehouse_daily, task_id=silver_logic_checks, run_id=scheduled__2025-11-12T06:00:00+00:00, execution_date=20251112T060000, start_date=20251113T095257, end_date=20251113T095257
[2025-11-13T09:52:57.908+0000] {local_task_job_runner.py:243} INFO - Task exited with return code 0
[2025-11-13T09:52:57.915+0000] {taskinstance.py:3503} INFO - 1 downstream tasks scheduled from follow-on schedule check
[2025-11-13T09:52:57.916+0000] {local_task_job_runner.py:222} INFO - ::endgroup::
