[2025-11-22T09:14:41.610+0000] {local_task_job_runner.py:120} INFO - ::group::Pre task execution logs
[2025-11-22T09:14:41.617+0000] {taskinstance.py:2076} INFO - Dependencies all met for dep_context=non-requeueable deps ti=<TaskInstance: warehouse_daily.Model_prediction_sample scheduled__2025-11-21T06:00:00+00:00 [queued]>
[2025-11-22T09:14:41.619+0000] {taskinstance.py:2076} INFO - Dependencies all met for dep_context=requeueable deps ti=<TaskInstance: warehouse_daily.Model_prediction_sample scheduled__2025-11-21T06:00:00+00:00 [queued]>
[2025-11-22T09:14:41.619+0000] {taskinstance.py:2306} INFO - Starting attempt 1 of 3
[2025-11-22T09:14:41.623+0000] {taskinstance.py:2330} INFO - Executing <Task(BashOperator): Model_prediction_sample> on 2025-11-21 06:00:00+00:00
[2025-11-22T09:14:41.625+0000] {standard_task_runner.py:64} INFO - Started process 2646 to run task
[2025-11-22T09:14:41.626+0000] {standard_task_runner.py:90} INFO - Running: ['airflow', 'tasks', 'run', 'warehouse_daily', 'Model_prediction_sample', 'scheduled__2025-11-21T06:00:00+00:00', '--job-id', '41', '--raw', '--subdir', 'DAGS_FOLDER/warehouse_dag.py', '--cfg-path', '/tmp/tmpk63lvutf']
[2025-11-22T09:14:41.627+0000] {standard_task_runner.py:91} INFO - Job 41: Subtask Model_prediction_sample
[2025-11-22T09:14:41.638+0000] {task_command.py:426} INFO - Running <TaskInstance: warehouse_daily.Model_prediction_sample scheduled__2025-11-21T06:00:00+00:00 [running]> on host 4e64c7378c33
[2025-11-22T09:14:41.711+0000] {taskinstance.py:2648} INFO - Exporting env vars: AIRFLOW_CTX_DAG_OWNER='wyko' AIRFLOW_CTX_DAG_ID='warehouse_daily' AIRFLOW_CTX_TASK_ID='Model_prediction_sample' AIRFLOW_CTX_EXECUTION_DATE='2025-11-21T06:00:00+00:00' AIRFLOW_CTX_TRY_NUMBER='1' AIRFLOW_CTX_DAG_RUN_ID='scheduled__2025-11-21T06:00:00+00:00'
[2025-11-22T09:14:41.711+0000] {taskinstance.py:430} INFO - ::endgroup::
[2025-11-22T09:14:41.715+0000] {subprocess.py:63} INFO - Tmp dir root location: /tmp
[2025-11-22T09:14:41.715+0000] {subprocess.py:75} INFO - Running command: ['/usr/bin/bash', '-c', 'cd /opt/airflow/repo && python ml/predict_sample.py']
[2025-11-22T09:14:41.719+0000] {subprocess.py:86} INFO - Output:
[2025-11-22T09:14:42.656+0000] {subprocess.py:93} INFO - /opt/airflow/repo/ml/predict_sample.py:97: DeprecationWarning: is_datetime64tz_dtype is deprecated and will be removed in a future version. Check `isinstance(dtype, pd.DatetimeTZDtype)` instead.
[2025-11-22T09:14:42.659+0000] {subprocess.py:93} INFO -   if pd.api.types.is_datetime64tz_dtype(report_excel["scored_at"]):
[2025-11-22T09:14:42.705+0000] {subprocess.py:93} INFO - Ładowanie modelu z: artifacts/best_model_RandomForest.joblib
[2025-11-22T09:14:42.705+0000] {subprocess.py:93} INFO - Pobieranie mieszkań do wyceny...
[2025-11-22T09:14:42.705+0000] {subprocess.py:93} INFO - Liczenie predykcji...
[2025-11-22T09:14:42.705+0000] {subprocess.py:93} INFO - Zapisywanie predykcji do bazy...
[2025-11-22T09:14:42.705+0000] {subprocess.py:93} INFO - Zapisano 10 predykcji gold.housing_predictions
[2025-11-22T09:14:42.705+0000] {subprocess.py:93} INFO - Zapisano raport do Excela → artifacts/predictions_20251122_0914.xlsx
[2025-11-22T09:14:42.705+0000] {subprocess.py:93} INFO - Podgląd 5 wierszy:
[2025-11-22T09:14:42.705+0000] {subprocess.py:93} INFO -    listing_id listing_date  ...          diff  diff_pct
[2025-11-22T09:14:42.705+0000] {subprocess.py:93} INFO - 0      273416   2024-12-13  ...   1315.259350      0.15
[2025-11-22T09:14:42.705+0000] {subprocess.py:93} INFO - 1      751523   2025-05-29  ...   3181.137705      0.41
[2025-11-22T09:14:42.706+0000] {subprocess.py:93} INFO - 2      682266   2025-03-01  ... -10193.921815     -2.32
[2025-11-22T09:14:42.706+0000] {subprocess.py:93} INFO - 3      642377   2024-10-19  ...  -4871.075288     -0.84
[2025-11-22T09:14:42.706+0000] {subprocess.py:93} INFO - 4      290173   2024-05-26  ...  -1910.656255     -0.34
[2025-11-22T09:14:42.706+0000] {subprocess.py:93} INFO - 
[2025-11-22T09:14:42.706+0000] {subprocess.py:93} INFO - [5 rows x 30 columns]
[2025-11-22T09:14:42.782+0000] {subprocess.py:97} INFO - Command exited with return code 0
[2025-11-22T09:14:42.783+0000] {taskinstance.py:441} INFO - ::group::Post task execution logs
[2025-11-22T09:14:42.789+0000] {taskinstance.py:1206} INFO - Marking task as SUCCESS. dag_id=warehouse_daily, task_id=Model_prediction_sample, run_id=scheduled__2025-11-21T06:00:00+00:00, execution_date=20251121T060000, start_date=20251122T091441, end_date=20251122T091442
[2025-11-22T09:14:42.795+0000] {local_task_job_runner.py:243} INFO - Task exited with return code 0
[2025-11-22T09:14:42.799+0000] {taskinstance.py:3503} INFO - 0 downstream tasks scheduled from follow-on schedule check
[2025-11-22T09:14:42.799+0000] {local_task_job_runner.py:222} INFO - ::endgroup::
[2025-11-22T15:12:06.922+0000] {local_task_job_runner.py:120} INFO - ::group::Pre task execution logs
[2025-11-22T15:12:06.931+0000] {taskinstance.py:2076} INFO - Dependencies all met for dep_context=non-requeueable deps ti=<TaskInstance: warehouse_daily.Model_prediction_sample scheduled__2025-11-21T06:00:00+00:00 [queued]>
[2025-11-22T15:12:06.933+0000] {taskinstance.py:2076} INFO - Dependencies all met for dep_context=requeueable deps ti=<TaskInstance: warehouse_daily.Model_prediction_sample scheduled__2025-11-21T06:00:00+00:00 [queued]>
[2025-11-22T15:12:06.933+0000] {taskinstance.py:2306} INFO - Starting attempt 1 of 3
[2025-11-22T15:12:06.937+0000] {taskinstance.py:2330} INFO - Executing <Task(BashOperator): Model_prediction_sample> on 2025-11-21 06:00:00+00:00
[2025-11-22T15:12:06.939+0000] {standard_task_runner.py:64} INFO - Started process 2132 to run task
[2025-11-22T15:12:06.940+0000] {standard_task_runner.py:90} INFO - Running: ['airflow', 'tasks', 'run', 'warehouse_daily', 'Model_prediction_sample', 'scheduled__2025-11-21T06:00:00+00:00', '--job-id', '36', '--raw', '--subdir', 'DAGS_FOLDER/warehouse_dag.py', '--cfg-path', '/tmp/tmp2ivycg5m']
[2025-11-22T15:12:06.941+0000] {standard_task_runner.py:91} INFO - Job 36: Subtask Model_prediction_sample
[2025-11-22T15:12:06.953+0000] {task_command.py:426} INFO - Running <TaskInstance: warehouse_daily.Model_prediction_sample scheduled__2025-11-21T06:00:00+00:00 [running]> on host e41cc4788735
[2025-11-22T15:12:07.023+0000] {taskinstance.py:2648} INFO - Exporting env vars: AIRFLOW_CTX_DAG_OWNER='wyko' AIRFLOW_CTX_DAG_ID='warehouse_daily' AIRFLOW_CTX_TASK_ID='Model_prediction_sample' AIRFLOW_CTX_EXECUTION_DATE='2025-11-21T06:00:00+00:00' AIRFLOW_CTX_TRY_NUMBER='1' AIRFLOW_CTX_DAG_RUN_ID='scheduled__2025-11-21T06:00:00+00:00'
[2025-11-22T15:12:07.024+0000] {taskinstance.py:430} INFO - ::endgroup::
[2025-11-22T15:12:07.028+0000] {subprocess.py:63} INFO - Tmp dir root location: /tmp
[2025-11-22T15:12:07.028+0000] {subprocess.py:75} INFO - Running command: ['/usr/bin/bash', '-c', 'cd /opt/airflow/repo && python ml/predict_sample.py']
[2025-11-22T15:12:07.032+0000] {subprocess.py:86} INFO - Output:
[2025-11-22T15:12:07.959+0000] {subprocess.py:93} INFO - /opt/airflow/repo/ml/predict_sample.py:97: DeprecationWarning: is_datetime64tz_dtype is deprecated and will be removed in a future version. Check `isinstance(dtype, pd.DatetimeTZDtype)` instead.
[2025-11-22T15:12:07.959+0000] {subprocess.py:93} INFO -   if pd.api.types.is_datetime64tz_dtype(report_excel["scored_at"]):
[2025-11-22T15:12:08.037+0000] {subprocess.py:93} INFO - Ładowanie modelu z: artifacts/best_model_RandomForest.joblib
[2025-11-22T15:12:08.040+0000] {subprocess.py:93} INFO - Pobieranie mieszkań do wyceny...
[2025-11-22T15:12:08.040+0000] {subprocess.py:93} INFO - Liczenie predykcji...
[2025-11-22T15:12:08.041+0000] {subprocess.py:93} INFO - Zapisywanie predykcji do bazy...
[2025-11-22T15:12:08.042+0000] {subprocess.py:93} INFO - Zapisano 10 predykcji gold.housing_predictions
[2025-11-22T15:12:08.043+0000] {subprocess.py:93} INFO - Zapisano raport do Excela → artifacts/predictions_20251122_1512.xlsx
[2025-11-22T15:12:08.044+0000] {subprocess.py:93} INFO - Podgląd 5 wierszy:
[2025-11-22T15:12:08.044+0000] {subprocess.py:93} INFO -    listing_id listing_date  ...         diff  diff_pct
[2025-11-22T15:12:08.045+0000] {subprocess.py:93} INFO - 0       55504   2024-08-17  ...  -181.050721     -0.09
[2025-11-22T15:12:08.047+0000] {subprocess.py:93} INFO - 1      762572   2025-05-04  ...  3884.586152      1.42
[2025-11-22T15:12:08.047+0000] {subprocess.py:93} INFO - 2      712691   2025-08-22  ...  -516.994533     -0.12
[2025-11-22T15:12:08.048+0000] {subprocess.py:93} INFO - 3      132425   2025-07-06  ...   918.616014      0.15
[2025-11-22T15:12:08.048+0000] {subprocess.py:93} INFO - 4       62901   2024-07-19  ... -1332.213192     -0.15
[2025-11-22T15:12:08.048+0000] {subprocess.py:93} INFO - 
[2025-11-22T15:12:08.048+0000] {subprocess.py:93} INFO - [5 rows x 30 columns]
[2025-11-22T15:12:08.117+0000] {subprocess.py:97} INFO - Command exited with return code 0
[2025-11-22T15:12:08.117+0000] {taskinstance.py:441} INFO - ::group::Post task execution logs
[2025-11-22T15:12:08.123+0000] {taskinstance.py:1206} INFO - Marking task as SUCCESS. dag_id=warehouse_daily, task_id=Model_prediction_sample, run_id=scheduled__2025-11-21T06:00:00+00:00, execution_date=20251121T060000, start_date=20251122T151206, end_date=20251122T151208
[2025-11-22T15:12:08.149+0000] {local_task_job_runner.py:243} INFO - Task exited with return code 0
[2025-11-22T15:12:08.153+0000] {taskinstance.py:3503} INFO - 0 downstream tasks scheduled from follow-on schedule check
[2025-11-22T15:12:08.153+0000] {local_task_job_runner.py:222} INFO - ::endgroup::
