[2025-11-21T06:33:01.609+0000] {local_task_job_runner.py:120} INFO - ::group::Pre task execution logs
[2025-11-21T06:33:01.616+0000] {taskinstance.py:2076} INFO - Dependencies all met for dep_context=non-requeueable deps ti=<TaskInstance: warehouse_daily.wait_for_db scheduled__2025-11-20T06:00:00+00:00 [queued]>
[2025-11-21T06:33:01.618+0000] {taskinstance.py:2076} INFO - Dependencies all met for dep_context=requeueable deps ti=<TaskInstance: warehouse_daily.wait_for_db scheduled__2025-11-20T06:00:00+00:00 [queued]>
[2025-11-21T06:33:01.618+0000] {taskinstance.py:2306} INFO - Starting attempt 1 of 3
[2025-11-21T06:33:01.622+0000] {taskinstance.py:2330} INFO - Executing <Task(SqlSensor): wait_for_db> on 2025-11-20 06:00:00+00:00
[2025-11-21T06:33:01.624+0000] {standard_task_runner.py:64} INFO - Started process 7740 to run task
[2025-11-21T06:33:01.625+0000] {standard_task_runner.py:90} INFO - Running: ['airflow', 'tasks', 'run', 'warehouse_daily', 'wait_for_db', 'scheduled__2025-11-20T06:00:00+00:00', '--job-id', '127', '--raw', '--subdir', 'DAGS_FOLDER/warehouse_dag.py', '--cfg-path', '/tmp/tmpgtavlqoy']
[2025-11-21T06:33:01.626+0000] {standard_task_runner.py:91} INFO - Job 127: Subtask wait_for_db
[2025-11-21T06:33:01.638+0000] {task_command.py:426} INFO - Running <TaskInstance: warehouse_daily.wait_for_db scheduled__2025-11-20T06:00:00+00:00 [running]> on host 8b16c83c8b1e
[2025-11-21T06:33:01.708+0000] {taskinstance.py:2648} INFO - Exporting env vars: AIRFLOW_CTX_DAG_OWNER='wyko' AIRFLOW_CTX_DAG_ID='warehouse_daily' AIRFLOW_CTX_TASK_ID='wait_for_db' AIRFLOW_CTX_EXECUTION_DATE='2025-11-20T06:00:00+00:00' AIRFLOW_CTX_TRY_NUMBER='1' AIRFLOW_CTX_DAG_RUN_ID='scheduled__2025-11-20T06:00:00+00:00'
[2025-11-21T06:33:01.708+0000] {taskinstance.py:430} INFO - ::endgroup::
[2025-11-21T06:33:01.713+0000] {crypto.py:82} WARNING - empty cryptography key - values will not be stored encrypted.
[2025-11-21T06:33:01.713+0000] {base.py:84} INFO - Using connection ID 'warehouse_pg' for task execution.
[2025-11-21T06:33:01.728+0000] {sql.py:96} INFO - Poking: SELECT 1; (with parameters None)
[2025-11-21T06:33:01.728+0000] {base.py:84} INFO - Using connection ID 'warehouse_pg' for task execution.
[2025-11-21T06:33:01.735+0000] {sql.py:495} INFO - Running statement: SELECT 1;, parameters: None
[2025-11-21T06:33:01.736+0000] {sql.py:504} INFO - Rows affected: 1
[2025-11-21T06:33:01.737+0000] {base.py:294} INFO - Success criteria met. Exiting.
[2025-11-21T06:33:01.737+0000] {taskinstance.py:441} INFO - ::group::Post task execution logs
[2025-11-21T06:33:01.738+0000] {taskinstance.py:1206} INFO - Marking task as SUCCESS. dag_id=warehouse_daily, task_id=wait_for_db, run_id=scheduled__2025-11-20T06:00:00+00:00, execution_date=20251120T060000, start_date=20251121T063301, end_date=20251121T063301
[2025-11-21T06:33:01.778+0000] {local_task_job_runner.py:243} INFO - Task exited with return code 0
[2025-11-21T06:33:01.787+0000] {taskinstance.py:3503} INFO - 1 downstream tasks scheduled from follow-on schedule check
[2025-11-21T06:33:01.790+0000] {local_task_job_runner.py:222} INFO - ::endgroup::
[2025-11-21T15:57:29.164+0000] {local_task_job_runner.py:120} INFO - ::group::Pre task execution logs
[2025-11-21T15:57:29.171+0000] {taskinstance.py:2076} INFO - Dependencies all met for dep_context=non-requeueable deps ti=<TaskInstance: warehouse_daily.wait_for_db scheduled__2025-11-20T06:00:00+00:00 [queued]>
[2025-11-21T15:57:29.173+0000] {taskinstance.py:2076} INFO - Dependencies all met for dep_context=requeueable deps ti=<TaskInstance: warehouse_daily.wait_for_db scheduled__2025-11-20T06:00:00+00:00 [queued]>
[2025-11-21T15:57:29.173+0000] {taskinstance.py:2306} INFO - Starting attempt 1 of 3
[2025-11-21T15:57:29.177+0000] {taskinstance.py:2330} INFO - Executing <Task(SqlSensor): wait_for_db> on 2025-11-20 06:00:00+00:00
[2025-11-21T15:57:29.178+0000] {standard_task_runner.py:64} INFO - Started process 185 to run task
[2025-11-21T15:57:29.179+0000] {standard_task_runner.py:90} INFO - Running: ['airflow', 'tasks', 'run', 'warehouse_daily', 'wait_for_db', 'scheduled__2025-11-20T06:00:00+00:00', '--job-id', '3', '--raw', '--subdir', 'DAGS_FOLDER/warehouse_dag.py', '--cfg-path', '/tmp/tmptjv2_szo']
[2025-11-21T15:57:29.180+0000] {standard_task_runner.py:91} INFO - Job 3: Subtask wait_for_db
[2025-11-21T15:57:29.191+0000] {task_command.py:426} INFO - Running <TaskInstance: warehouse_daily.wait_for_db scheduled__2025-11-20T06:00:00+00:00 [running]> on host 584e6fca837f
[2025-11-21T15:57:29.257+0000] {taskinstance.py:2648} INFO - Exporting env vars: AIRFLOW_CTX_DAG_OWNER='wyko' AIRFLOW_CTX_DAG_ID='warehouse_daily' AIRFLOW_CTX_TASK_ID='wait_for_db' AIRFLOW_CTX_EXECUTION_DATE='2025-11-20T06:00:00+00:00' AIRFLOW_CTX_TRY_NUMBER='1' AIRFLOW_CTX_DAG_RUN_ID='scheduled__2025-11-20T06:00:00+00:00'
[2025-11-21T15:57:29.257+0000] {taskinstance.py:430} INFO - ::endgroup::
[2025-11-21T15:57:29.272+0000] {crypto.py:82} WARNING - empty cryptography key - values will not be stored encrypted.
[2025-11-21T15:57:29.272+0000] {base.py:84} INFO - Using connection ID 'warehouse_pg' for task execution.
[2025-11-21T15:57:29.287+0000] {sql.py:96} INFO - Poking: SELECT 1; (with parameters None)
[2025-11-21T15:57:29.288+0000] {base.py:84} INFO - Using connection ID 'warehouse_pg' for task execution.
[2025-11-21T15:57:29.293+0000] {sql.py:495} INFO - Running statement: SELECT 1;, parameters: None
[2025-11-21T15:57:29.294+0000] {sql.py:504} INFO - Rows affected: 1
[2025-11-21T15:57:29.295+0000] {base.py:294} INFO - Success criteria met. Exiting.
[2025-11-21T15:57:29.295+0000] {taskinstance.py:441} INFO - ::group::Post task execution logs
[2025-11-21T15:57:29.296+0000] {taskinstance.py:1206} INFO - Marking task as SUCCESS. dag_id=warehouse_daily, task_id=wait_for_db, run_id=scheduled__2025-11-20T06:00:00+00:00, execution_date=20251120T060000, start_date=20251121T155729, end_date=20251121T155729
[2025-11-21T15:57:29.325+0000] {local_task_job_runner.py:243} INFO - Task exited with return code 0
[2025-11-21T15:57:29.333+0000] {taskinstance.py:3503} INFO - 1 downstream tasks scheduled from follow-on schedule check
[2025-11-21T15:57:29.335+0000] {local_task_job_runner.py:222} INFO - ::endgroup::
[2025-11-21T16:13:56.628+0000] {local_task_job_runner.py:120} INFO - ::group::Pre task execution logs
[2025-11-21T16:13:56.637+0000] {taskinstance.py:2076} INFO - Dependencies all met for dep_context=non-requeueable deps ti=<TaskInstance: warehouse_daily.wait_for_db scheduled__2025-11-20T06:00:00+00:00 [queued]>
[2025-11-21T16:13:56.639+0000] {taskinstance.py:2076} INFO - Dependencies all met for dep_context=requeueable deps ti=<TaskInstance: warehouse_daily.wait_for_db scheduled__2025-11-20T06:00:00+00:00 [queued]>
[2025-11-21T16:13:56.639+0000] {taskinstance.py:2306} INFO - Starting attempt 1 of 3
[2025-11-21T16:13:56.643+0000] {taskinstance.py:2330} INFO - Executing <Task(SqlSensor): wait_for_db> on 2025-11-20 06:00:00+00:00
[2025-11-21T16:13:56.645+0000] {standard_task_runner.py:64} INFO - Started process 164 to run task
[2025-11-21T16:13:56.646+0000] {standard_task_runner.py:90} INFO - Running: ['airflow', 'tasks', 'run', 'warehouse_daily', 'wait_for_db', 'scheduled__2025-11-20T06:00:00+00:00', '--job-id', '3', '--raw', '--subdir', 'DAGS_FOLDER/warehouse_dag.py', '--cfg-path', '/tmp/tmpcm9gkuds']
[2025-11-21T16:13:56.647+0000] {standard_task_runner.py:91} INFO - Job 3: Subtask wait_for_db
[2025-11-21T16:13:56.658+0000] {task_command.py:426} INFO - Running <TaskInstance: warehouse_daily.wait_for_db scheduled__2025-11-20T06:00:00+00:00 [running]> on host 4e64c7378c33
[2025-11-21T16:13:56.730+0000] {taskinstance.py:2648} INFO - Exporting env vars: AIRFLOW_CTX_DAG_OWNER='wyko' AIRFLOW_CTX_DAG_ID='warehouse_daily' AIRFLOW_CTX_TASK_ID='wait_for_db' AIRFLOW_CTX_EXECUTION_DATE='2025-11-20T06:00:00+00:00' AIRFLOW_CTX_TRY_NUMBER='1' AIRFLOW_CTX_DAG_RUN_ID='scheduled__2025-11-20T06:00:00+00:00'
[2025-11-21T16:13:56.730+0000] {taskinstance.py:430} INFO - ::endgroup::
[2025-11-21T16:13:56.744+0000] {crypto.py:82} WARNING - empty cryptography key - values will not be stored encrypted.
[2025-11-21T16:13:56.745+0000] {base.py:84} INFO - Using connection ID 'warehouse_pg' for task execution.
[2025-11-21T16:13:56.760+0000] {sql.py:96} INFO - Poking: SELECT 1; (with parameters None)
[2025-11-21T16:13:56.761+0000] {base.py:84} INFO - Using connection ID 'warehouse_pg' for task execution.
[2025-11-21T16:13:56.766+0000] {sql.py:495} INFO - Running statement: SELECT 1;, parameters: None
[2025-11-21T16:13:56.767+0000] {sql.py:504} INFO - Rows affected: 1
[2025-11-21T16:13:56.767+0000] {base.py:294} INFO - Success criteria met. Exiting.
[2025-11-21T16:13:56.768+0000] {taskinstance.py:441} INFO - ::group::Post task execution logs
[2025-11-21T16:13:56.769+0000] {taskinstance.py:1206} INFO - Marking task as SUCCESS. dag_id=warehouse_daily, task_id=wait_for_db, run_id=scheduled__2025-11-20T06:00:00+00:00, execution_date=20251120T060000, start_date=20251121T161356, end_date=20251121T161356
[2025-11-21T16:13:56.804+0000] {local_task_job_runner.py:243} INFO - Task exited with return code 0
[2025-11-21T16:13:56.814+0000] {taskinstance.py:3503} INFO - 1 downstream tasks scheduled from follow-on schedule check
[2025-11-21T16:13:56.816+0000] {local_task_job_runner.py:222} INFO - ::endgroup::
