[2025-11-22T06:04:01.793+0000] {local_task_job_runner.py:120} INFO - ::group::Pre task execution logs
[2025-11-22T06:04:01.810+0000] {taskinstance.py:2076} INFO - Dependencies all met for dep_context=non-requeueable deps ti=<TaskInstance: warehouse_daily.transform_to_parquet scheduled__2025-11-21T06:00:00+00:00 [queued]>
[2025-11-22T06:04:01.815+0000] {taskinstance.py:2076} INFO - Dependencies all met for dep_context=requeueable deps ti=<TaskInstance: warehouse_daily.transform_to_parquet scheduled__2025-11-21T06:00:00+00:00 [queued]>
[2025-11-22T06:04:01.815+0000] {taskinstance.py:2306} INFO - Starting attempt 1 of 3
[2025-11-22T06:04:01.823+0000] {taskinstance.py:2330} INFO - Executing <Task(BashOperator): transform_to_parquet> on 2025-11-21 06:00:00+00:00
[2025-11-22T06:04:01.828+0000] {standard_task_runner.py:64} INFO - Started process 1923 to run task
[2025-11-22T06:04:01.831+0000] {standard_task_runner.py:90} INFO - Running: ['airflow', 'tasks', 'run', 'warehouse_daily', 'transform_to_parquet', 'scheduled__2025-11-21T06:00:00+00:00', '--job-id', '31', '--raw', '--subdir', 'DAGS_FOLDER/warehouse_dag.py', '--cfg-path', '/tmp/tmpbdlyqrdl']
[2025-11-22T06:04:01.833+0000] {standard_task_runner.py:91} INFO - Job 31: Subtask transform_to_parquet
[2025-11-22T06:04:01.860+0000] {task_command.py:426} INFO - Running <TaskInstance: warehouse_daily.transform_to_parquet scheduled__2025-11-21T06:00:00+00:00 [running]> on host 4e64c7378c33
[2025-11-22T06:04:01.998+0000] {taskinstance.py:2648} INFO - Exporting env vars: AIRFLOW_CTX_DAG_OWNER='wyko' AIRFLOW_CTX_DAG_ID='warehouse_daily' AIRFLOW_CTX_TASK_ID='transform_to_parquet' AIRFLOW_CTX_EXECUTION_DATE='2025-11-21T06:00:00+00:00' AIRFLOW_CTX_TRY_NUMBER='1' AIRFLOW_CTX_DAG_RUN_ID='scheduled__2025-11-21T06:00:00+00:00'
[2025-11-22T06:04:01.998+0000] {taskinstance.py:430} INFO - ::endgroup::
[2025-11-22T06:04:02.007+0000] {subprocess.py:63} INFO - Tmp dir root location: /tmp
[2025-11-22T06:04:02.008+0000] {subprocess.py:75} INFO - Running command: ['/usr/bin/bash', '-c', 'python /opt/airflow/repo/etl/transform.py --src housing_800k.csv --dst housing_800k.parquet']
[2025-11-22T06:04:02.013+0000] {subprocess.py:86} INFO - Output:
[2025-11-22T06:04:06.212+0000] {subprocess.py:93} INFO -  Processed 800,000 rows → s3://processed/housing_800k.parquet
[2025-11-22T06:04:06.317+0000] {subprocess.py:97} INFO - Command exited with return code 0
[2025-11-22T06:04:06.318+0000] {taskinstance.py:441} INFO - ::group::Post task execution logs
[2025-11-22T06:04:06.328+0000] {taskinstance.py:1206} INFO - Marking task as SUCCESS. dag_id=warehouse_daily, task_id=transform_to_parquet, run_id=scheduled__2025-11-21T06:00:00+00:00, execution_date=20251121T060000, start_date=20251122T060401, end_date=20251122T060406
[2025-11-22T06:04:06.345+0000] {local_task_job_runner.py:243} INFO - Task exited with return code 0
[2025-11-22T06:04:06.356+0000] {taskinstance.py:3503} INFO - 1 downstream tasks scheduled from follow-on schedule check
[2025-11-22T06:04:06.358+0000] {local_task_job_runner.py:222} INFO - ::endgroup::
[2025-11-22T14:37:24.088+0000] {local_task_job_runner.py:120} INFO - ::group::Pre task execution logs
[2025-11-22T14:37:24.096+0000] {taskinstance.py:2076} INFO - Dependencies all met for dep_context=non-requeueable deps ti=<TaskInstance: warehouse_daily.transform_to_parquet scheduled__2025-11-21T06:00:00+00:00 [queued]>
[2025-11-22T14:37:24.098+0000] {taskinstance.py:2076} INFO - Dependencies all met for dep_context=requeueable deps ti=<TaskInstance: warehouse_daily.transform_to_parquet scheduled__2025-11-21T06:00:00+00:00 [queued]>
[2025-11-22T14:37:24.098+0000] {taskinstance.py:2306} INFO - Starting attempt 1 of 3
[2025-11-22T14:37:24.101+0000] {taskinstance.py:2330} INFO - Executing <Task(BashOperator): transform_to_parquet> on 2025-11-21 06:00:00+00:00
[2025-11-22T14:37:24.103+0000] {standard_task_runner.py:64} INFO - Started process 258 to run task
[2025-11-22T14:37:24.104+0000] {standard_task_runner.py:90} INFO - Running: ['airflow', 'tasks', 'run', 'warehouse_daily', 'transform_to_parquet', 'scheduled__2025-11-21T06:00:00+00:00', '--job-id', '7', '--raw', '--subdir', 'DAGS_FOLDER/warehouse_dag.py', '--cfg-path', '/tmp/tmp2zk0mex8']
[2025-11-22T14:37:24.105+0000] {standard_task_runner.py:91} INFO - Job 7: Subtask transform_to_parquet
[2025-11-22T14:37:24.116+0000] {task_command.py:426} INFO - Running <TaskInstance: warehouse_daily.transform_to_parquet scheduled__2025-11-21T06:00:00+00:00 [running]> on host e41cc4788735
[2025-11-22T14:37:24.182+0000] {taskinstance.py:2648} INFO - Exporting env vars: AIRFLOW_CTX_DAG_OWNER='wyko' AIRFLOW_CTX_DAG_ID='warehouse_daily' AIRFLOW_CTX_TASK_ID='transform_to_parquet' AIRFLOW_CTX_EXECUTION_DATE='2025-11-21T06:00:00+00:00' AIRFLOW_CTX_TRY_NUMBER='1' AIRFLOW_CTX_DAG_RUN_ID='scheduled__2025-11-21T06:00:00+00:00'
[2025-11-22T14:37:24.182+0000] {taskinstance.py:430} INFO - ::endgroup::
[2025-11-22T14:37:24.187+0000] {subprocess.py:63} INFO - Tmp dir root location: /tmp
[2025-11-22T14:37:24.187+0000] {subprocess.py:75} INFO - Running command: ['/usr/bin/bash', '-c', 'python /opt/airflow/repo/etl/transform.py --src housing_800k.csv --dst housing_800k.parquet']
[2025-11-22T14:37:24.189+0000] {subprocess.py:86} INFO - Output:
[2025-11-22T14:37:26.145+0000] {subprocess.py:93} INFO -  Processed 800,000 rows → s3://processed/housing_800k.parquet
[2025-11-22T14:37:26.206+0000] {subprocess.py:97} INFO - Command exited with return code 0
[2025-11-22T14:37:26.206+0000] {taskinstance.py:441} INFO - ::group::Post task execution logs
[2025-11-22T14:37:26.213+0000] {taskinstance.py:1206} INFO - Marking task as SUCCESS. dag_id=warehouse_daily, task_id=transform_to_parquet, run_id=scheduled__2025-11-21T06:00:00+00:00, execution_date=20251121T060000, start_date=20251122T143724, end_date=20251122T143726
[2025-11-22T14:37:26.254+0000] {local_task_job_runner.py:243} INFO - Task exited with return code 0
[2025-11-22T14:37:26.261+0000] {taskinstance.py:3503} INFO - 1 downstream tasks scheduled from follow-on schedule check
[2025-11-22T14:37:26.263+0000] {local_task_job_runner.py:222} INFO - ::endgroup::
