[2025-11-21T15:57:44.152+0000] {local_task_job_runner.py:120} INFO - ::group::Pre task execution logs
[2025-11-21T15:57:44.160+0000] {taskinstance.py:2076} INFO - Dependencies all met for dep_context=non-requeueable deps ti=<TaskInstance: warehouse_daily.transform_to_parquet manual__2025-11-21T15:57:28.165261+00:00 [queued]>
[2025-11-21T15:57:44.162+0000] {taskinstance.py:2076} INFO - Dependencies all met for dep_context=requeueable deps ti=<TaskInstance: warehouse_daily.transform_to_parquet manual__2025-11-21T15:57:28.165261+00:00 [queued]>
[2025-11-21T15:57:44.162+0000] {taskinstance.py:2306} INFO - Starting attempt 1 of 3
[2025-11-21T15:57:44.166+0000] {taskinstance.py:2330} INFO - Executing <Task(BashOperator): transform_to_parquet> on 2025-11-21 15:57:28.165261+00:00
[2025-11-21T15:57:44.168+0000] {standard_task_runner.py:64} INFO - Started process 323 to run task
[2025-11-21T15:57:44.169+0000] {standard_task_runner.py:90} INFO - Running: ['airflow', 'tasks', 'run', 'warehouse_daily', 'transform_to_parquet', 'manual__2025-11-21T15:57:28.165261+00:00', '--job-id', '8', '--raw', '--subdir', 'DAGS_FOLDER/warehouse_dag.py', '--cfg-path', '/tmp/tmpai3k7a94']
[2025-11-21T15:57:44.170+0000] {standard_task_runner.py:91} INFO - Job 8: Subtask transform_to_parquet
[2025-11-21T15:57:44.181+0000] {task_command.py:426} INFO - Running <TaskInstance: warehouse_daily.transform_to_parquet manual__2025-11-21T15:57:28.165261+00:00 [running]> on host 584e6fca837f
[2025-11-21T15:57:44.250+0000] {taskinstance.py:2648} INFO - Exporting env vars: AIRFLOW_CTX_DAG_OWNER='wyko' AIRFLOW_CTX_DAG_ID='warehouse_daily' AIRFLOW_CTX_TASK_ID='transform_to_parquet' AIRFLOW_CTX_EXECUTION_DATE='2025-11-21T15:57:28.165261+00:00' AIRFLOW_CTX_TRY_NUMBER='1' AIRFLOW_CTX_DAG_RUN_ID='manual__2025-11-21T15:57:28.165261+00:00'
[2025-11-21T15:57:44.250+0000] {taskinstance.py:430} INFO - ::endgroup::
[2025-11-21T15:57:44.255+0000] {subprocess.py:63} INFO - Tmp dir root location: /tmp
[2025-11-21T15:57:44.255+0000] {subprocess.py:75} INFO - Running command: ['/usr/bin/bash', '-c', 'python /opt/airflow/repo/etl/transform.py --src housing_800k.csv --dst housing_800k.parquet']
[2025-11-21T15:57:44.257+0000] {subprocess.py:86} INFO - Output:
[2025-11-21T15:57:46.212+0000] {subprocess.py:93} INFO -  Processed 800,000 rows → s3://processed/housing_800k.parquet
[2025-11-21T15:57:46.271+0000] {subprocess.py:97} INFO - Command exited with return code 0
[2025-11-21T15:57:46.272+0000] {taskinstance.py:441} INFO - ::group::Post task execution logs
[2025-11-21T15:57:46.278+0000] {taskinstance.py:1206} INFO - Marking task as SUCCESS. dag_id=warehouse_daily, task_id=transform_to_parquet, run_id=manual__2025-11-21T15:57:28.165261+00:00, execution_date=20251121T155728, start_date=20251121T155744, end_date=20251121T155746
[2025-11-21T15:57:46.303+0000] {local_task_job_runner.py:243} INFO - Task exited with return code 0
[2025-11-21T15:57:46.310+0000] {taskinstance.py:3503} INFO - 1 downstream tasks scheduled from follow-on schedule check
[2025-11-21T15:57:46.311+0000] {local_task_job_runner.py:222} INFO - ::endgroup::
