[2025-11-14T16:07:34.701+0000] {local_task_job_runner.py:120} INFO - ::group::Pre task execution logs
[2025-11-14T16:07:34.709+0000] {taskinstance.py:2076} INFO - Dependencies all met for dep_context=non-requeueable deps ti=<TaskInstance: warehouse_daily.extract_to_minio manual__2025-11-14T16:07:31.750485+00:00 [queued]>
[2025-11-14T16:07:34.711+0000] {taskinstance.py:2076} INFO - Dependencies all met for dep_context=requeueable deps ti=<TaskInstance: warehouse_daily.extract_to_minio manual__2025-11-14T16:07:31.750485+00:00 [queued]>
[2025-11-14T16:07:34.711+0000] {taskinstance.py:2306} INFO - Starting attempt 1 of 3
[2025-11-14T16:07:34.715+0000] {taskinstance.py:2330} INFO - Executing <Task(BashOperator): extract_to_minio> on 2025-11-14 16:07:31.750485+00:00
[2025-11-14T16:07:34.717+0000] {standard_task_runner.py:64} INFO - Started process 1586 to run task
[2025-11-14T16:07:34.718+0000] {standard_task_runner.py:90} INFO - Running: ['airflow', 'tasks', 'run', 'warehouse_daily', 'extract_to_minio', 'manual__2025-11-14T16:07:31.750485+00:00', '--job-id', '46', '--raw', '--subdir', 'DAGS_FOLDER/warehouse_dag.py', '--cfg-path', '/tmp/tmpx79oorwm']
[2025-11-14T16:07:34.718+0000] {standard_task_runner.py:91} INFO - Job 46: Subtask extract_to_minio
[2025-11-14T16:07:34.729+0000] {task_command.py:426} INFO - Running <TaskInstance: warehouse_daily.extract_to_minio manual__2025-11-14T16:07:31.750485+00:00 [running]> on host 8b16c83c8b1e
[2025-11-14T16:07:34.805+0000] {taskinstance.py:2648} INFO - Exporting env vars: AIRFLOW_CTX_DAG_OWNER='wyko' AIRFLOW_CTX_DAG_ID='warehouse_daily' AIRFLOW_CTX_TASK_ID='extract_to_minio' AIRFLOW_CTX_EXECUTION_DATE='2025-11-14T16:07:31.750485+00:00' AIRFLOW_CTX_TRY_NUMBER='1' AIRFLOW_CTX_DAG_RUN_ID='manual__2025-11-14T16:07:31.750485+00:00'
[2025-11-14T16:07:34.805+0000] {taskinstance.py:430} INFO - ::endgroup::
[2025-11-14T16:07:34.809+0000] {subprocess.py:63} INFO - Tmp dir root location: /tmp
[2025-11-14T16:07:34.809+0000] {subprocess.py:75} INFO - Running command: ['/usr/bin/bash', '-c', 'cd /opt/airflow/repo && python etl/extract.py']
[2025-11-14T16:07:34.812+0000] {subprocess.py:86} INFO - Output:
[2025-11-14T16:07:37.970+0000] {subprocess.py:93} INFO - Succesfully Uploaded data/raw/housing_800k.csv → s3://raw/housing_800k.csv  (rows=800,000)
[2025-11-14T16:07:38.031+0000] {subprocess.py:97} INFO - Command exited with return code 0
[2025-11-14T16:07:38.031+0000] {taskinstance.py:441} INFO - ::group::Post task execution logs
[2025-11-14T16:07:38.038+0000] {taskinstance.py:1206} INFO - Marking task as SUCCESS. dag_id=warehouse_daily, task_id=extract_to_minio, run_id=manual__2025-11-14T16:07:31.750485+00:00, execution_date=20251114T160731, start_date=20251114T160734, end_date=20251114T160738
[2025-11-14T16:07:38.070+0000] {local_task_job_runner.py:243} INFO - Task exited with return code 0
[2025-11-14T16:07:38.077+0000] {taskinstance.py:3503} INFO - 1 downstream tasks scheduled from follow-on schedule check
[2025-11-14T16:07:38.079+0000] {local_task_job_runner.py:222} INFO - ::endgroup::
