[2025-11-22T06:03:49.034+0000] {local_task_job_runner.py:120} INFO - ::group::Pre task execution logs
[2025-11-22T06:03:49.042+0000] {taskinstance.py:2076} INFO - Dependencies all met for dep_context=non-requeueable deps ti=<TaskInstance: warehouse_daily.wait_for_db scheduled__2025-11-21T06:00:00+00:00 [queued]>
[2025-11-22T06:03:49.044+0000] {taskinstance.py:2076} INFO - Dependencies all met for dep_context=requeueable deps ti=<TaskInstance: warehouse_daily.wait_for_db scheduled__2025-11-21T06:00:00+00:00 [queued]>
[2025-11-22T06:03:49.044+0000] {taskinstance.py:2306} INFO - Starting attempt 1 of 3
[2025-11-22T06:03:49.048+0000] {taskinstance.py:2330} INFO - Executing <Task(SqlSensor): wait_for_db> on 2025-11-21 06:00:00+00:00
[2025-11-22T06:03:49.050+0000] {standard_task_runner.py:64} INFO - Started process 1875 to run task
[2025-11-22T06:03:49.051+0000] {standard_task_runner.py:90} INFO - Running: ['airflow', 'tasks', 'run', 'warehouse_daily', 'wait_for_db', 'scheduled__2025-11-21T06:00:00+00:00', '--job-id', '29', '--raw', '--subdir', 'DAGS_FOLDER/warehouse_dag.py', '--cfg-path', '/tmp/tmp1x7ihcru']
[2025-11-22T06:03:49.052+0000] {standard_task_runner.py:91} INFO - Job 29: Subtask wait_for_db
[2025-11-22T06:03:49.064+0000] {task_command.py:426} INFO - Running <TaskInstance: warehouse_daily.wait_for_db scheduled__2025-11-21T06:00:00+00:00 [running]> on host 4e64c7378c33
[2025-11-22T06:03:49.141+0000] {taskinstance.py:2648} INFO - Exporting env vars: AIRFLOW_CTX_DAG_OWNER='wyko' AIRFLOW_CTX_DAG_ID='warehouse_daily' AIRFLOW_CTX_TASK_ID='wait_for_db' AIRFLOW_CTX_EXECUTION_DATE='2025-11-21T06:00:00+00:00' AIRFLOW_CTX_TRY_NUMBER='1' AIRFLOW_CTX_DAG_RUN_ID='scheduled__2025-11-21T06:00:00+00:00'
[2025-11-22T06:03:49.142+0000] {taskinstance.py:430} INFO - ::endgroup::
[2025-11-22T06:03:49.148+0000] {crypto.py:82} WARNING - empty cryptography key - values will not be stored encrypted.
[2025-11-22T06:03:49.148+0000] {base.py:84} INFO - Using connection ID 'warehouse_pg' for task execution.
[2025-11-22T06:03:49.167+0000] {sql.py:96} INFO - Poking: SELECT 1; (with parameters None)
[2025-11-22T06:03:49.168+0000] {base.py:84} INFO - Using connection ID 'warehouse_pg' for task execution.
[2025-11-22T06:03:49.174+0000] {sql.py:495} INFO - Running statement: SELECT 1;, parameters: None
[2025-11-22T06:03:49.175+0000] {sql.py:504} INFO - Rows affected: 1
[2025-11-22T06:03:49.175+0000] {base.py:294} INFO - Success criteria met. Exiting.
[2025-11-22T06:03:49.176+0000] {taskinstance.py:441} INFO - ::group::Post task execution logs
[2025-11-22T06:03:49.177+0000] {taskinstance.py:1206} INFO - Marking task as SUCCESS. dag_id=warehouse_daily, task_id=wait_for_db, run_id=scheduled__2025-11-21T06:00:00+00:00, execution_date=20251121T060000, start_date=20251122T060349, end_date=20251122T060349
[2025-11-22T06:03:49.208+0000] {local_task_job_runner.py:243} INFO - Task exited with return code 0
[2025-11-22T06:03:49.219+0000] {taskinstance.py:3503} INFO - 1 downstream tasks scheduled from follow-on schedule check
[2025-11-22T06:03:49.220+0000] {local_task_job_runner.py:222} INFO - ::endgroup::
[2025-11-22T14:37:12.462+0000] {local_task_job_runner.py:120} INFO - ::group::Pre task execution logs
[2025-11-22T14:37:12.471+0000] {taskinstance.py:2076} INFO - Dependencies all met for dep_context=non-requeueable deps ti=<TaskInstance: warehouse_daily.wait_for_db scheduled__2025-11-21T06:00:00+00:00 [queued]>
[2025-11-22T14:37:12.473+0000] {taskinstance.py:2076} INFO - Dependencies all met for dep_context=requeueable deps ti=<TaskInstance: warehouse_daily.wait_for_db scheduled__2025-11-21T06:00:00+00:00 [queued]>
[2025-11-22T14:37:12.473+0000] {taskinstance.py:2306} INFO - Starting attempt 1 of 3
[2025-11-22T14:37:12.477+0000] {taskinstance.py:2330} INFO - Executing <Task(SqlSensor): wait_for_db> on 2025-11-21 06:00:00+00:00
[2025-11-22T14:37:12.479+0000] {standard_task_runner.py:64} INFO - Started process 162 to run task
[2025-11-22T14:37:12.480+0000] {standard_task_runner.py:90} INFO - Running: ['airflow', 'tasks', 'run', 'warehouse_daily', 'wait_for_db', 'scheduled__2025-11-21T06:00:00+00:00', '--job-id', '3', '--raw', '--subdir', 'DAGS_FOLDER/warehouse_dag.py', '--cfg-path', '/tmp/tmptnqxcisg']
[2025-11-22T14:37:12.481+0000] {standard_task_runner.py:91} INFO - Job 3: Subtask wait_for_db
[2025-11-22T14:37:12.493+0000] {task_command.py:426} INFO - Running <TaskInstance: warehouse_daily.wait_for_db scheduled__2025-11-21T06:00:00+00:00 [running]> on host e41cc4788735
[2025-11-22T14:37:12.564+0000] {taskinstance.py:2648} INFO - Exporting env vars: AIRFLOW_CTX_DAG_OWNER='wyko' AIRFLOW_CTX_DAG_ID='warehouse_daily' AIRFLOW_CTX_TASK_ID='wait_for_db' AIRFLOW_CTX_EXECUTION_DATE='2025-11-21T06:00:00+00:00' AIRFLOW_CTX_TRY_NUMBER='1' AIRFLOW_CTX_DAG_RUN_ID='scheduled__2025-11-21T06:00:00+00:00'
[2025-11-22T14:37:12.564+0000] {taskinstance.py:430} INFO - ::endgroup::
[2025-11-22T14:37:12.579+0000] {crypto.py:82} WARNING - empty cryptography key - values will not be stored encrypted.
[2025-11-22T14:37:12.579+0000] {base.py:84} INFO - Using connection ID 'warehouse_pg' for task execution.
[2025-11-22T14:37:12.595+0000] {sql.py:96} INFO - Poking: SELECT 1; (with parameters None)
[2025-11-22T14:37:12.595+0000] {base.py:84} INFO - Using connection ID 'warehouse_pg' for task execution.
[2025-11-22T14:37:12.601+0000] {sql.py:495} INFO - Running statement: SELECT 1;, parameters: None
[2025-11-22T14:37:12.602+0000] {sql.py:504} INFO - Rows affected: 1
[2025-11-22T14:37:12.603+0000] {base.py:294} INFO - Success criteria met. Exiting.
[2025-11-22T14:37:12.603+0000] {taskinstance.py:441} INFO - ::group::Post task execution logs
[2025-11-22T14:37:12.605+0000] {taskinstance.py:1206} INFO - Marking task as SUCCESS. dag_id=warehouse_daily, task_id=wait_for_db, run_id=scheduled__2025-11-21T06:00:00+00:00, execution_date=20251121T060000, start_date=20251122T143712, end_date=20251122T143712
[2025-11-22T14:37:12.629+0000] {local_task_job_runner.py:243} INFO - Task exited with return code 0
[2025-11-22T14:37:12.639+0000] {taskinstance.py:3503} INFO - 1 downstream tasks scheduled from follow-on schedule check
[2025-11-22T14:37:12.640+0000] {local_task_job_runner.py:222} INFO - ::endgroup::
