[2025-11-17T00:22:19.536+0000] {processor.py:161} INFO - Started process (PID=4584) to work on /opt/airflow/dags/warehouse_dag.py
[2025-11-17T00:22:19.536+0000] {processor.py:830} INFO - Processing file /opt/airflow/dags/warehouse_dag.py for tasks to queue
[2025-11-17T00:22:19.537+0000] {logging_mixin.py:188} INFO - [2025-11-17T00:22:19.536+0000] {dagbag.py:545} INFO - Filling up the DagBag from /opt/airflow/dags/warehouse_dag.py
[2025-11-17T00:22:19.542+0000] {processor.py:840} INFO - DAG(s) 'warehouse_daily' retrieved from /opt/airflow/dags/warehouse_dag.py
[2025-11-17T00:22:19.553+0000] {logging_mixin.py:188} INFO - [2025-11-17T00:22:19.553+0000] {dag.py:3089} INFO - Sync 1 DAGs
[2025-11-17T00:22:19.565+0000] {logging_mixin.py:188} INFO - [2025-11-17T00:22:19.565+0000] {dag.py:3947} INFO - Setting next_dagrun for warehouse_daily to 2025-11-16 06:00:00+00:00, run_after=2025-11-17 06:00:00+00:00
[2025-11-17T00:22:19.571+0000] {processor.py:183} INFO - Processing /opt/airflow/dags/warehouse_dag.py took 0.038 seconds
[2025-11-17T01:16:53.518+0000] {processor.py:161} INFO - Started process (PID=4585) to work on /opt/airflow/dags/warehouse_dag.py
[2025-11-17T01:16:53.519+0000] {processor.py:830} INFO - Processing file /opt/airflow/dags/warehouse_dag.py for tasks to queue
[2025-11-17T01:16:53.519+0000] {logging_mixin.py:188} INFO - [2025-11-17T01:16:53.519+0000] {dagbag.py:545} INFO - Filling up the DagBag from /opt/airflow/dags/warehouse_dag.py
[2025-11-17T01:16:53.528+0000] {processor.py:840} INFO - DAG(s) 'warehouse_daily' retrieved from /opt/airflow/dags/warehouse_dag.py
[2025-11-17T01:16:53.540+0000] {logging_mixin.py:188} INFO - [2025-11-17T01:16:53.540+0000] {dag.py:3089} INFO - Sync 1 DAGs
[2025-11-17T01:16:53.546+0000] {logging_mixin.py:188} INFO - [2025-11-17T01:16:53.546+0000] {dag.py:3947} INFO - Setting next_dagrun for warehouse_daily to 2025-11-16 06:00:00+00:00, run_after=2025-11-17 06:00:00+00:00
[2025-11-17T01:16:53.555+0000] {processor.py:183} INFO - Processing /opt/airflow/dags/warehouse_dag.py took 0.041 seconds
[2025-11-17T01:17:23.889+0000] {processor.py:161} INFO - Started process (PID=4586) to work on /opt/airflow/dags/warehouse_dag.py
[2025-11-17T01:17:23.890+0000] {processor.py:830} INFO - Processing file /opt/airflow/dags/warehouse_dag.py for tasks to queue
[2025-11-17T01:17:23.891+0000] {logging_mixin.py:188} INFO - [2025-11-17T01:17:23.890+0000] {dagbag.py:545} INFO - Filling up the DagBag from /opt/airflow/dags/warehouse_dag.py
[2025-11-17T01:17:23.901+0000] {processor.py:840} INFO - DAG(s) 'warehouse_daily' retrieved from /opt/airflow/dags/warehouse_dag.py
[2025-11-17T01:17:23.916+0000] {logging_mixin.py:188} INFO - [2025-11-17T01:17:23.916+0000] {dag.py:3089} INFO - Sync 1 DAGs
[2025-11-17T01:17:23.923+0000] {logging_mixin.py:188} INFO - [2025-11-17T01:17:23.922+0000] {dag.py:3947} INFO - Setting next_dagrun for warehouse_daily to 2025-11-16 06:00:00+00:00, run_after=2025-11-17 06:00:00+00:00
[2025-11-17T01:17:23.931+0000] {processor.py:183} INFO - Processing /opt/airflow/dags/warehouse_dag.py took 0.047 seconds
[2025-11-17T02:40:59.820+0000] {processor.py:161} INFO - Started process (PID=4587) to work on /opt/airflow/dags/warehouse_dag.py
[2025-11-17T02:40:59.820+0000] {processor.py:830} INFO - Processing file /opt/airflow/dags/warehouse_dag.py for tasks to queue
[2025-11-17T02:40:59.821+0000] {logging_mixin.py:188} INFO - [2025-11-17T02:40:59.820+0000] {dagbag.py:545} INFO - Filling up the DagBag from /opt/airflow/dags/warehouse_dag.py
[2025-11-17T02:40:59.827+0000] {processor.py:840} INFO - DAG(s) 'warehouse_daily' retrieved from /opt/airflow/dags/warehouse_dag.py
[2025-11-17T02:40:59.837+0000] {logging_mixin.py:188} INFO - [2025-11-17T02:40:59.837+0000] {dag.py:3089} INFO - Sync 1 DAGs
[2025-11-17T02:40:59.842+0000] {logging_mixin.py:188} INFO - [2025-11-17T02:40:59.842+0000] {dag.py:3947} INFO - Setting next_dagrun for warehouse_daily to 2025-11-16 06:00:00+00:00, run_after=2025-11-17 06:00:00+00:00
[2025-11-17T02:40:59.849+0000] {processor.py:183} INFO - Processing /opt/airflow/dags/warehouse_dag.py took 0.032 seconds
[2025-11-17T03:28:59.957+0000] {processor.py:161} INFO - Started process (PID=4588) to work on /opt/airflow/dags/warehouse_dag.py
[2025-11-17T03:28:59.958+0000] {processor.py:830} INFO - Processing file /opt/airflow/dags/warehouse_dag.py for tasks to queue
[2025-11-17T03:28:59.958+0000] {logging_mixin.py:188} INFO - [2025-11-17T03:28:59.958+0000] {dagbag.py:545} INFO - Filling up the DagBag from /opt/airflow/dags/warehouse_dag.py
[2025-11-17T03:28:59.964+0000] {processor.py:840} INFO - DAG(s) 'warehouse_daily' retrieved from /opt/airflow/dags/warehouse_dag.py
[2025-11-17T03:28:59.975+0000] {logging_mixin.py:188} INFO - [2025-11-17T03:28:59.975+0000] {dag.py:3089} INFO - Sync 1 DAGs
[2025-11-17T03:28:59.981+0000] {logging_mixin.py:188} INFO - [2025-11-17T03:28:59.981+0000] {dag.py:3947} INFO - Setting next_dagrun for warehouse_daily to 2025-11-16 06:00:00+00:00, run_after=2025-11-17 06:00:00+00:00
[2025-11-17T03:28:59.988+0000] {processor.py:183} INFO - Processing /opt/airflow/dags/warehouse_dag.py took 0.034 seconds
[2025-11-17T03:29:30.288+0000] {processor.py:161} INFO - Started process (PID=4589) to work on /opt/airflow/dags/warehouse_dag.py
[2025-11-17T03:29:30.289+0000] {processor.py:830} INFO - Processing file /opt/airflow/dags/warehouse_dag.py for tasks to queue
[2025-11-17T03:29:30.289+0000] {logging_mixin.py:188} INFO - [2025-11-17T03:29:30.289+0000] {dagbag.py:545} INFO - Filling up the DagBag from /opt/airflow/dags/warehouse_dag.py
[2025-11-17T03:29:30.299+0000] {processor.py:840} INFO - DAG(s) 'warehouse_daily' retrieved from /opt/airflow/dags/warehouse_dag.py
[2025-11-17T03:29:30.311+0000] {logging_mixin.py:188} INFO - [2025-11-17T03:29:30.311+0000] {dag.py:3089} INFO - Sync 1 DAGs
[2025-11-17T03:29:30.318+0000] {logging_mixin.py:188} INFO - [2025-11-17T03:29:30.318+0000] {dag.py:3947} INFO - Setting next_dagrun for warehouse_daily to 2025-11-16 06:00:00+00:00, run_after=2025-11-17 06:00:00+00:00
[2025-11-17T03:29:30.327+0000] {processor.py:183} INFO - Processing /opt/airflow/dags/warehouse_dag.py took 0.043 seconds
[2025-11-17T04:06:41.591+0000] {processor.py:161} INFO - Started process (PID=4590) to work on /opt/airflow/dags/warehouse_dag.py
[2025-11-17T04:06:41.592+0000] {processor.py:830} INFO - Processing file /opt/airflow/dags/warehouse_dag.py for tasks to queue
[2025-11-17T04:06:41.592+0000] {logging_mixin.py:188} INFO - [2025-11-17T04:06:41.592+0000] {dagbag.py:545} INFO - Filling up the DagBag from /opt/airflow/dags/warehouse_dag.py
[2025-11-17T04:06:41.599+0000] {processor.py:840} INFO - DAG(s) 'warehouse_daily' retrieved from /opt/airflow/dags/warehouse_dag.py
[2025-11-17T04:06:41.611+0000] {logging_mixin.py:188} INFO - [2025-11-17T04:06:41.611+0000] {dag.py:3089} INFO - Sync 1 DAGs
[2025-11-17T04:06:41.617+0000] {logging_mixin.py:188} INFO - [2025-11-17T04:06:41.617+0000] {dag.py:3947} INFO - Setting next_dagrun for warehouse_daily to 2025-11-16 06:00:00+00:00, run_after=2025-11-17 06:00:00+00:00
[2025-11-17T04:06:41.627+0000] {processor.py:183} INFO - Processing /opt/airflow/dags/warehouse_dag.py took 0.038 seconds
[2025-11-17T04:24:33.614+0000] {processor.py:161} INFO - Started process (PID=4591) to work on /opt/airflow/dags/warehouse_dag.py
[2025-11-17T04:24:33.615+0000] {processor.py:830} INFO - Processing file /opt/airflow/dags/warehouse_dag.py for tasks to queue
[2025-11-17T04:24:33.616+0000] {logging_mixin.py:188} INFO - [2025-11-17T04:24:33.616+0000] {dagbag.py:545} INFO - Filling up the DagBag from /opt/airflow/dags/warehouse_dag.py
[2025-11-17T04:24:33.625+0000] {processor.py:840} INFO - DAG(s) 'warehouse_daily' retrieved from /opt/airflow/dags/warehouse_dag.py
[2025-11-17T04:24:33.642+0000] {logging_mixin.py:188} INFO - [2025-11-17T04:24:33.642+0000] {dag.py:3089} INFO - Sync 1 DAGs
[2025-11-17T04:24:33.652+0000] {logging_mixin.py:188} INFO - [2025-11-17T04:24:33.652+0000] {dag.py:3947} INFO - Setting next_dagrun for warehouse_daily to 2025-11-16 06:00:00+00:00, run_after=2025-11-17 06:00:00+00:00
[2025-11-17T04:24:33.687+0000] {processor.py:183} INFO - Processing /opt/airflow/dags/warehouse_dag.py took 0.078 seconds
[2025-11-17T05:29:48.278+0000] {processor.py:161} INFO - Started process (PID=4592) to work on /opt/airflow/dags/warehouse_dag.py
[2025-11-17T05:29:48.278+0000] {processor.py:830} INFO - Processing file /opt/airflow/dags/warehouse_dag.py for tasks to queue
[2025-11-17T05:29:48.279+0000] {logging_mixin.py:188} INFO - [2025-11-17T05:29:48.278+0000] {dagbag.py:545} INFO - Filling up the DagBag from /opt/airflow/dags/warehouse_dag.py
[2025-11-17T05:29:48.286+0000] {processor.py:840} INFO - DAG(s) 'warehouse_daily' retrieved from /opt/airflow/dags/warehouse_dag.py
[2025-11-17T05:29:48.297+0000] {logging_mixin.py:188} INFO - [2025-11-17T05:29:48.297+0000] {dag.py:3089} INFO - Sync 1 DAGs
[2025-11-17T05:29:48.304+0000] {logging_mixin.py:188} INFO - [2025-11-17T05:29:48.304+0000] {dag.py:3947} INFO - Setting next_dagrun for warehouse_daily to 2025-11-16 06:00:00+00:00, run_after=2025-11-17 06:00:00+00:00
[2025-11-17T05:29:48.311+0000] {processor.py:183} INFO - Processing /opt/airflow/dags/warehouse_dag.py took 0.036 seconds
[2025-11-17T05:30:19.379+0000] {processor.py:161} INFO - Started process (PID=4593) to work on /opt/airflow/dags/warehouse_dag.py
[2025-11-17T05:30:19.380+0000] {processor.py:830} INFO - Processing file /opt/airflow/dags/warehouse_dag.py for tasks to queue
[2025-11-17T05:30:19.381+0000] {logging_mixin.py:188} INFO - [2025-11-17T05:30:19.381+0000] {dagbag.py:545} INFO - Filling up the DagBag from /opt/airflow/dags/warehouse_dag.py
[2025-11-17T05:30:19.392+0000] {processor.py:840} INFO - DAG(s) 'warehouse_daily' retrieved from /opt/airflow/dags/warehouse_dag.py
[2025-11-17T05:30:19.407+0000] {logging_mixin.py:188} INFO - [2025-11-17T05:30:19.407+0000] {dag.py:3089} INFO - Sync 1 DAGs
[2025-11-17T05:30:19.414+0000] {logging_mixin.py:188} INFO - [2025-11-17T05:30:19.414+0000] {dag.py:3947} INFO - Setting next_dagrun for warehouse_daily to 2025-11-16 06:00:00+00:00, run_after=2025-11-17 06:00:00+00:00
[2025-11-17T05:30:19.422+0000] {processor.py:183} INFO - Processing /opt/airflow/dags/warehouse_dag.py took 0.047 seconds
[2025-11-17T06:30:45.756+0000] {processor.py:161} INFO - Started process (PID=4594) to work on /opt/airflow/dags/warehouse_dag.py
[2025-11-17T06:30:45.756+0000] {processor.py:830} INFO - Processing file /opt/airflow/dags/warehouse_dag.py for tasks to queue
[2025-11-17T06:30:45.757+0000] {logging_mixin.py:188} INFO - [2025-11-17T06:30:45.756+0000] {dagbag.py:545} INFO - Filling up the DagBag from /opt/airflow/dags/warehouse_dag.py
[2025-11-17T06:30:45.764+0000] {processor.py:840} INFO - DAG(s) 'warehouse_daily' retrieved from /opt/airflow/dags/warehouse_dag.py
[2025-11-17T06:30:45.775+0000] {logging_mixin.py:188} INFO - [2025-11-17T06:30:45.775+0000] {dag.py:3089} INFO - Sync 1 DAGs
[2025-11-17T06:30:45.781+0000] {logging_mixin.py:188} INFO - [2025-11-17T06:30:45.781+0000] {dag.py:3947} INFO - Setting next_dagrun for warehouse_daily to 2025-11-16 06:00:00+00:00, run_after=2025-11-17 06:00:00+00:00
[2025-11-17T06:30:45.788+0000] {processor.py:183} INFO - Processing /opt/airflow/dags/warehouse_dag.py took 0.036 seconds
[2025-11-17T06:31:40.417+0000] {processor.py:161} INFO - Started process (PID=4734) to work on /opt/airflow/dags/warehouse_dag.py
[2025-11-17T06:31:40.417+0000] {processor.py:830} INFO - Processing file /opt/airflow/dags/warehouse_dag.py for tasks to queue
[2025-11-17T06:31:40.418+0000] {logging_mixin.py:188} INFO - [2025-11-17T06:31:40.418+0000] {dagbag.py:545} INFO - Filling up the DagBag from /opt/airflow/dags/warehouse_dag.py
[2025-11-17T06:31:40.423+0000] {processor.py:840} INFO - DAG(s) 'warehouse_daily' retrieved from /opt/airflow/dags/warehouse_dag.py
[2025-11-17T06:31:40.432+0000] {logging_mixin.py:188} INFO - [2025-11-17T06:31:40.432+0000] {dag.py:3089} INFO - Sync 1 DAGs
[2025-11-17T06:31:40.437+0000] {logging_mixin.py:188} INFO - [2025-11-17T06:31:40.437+0000] {dag.py:3947} INFO - Setting next_dagrun for warehouse_daily to 2025-11-17 06:00:00+00:00, run_after=2025-11-18 06:00:00+00:00
[2025-11-17T06:31:40.443+0000] {processor.py:183} INFO - Processing /opt/airflow/dags/warehouse_dag.py took 0.028 seconds
[2025-11-17T07:17:59.475+0000] {processor.py:161} INFO - Started process (PID=4795) to work on /opt/airflow/dags/warehouse_dag.py
[2025-11-17T07:17:59.476+0000] {processor.py:830} INFO - Processing file /opt/airflow/dags/warehouse_dag.py for tasks to queue
[2025-11-17T07:17:59.477+0000] {logging_mixin.py:188} INFO - [2025-11-17T07:17:59.476+0000] {dagbag.py:545} INFO - Filling up the DagBag from /opt/airflow/dags/warehouse_dag.py
[2025-11-17T07:17:59.485+0000] {processor.py:840} INFO - DAG(s) 'warehouse_daily' retrieved from /opt/airflow/dags/warehouse_dag.py
[2025-11-17T07:17:59.502+0000] {logging_mixin.py:188} INFO - [2025-11-17T07:17:59.502+0000] {dag.py:3089} INFO - Sync 1 DAGs
[2025-11-17T07:17:59.512+0000] {logging_mixin.py:188} INFO - [2025-11-17T07:17:59.512+0000] {dag.py:3947} INFO - Setting next_dagrun for warehouse_daily to 2025-11-17 06:00:00+00:00, run_after=2025-11-18 06:00:00+00:00
[2025-11-17T07:17:59.524+0000] {processor.py:183} INFO - Processing /opt/airflow/dags/warehouse_dag.py took 0.052 seconds
[2025-11-17T08:33:31.406+0000] {processor.py:161} INFO - Started process (PID=5242) to work on /opt/airflow/dags/warehouse_dag.py
[2025-11-17T08:33:31.406+0000] {processor.py:830} INFO - Processing file /opt/airflow/dags/warehouse_dag.py for tasks to queue
[2025-11-17T08:33:31.407+0000] {logging_mixin.py:188} INFO - [2025-11-17T08:33:31.407+0000] {dagbag.py:545} INFO - Filling up the DagBag from /opt/airflow/dags/warehouse_dag.py
[2025-11-17T08:33:31.414+0000] {processor.py:840} INFO - DAG(s) 'warehouse_daily' retrieved from /opt/airflow/dags/warehouse_dag.py
[2025-11-17T08:33:31.426+0000] {logging_mixin.py:188} INFO - [2025-11-17T08:33:31.426+0000] {dag.py:3089} INFO - Sync 1 DAGs
[2025-11-17T08:33:31.432+0000] {logging_mixin.py:188} INFO - [2025-11-17T08:33:31.432+0000] {dag.py:3947} INFO - Setting next_dagrun for warehouse_daily to 2025-11-17 06:00:00+00:00, run_after=2025-11-18 06:00:00+00:00
[2025-11-17T08:33:31.439+0000] {processor.py:183} INFO - Processing /opt/airflow/dags/warehouse_dag.py took 0.036 seconds
[2025-11-17T09:07:23.828+0000] {processor.py:161} INFO - Started process (PID=5243) to work on /opt/airflow/dags/warehouse_dag.py
[2025-11-17T09:07:23.828+0000] {processor.py:830} INFO - Processing file /opt/airflow/dags/warehouse_dag.py for tasks to queue
[2025-11-17T09:07:23.828+0000] {logging_mixin.py:188} INFO - [2025-11-17T09:07:23.828+0000] {dagbag.py:545} INFO - Filling up the DagBag from /opt/airflow/dags/warehouse_dag.py
[2025-11-17T09:07:23.834+0000] {processor.py:840} INFO - DAG(s) 'warehouse_daily' retrieved from /opt/airflow/dags/warehouse_dag.py
[2025-11-17T09:07:23.843+0000] {logging_mixin.py:188} INFO - [2025-11-17T09:07:23.843+0000] {dag.py:3089} INFO - Sync 1 DAGs
[2025-11-17T09:07:23.848+0000] {logging_mixin.py:188} INFO - [2025-11-17T09:07:23.848+0000] {dag.py:3947} INFO - Setting next_dagrun for warehouse_daily to 2025-11-17 06:00:00+00:00, run_after=2025-11-18 06:00:00+00:00
[2025-11-17T09:07:23.855+0000] {processor.py:183} INFO - Processing /opt/airflow/dags/warehouse_dag.py took 0.030 seconds
[2025-11-17T09:30:07.838+0000] {processor.py:161} INFO - Started process (PID=5244) to work on /opt/airflow/dags/warehouse_dag.py
[2025-11-17T09:30:07.839+0000] {processor.py:830} INFO - Processing file /opt/airflow/dags/warehouse_dag.py for tasks to queue
[2025-11-17T09:30:07.839+0000] {logging_mixin.py:188} INFO - [2025-11-17T09:30:07.839+0000] {dagbag.py:545} INFO - Filling up the DagBag from /opt/airflow/dags/warehouse_dag.py
[2025-11-17T09:30:07.848+0000] {processor.py:840} INFO - DAG(s) 'warehouse_daily' retrieved from /opt/airflow/dags/warehouse_dag.py
[2025-11-17T09:30:07.860+0000] {logging_mixin.py:188} INFO - [2025-11-17T09:30:07.860+0000] {dag.py:3089} INFO - Sync 1 DAGs
[2025-11-17T09:30:07.867+0000] {logging_mixin.py:188} INFO - [2025-11-17T09:30:07.867+0000] {dag.py:3947} INFO - Setting next_dagrun for warehouse_daily to 2025-11-17 06:00:00+00:00, run_after=2025-11-18 06:00:00+00:00
[2025-11-17T09:30:07.875+0000] {processor.py:183} INFO - Processing /opt/airflow/dags/warehouse_dag.py took 0.041 seconds
[2025-11-17T09:33:51.155+0000] {processor.py:161} INFO - Started process (PID=5245) to work on /opt/airflow/dags/warehouse_dag.py
[2025-11-17T09:33:51.156+0000] {processor.py:830} INFO - Processing file /opt/airflow/dags/warehouse_dag.py for tasks to queue
[2025-11-17T09:33:51.157+0000] {logging_mixin.py:188} INFO - [2025-11-17T09:33:51.156+0000] {dagbag.py:545} INFO - Filling up the DagBag from /opt/airflow/dags/warehouse_dag.py
[2025-11-17T09:33:51.166+0000] {processor.py:840} INFO - DAG(s) 'warehouse_daily' retrieved from /opt/airflow/dags/warehouse_dag.py
[2025-11-17T09:33:51.178+0000] {logging_mixin.py:188} INFO - [2025-11-17T09:33:51.178+0000] {dag.py:3089} INFO - Sync 1 DAGs
[2025-11-17T09:33:51.185+0000] {logging_mixin.py:188} INFO - [2025-11-17T09:33:51.185+0000] {dag.py:3947} INFO - Setting next_dagrun for warehouse_daily to 2025-11-17 06:00:00+00:00, run_after=2025-11-18 06:00:00+00:00
[2025-11-17T09:33:51.194+0000] {processor.py:183} INFO - Processing /opt/airflow/dags/warehouse_dag.py took 0.043 seconds
[2025-11-17T09:34:21.397+0000] {processor.py:161} INFO - Started process (PID=5246) to work on /opt/airflow/dags/warehouse_dag.py
[2025-11-17T09:34:21.398+0000] {processor.py:830} INFO - Processing file /opt/airflow/dags/warehouse_dag.py for tasks to queue
[2025-11-17T09:34:21.399+0000] {logging_mixin.py:188} INFO - [2025-11-17T09:34:21.399+0000] {dagbag.py:545} INFO - Filling up the DagBag from /opt/airflow/dags/warehouse_dag.py
[2025-11-17T09:34:21.409+0000] {processor.py:840} INFO - DAG(s) 'warehouse_daily' retrieved from /opt/airflow/dags/warehouse_dag.py
[2025-11-17T09:34:21.424+0000] {logging_mixin.py:188} INFO - [2025-11-17T09:34:21.424+0000] {dag.py:3089} INFO - Sync 1 DAGs
[2025-11-17T09:34:21.431+0000] {logging_mixin.py:188} INFO - [2025-11-17T09:34:21.431+0000] {dag.py:3947} INFO - Setting next_dagrun for warehouse_daily to 2025-11-17 06:00:00+00:00, run_after=2025-11-18 06:00:00+00:00
[2025-11-17T09:34:21.440+0000] {processor.py:183} INFO - Processing /opt/airflow/dags/warehouse_dag.py took 0.047 seconds
[2025-11-17T10:34:49.002+0000] {processor.py:161} INFO - Started process (PID=5247) to work on /opt/airflow/dags/warehouse_dag.py
[2025-11-17T10:34:49.003+0000] {processor.py:830} INFO - Processing file /opt/airflow/dags/warehouse_dag.py for tasks to queue
[2025-11-17T10:34:49.004+0000] {logging_mixin.py:188} INFO - [2025-11-17T10:34:49.003+0000] {dagbag.py:545} INFO - Filling up the DagBag from /opt/airflow/dags/warehouse_dag.py
[2025-11-17T10:34:49.013+0000] {processor.py:840} INFO - DAG(s) 'warehouse_daily' retrieved from /opt/airflow/dags/warehouse_dag.py
[2025-11-17T10:34:49.029+0000] {logging_mixin.py:188} INFO - [2025-11-17T10:34:49.028+0000] {dag.py:3089} INFO - Sync 1 DAGs
[2025-11-17T10:34:49.035+0000] {logging_mixin.py:188} INFO - [2025-11-17T10:34:49.035+0000] {dag.py:3947} INFO - Setting next_dagrun for warehouse_daily to 2025-11-17 06:00:00+00:00, run_after=2025-11-18 06:00:00+00:00
[2025-11-17T10:34:49.042+0000] {processor.py:183} INFO - Processing /opt/airflow/dags/warehouse_dag.py took 0.044 seconds
[2025-11-17T10:35:19.204+0000] {processor.py:161} INFO - Started process (PID=5248) to work on /opt/airflow/dags/warehouse_dag.py
[2025-11-17T10:35:19.204+0000] {processor.py:830} INFO - Processing file /opt/airflow/dags/warehouse_dag.py for tasks to queue
[2025-11-17T10:35:19.205+0000] {logging_mixin.py:188} INFO - [2025-11-17T10:35:19.205+0000] {dagbag.py:545} INFO - Filling up the DagBag from /opt/airflow/dags/warehouse_dag.py
[2025-11-17T10:35:19.211+0000] {processor.py:840} INFO - DAG(s) 'warehouse_daily' retrieved from /opt/airflow/dags/warehouse_dag.py
[2025-11-17T10:35:19.221+0000] {logging_mixin.py:188} INFO - [2025-11-17T10:35:19.221+0000] {dag.py:3089} INFO - Sync 1 DAGs
[2025-11-17T10:35:19.227+0000] {logging_mixin.py:188} INFO - [2025-11-17T10:35:19.227+0000] {dag.py:3947} INFO - Setting next_dagrun for warehouse_daily to 2025-11-17 06:00:00+00:00, run_after=2025-11-18 06:00:00+00:00
[2025-11-17T10:35:19.233+0000] {processor.py:183} INFO - Processing /opt/airflow/dags/warehouse_dag.py took 0.032 seconds
[2025-11-17T11:35:45.830+0000] {processor.py:161} INFO - Started process (PID=5249) to work on /opt/airflow/dags/warehouse_dag.py
[2025-11-17T11:35:45.831+0000] {processor.py:830} INFO - Processing file /opt/airflow/dags/warehouse_dag.py for tasks to queue
[2025-11-17T11:35:45.833+0000] {logging_mixin.py:188} INFO - [2025-11-17T11:35:45.833+0000] {dagbag.py:545} INFO - Filling up the DagBag from /opt/airflow/dags/warehouse_dag.py
[2025-11-17T11:35:45.847+0000] {processor.py:840} INFO - DAG(s) 'warehouse_daily' retrieved from /opt/airflow/dags/warehouse_dag.py
[2025-11-17T11:35:45.859+0000] {logging_mixin.py:188} INFO - [2025-11-17T11:35:45.859+0000] {dag.py:3089} INFO - Sync 1 DAGs
[2025-11-17T11:35:45.868+0000] {logging_mixin.py:188} INFO - [2025-11-17T11:35:45.868+0000] {dag.py:3947} INFO - Setting next_dagrun for warehouse_daily to 2025-11-17 06:00:00+00:00, run_after=2025-11-18 06:00:00+00:00
[2025-11-17T11:35:45.877+0000] {processor.py:183} INFO - Processing /opt/airflow/dags/warehouse_dag.py took 0.050 seconds
[2025-11-17T11:36:16.094+0000] {processor.py:161} INFO - Started process (PID=5250) to work on /opt/airflow/dags/warehouse_dag.py
[2025-11-17T11:36:16.095+0000] {processor.py:830} INFO - Processing file /opt/airflow/dags/warehouse_dag.py for tasks to queue
[2025-11-17T11:36:16.096+0000] {logging_mixin.py:188} INFO - [2025-11-17T11:36:16.096+0000] {dagbag.py:545} INFO - Filling up the DagBag from /opt/airflow/dags/warehouse_dag.py
[2025-11-17T11:36:16.108+0000] {processor.py:840} INFO - DAG(s) 'warehouse_daily' retrieved from /opt/airflow/dags/warehouse_dag.py
[2025-11-17T11:36:16.123+0000] {logging_mixin.py:188} INFO - [2025-11-17T11:36:16.123+0000] {dag.py:3089} INFO - Sync 1 DAGs
[2025-11-17T11:36:16.130+0000] {logging_mixin.py:188} INFO - [2025-11-17T11:36:16.130+0000] {dag.py:3947} INFO - Setting next_dagrun for warehouse_daily to 2025-11-17 06:00:00+00:00, run_after=2025-11-18 06:00:00+00:00
[2025-11-17T11:36:16.138+0000] {processor.py:183} INFO - Processing /opt/airflow/dags/warehouse_dag.py took 0.049 seconds
[2025-11-17T12:27:18.892+0000] {processor.py:161} INFO - Started process (PID=5251) to work on /opt/airflow/dags/warehouse_dag.py
[2025-11-17T12:27:18.893+0000] {processor.py:830} INFO - Processing file /opt/airflow/dags/warehouse_dag.py for tasks to queue
[2025-11-17T12:27:18.893+0000] {logging_mixin.py:188} INFO - [2025-11-17T12:27:18.893+0000] {dagbag.py:545} INFO - Filling up the DagBag from /opt/airflow/dags/warehouse_dag.py
[2025-11-17T12:27:18.899+0000] {processor.py:840} INFO - DAG(s) 'warehouse_daily' retrieved from /opt/airflow/dags/warehouse_dag.py
[2025-11-17T12:27:18.910+0000] {logging_mixin.py:188} INFO - [2025-11-17T12:27:18.910+0000] {dag.py:3089} INFO - Sync 1 DAGs
[2025-11-17T12:27:18.916+0000] {logging_mixin.py:188} INFO - [2025-11-17T12:27:18.916+0000] {dag.py:3947} INFO - Setting next_dagrun for warehouse_daily to 2025-11-17 06:00:00+00:00, run_after=2025-11-18 06:00:00+00:00
[2025-11-17T12:27:18.923+0000] {processor.py:183} INFO - Processing /opt/airflow/dags/warehouse_dag.py took 0.033 seconds
[2025-11-17T12:37:12.880+0000] {processor.py:161} INFO - Started process (PID=5252) to work on /opt/airflow/dags/warehouse_dag.py
[2025-11-17T12:37:12.881+0000] {processor.py:830} INFO - Processing file /opt/airflow/dags/warehouse_dag.py for tasks to queue
[2025-11-17T12:37:12.882+0000] {logging_mixin.py:188} INFO - [2025-11-17T12:37:12.881+0000] {dagbag.py:545} INFO - Filling up the DagBag from /opt/airflow/dags/warehouse_dag.py
[2025-11-17T12:37:12.891+0000] {processor.py:840} INFO - DAG(s) 'warehouse_daily' retrieved from /opt/airflow/dags/warehouse_dag.py
[2025-11-17T12:37:12.905+0000] {logging_mixin.py:188} INFO - [2025-11-17T12:37:12.905+0000] {dag.py:3089} INFO - Sync 1 DAGs
[2025-11-17T12:37:12.911+0000] {logging_mixin.py:188} INFO - [2025-11-17T12:37:12.911+0000] {dag.py:3947} INFO - Setting next_dagrun for warehouse_daily to 2025-11-17 06:00:00+00:00, run_after=2025-11-18 06:00:00+00:00
[2025-11-17T12:37:12.919+0000] {processor.py:183} INFO - Processing /opt/airflow/dags/warehouse_dag.py took 0.043 seconds
[2025-11-17T13:27:00.689+0000] {processor.py:161} INFO - Started process (PID=5253) to work on /opt/airflow/dags/warehouse_dag.py
[2025-11-17T13:27:00.689+0000] {processor.py:830} INFO - Processing file /opt/airflow/dags/warehouse_dag.py for tasks to queue
[2025-11-17T13:27:00.690+0000] {logging_mixin.py:188} INFO - [2025-11-17T13:27:00.690+0000] {dagbag.py:545} INFO - Filling up the DagBag from /opt/airflow/dags/warehouse_dag.py
[2025-11-17T13:27:00.696+0000] {processor.py:840} INFO - DAG(s) 'warehouse_daily' retrieved from /opt/airflow/dags/warehouse_dag.py
[2025-11-17T13:27:00.708+0000] {logging_mixin.py:188} INFO - [2025-11-17T13:27:00.708+0000] {dag.py:3089} INFO - Sync 1 DAGs
[2025-11-17T13:27:00.715+0000] {logging_mixin.py:188} INFO - [2025-11-17T13:27:00.715+0000] {dag.py:3947} INFO - Setting next_dagrun for warehouse_daily to 2025-11-17 06:00:00+00:00, run_after=2025-11-18 06:00:00+00:00
[2025-11-17T13:27:00.723+0000] {processor.py:183} INFO - Processing /opt/airflow/dags/warehouse_dag.py took 0.037 seconds
[2025-11-17T13:38:10.663+0000] {processor.py:161} INFO - Started process (PID=5254) to work on /opt/airflow/dags/warehouse_dag.py
[2025-11-17T13:38:10.663+0000] {processor.py:830} INFO - Processing file /opt/airflow/dags/warehouse_dag.py for tasks to queue
[2025-11-17T13:38:10.664+0000] {logging_mixin.py:188} INFO - [2025-11-17T13:38:10.663+0000] {dagbag.py:545} INFO - Filling up the DagBag from /opt/airflow/dags/warehouse_dag.py
[2025-11-17T13:38:10.670+0000] {processor.py:840} INFO - DAG(s) 'warehouse_daily' retrieved from /opt/airflow/dags/warehouse_dag.py
[2025-11-17T13:38:10.681+0000] {logging_mixin.py:188} INFO - [2025-11-17T13:38:10.681+0000] {dag.py:3089} INFO - Sync 1 DAGs
[2025-11-17T13:38:10.687+0000] {logging_mixin.py:188} INFO - [2025-11-17T13:38:10.687+0000] {dag.py:3947} INFO - Setting next_dagrun for warehouse_daily to 2025-11-17 06:00:00+00:00, run_after=2025-11-18 06:00:00+00:00
[2025-11-17T13:38:10.695+0000] {processor.py:183} INFO - Processing /opt/airflow/dags/warehouse_dag.py took 0.035 seconds
[2025-11-17T14:11:11.742+0000] {processor.py:161} INFO - Started process (PID=5255) to work on /opt/airflow/dags/warehouse_dag.py
[2025-11-17T14:11:11.743+0000] {processor.py:830} INFO - Processing file /opt/airflow/dags/warehouse_dag.py for tasks to queue
[2025-11-17T14:11:11.744+0000] {logging_mixin.py:188} INFO - [2025-11-17T14:11:11.743+0000] {dagbag.py:545} INFO - Filling up the DagBag from /opt/airflow/dags/warehouse_dag.py
[2025-11-17T14:11:11.752+0000] {processor.py:840} INFO - DAG(s) 'warehouse_daily' retrieved from /opt/airflow/dags/warehouse_dag.py
[2025-11-17T14:11:11.763+0000] {logging_mixin.py:188} INFO - [2025-11-17T14:11:11.763+0000] {dag.py:3089} INFO - Sync 1 DAGs
[2025-11-17T14:11:11.770+0000] {logging_mixin.py:188} INFO - [2025-11-17T14:11:11.770+0000] {dag.py:3947} INFO - Setting next_dagrun for warehouse_daily to 2025-11-17 06:00:00+00:00, run_after=2025-11-18 06:00:00+00:00
[2025-11-17T14:11:11.778+0000] {processor.py:183} INFO - Processing /opt/airflow/dags/warehouse_dag.py took 0.039 seconds
[2025-11-17T14:39:08.531+0000] {processor.py:161} INFO - Started process (PID=5256) to work on /opt/airflow/dags/warehouse_dag.py
[2025-11-17T14:39:08.532+0000] {processor.py:830} INFO - Processing file /opt/airflow/dags/warehouse_dag.py for tasks to queue
[2025-11-17T14:39:08.532+0000] {logging_mixin.py:188} INFO - [2025-11-17T14:39:08.532+0000] {dagbag.py:545} INFO - Filling up the DagBag from /opt/airflow/dags/warehouse_dag.py
[2025-11-17T14:39:08.541+0000] {processor.py:840} INFO - DAG(s) 'warehouse_daily' retrieved from /opt/airflow/dags/warehouse_dag.py
[2025-11-17T14:39:08.553+0000] {logging_mixin.py:188} INFO - [2025-11-17T14:39:08.553+0000] {dag.py:3089} INFO - Sync 1 DAGs
[2025-11-17T14:39:08.559+0000] {logging_mixin.py:188} INFO - [2025-11-17T14:39:08.559+0000] {dag.py:3947} INFO - Setting next_dagrun for warehouse_daily to 2025-11-17 06:00:00+00:00, run_after=2025-11-18 06:00:00+00:00
[2025-11-17T14:39:08.567+0000] {processor.py:183} INFO - Processing /opt/airflow/dags/warehouse_dag.py took 0.039 seconds
[2025-11-17T15:13:49.549+0000] {processor.py:161} INFO - Started process (PID=5257) to work on /opt/airflow/dags/warehouse_dag.py
[2025-11-17T15:13:49.550+0000] {processor.py:830} INFO - Processing file /opt/airflow/dags/warehouse_dag.py for tasks to queue
[2025-11-17T15:13:49.551+0000] {logging_mixin.py:188} INFO - [2025-11-17T15:13:49.551+0000] {dagbag.py:545} INFO - Filling up the DagBag from /opt/airflow/dags/warehouse_dag.py
[2025-11-17T15:13:49.559+0000] {processor.py:840} INFO - DAG(s) 'warehouse_daily' retrieved from /opt/airflow/dags/warehouse_dag.py
[2025-11-17T15:13:49.572+0000] {logging_mixin.py:188} INFO - [2025-11-17T15:13:49.572+0000] {dag.py:3089} INFO - Sync 1 DAGs
[2025-11-17T15:13:49.579+0000] {logging_mixin.py:188} INFO - [2025-11-17T15:13:49.579+0000] {dag.py:3947} INFO - Setting next_dagrun for warehouse_daily to 2025-11-17 06:00:00+00:00, run_after=2025-11-18 06:00:00+00:00
[2025-11-17T15:13:49.587+0000] {processor.py:183} INFO - Processing /opt/airflow/dags/warehouse_dag.py took 0.041 seconds
[2025-11-17T15:40:05.397+0000] {processor.py:161} INFO - Started process (PID=5258) to work on /opt/airflow/dags/warehouse_dag.py
[2025-11-17T15:40:05.397+0000] {processor.py:830} INFO - Processing file /opt/airflow/dags/warehouse_dag.py for tasks to queue
[2025-11-17T15:40:05.398+0000] {logging_mixin.py:188} INFO - [2025-11-17T15:40:05.398+0000] {dagbag.py:545} INFO - Filling up the DagBag from /opt/airflow/dags/warehouse_dag.py
[2025-11-17T15:40:05.404+0000] {processor.py:840} INFO - DAG(s) 'warehouse_daily' retrieved from /opt/airflow/dags/warehouse_dag.py
[2025-11-17T15:40:05.415+0000] {logging_mixin.py:188} INFO - [2025-11-17T15:40:05.415+0000] {dag.py:3089} INFO - Sync 1 DAGs
[2025-11-17T15:40:05.420+0000] {logging_mixin.py:188} INFO - [2025-11-17T15:40:05.420+0000] {dag.py:3947} INFO - Setting next_dagrun for warehouse_daily to 2025-11-17 06:00:00+00:00, run_after=2025-11-18 06:00:00+00:00
[2025-11-17T15:40:05.428+0000] {processor.py:183} INFO - Processing /opt/airflow/dags/warehouse_dag.py took 0.033 seconds
[2025-11-17T15:56:03.721+0000] {processor.py:161} INFO - Started process (PID=5259) to work on /opt/airflow/dags/warehouse_dag.py
[2025-11-17T15:56:03.722+0000] {processor.py:830} INFO - Processing file /opt/airflow/dags/warehouse_dag.py for tasks to queue
[2025-11-17T15:56:03.722+0000] {logging_mixin.py:188} INFO - [2025-11-17T15:56:03.722+0000] {dagbag.py:545} INFO - Filling up the DagBag from /opt/airflow/dags/warehouse_dag.py
[2025-11-17T15:56:03.732+0000] {processor.py:840} INFO - DAG(s) 'warehouse_daily' retrieved from /opt/airflow/dags/warehouse_dag.py
[2025-11-17T15:56:03.746+0000] {logging_mixin.py:188} INFO - [2025-11-17T15:56:03.746+0000] {dag.py:3089} INFO - Sync 1 DAGs
[2025-11-17T15:56:03.752+0000] {logging_mixin.py:188} INFO - [2025-11-17T15:56:03.752+0000] {dag.py:3947} INFO - Setting next_dagrun for warehouse_daily to 2025-11-17 06:00:00+00:00, run_after=2025-11-18 06:00:00+00:00
[2025-11-17T15:56:03.760+0000] {processor.py:183} INFO - Processing /opt/airflow/dags/warehouse_dag.py took 0.043 seconds
[2025-11-17T16:33:39.143+0000] {processor.py:161} INFO - Started process (PID=5260) to work on /opt/airflow/dags/warehouse_dag.py
[2025-11-17T16:33:39.143+0000] {processor.py:830} INFO - Processing file /opt/airflow/dags/warehouse_dag.py for tasks to queue
[2025-11-17T16:33:39.143+0000] {logging_mixin.py:188} INFO - [2025-11-17T16:33:39.143+0000] {dagbag.py:545} INFO - Filling up the DagBag from /opt/airflow/dags/warehouse_dag.py
[2025-11-17T16:33:39.148+0000] {processor.py:840} INFO - DAG(s) 'warehouse_daily' retrieved from /opt/airflow/dags/warehouse_dag.py
[2025-11-17T16:33:39.158+0000] {logging_mixin.py:188} INFO - [2025-11-17T16:33:39.158+0000] {dag.py:3089} INFO - Sync 1 DAGs
[2025-11-17T16:33:39.163+0000] {logging_mixin.py:188} INFO - [2025-11-17T16:33:39.163+0000] {dag.py:3947} INFO - Setting next_dagrun for warehouse_daily to 2025-11-17 06:00:00+00:00, run_after=2025-11-18 06:00:00+00:00
[2025-11-17T16:33:39.169+0000] {processor.py:183} INFO - Processing /opt/airflow/dags/warehouse_dag.py took 0.028 seconds
[2025-11-17T16:36:28.538+0000] {processor.py:161} INFO - Started process (PID=5261) to work on /opt/airflow/dags/warehouse_dag.py
[2025-11-17T16:36:28.539+0000] {processor.py:830} INFO - Processing file /opt/airflow/dags/warehouse_dag.py for tasks to queue
[2025-11-17T16:36:28.540+0000] {logging_mixin.py:188} INFO - [2025-11-17T16:36:28.539+0000] {dagbag.py:545} INFO - Filling up the DagBag from /opt/airflow/dags/warehouse_dag.py
[2025-11-17T16:36:28.552+0000] {processor.py:840} INFO - DAG(s) 'warehouse_daily' retrieved from /opt/airflow/dags/warehouse_dag.py
[2025-11-17T16:36:28.567+0000] {logging_mixin.py:188} INFO - [2025-11-17T16:36:28.567+0000] {dag.py:3089} INFO - Sync 1 DAGs
[2025-11-17T16:36:28.574+0000] {logging_mixin.py:188} INFO - [2025-11-17T16:36:28.574+0000] {dag.py:3947} INFO - Setting next_dagrun for warehouse_daily to 2025-11-17 06:00:00+00:00, run_after=2025-11-18 06:00:00+00:00
[2025-11-17T16:36:28.587+0000] {processor.py:183} INFO - Processing /opt/airflow/dags/warehouse_dag.py took 0.053 seconds
[2025-11-17T16:36:58.736+0000] {processor.py:161} INFO - Started process (PID=5263) to work on /opt/airflow/dags/warehouse_dag.py
[2025-11-17T16:36:58.736+0000] {processor.py:830} INFO - Processing file /opt/airflow/dags/warehouse_dag.py for tasks to queue
[2025-11-17T16:36:58.737+0000] {logging_mixin.py:188} INFO - [2025-11-17T16:36:58.737+0000] {dagbag.py:545} INFO - Filling up the DagBag from /opt/airflow/dags/warehouse_dag.py
[2025-11-17T16:36:58.743+0000] {processor.py:840} INFO - DAG(s) 'warehouse_daily' retrieved from /opt/airflow/dags/warehouse_dag.py
[2025-11-17T16:36:58.754+0000] {logging_mixin.py:188} INFO - [2025-11-17T16:36:58.754+0000] {dag.py:3089} INFO - Sync 1 DAGs
[2025-11-17T16:36:58.760+0000] {logging_mixin.py:188} INFO - [2025-11-17T16:36:58.760+0000] {dag.py:3947} INFO - Setting next_dagrun for warehouse_daily to 2025-11-17 06:00:00+00:00, run_after=2025-11-18 06:00:00+00:00
[2025-11-17T16:36:58.767+0000] {processor.py:183} INFO - Processing /opt/airflow/dags/warehouse_dag.py took 0.034 seconds
[2025-11-17T16:38:40.568+0000] {processor.py:161} INFO - Started process (PID=5264) to work on /opt/airflow/dags/warehouse_dag.py
[2025-11-17T16:38:40.569+0000] {processor.py:830} INFO - Processing file /opt/airflow/dags/warehouse_dag.py for tasks to queue
[2025-11-17T16:38:40.569+0000] {logging_mixin.py:188} INFO - [2025-11-17T16:38:40.569+0000] {dagbag.py:545} INFO - Filling up the DagBag from /opt/airflow/dags/warehouse_dag.py
[2025-11-17T16:38:40.579+0000] {processor.py:840} INFO - DAG(s) 'warehouse_daily' retrieved from /opt/airflow/dags/warehouse_dag.py
[2025-11-17T16:38:40.594+0000] {logging_mixin.py:188} INFO - [2025-11-17T16:38:40.593+0000] {dag.py:3089} INFO - Sync 1 DAGs
[2025-11-17T16:38:40.600+0000] {logging_mixin.py:188} INFO - [2025-11-17T16:38:40.600+0000] {dag.py:3947} INFO - Setting next_dagrun for warehouse_daily to 2025-11-17 06:00:00+00:00, run_after=2025-11-18 06:00:00+00:00
[2025-11-17T16:38:40.607+0000] {processor.py:183} INFO - Processing /opt/airflow/dags/warehouse_dag.py took 0.043 seconds
[2025-11-17T16:39:10.934+0000] {processor.py:161} INFO - Started process (PID=5265) to work on /opt/airflow/dags/warehouse_dag.py
[2025-11-17T16:39:10.935+0000] {processor.py:830} INFO - Processing file /opt/airflow/dags/warehouse_dag.py for tasks to queue
[2025-11-17T16:39:10.936+0000] {logging_mixin.py:188} INFO - [2025-11-17T16:39:10.935+0000] {dagbag.py:545} INFO - Filling up the DagBag from /opt/airflow/dags/warehouse_dag.py
[2025-11-17T16:39:10.946+0000] {processor.py:840} INFO - DAG(s) 'warehouse_daily' retrieved from /opt/airflow/dags/warehouse_dag.py
[2025-11-17T16:39:10.961+0000] {logging_mixin.py:188} INFO - [2025-11-17T16:39:10.961+0000] {dag.py:3089} INFO - Sync 1 DAGs
[2025-11-17T16:39:10.968+0000] {logging_mixin.py:188} INFO - [2025-11-17T16:39:10.967+0000] {dag.py:3947} INFO - Setting next_dagrun for warehouse_daily to 2025-11-17 06:00:00+00:00, run_after=2025-11-18 06:00:00+00:00
[2025-11-17T16:39:10.976+0000] {processor.py:183} INFO - Processing /opt/airflow/dags/warehouse_dag.py took 0.046 seconds
[2025-11-17T16:41:11.446+0000] {processor.py:161} INFO - Started process (PID=5266) to work on /opt/airflow/dags/warehouse_dag.py
[2025-11-17T16:41:11.447+0000] {processor.py:830} INFO - Processing file /opt/airflow/dags/warehouse_dag.py for tasks to queue
[2025-11-17T16:41:11.448+0000] {logging_mixin.py:188} INFO - [2025-11-17T16:41:11.448+0000] {dagbag.py:545} INFO - Filling up the DagBag from /opt/airflow/dags/warehouse_dag.py
[2025-11-17T16:41:11.458+0000] {processor.py:840} INFO - DAG(s) 'warehouse_daily' retrieved from /opt/airflow/dags/warehouse_dag.py
[2025-11-17T16:41:11.472+0000] {logging_mixin.py:188} INFO - [2025-11-17T16:41:11.472+0000] {dag.py:3089} INFO - Sync 1 DAGs
[2025-11-17T16:41:11.479+0000] {logging_mixin.py:188} INFO - [2025-11-17T16:41:11.479+0000] {dag.py:3947} INFO - Setting next_dagrun for warehouse_daily to 2025-11-17 06:00:00+00:00, run_after=2025-11-18 06:00:00+00:00
[2025-11-17T16:41:11.487+0000] {processor.py:183} INFO - Processing /opt/airflow/dags/warehouse_dag.py took 0.046 seconds
[2025-11-17T17:00:59.976+0000] {processor.py:161} INFO - Started process (PID=5267) to work on /opt/airflow/dags/warehouse_dag.py
[2025-11-17T17:00:59.977+0000] {processor.py:830} INFO - Processing file /opt/airflow/dags/warehouse_dag.py for tasks to queue
[2025-11-17T17:00:59.977+0000] {logging_mixin.py:188} INFO - [2025-11-17T17:00:59.977+0000] {dagbag.py:545} INFO - Filling up the DagBag from /opt/airflow/dags/warehouse_dag.py
[2025-11-17T17:00:59.983+0000] {processor.py:840} INFO - DAG(s) 'warehouse_daily' retrieved from /opt/airflow/dags/warehouse_dag.py
[2025-11-17T17:00:59.993+0000] {logging_mixin.py:188} INFO - [2025-11-17T17:00:59.993+0000] {dag.py:3089} INFO - Sync 1 DAGs
[2025-11-17T17:00:59.999+0000] {logging_mixin.py:188} INFO - [2025-11-17T17:00:59.999+0000] {dag.py:3947} INFO - Setting next_dagrun for warehouse_daily to 2025-11-17 06:00:00+00:00, run_after=2025-11-18 06:00:00+00:00
[2025-11-17T17:01:00.006+0000] {processor.py:183} INFO - Processing /opt/airflow/dags/warehouse_dag.py took 0.032 seconds
[2025-11-17T17:01:30.140+0000] {processor.py:161} INFO - Started process (PID=5268) to work on /opt/airflow/dags/warehouse_dag.py
[2025-11-17T17:01:30.140+0000] {processor.py:830} INFO - Processing file /opt/airflow/dags/warehouse_dag.py for tasks to queue
[2025-11-17T17:01:30.141+0000] {logging_mixin.py:188} INFO - [2025-11-17T17:01:30.141+0000] {dagbag.py:545} INFO - Filling up the DagBag from /opt/airflow/dags/warehouse_dag.py
[2025-11-17T17:01:30.147+0000] {processor.py:840} INFO - DAG(s) 'warehouse_daily' retrieved from /opt/airflow/dags/warehouse_dag.py
[2025-11-17T17:01:30.159+0000] {logging_mixin.py:188} INFO - [2025-11-17T17:01:30.159+0000] {dag.py:3089} INFO - Sync 1 DAGs
[2025-11-17T17:01:30.165+0000] {logging_mixin.py:188} INFO - [2025-11-17T17:01:30.165+0000] {dag.py:3947} INFO - Setting next_dagrun for warehouse_daily to 2025-11-17 06:00:00+00:00, run_after=2025-11-18 06:00:00+00:00
[2025-11-17T17:01:30.174+0000] {processor.py:183} INFO - Processing /opt/airflow/dags/warehouse_dag.py took 0.036 seconds
[2025-11-17T17:02:00.382+0000] {processor.py:161} INFO - Started process (PID=5269) to work on /opt/airflow/dags/warehouse_dag.py
[2025-11-17T17:02:00.383+0000] {processor.py:830} INFO - Processing file /opt/airflow/dags/warehouse_dag.py for tasks to queue
[2025-11-17T17:02:00.384+0000] {logging_mixin.py:188} INFO - [2025-11-17T17:02:00.384+0000] {dagbag.py:545} INFO - Filling up the DagBag from /opt/airflow/dags/warehouse_dag.py
[2025-11-17T17:02:00.394+0000] {processor.py:840} INFO - DAG(s) 'warehouse_daily' retrieved from /opt/airflow/dags/warehouse_dag.py
[2025-11-17T17:02:00.408+0000] {logging_mixin.py:188} INFO - [2025-11-17T17:02:00.408+0000] {dag.py:3089} INFO - Sync 1 DAGs
[2025-11-17T17:02:00.415+0000] {logging_mixin.py:188} INFO - [2025-11-17T17:02:00.415+0000] {dag.py:3947} INFO - Setting next_dagrun for warehouse_daily to 2025-11-17 06:00:00+00:00, run_after=2025-11-18 06:00:00+00:00
[2025-11-17T17:02:00.423+0000] {processor.py:183} INFO - Processing /opt/airflow/dags/warehouse_dag.py took 0.045 seconds
[2025-11-17T17:02:30.618+0000] {processor.py:161} INFO - Started process (PID=5270) to work on /opt/airflow/dags/warehouse_dag.py
[2025-11-17T17:02:30.620+0000] {processor.py:830} INFO - Processing file /opt/airflow/dags/warehouse_dag.py for tasks to queue
[2025-11-17T17:02:30.620+0000] {logging_mixin.py:188} INFO - [2025-11-17T17:02:30.620+0000] {dagbag.py:545} INFO - Filling up the DagBag from /opt/airflow/dags/warehouse_dag.py
[2025-11-17T17:02:30.631+0000] {processor.py:840} INFO - DAG(s) 'warehouse_daily' retrieved from /opt/airflow/dags/warehouse_dag.py
[2025-11-17T17:02:30.644+0000] {logging_mixin.py:188} INFO - [2025-11-17T17:02:30.644+0000] {dag.py:3089} INFO - Sync 1 DAGs
[2025-11-17T17:02:30.651+0000] {logging_mixin.py:188} INFO - [2025-11-17T17:02:30.651+0000] {dag.py:3947} INFO - Setting next_dagrun for warehouse_daily to 2025-11-17 06:00:00+00:00, run_after=2025-11-18 06:00:00+00:00
[2025-11-17T17:02:30.659+0000] {processor.py:183} INFO - Processing /opt/airflow/dags/warehouse_dag.py took 0.046 seconds
[2025-11-17T17:03:00.818+0000] {processor.py:161} INFO - Started process (PID=5271) to work on /opt/airflow/dags/warehouse_dag.py
[2025-11-17T17:03:00.818+0000] {processor.py:830} INFO - Processing file /opt/airflow/dags/warehouse_dag.py for tasks to queue
[2025-11-17T17:03:00.819+0000] {logging_mixin.py:188} INFO - [2025-11-17T17:03:00.819+0000] {dagbag.py:545} INFO - Filling up the DagBag from /opt/airflow/dags/warehouse_dag.py
[2025-11-17T17:03:00.829+0000] {processor.py:840} INFO - DAG(s) 'warehouse_daily' retrieved from /opt/airflow/dags/warehouse_dag.py
[2025-11-17T17:03:00.845+0000] {logging_mixin.py:188} INFO - [2025-11-17T17:03:00.845+0000] {dag.py:3089} INFO - Sync 1 DAGs
[2025-11-17T17:03:00.852+0000] {logging_mixin.py:188} INFO - [2025-11-17T17:03:00.851+0000] {dag.py:3947} INFO - Setting next_dagrun for warehouse_daily to 2025-11-17 06:00:00+00:00, run_after=2025-11-18 06:00:00+00:00
[2025-11-17T17:03:00.860+0000] {processor.py:183} INFO - Processing /opt/airflow/dags/warehouse_dag.py took 0.047 seconds
[2025-11-17T17:15:55.344+0000] {processor.py:161} INFO - Started process (PID=5272) to work on /opt/airflow/dags/warehouse_dag.py
[2025-11-17T17:15:55.346+0000] {processor.py:830} INFO - Processing file /opt/airflow/dags/warehouse_dag.py for tasks to queue
[2025-11-17T17:15:55.347+0000] {logging_mixin.py:188} INFO - [2025-11-17T17:15:55.347+0000] {dagbag.py:545} INFO - Filling up the DagBag from /opt/airflow/dags/warehouse_dag.py
[2025-11-17T17:15:55.359+0000] {processor.py:840} INFO - DAG(s) 'warehouse_daily' retrieved from /opt/airflow/dags/warehouse_dag.py
[2025-11-17T17:15:55.373+0000] {logging_mixin.py:188} INFO - [2025-11-17T17:15:55.373+0000] {dag.py:3089} INFO - Sync 1 DAGs
[2025-11-17T17:15:55.380+0000] {logging_mixin.py:188} INFO - [2025-11-17T17:15:55.380+0000] {dag.py:3947} INFO - Setting next_dagrun for warehouse_daily to 2025-11-17 06:00:00+00:00, run_after=2025-11-18 06:00:00+00:00
[2025-11-17T17:15:55.387+0000] {processor.py:183} INFO - Processing /opt/airflow/dags/warehouse_dag.py took 0.047 seconds
[2025-11-17T17:43:04.981+0000] {processor.py:161} INFO - Started process (PID=5273) to work on /opt/airflow/dags/warehouse_dag.py
[2025-11-17T17:43:04.981+0000] {processor.py:830} INFO - Processing file /opt/airflow/dags/warehouse_dag.py for tasks to queue
[2025-11-17T17:43:04.982+0000] {logging_mixin.py:188} INFO - [2025-11-17T17:43:04.982+0000] {dagbag.py:545} INFO - Filling up the DagBag from /opt/airflow/dags/warehouse_dag.py
[2025-11-17T17:43:04.992+0000] {processor.py:840} INFO - DAG(s) 'warehouse_daily' retrieved from /opt/airflow/dags/warehouse_dag.py
[2025-11-17T17:43:05.006+0000] {logging_mixin.py:188} INFO - [2025-11-17T17:43:05.006+0000] {dag.py:3089} INFO - Sync 1 DAGs
[2025-11-17T17:43:05.014+0000] {logging_mixin.py:188} INFO - [2025-11-17T17:43:05.013+0000] {dag.py:3947} INFO - Setting next_dagrun for warehouse_daily to 2025-11-17 06:00:00+00:00, run_after=2025-11-18 06:00:00+00:00
[2025-11-17T17:43:05.023+0000] {processor.py:183} INFO - Processing /opt/airflow/dags/warehouse_dag.py took 0.046 seconds
[2025-11-17T17:58:47.084+0000] {processor.py:161} INFO - Started process (PID=5274) to work on /opt/airflow/dags/warehouse_dag.py
[2025-11-17T17:58:47.085+0000] {processor.py:830} INFO - Processing file /opt/airflow/dags/warehouse_dag.py for tasks to queue
[2025-11-17T17:58:47.086+0000] {logging_mixin.py:188} INFO - [2025-11-17T17:58:47.085+0000] {dagbag.py:545} INFO - Filling up the DagBag from /opt/airflow/dags/warehouse_dag.py
[2025-11-17T17:58:47.095+0000] {processor.py:840} INFO - DAG(s) 'warehouse_daily' retrieved from /opt/airflow/dags/warehouse_dag.py
[2025-11-17T17:58:47.107+0000] {logging_mixin.py:188} INFO - [2025-11-17T17:58:47.107+0000] {dag.py:3089} INFO - Sync 1 DAGs
[2025-11-17T17:58:47.114+0000] {logging_mixin.py:188} INFO - [2025-11-17T17:58:47.114+0000] {dag.py:3947} INFO - Setting next_dagrun for warehouse_daily to 2025-11-17 06:00:00+00:00, run_after=2025-11-18 06:00:00+00:00
[2025-11-17T17:58:47.121+0000] {processor.py:183} INFO - Processing /opt/airflow/dags/warehouse_dag.py took 0.041 seconds
[2025-11-17T18:38:18.718+0000] {processor.py:161} INFO - Started process (PID=5275) to work on /opt/airflow/dags/warehouse_dag.py
[2025-11-17T18:38:18.719+0000] {processor.py:830} INFO - Processing file /opt/airflow/dags/warehouse_dag.py for tasks to queue
[2025-11-17T18:38:18.720+0000] {logging_mixin.py:188} INFO - [2025-11-17T18:38:18.720+0000] {dagbag.py:545} INFO - Filling up the DagBag from /opt/airflow/dags/warehouse_dag.py
[2025-11-17T18:38:18.729+0000] {processor.py:840} INFO - DAG(s) 'warehouse_daily' retrieved from /opt/airflow/dags/warehouse_dag.py
[2025-11-17T18:38:18.742+0000] {logging_mixin.py:188} INFO - [2025-11-17T18:38:18.742+0000] {dag.py:3089} INFO - Sync 1 DAGs
[2025-11-17T18:38:18.748+0000] {logging_mixin.py:188} INFO - [2025-11-17T18:38:18.748+0000] {dag.py:3947} INFO - Setting next_dagrun for warehouse_daily to 2025-11-17 06:00:00+00:00, run_after=2025-11-18 06:00:00+00:00
[2025-11-17T18:38:18.756+0000] {processor.py:183} INFO - Processing /opt/airflow/dags/warehouse_dag.py took 0.041 seconds
[2025-11-17T19:21:45.121+0000] {processor.py:161} INFO - Started process (PID=5276) to work on /opt/airflow/dags/warehouse_dag.py
[2025-11-17T19:21:45.122+0000] {processor.py:830} INFO - Processing file /opt/airflow/dags/warehouse_dag.py for tasks to queue
[2025-11-17T19:21:45.123+0000] {logging_mixin.py:188} INFO - [2025-11-17T19:21:45.122+0000] {dagbag.py:545} INFO - Filling up the DagBag from /opt/airflow/dags/warehouse_dag.py
[2025-11-17T19:21:45.133+0000] {processor.py:840} INFO - DAG(s) 'warehouse_daily' retrieved from /opt/airflow/dags/warehouse_dag.py
[2025-11-17T19:21:45.147+0000] {logging_mixin.py:188} INFO - [2025-11-17T19:21:45.147+0000] {dag.py:3089} INFO - Sync 1 DAGs
[2025-11-17T19:21:45.153+0000] {logging_mixin.py:188} INFO - [2025-11-17T19:21:45.153+0000] {dag.py:3947} INFO - Setting next_dagrun for warehouse_daily to 2025-11-17 06:00:00+00:00, run_after=2025-11-18 06:00:00+00:00
[2025-11-17T19:21:45.161+0000] {processor.py:183} INFO - Processing /opt/airflow/dags/warehouse_dag.py took 0.044 seconds
[2025-11-17T19:22:15.354+0000] {processor.py:161} INFO - Started process (PID=5277) to work on /opt/airflow/dags/warehouse_dag.py
[2025-11-17T19:22:15.355+0000] {processor.py:830} INFO - Processing file /opt/airflow/dags/warehouse_dag.py for tasks to queue
[2025-11-17T19:22:15.356+0000] {logging_mixin.py:188} INFO - [2025-11-17T19:22:15.355+0000] {dagbag.py:545} INFO - Filling up the DagBag from /opt/airflow/dags/warehouse_dag.py
[2025-11-17T19:22:15.366+0000] {processor.py:840} INFO - DAG(s) 'warehouse_daily' retrieved from /opt/airflow/dags/warehouse_dag.py
[2025-11-17T19:22:15.381+0000] {logging_mixin.py:188} INFO - [2025-11-17T19:22:15.381+0000] {dag.py:3089} INFO - Sync 1 DAGs
[2025-11-17T19:22:15.388+0000] {logging_mixin.py:188} INFO - [2025-11-17T19:22:15.388+0000] {dag.py:3947} INFO - Setting next_dagrun for warehouse_daily to 2025-11-17 06:00:00+00:00, run_after=2025-11-18 06:00:00+00:00
[2025-11-17T19:22:15.396+0000] {processor.py:183} INFO - Processing /opt/airflow/dags/warehouse_dag.py took 0.047 seconds
[2025-11-17T19:26:29.564+0000] {processor.py:161} INFO - Started process (PID=5278) to work on /opt/airflow/dags/warehouse_dag.py
[2025-11-17T19:26:29.564+0000] {processor.py:830} INFO - Processing file /opt/airflow/dags/warehouse_dag.py for tasks to queue
[2025-11-17T19:26:29.565+0000] {logging_mixin.py:188} INFO - [2025-11-17T19:26:29.565+0000] {dagbag.py:545} INFO - Filling up the DagBag from /opt/airflow/dags/warehouse_dag.py
[2025-11-17T19:26:29.575+0000] {processor.py:840} INFO - DAG(s) 'warehouse_daily' retrieved from /opt/airflow/dags/warehouse_dag.py
[2025-11-17T19:26:29.589+0000] {logging_mixin.py:188} INFO - [2025-11-17T19:26:29.589+0000] {dag.py:3089} INFO - Sync 1 DAGs
[2025-11-17T19:26:29.596+0000] {logging_mixin.py:188} INFO - [2025-11-17T19:26:29.595+0000] {dag.py:3947} INFO - Setting next_dagrun for warehouse_daily to 2025-11-17 06:00:00+00:00, run_after=2025-11-18 06:00:00+00:00
[2025-11-17T19:26:29.603+0000] {processor.py:183} INFO - Processing /opt/airflow/dags/warehouse_dag.py took 0.043 seconds
[2025-11-17T19:30:54.397+0000] {processor.py:161} INFO - Started process (PID=5279) to work on /opt/airflow/dags/warehouse_dag.py
[2025-11-17T19:30:54.397+0000] {processor.py:830} INFO - Processing file /opt/airflow/dags/warehouse_dag.py for tasks to queue
[2025-11-17T19:30:54.398+0000] {logging_mixin.py:188} INFO - [2025-11-17T19:30:54.398+0000] {dagbag.py:545} INFO - Filling up the DagBag from /opt/airflow/dags/warehouse_dag.py
[2025-11-17T19:30:54.406+0000] {processor.py:840} INFO - DAG(s) 'warehouse_daily' retrieved from /opt/airflow/dags/warehouse_dag.py
[2025-11-17T19:30:54.421+0000] {logging_mixin.py:188} INFO - [2025-11-17T19:30:54.421+0000] {dag.py:3089} INFO - Sync 1 DAGs
[2025-11-17T19:30:54.429+0000] {logging_mixin.py:188} INFO - [2025-11-17T19:30:54.429+0000] {dag.py:3947} INFO - Setting next_dagrun for warehouse_daily to 2025-11-17 06:00:00+00:00, run_after=2025-11-18 06:00:00+00:00
[2025-11-17T19:30:54.438+0000] {processor.py:183} INFO - Processing /opt/airflow/dags/warehouse_dag.py took 0.044 seconds
[2025-11-17T19:31:24.599+0000] {processor.py:161} INFO - Started process (PID=5280) to work on /opt/airflow/dags/warehouse_dag.py
[2025-11-17T19:31:24.599+0000] {processor.py:830} INFO - Processing file /opt/airflow/dags/warehouse_dag.py for tasks to queue
[2025-11-17T19:31:24.600+0000] {logging_mixin.py:188} INFO - [2025-11-17T19:31:24.600+0000] {dagbag.py:545} INFO - Filling up the DagBag from /opt/airflow/dags/warehouse_dag.py
[2025-11-17T19:31:24.608+0000] {processor.py:840} INFO - DAG(s) 'warehouse_daily' retrieved from /opt/airflow/dags/warehouse_dag.py
[2025-11-17T19:31:24.622+0000] {logging_mixin.py:188} INFO - [2025-11-17T19:31:24.622+0000] {dag.py:3089} INFO - Sync 1 DAGs
[2025-11-17T19:31:24.630+0000] {logging_mixin.py:188} INFO - [2025-11-17T19:31:24.629+0000] {dag.py:3947} INFO - Setting next_dagrun for warehouse_daily to 2025-11-17 06:00:00+00:00, run_after=2025-11-18 06:00:00+00:00
[2025-11-17T19:31:24.637+0000] {processor.py:183} INFO - Processing /opt/airflow/dags/warehouse_dag.py took 0.043 seconds
[2025-11-17T19:31:54.813+0000] {processor.py:161} INFO - Started process (PID=5281) to work on /opt/airflow/dags/warehouse_dag.py
[2025-11-17T19:31:54.814+0000] {processor.py:830} INFO - Processing file /opt/airflow/dags/warehouse_dag.py for tasks to queue
[2025-11-17T19:31:54.815+0000] {logging_mixin.py:188} INFO - [2025-11-17T19:31:54.815+0000] {dagbag.py:545} INFO - Filling up the DagBag from /opt/airflow/dags/warehouse_dag.py
[2025-11-17T19:31:54.826+0000] {processor.py:840} INFO - DAG(s) 'warehouse_daily' retrieved from /opt/airflow/dags/warehouse_dag.py
[2025-11-17T19:31:54.840+0000] {logging_mixin.py:188} INFO - [2025-11-17T19:31:54.840+0000] {dag.py:3089} INFO - Sync 1 DAGs
[2025-11-17T19:31:54.848+0000] {logging_mixin.py:188} INFO - [2025-11-17T19:31:54.847+0000] {dag.py:3947} INFO - Setting next_dagrun for warehouse_daily to 2025-11-17 06:00:00+00:00, run_after=2025-11-18 06:00:00+00:00
[2025-11-17T19:31:54.856+0000] {processor.py:183} INFO - Processing /opt/airflow/dags/warehouse_dag.py took 0.048 seconds
[2025-11-17T19:32:25.055+0000] {processor.py:161} INFO - Started process (PID=5282) to work on /opt/airflow/dags/warehouse_dag.py
[2025-11-17T19:32:25.055+0000] {processor.py:830} INFO - Processing file /opt/airflow/dags/warehouse_dag.py for tasks to queue
[2025-11-17T19:32:25.056+0000] {logging_mixin.py:188} INFO - [2025-11-17T19:32:25.056+0000] {dagbag.py:545} INFO - Filling up the DagBag from /opt/airflow/dags/warehouse_dag.py
[2025-11-17T19:32:25.066+0000] {processor.py:840} INFO - DAG(s) 'warehouse_daily' retrieved from /opt/airflow/dags/warehouse_dag.py
[2025-11-17T19:32:25.081+0000] {logging_mixin.py:188} INFO - [2025-11-17T19:32:25.081+0000] {dag.py:3089} INFO - Sync 1 DAGs
[2025-11-17T19:32:25.089+0000] {logging_mixin.py:188} INFO - [2025-11-17T19:32:25.089+0000] {dag.py:3947} INFO - Setting next_dagrun for warehouse_daily to 2025-11-17 06:00:00+00:00, run_after=2025-11-18 06:00:00+00:00
[2025-11-17T19:32:25.097+0000] {processor.py:183} INFO - Processing /opt/airflow/dags/warehouse_dag.py took 0.047 seconds
[2025-11-17T19:32:55.301+0000] {processor.py:161} INFO - Started process (PID=5283) to work on /opt/airflow/dags/warehouse_dag.py
[2025-11-17T19:32:55.302+0000] {processor.py:830} INFO - Processing file /opt/airflow/dags/warehouse_dag.py for tasks to queue
[2025-11-17T19:32:55.303+0000] {logging_mixin.py:188} INFO - [2025-11-17T19:32:55.303+0000] {dagbag.py:545} INFO - Filling up the DagBag from /opt/airflow/dags/warehouse_dag.py
[2025-11-17T19:32:55.314+0000] {processor.py:840} INFO - DAG(s) 'warehouse_daily' retrieved from /opt/airflow/dags/warehouse_dag.py
[2025-11-17T19:32:55.329+0000] {logging_mixin.py:188} INFO - [2025-11-17T19:32:55.329+0000] {dag.py:3089} INFO - Sync 1 DAGs
[2025-11-17T19:32:55.337+0000] {logging_mixin.py:188} INFO - [2025-11-17T19:32:55.337+0000] {dag.py:3947} INFO - Setting next_dagrun for warehouse_daily to 2025-11-17 06:00:00+00:00, run_after=2025-11-18 06:00:00+00:00
[2025-11-17T19:32:55.346+0000] {processor.py:183} INFO - Processing /opt/airflow/dags/warehouse_dag.py took 0.049 seconds
[2025-11-17T19:33:25.534+0000] {processor.py:161} INFO - Started process (PID=5284) to work on /opt/airflow/dags/warehouse_dag.py
[2025-11-17T19:33:25.535+0000] {processor.py:830} INFO - Processing file /opt/airflow/dags/warehouse_dag.py for tasks to queue
[2025-11-17T19:33:25.536+0000] {logging_mixin.py:188} INFO - [2025-11-17T19:33:25.535+0000] {dagbag.py:545} INFO - Filling up the DagBag from /opt/airflow/dags/warehouse_dag.py
[2025-11-17T19:33:25.545+0000] {processor.py:840} INFO - DAG(s) 'warehouse_daily' retrieved from /opt/airflow/dags/warehouse_dag.py
[2025-11-17T19:33:25.561+0000] {logging_mixin.py:188} INFO - [2025-11-17T19:33:25.560+0000] {dag.py:3089} INFO - Sync 1 DAGs
[2025-11-17T19:33:25.568+0000] {logging_mixin.py:188} INFO - [2025-11-17T19:33:25.568+0000] {dag.py:3947} INFO - Setting next_dagrun for warehouse_daily to 2025-11-17 06:00:00+00:00, run_after=2025-11-18 06:00:00+00:00
[2025-11-17T19:33:25.577+0000] {processor.py:183} INFO - Processing /opt/airflow/dags/warehouse_dag.py took 0.046 seconds
[2025-11-17T19:33:55.786+0000] {processor.py:161} INFO - Started process (PID=5285) to work on /opt/airflow/dags/warehouse_dag.py
[2025-11-17T19:33:55.787+0000] {processor.py:830} INFO - Processing file /opt/airflow/dags/warehouse_dag.py for tasks to queue
[2025-11-17T19:33:55.787+0000] {logging_mixin.py:188} INFO - [2025-11-17T19:33:55.787+0000] {dagbag.py:545} INFO - Filling up the DagBag from /opt/airflow/dags/warehouse_dag.py
[2025-11-17T19:33:55.797+0000] {processor.py:840} INFO - DAG(s) 'warehouse_daily' retrieved from /opt/airflow/dags/warehouse_dag.py
[2025-11-17T19:33:55.810+0000] {logging_mixin.py:188} INFO - [2025-11-17T19:33:55.810+0000] {dag.py:3089} INFO - Sync 1 DAGs
[2025-11-17T19:33:55.818+0000] {logging_mixin.py:188} INFO - [2025-11-17T19:33:55.818+0000] {dag.py:3947} INFO - Setting next_dagrun for warehouse_daily to 2025-11-17 06:00:00+00:00, run_after=2025-11-18 06:00:00+00:00
[2025-11-17T19:33:55.825+0000] {processor.py:183} INFO - Processing /opt/airflow/dags/warehouse_dag.py took 0.044 seconds
[2025-11-17T19:34:26.032+0000] {processor.py:161} INFO - Started process (PID=5286) to work on /opt/airflow/dags/warehouse_dag.py
[2025-11-17T19:34:26.033+0000] {processor.py:830} INFO - Processing file /opt/airflow/dags/warehouse_dag.py for tasks to queue
[2025-11-17T19:34:26.034+0000] {logging_mixin.py:188} INFO - [2025-11-17T19:34:26.033+0000] {dagbag.py:545} INFO - Filling up the DagBag from /opt/airflow/dags/warehouse_dag.py
[2025-11-17T19:34:26.042+0000] {processor.py:840} INFO - DAG(s) 'warehouse_daily' retrieved from /opt/airflow/dags/warehouse_dag.py
[2025-11-17T19:34:26.057+0000] {logging_mixin.py:188} INFO - [2025-11-17T19:34:26.057+0000] {dag.py:3089} INFO - Sync 1 DAGs
[2025-11-17T19:34:26.064+0000] {logging_mixin.py:188} INFO - [2025-11-17T19:34:26.064+0000] {dag.py:3947} INFO - Setting next_dagrun for warehouse_daily to 2025-11-17 06:00:00+00:00, run_after=2025-11-18 06:00:00+00:00
[2025-11-17T19:34:26.074+0000] {processor.py:183} INFO - Processing /opt/airflow/dags/warehouse_dag.py took 0.046 seconds
[2025-11-17T19:34:56.270+0000] {processor.py:161} INFO - Started process (PID=5287) to work on /opt/airflow/dags/warehouse_dag.py
[2025-11-17T19:34:56.271+0000] {processor.py:830} INFO - Processing file /opt/airflow/dags/warehouse_dag.py for tasks to queue
[2025-11-17T19:34:56.271+0000] {logging_mixin.py:188} INFO - [2025-11-17T19:34:56.271+0000] {dagbag.py:545} INFO - Filling up the DagBag from /opt/airflow/dags/warehouse_dag.py
[2025-11-17T19:34:56.282+0000] {processor.py:840} INFO - DAG(s) 'warehouse_daily' retrieved from /opt/airflow/dags/warehouse_dag.py
[2025-11-17T19:34:56.298+0000] {logging_mixin.py:188} INFO - [2025-11-17T19:34:56.297+0000] {dag.py:3089} INFO - Sync 1 DAGs
[2025-11-17T19:34:56.305+0000] {logging_mixin.py:188} INFO - [2025-11-17T19:34:56.304+0000] {dag.py:3947} INFO - Setting next_dagrun for warehouse_daily to 2025-11-17 06:00:00+00:00, run_after=2025-11-18 06:00:00+00:00
[2025-11-17T19:34:56.313+0000] {processor.py:183} INFO - Processing /opt/airflow/dags/warehouse_dag.py took 0.047 seconds
[2025-11-17T19:35:26.484+0000] {processor.py:161} INFO - Started process (PID=5288) to work on /opt/airflow/dags/warehouse_dag.py
[2025-11-17T19:35:26.485+0000] {processor.py:830} INFO - Processing file /opt/airflow/dags/warehouse_dag.py for tasks to queue
[2025-11-17T19:35:26.486+0000] {logging_mixin.py:188} INFO - [2025-11-17T19:35:26.486+0000] {dagbag.py:545} INFO - Filling up the DagBag from /opt/airflow/dags/warehouse_dag.py
[2025-11-17T19:35:26.496+0000] {processor.py:840} INFO - DAG(s) 'warehouse_daily' retrieved from /opt/airflow/dags/warehouse_dag.py
[2025-11-17T19:35:26.509+0000] {logging_mixin.py:188} INFO - [2025-11-17T19:35:26.509+0000] {dag.py:3089} INFO - Sync 1 DAGs
[2025-11-17T19:35:26.515+0000] {logging_mixin.py:188} INFO - [2025-11-17T19:35:26.515+0000] {dag.py:3947} INFO - Setting next_dagrun for warehouse_daily to 2025-11-17 06:00:00+00:00, run_after=2025-11-18 06:00:00+00:00
[2025-11-17T19:35:26.524+0000] {processor.py:183} INFO - Processing /opt/airflow/dags/warehouse_dag.py took 0.045 seconds
[2025-11-17T19:35:56.741+0000] {processor.py:161} INFO - Started process (PID=5289) to work on /opt/airflow/dags/warehouse_dag.py
[2025-11-17T19:35:56.742+0000] {processor.py:830} INFO - Processing file /opt/airflow/dags/warehouse_dag.py for tasks to queue
[2025-11-17T19:35:56.743+0000] {logging_mixin.py:188} INFO - [2025-11-17T19:35:56.742+0000] {dagbag.py:545} INFO - Filling up the DagBag from /opt/airflow/dags/warehouse_dag.py
[2025-11-17T19:35:56.754+0000] {processor.py:840} INFO - DAG(s) 'warehouse_daily' retrieved from /opt/airflow/dags/warehouse_dag.py
[2025-11-17T19:35:56.771+0000] {logging_mixin.py:188} INFO - [2025-11-17T19:35:56.771+0000] {dag.py:3089} INFO - Sync 1 DAGs
[2025-11-17T19:35:56.778+0000] {logging_mixin.py:188} INFO - [2025-11-17T19:35:56.778+0000] {dag.py:3947} INFO - Setting next_dagrun for warehouse_daily to 2025-11-17 06:00:00+00:00, run_after=2025-11-18 06:00:00+00:00
[2025-11-17T19:35:56.787+0000] {processor.py:183} INFO - Processing /opt/airflow/dags/warehouse_dag.py took 0.050 seconds
[2025-11-17T19:36:26.987+0000] {processor.py:161} INFO - Started process (PID=5290) to work on /opt/airflow/dags/warehouse_dag.py
[2025-11-17T19:36:26.988+0000] {processor.py:830} INFO - Processing file /opt/airflow/dags/warehouse_dag.py for tasks to queue
[2025-11-17T19:36:26.989+0000] {logging_mixin.py:188} INFO - [2025-11-17T19:36:26.989+0000] {dagbag.py:545} INFO - Filling up the DagBag from /opt/airflow/dags/warehouse_dag.py
[2025-11-17T19:36:27.001+0000] {processor.py:840} INFO - DAG(s) 'warehouse_daily' retrieved from /opt/airflow/dags/warehouse_dag.py
[2025-11-17T19:36:27.019+0000] {logging_mixin.py:188} INFO - [2025-11-17T19:36:27.019+0000] {dag.py:3089} INFO - Sync 1 DAGs
[2025-11-17T19:36:27.028+0000] {logging_mixin.py:188} INFO - [2025-11-17T19:36:27.028+0000] {dag.py:3947} INFO - Setting next_dagrun for warehouse_daily to 2025-11-17 06:00:00+00:00, run_after=2025-11-18 06:00:00+00:00
[2025-11-17T19:36:27.038+0000] {processor.py:183} INFO - Processing /opt/airflow/dags/warehouse_dag.py took 0.055 seconds
[2025-11-17T19:36:57.151+0000] {processor.py:161} INFO - Started process (PID=5291) to work on /opt/airflow/dags/warehouse_dag.py
[2025-11-17T19:36:57.152+0000] {processor.py:830} INFO - Processing file /opt/airflow/dags/warehouse_dag.py for tasks to queue
[2025-11-17T19:36:57.152+0000] {logging_mixin.py:188} INFO - [2025-11-17T19:36:57.152+0000] {dagbag.py:545} INFO - Filling up the DagBag from /opt/airflow/dags/warehouse_dag.py
[2025-11-17T19:36:57.161+0000] {processor.py:840} INFO - DAG(s) 'warehouse_daily' retrieved from /opt/airflow/dags/warehouse_dag.py
[2025-11-17T19:36:57.176+0000] {logging_mixin.py:188} INFO - [2025-11-17T19:36:57.176+0000] {dag.py:3089} INFO - Sync 1 DAGs
[2025-11-17T19:36:57.183+0000] {logging_mixin.py:188} INFO - [2025-11-17T19:36:57.183+0000] {dag.py:3947} INFO - Setting next_dagrun for warehouse_daily to 2025-11-17 06:00:00+00:00, run_after=2025-11-18 06:00:00+00:00
[2025-11-17T19:36:57.191+0000] {processor.py:183} INFO - Processing /opt/airflow/dags/warehouse_dag.py took 0.043 seconds
[2025-11-17T19:37:27.387+0000] {processor.py:161} INFO - Started process (PID=5292) to work on /opt/airflow/dags/warehouse_dag.py
[2025-11-17T19:37:27.388+0000] {processor.py:830} INFO - Processing file /opt/airflow/dags/warehouse_dag.py for tasks to queue
[2025-11-17T19:37:27.389+0000] {logging_mixin.py:188} INFO - [2025-11-17T19:37:27.388+0000] {dagbag.py:545} INFO - Filling up the DagBag from /opt/airflow/dags/warehouse_dag.py
[2025-11-17T19:37:27.398+0000] {processor.py:840} INFO - DAG(s) 'warehouse_daily' retrieved from /opt/airflow/dags/warehouse_dag.py
[2025-11-17T19:37:27.413+0000] {logging_mixin.py:188} INFO - [2025-11-17T19:37:27.412+0000] {dag.py:3089} INFO - Sync 1 DAGs
[2025-11-17T19:37:27.419+0000] {logging_mixin.py:188} INFO - [2025-11-17T19:37:27.419+0000] {dag.py:3947} INFO - Setting next_dagrun for warehouse_daily to 2025-11-17 06:00:00+00:00, run_after=2025-11-18 06:00:00+00:00
[2025-11-17T19:37:27.428+0000] {processor.py:183} INFO - Processing /opt/airflow/dags/warehouse_dag.py took 0.046 seconds
[2025-11-17T19:37:57.600+0000] {processor.py:161} INFO - Started process (PID=5293) to work on /opt/airflow/dags/warehouse_dag.py
[2025-11-17T19:37:57.601+0000] {processor.py:830} INFO - Processing file /opt/airflow/dags/warehouse_dag.py for tasks to queue
[2025-11-17T19:37:57.602+0000] {logging_mixin.py:188} INFO - [2025-11-17T19:37:57.601+0000] {dagbag.py:545} INFO - Filling up the DagBag from /opt/airflow/dags/warehouse_dag.py
[2025-11-17T19:37:57.611+0000] {processor.py:840} INFO - DAG(s) 'warehouse_daily' retrieved from /opt/airflow/dags/warehouse_dag.py
[2025-11-17T19:37:57.625+0000] {logging_mixin.py:188} INFO - [2025-11-17T19:37:57.625+0000] {dag.py:3089} INFO - Sync 1 DAGs
[2025-11-17T19:37:57.633+0000] {logging_mixin.py:188} INFO - [2025-11-17T19:37:57.633+0000] {dag.py:3947} INFO - Setting next_dagrun for warehouse_daily to 2025-11-17 06:00:00+00:00, run_after=2025-11-18 06:00:00+00:00
[2025-11-17T19:37:57.641+0000] {processor.py:183} INFO - Processing /opt/airflow/dags/warehouse_dag.py took 0.045 seconds
[2025-11-17T19:38:27.837+0000] {processor.py:161} INFO - Started process (PID=5294) to work on /opt/airflow/dags/warehouse_dag.py
[2025-11-17T19:38:27.838+0000] {processor.py:830} INFO - Processing file /opt/airflow/dags/warehouse_dag.py for tasks to queue
[2025-11-17T19:38:27.839+0000] {logging_mixin.py:188} INFO - [2025-11-17T19:38:27.838+0000] {dagbag.py:545} INFO - Filling up the DagBag from /opt/airflow/dags/warehouse_dag.py
[2025-11-17T19:38:27.851+0000] {processor.py:840} INFO - DAG(s) 'warehouse_daily' retrieved from /opt/airflow/dags/warehouse_dag.py
[2025-11-17T19:38:27.869+0000] {logging_mixin.py:188} INFO - [2025-11-17T19:38:27.869+0000] {dag.py:3089} INFO - Sync 1 DAGs
[2025-11-17T19:38:27.876+0000] {logging_mixin.py:188} INFO - [2025-11-17T19:38:27.876+0000] {dag.py:3947} INFO - Setting next_dagrun for warehouse_daily to 2025-11-17 06:00:00+00:00, run_after=2025-11-18 06:00:00+00:00
[2025-11-17T19:38:27.884+0000] {processor.py:183} INFO - Processing /opt/airflow/dags/warehouse_dag.py took 0.052 seconds
[2025-11-17T19:38:58.061+0000] {processor.py:161} INFO - Started process (PID=5295) to work on /opt/airflow/dags/warehouse_dag.py
[2025-11-17T19:38:58.062+0000] {processor.py:830} INFO - Processing file /opt/airflow/dags/warehouse_dag.py for tasks to queue
[2025-11-17T19:38:58.063+0000] {logging_mixin.py:188} INFO - [2025-11-17T19:38:58.063+0000] {dagbag.py:545} INFO - Filling up the DagBag from /opt/airflow/dags/warehouse_dag.py
[2025-11-17T19:38:58.074+0000] {processor.py:840} INFO - DAG(s) 'warehouse_daily' retrieved from /opt/airflow/dags/warehouse_dag.py
[2025-11-17T19:38:58.090+0000] {logging_mixin.py:188} INFO - [2025-11-17T19:38:58.090+0000] {dag.py:3089} INFO - Sync 1 DAGs
[2025-11-17T19:38:58.097+0000] {logging_mixin.py:188} INFO - [2025-11-17T19:38:58.097+0000] {dag.py:3947} INFO - Setting next_dagrun for warehouse_daily to 2025-11-17 06:00:00+00:00, run_after=2025-11-18 06:00:00+00:00
[2025-11-17T19:38:58.106+0000] {processor.py:183} INFO - Processing /opt/airflow/dags/warehouse_dag.py took 0.050 seconds
[2025-11-17T19:39:28.317+0000] {processor.py:161} INFO - Started process (PID=5296) to work on /opt/airflow/dags/warehouse_dag.py
[2025-11-17T19:39:28.318+0000] {processor.py:830} INFO - Processing file /opt/airflow/dags/warehouse_dag.py for tasks to queue
[2025-11-17T19:39:28.319+0000] {logging_mixin.py:188} INFO - [2025-11-17T19:39:28.319+0000] {dagbag.py:545} INFO - Filling up the DagBag from /opt/airflow/dags/warehouse_dag.py
[2025-11-17T19:39:28.331+0000] {processor.py:840} INFO - DAG(s) 'warehouse_daily' retrieved from /opt/airflow/dags/warehouse_dag.py
[2025-11-17T19:39:28.345+0000] {logging_mixin.py:188} INFO - [2025-11-17T19:39:28.344+0000] {dag.py:3089} INFO - Sync 1 DAGs
[2025-11-17T19:39:28.352+0000] {logging_mixin.py:188} INFO - [2025-11-17T19:39:28.352+0000] {dag.py:3947} INFO - Setting next_dagrun for warehouse_daily to 2025-11-17 06:00:00+00:00, run_after=2025-11-18 06:00:00+00:00
[2025-11-17T19:39:28.360+0000] {processor.py:183} INFO - Processing /opt/airflow/dags/warehouse_dag.py took 0.049 seconds
[2025-11-17T19:39:58.578+0000] {processor.py:161} INFO - Started process (PID=5297) to work on /opt/airflow/dags/warehouse_dag.py
[2025-11-17T19:39:58.578+0000] {processor.py:830} INFO - Processing file /opt/airflow/dags/warehouse_dag.py for tasks to queue
[2025-11-17T19:39:58.579+0000] {logging_mixin.py:188} INFO - [2025-11-17T19:39:58.579+0000] {dagbag.py:545} INFO - Filling up the DagBag from /opt/airflow/dags/warehouse_dag.py
[2025-11-17T19:39:58.590+0000] {processor.py:840} INFO - DAG(s) 'warehouse_daily' retrieved from /opt/airflow/dags/warehouse_dag.py
[2025-11-17T19:39:58.605+0000] {logging_mixin.py:188} INFO - [2025-11-17T19:39:58.605+0000] {dag.py:3089} INFO - Sync 1 DAGs
[2025-11-17T19:39:58.612+0000] {logging_mixin.py:188} INFO - [2025-11-17T19:39:58.612+0000] {dag.py:3947} INFO - Setting next_dagrun for warehouse_daily to 2025-11-17 06:00:00+00:00, run_after=2025-11-18 06:00:00+00:00
[2025-11-17T19:39:58.619+0000] {processor.py:183} INFO - Processing /opt/airflow/dags/warehouse_dag.py took 0.047 seconds
[2025-11-17T19:40:28.841+0000] {processor.py:161} INFO - Started process (PID=5298) to work on /opt/airflow/dags/warehouse_dag.py
[2025-11-17T19:40:28.842+0000] {processor.py:830} INFO - Processing file /opt/airflow/dags/warehouse_dag.py for tasks to queue
[2025-11-17T19:40:28.843+0000] {logging_mixin.py:188} INFO - [2025-11-17T19:40:28.842+0000] {dagbag.py:545} INFO - Filling up the DagBag from /opt/airflow/dags/warehouse_dag.py
[2025-11-17T19:40:28.852+0000] {processor.py:840} INFO - DAG(s) 'warehouse_daily' retrieved from /opt/airflow/dags/warehouse_dag.py
[2025-11-17T19:40:28.866+0000] {logging_mixin.py:188} INFO - [2025-11-17T19:40:28.866+0000] {dag.py:3089} INFO - Sync 1 DAGs
[2025-11-17T19:40:28.873+0000] {logging_mixin.py:188} INFO - [2025-11-17T19:40:28.873+0000] {dag.py:3947} INFO - Setting next_dagrun for warehouse_daily to 2025-11-17 06:00:00+00:00, run_after=2025-11-18 06:00:00+00:00
[2025-11-17T19:40:28.881+0000] {processor.py:183} INFO - Processing /opt/airflow/dags/warehouse_dag.py took 0.045 seconds
[2025-11-17T19:40:59.045+0000] {processor.py:161} INFO - Started process (PID=5299) to work on /opt/airflow/dags/warehouse_dag.py
[2025-11-17T19:40:59.046+0000] {processor.py:830} INFO - Processing file /opt/airflow/dags/warehouse_dag.py for tasks to queue
[2025-11-17T19:40:59.047+0000] {logging_mixin.py:188} INFO - [2025-11-17T19:40:59.046+0000] {dagbag.py:545} INFO - Filling up the DagBag from /opt/airflow/dags/warehouse_dag.py
[2025-11-17T19:40:59.058+0000] {processor.py:840} INFO - DAG(s) 'warehouse_daily' retrieved from /opt/airflow/dags/warehouse_dag.py
[2025-11-17T19:40:59.075+0000] {logging_mixin.py:188} INFO - [2025-11-17T19:40:59.074+0000] {dag.py:3089} INFO - Sync 1 DAGs
[2025-11-17T19:40:59.082+0000] {logging_mixin.py:188} INFO - [2025-11-17T19:40:59.082+0000] {dag.py:3947} INFO - Setting next_dagrun for warehouse_daily to 2025-11-17 06:00:00+00:00, run_after=2025-11-18 06:00:00+00:00
[2025-11-17T19:40:59.091+0000] {processor.py:183} INFO - Processing /opt/airflow/dags/warehouse_dag.py took 0.051 seconds
[2025-11-17T19:41:29.284+0000] {processor.py:161} INFO - Started process (PID=5300) to work on /opt/airflow/dags/warehouse_dag.py
[2025-11-17T19:41:29.284+0000] {processor.py:830} INFO - Processing file /opt/airflow/dags/warehouse_dag.py for tasks to queue
[2025-11-17T19:41:29.285+0000] {logging_mixin.py:188} INFO - [2025-11-17T19:41:29.285+0000] {dagbag.py:545} INFO - Filling up the DagBag from /opt/airflow/dags/warehouse_dag.py
[2025-11-17T19:41:29.296+0000] {processor.py:840} INFO - DAG(s) 'warehouse_daily' retrieved from /opt/airflow/dags/warehouse_dag.py
[2025-11-17T19:41:29.310+0000] {logging_mixin.py:188} INFO - [2025-11-17T19:41:29.310+0000] {dag.py:3089} INFO - Sync 1 DAGs
[2025-11-17T19:41:29.317+0000] {logging_mixin.py:188} INFO - [2025-11-17T19:41:29.317+0000] {dag.py:3947} INFO - Setting next_dagrun for warehouse_daily to 2025-11-17 06:00:00+00:00, run_after=2025-11-18 06:00:00+00:00
[2025-11-17T19:41:29.325+0000] {processor.py:183} INFO - Processing /opt/airflow/dags/warehouse_dag.py took 0.046 seconds
[2025-11-17T19:51:18.248+0000] {processor.py:161} INFO - Started process (PID=5301) to work on /opt/airflow/dags/warehouse_dag.py
[2025-11-17T19:51:18.249+0000] {processor.py:830} INFO - Processing file /opt/airflow/dags/warehouse_dag.py for tasks to queue
[2025-11-17T19:51:18.250+0000] {logging_mixin.py:188} INFO - [2025-11-17T19:51:18.250+0000] {dagbag.py:545} INFO - Filling up the DagBag from /opt/airflow/dags/warehouse_dag.py
[2025-11-17T19:51:18.265+0000] {processor.py:840} INFO - DAG(s) 'warehouse_daily' retrieved from /opt/airflow/dags/warehouse_dag.py
[2025-11-17T19:51:18.289+0000] {logging_mixin.py:188} INFO - [2025-11-17T19:51:18.289+0000] {dag.py:3089} INFO - Sync 1 DAGs
[2025-11-17T19:51:18.304+0000] {logging_mixin.py:188} INFO - [2025-11-17T19:51:18.304+0000] {dag.py:3947} INFO - Setting next_dagrun for warehouse_daily to 2025-11-17 06:00:00+00:00, run_after=2025-11-18 06:00:00+00:00
[2025-11-17T19:51:18.320+0000] {processor.py:183} INFO - Processing /opt/airflow/dags/warehouse_dag.py took 0.077 seconds
[2025-11-17T19:51:48.488+0000] {processor.py:161} INFO - Started process (PID=5302) to work on /opt/airflow/dags/warehouse_dag.py
[2025-11-17T19:51:48.489+0000] {processor.py:830} INFO - Processing file /opt/airflow/dags/warehouse_dag.py for tasks to queue
[2025-11-17T19:51:48.489+0000] {logging_mixin.py:188} INFO - [2025-11-17T19:51:48.489+0000] {dagbag.py:545} INFO - Filling up the DagBag from /opt/airflow/dags/warehouse_dag.py
[2025-11-17T19:51:48.500+0000] {processor.py:840} INFO - DAG(s) 'warehouse_daily' retrieved from /opt/airflow/dags/warehouse_dag.py
[2025-11-17T19:51:48.516+0000] {logging_mixin.py:188} INFO - [2025-11-17T19:51:48.515+0000] {dag.py:3089} INFO - Sync 1 DAGs
[2025-11-17T19:51:48.523+0000] {logging_mixin.py:188} INFO - [2025-11-17T19:51:48.523+0000] {dag.py:3947} INFO - Setting next_dagrun for warehouse_daily to 2025-11-17 06:00:00+00:00, run_after=2025-11-18 06:00:00+00:00
[2025-11-17T19:51:48.531+0000] {processor.py:183} INFO - Processing /opt/airflow/dags/warehouse_dag.py took 0.048 seconds
[2025-11-17T20:01:29.507+0000] {processor.py:161} INFO - Started process (PID=5303) to work on /opt/airflow/dags/warehouse_dag.py
[2025-11-17T20:01:29.507+0000] {processor.py:830} INFO - Processing file /opt/airflow/dags/warehouse_dag.py for tasks to queue
[2025-11-17T20:01:29.508+0000] {logging_mixin.py:188} INFO - [2025-11-17T20:01:29.508+0000] {dagbag.py:545} INFO - Filling up the DagBag from /opt/airflow/dags/warehouse_dag.py
[2025-11-17T20:01:29.514+0000] {processor.py:840} INFO - DAG(s) 'warehouse_daily' retrieved from /opt/airflow/dags/warehouse_dag.py
[2025-11-17T20:01:29.524+0000] {logging_mixin.py:188} INFO - [2025-11-17T20:01:29.524+0000] {dag.py:3089} INFO - Sync 1 DAGs
[2025-11-17T20:01:29.529+0000] {logging_mixin.py:188} INFO - [2025-11-17T20:01:29.529+0000] {dag.py:3947} INFO - Setting next_dagrun for warehouse_daily to 2025-11-17 06:00:00+00:00, run_after=2025-11-18 06:00:00+00:00
[2025-11-17T20:01:29.536+0000] {processor.py:183} INFO - Processing /opt/airflow/dags/warehouse_dag.py took 0.031 seconds
[2025-11-17T20:04:21.615+0000] {processor.py:161} INFO - Started process (PID=5304) to work on /opt/airflow/dags/warehouse_dag.py
[2025-11-17T20:04:21.615+0000] {processor.py:830} INFO - Processing file /opt/airflow/dags/warehouse_dag.py for tasks to queue
[2025-11-17T20:04:21.616+0000] {logging_mixin.py:188} INFO - [2025-11-17T20:04:21.616+0000] {dagbag.py:545} INFO - Filling up the DagBag from /opt/airflow/dags/warehouse_dag.py
[2025-11-17T20:04:21.623+0000] {processor.py:840} INFO - DAG(s) 'warehouse_daily' retrieved from /opt/airflow/dags/warehouse_dag.py
[2025-11-17T20:04:21.635+0000] {logging_mixin.py:188} INFO - [2025-11-17T20:04:21.635+0000] {dag.py:3089} INFO - Sync 1 DAGs
[2025-11-17T20:04:21.642+0000] {logging_mixin.py:188} INFO - [2025-11-17T20:04:21.641+0000] {dag.py:3947} INFO - Setting next_dagrun for warehouse_daily to 2025-11-17 06:00:00+00:00, run_after=2025-11-18 06:00:00+00:00
[2025-11-17T20:04:21.649+0000] {processor.py:183} INFO - Processing /opt/airflow/dags/warehouse_dag.py took 0.037 seconds
[2025-11-17T20:04:51.808+0000] {processor.py:161} INFO - Started process (PID=5305) to work on /opt/airflow/dags/warehouse_dag.py
[2025-11-17T20:04:51.808+0000] {processor.py:830} INFO - Processing file /opt/airflow/dags/warehouse_dag.py for tasks to queue
[2025-11-17T20:04:51.808+0000] {logging_mixin.py:188} INFO - [2025-11-17T20:04:51.808+0000] {dagbag.py:545} INFO - Filling up the DagBag from /opt/airflow/dags/warehouse_dag.py
[2025-11-17T20:04:51.815+0000] {processor.py:840} INFO - DAG(s) 'warehouse_daily' retrieved from /opt/airflow/dags/warehouse_dag.py
[2025-11-17T20:04:51.829+0000] {logging_mixin.py:188} INFO - [2025-11-17T20:04:51.829+0000] {dag.py:3089} INFO - Sync 1 DAGs
[2025-11-17T20:04:51.837+0000] {logging_mixin.py:188} INFO - [2025-11-17T20:04:51.837+0000] {dag.py:3947} INFO - Setting next_dagrun for warehouse_daily to 2025-11-17 06:00:00+00:00, run_after=2025-11-18 06:00:00+00:00
[2025-11-17T20:04:51.845+0000] {processor.py:183} INFO - Processing /opt/airflow/dags/warehouse_dag.py took 0.040 seconds
[2025-11-17T20:10:46.122+0000] {processor.py:161} INFO - Started process (PID=5306) to work on /opt/airflow/dags/warehouse_dag.py
[2025-11-17T20:10:46.123+0000] {processor.py:830} INFO - Processing file /opt/airflow/dags/warehouse_dag.py for tasks to queue
[2025-11-17T20:10:46.124+0000] {logging_mixin.py:188} INFO - [2025-11-17T20:10:46.123+0000] {dagbag.py:545} INFO - Filling up the DagBag from /opt/airflow/dags/warehouse_dag.py
[2025-11-17T20:10:46.132+0000] {processor.py:840} INFO - DAG(s) 'warehouse_daily' retrieved from /opt/airflow/dags/warehouse_dag.py
[2025-11-17T20:10:46.144+0000] {logging_mixin.py:188} INFO - [2025-11-17T20:10:46.144+0000] {dag.py:3089} INFO - Sync 1 DAGs
[2025-11-17T20:10:46.151+0000] {logging_mixin.py:188} INFO - [2025-11-17T20:10:46.151+0000] {dag.py:3947} INFO - Setting next_dagrun for warehouse_daily to 2025-11-17 06:00:00+00:00, run_after=2025-11-18 06:00:00+00:00
[2025-11-17T20:10:46.158+0000] {processor.py:183} INFO - Processing /opt/airflow/dags/warehouse_dag.py took 0.040 seconds
[2025-11-17T20:11:16.391+0000] {processor.py:161} INFO - Started process (PID=5307) to work on /opt/airflow/dags/warehouse_dag.py
[2025-11-17T20:11:16.392+0000] {processor.py:830} INFO - Processing file /opt/airflow/dags/warehouse_dag.py for tasks to queue
[2025-11-17T20:11:16.393+0000] {logging_mixin.py:188} INFO - [2025-11-17T20:11:16.392+0000] {dagbag.py:545} INFO - Filling up the DagBag from /opt/airflow/dags/warehouse_dag.py
[2025-11-17T20:11:16.403+0000] {processor.py:840} INFO - DAG(s) 'warehouse_daily' retrieved from /opt/airflow/dags/warehouse_dag.py
[2025-11-17T20:11:16.417+0000] {logging_mixin.py:188} INFO - [2025-11-17T20:11:16.417+0000] {dag.py:3089} INFO - Sync 1 DAGs
[2025-11-17T20:11:16.424+0000] {logging_mixin.py:188} INFO - [2025-11-17T20:11:16.424+0000] {dag.py:3947} INFO - Setting next_dagrun for warehouse_daily to 2025-11-17 06:00:00+00:00, run_after=2025-11-18 06:00:00+00:00
[2025-11-17T20:11:16.431+0000] {processor.py:183} INFO - Processing /opt/airflow/dags/warehouse_dag.py took 0.045 seconds
[2025-11-17T20:24:55.673+0000] {processor.py:161} INFO - Started process (PID=5308) to work on /opt/airflow/dags/warehouse_dag.py
[2025-11-17T20:24:55.674+0000] {processor.py:830} INFO - Processing file /opt/airflow/dags/warehouse_dag.py for tasks to queue
[2025-11-17T20:24:55.675+0000] {logging_mixin.py:188} INFO - [2025-11-17T20:24:55.674+0000] {dagbag.py:545} INFO - Filling up the DagBag from /opt/airflow/dags/warehouse_dag.py
[2025-11-17T20:24:55.681+0000] {processor.py:840} INFO - DAG(s) 'warehouse_daily' retrieved from /opt/airflow/dags/warehouse_dag.py
[2025-11-17T20:24:55.692+0000] {logging_mixin.py:188} INFO - [2025-11-17T20:24:55.692+0000] {dag.py:3089} INFO - Sync 1 DAGs
[2025-11-17T20:24:55.699+0000] {logging_mixin.py:188} INFO - [2025-11-17T20:24:55.699+0000] {dag.py:3947} INFO - Setting next_dagrun for warehouse_daily to 2025-11-17 06:00:00+00:00, run_after=2025-11-18 06:00:00+00:00
[2025-11-17T20:24:55.707+0000] {processor.py:183} INFO - Processing /opt/airflow/dags/warehouse_dag.py took 0.036 seconds
[2025-11-17T20:34:40.249+0000] {processor.py:161} INFO - Started process (PID=5309) to work on /opt/airflow/dags/warehouse_dag.py
[2025-11-17T20:34:40.251+0000] {processor.py:830} INFO - Processing file /opt/airflow/dags/warehouse_dag.py for tasks to queue
[2025-11-17T20:34:40.251+0000] {logging_mixin.py:188} INFO - [2025-11-17T20:34:40.251+0000] {dagbag.py:545} INFO - Filling up the DagBag from /opt/airflow/dags/warehouse_dag.py
[2025-11-17T20:34:40.260+0000] {processor.py:840} INFO - DAG(s) 'warehouse_daily' retrieved from /opt/airflow/dags/warehouse_dag.py
[2025-11-17T20:34:40.271+0000] {logging_mixin.py:188} INFO - [2025-11-17T20:34:40.271+0000] {dag.py:3089} INFO - Sync 1 DAGs
[2025-11-17T20:34:40.278+0000] {logging_mixin.py:188} INFO - [2025-11-17T20:34:40.278+0000] {dag.py:3947} INFO - Setting next_dagrun for warehouse_daily to 2025-11-17 06:00:00+00:00, run_after=2025-11-18 06:00:00+00:00
[2025-11-17T20:34:40.285+0000] {processor.py:183} INFO - Processing /opt/airflow/dags/warehouse_dag.py took 0.040 seconds
[2025-11-17T20:35:10.873+0000] {processor.py:161} INFO - Started process (PID=5310) to work on /opt/airflow/dags/warehouse_dag.py
[2025-11-17T20:35:10.874+0000] {processor.py:830} INFO - Processing file /opt/airflow/dags/warehouse_dag.py for tasks to queue
[2025-11-17T20:35:10.874+0000] {logging_mixin.py:188} INFO - [2025-11-17T20:35:10.874+0000] {dagbag.py:545} INFO - Filling up the DagBag from /opt/airflow/dags/warehouse_dag.py
[2025-11-17T20:35:10.880+0000] {processor.py:840} INFO - DAG(s) 'warehouse_daily' retrieved from /opt/airflow/dags/warehouse_dag.py
[2025-11-17T20:35:10.892+0000] {logging_mixin.py:188} INFO - [2025-11-17T20:35:10.892+0000] {dag.py:3089} INFO - Sync 1 DAGs
[2025-11-17T20:35:10.899+0000] {logging_mixin.py:188} INFO - [2025-11-17T20:35:10.898+0000] {dag.py:3947} INFO - Setting next_dagrun for warehouse_daily to 2025-11-17 06:00:00+00:00, run_after=2025-11-18 06:00:00+00:00
[2025-11-17T20:35:10.906+0000] {processor.py:183} INFO - Processing /opt/airflow/dags/warehouse_dag.py took 0.035 seconds
[2025-11-17T20:36:45.890+0000] {processor.py:161} INFO - Started process (PID=5311) to work on /opt/airflow/dags/warehouse_dag.py
[2025-11-17T20:36:45.891+0000] {processor.py:830} INFO - Processing file /opt/airflow/dags/warehouse_dag.py for tasks to queue
[2025-11-17T20:36:45.891+0000] {logging_mixin.py:188} INFO - [2025-11-17T20:36:45.891+0000] {dagbag.py:545} INFO - Filling up the DagBag from /opt/airflow/dags/warehouse_dag.py
[2025-11-17T20:36:45.898+0000] {processor.py:840} INFO - DAG(s) 'warehouse_daily' retrieved from /opt/airflow/dags/warehouse_dag.py
[2025-11-17T20:36:45.911+0000] {logging_mixin.py:188} INFO - [2025-11-17T20:36:45.911+0000] {dag.py:3089} INFO - Sync 1 DAGs
[2025-11-17T20:36:45.917+0000] {logging_mixin.py:188} INFO - [2025-11-17T20:36:45.917+0000] {dag.py:3947} INFO - Setting next_dagrun for warehouse_daily to 2025-11-17 06:00:00+00:00, run_after=2025-11-18 06:00:00+00:00
[2025-11-17T20:36:45.925+0000] {processor.py:183} INFO - Processing /opt/airflow/dags/warehouse_dag.py took 0.038 seconds
[2025-11-17T20:44:36.198+0000] {processor.py:161} INFO - Started process (PID=5312) to work on /opt/airflow/dags/warehouse_dag.py
[2025-11-17T20:44:36.198+0000] {processor.py:830} INFO - Processing file /opt/airflow/dags/warehouse_dag.py for tasks to queue
[2025-11-17T20:44:36.199+0000] {logging_mixin.py:188} INFO - [2025-11-17T20:44:36.199+0000] {dagbag.py:545} INFO - Filling up the DagBag from /opt/airflow/dags/warehouse_dag.py
[2025-11-17T20:44:36.207+0000] {processor.py:840} INFO - DAG(s) 'warehouse_daily' retrieved from /opt/airflow/dags/warehouse_dag.py
[2025-11-17T20:44:36.219+0000] {logging_mixin.py:188} INFO - [2025-11-17T20:44:36.219+0000] {dag.py:3089} INFO - Sync 1 DAGs
[2025-11-17T20:44:36.225+0000] {logging_mixin.py:188} INFO - [2025-11-17T20:44:36.225+0000] {dag.py:3947} INFO - Setting next_dagrun for warehouse_daily to 2025-11-17 06:00:00+00:00, run_after=2025-11-18 06:00:00+00:00
[2025-11-17T20:44:36.233+0000] {processor.py:183} INFO - Processing /opt/airflow/dags/warehouse_dag.py took 0.039 seconds
[2025-11-17T20:45:07.331+0000] {processor.py:161} INFO - Started process (PID=5313) to work on /opt/airflow/dags/warehouse_dag.py
[2025-11-17T20:45:07.332+0000] {processor.py:830} INFO - Processing file /opt/airflow/dags/warehouse_dag.py for tasks to queue
[2025-11-17T20:45:07.332+0000] {logging_mixin.py:188} INFO - [2025-11-17T20:45:07.332+0000] {dagbag.py:545} INFO - Filling up the DagBag from /opt/airflow/dags/warehouse_dag.py
[2025-11-17T20:45:07.342+0000] {processor.py:840} INFO - DAG(s) 'warehouse_daily' retrieved from /opt/airflow/dags/warehouse_dag.py
[2025-11-17T20:45:07.356+0000] {logging_mixin.py:188} INFO - [2025-11-17T20:45:07.356+0000] {dag.py:3089} INFO - Sync 1 DAGs
[2025-11-17T20:45:07.363+0000] {logging_mixin.py:188} INFO - [2025-11-17T20:45:07.363+0000] {dag.py:3947} INFO - Setting next_dagrun for warehouse_daily to 2025-11-17 06:00:00+00:00, run_after=2025-11-18 06:00:00+00:00
[2025-11-17T20:45:07.372+0000] {processor.py:183} INFO - Processing /opt/airflow/dags/warehouse_dag.py took 0.045 seconds
[2025-11-17T20:51:22.498+0000] {processor.py:161} INFO - Started process (PID=5314) to work on /opt/airflow/dags/warehouse_dag.py
[2025-11-17T20:51:22.498+0000] {processor.py:830} INFO - Processing file /opt/airflow/dags/warehouse_dag.py for tasks to queue
[2025-11-17T20:51:22.499+0000] {logging_mixin.py:188} INFO - [2025-11-17T20:51:22.499+0000] {dagbag.py:545} INFO - Filling up the DagBag from /opt/airflow/dags/warehouse_dag.py
[2025-11-17T20:51:22.506+0000] {processor.py:840} INFO - DAG(s) 'warehouse_daily' retrieved from /opt/airflow/dags/warehouse_dag.py
[2025-11-17T20:51:22.518+0000] {logging_mixin.py:188} INFO - [2025-11-17T20:51:22.518+0000] {dag.py:3089} INFO - Sync 1 DAGs
[2025-11-17T20:51:22.524+0000] {logging_mixin.py:188} INFO - [2025-11-17T20:51:22.524+0000] {dag.py:3947} INFO - Setting next_dagrun for warehouse_daily to 2025-11-17 06:00:00+00:00, run_after=2025-11-18 06:00:00+00:00
[2025-11-17T20:51:22.533+0000] {processor.py:183} INFO - Processing /opt/airflow/dags/warehouse_dag.py took 0.039 seconds
[2025-11-17T21:06:03.906+0000] {processor.py:161} INFO - Started process (PID=5315) to work on /opt/airflow/dags/warehouse_dag.py
[2025-11-17T21:06:03.906+0000] {processor.py:830} INFO - Processing file /opt/airflow/dags/warehouse_dag.py for tasks to queue
[2025-11-17T21:06:03.907+0000] {logging_mixin.py:188} INFO - [2025-11-17T21:06:03.907+0000] {dagbag.py:545} INFO - Filling up the DagBag from /opt/airflow/dags/warehouse_dag.py
[2025-11-17T21:06:03.914+0000] {processor.py:840} INFO - DAG(s) 'warehouse_daily' retrieved from /opt/airflow/dags/warehouse_dag.py
[2025-11-17T21:06:03.926+0000] {logging_mixin.py:188} INFO - [2025-11-17T21:06:03.926+0000] {dag.py:3089} INFO - Sync 1 DAGs
[2025-11-17T21:06:03.932+0000] {logging_mixin.py:188} INFO - [2025-11-17T21:06:03.932+0000] {dag.py:3947} INFO - Setting next_dagrun for warehouse_daily to 2025-11-17 06:00:00+00:00, run_after=2025-11-18 06:00:00+00:00
[2025-11-17T21:06:03.939+0000] {processor.py:183} INFO - Processing /opt/airflow/dags/warehouse_dag.py took 0.036 seconds
[2025-11-17T21:06:35.041+0000] {processor.py:161} INFO - Started process (PID=5316) to work on /opt/airflow/dags/warehouse_dag.py
[2025-11-17T21:06:35.042+0000] {processor.py:830} INFO - Processing file /opt/airflow/dags/warehouse_dag.py for tasks to queue
[2025-11-17T21:06:35.042+0000] {logging_mixin.py:188} INFO - [2025-11-17T21:06:35.042+0000] {dagbag.py:545} INFO - Filling up the DagBag from /opt/airflow/dags/warehouse_dag.py
[2025-11-17T21:06:35.048+0000] {processor.py:840} INFO - DAG(s) 'warehouse_daily' retrieved from /opt/airflow/dags/warehouse_dag.py
[2025-11-17T21:06:35.059+0000] {logging_mixin.py:188} INFO - [2025-11-17T21:06:35.059+0000] {dag.py:3089} INFO - Sync 1 DAGs
[2025-11-17T21:06:35.066+0000] {logging_mixin.py:188} INFO - [2025-11-17T21:06:35.065+0000] {dag.py:3947} INFO - Setting next_dagrun for warehouse_daily to 2025-11-17 06:00:00+00:00, run_after=2025-11-18 06:00:00+00:00
[2025-11-17T21:06:35.074+0000] {processor.py:183} INFO - Processing /opt/airflow/dags/warehouse_dag.py took 0.035 seconds
[2025-11-17T21:30:18.347+0000] {processor.py:161} INFO - Started process (PID=5317) to work on /opt/airflow/dags/warehouse_dag.py
[2025-11-17T21:30:18.348+0000] {processor.py:830} INFO - Processing file /opt/airflow/dags/warehouse_dag.py for tasks to queue
[2025-11-17T21:30:18.349+0000] {logging_mixin.py:188} INFO - [2025-11-17T21:30:18.349+0000] {dagbag.py:545} INFO - Filling up the DagBag from /opt/airflow/dags/warehouse_dag.py
[2025-11-17T21:30:18.364+0000] {processor.py:840} INFO - DAG(s) 'warehouse_daily' retrieved from /opt/airflow/dags/warehouse_dag.py
[2025-11-17T21:30:18.379+0000] {logging_mixin.py:188} INFO - [2025-11-17T21:30:18.379+0000] {dag.py:3089} INFO - Sync 1 DAGs
[2025-11-17T21:30:18.391+0000] {logging_mixin.py:188} INFO - [2025-11-17T21:30:18.390+0000] {dag.py:3947} INFO - Setting next_dagrun for warehouse_daily to 2025-11-17 06:00:00+00:00, run_after=2025-11-18 06:00:00+00:00
[2025-11-17T21:30:18.399+0000] {processor.py:183} INFO - Processing /opt/airflow/dags/warehouse_dag.py took 0.057 seconds
[2025-11-17T21:30:48.457+0000] {processor.py:161} INFO - Started process (PID=5318) to work on /opt/airflow/dags/warehouse_dag.py
[2025-11-17T21:30:48.458+0000] {processor.py:830} INFO - Processing file /opt/airflow/dags/warehouse_dag.py for tasks to queue
[2025-11-17T21:30:48.459+0000] {logging_mixin.py:188} INFO - [2025-11-17T21:30:48.458+0000] {dagbag.py:545} INFO - Filling up the DagBag from /opt/airflow/dags/warehouse_dag.py
[2025-11-17T21:30:48.467+0000] {processor.py:840} INFO - DAG(s) 'warehouse_daily' retrieved from /opt/airflow/dags/warehouse_dag.py
[2025-11-17T21:30:48.479+0000] {logging_mixin.py:188} INFO - [2025-11-17T21:30:48.479+0000] {dag.py:3089} INFO - Sync 1 DAGs
[2025-11-17T21:30:48.487+0000] {logging_mixin.py:188} INFO - [2025-11-17T21:30:48.486+0000] {dag.py:3947} INFO - Setting next_dagrun for warehouse_daily to 2025-11-17 06:00:00+00:00, run_after=2025-11-18 06:00:00+00:00
[2025-11-17T21:30:48.494+0000] {processor.py:183} INFO - Processing /opt/airflow/dags/warehouse_dag.py took 0.041 seconds
[2025-11-17T21:43:05.518+0000] {processor.py:161} INFO - Started process (PID=5319) to work on /opt/airflow/dags/warehouse_dag.py
[2025-11-17T21:43:05.520+0000] {processor.py:830} INFO - Processing file /opt/airflow/dags/warehouse_dag.py for tasks to queue
[2025-11-17T21:43:05.520+0000] {logging_mixin.py:188} INFO - [2025-11-17T21:43:05.520+0000] {dagbag.py:545} INFO - Filling up the DagBag from /opt/airflow/dags/warehouse_dag.py
[2025-11-17T21:43:05.529+0000] {processor.py:840} INFO - DAG(s) 'warehouse_daily' retrieved from /opt/airflow/dags/warehouse_dag.py
[2025-11-17T21:43:05.542+0000] {logging_mixin.py:188} INFO - [2025-11-17T21:43:05.542+0000] {dag.py:3089} INFO - Sync 1 DAGs
[2025-11-17T21:43:05.548+0000] {logging_mixin.py:188} INFO - [2025-11-17T21:43:05.548+0000] {dag.py:3947} INFO - Setting next_dagrun for warehouse_daily to 2025-11-17 06:00:00+00:00, run_after=2025-11-18 06:00:00+00:00
[2025-11-17T21:43:05.556+0000] {processor.py:183} INFO - Processing /opt/airflow/dags/warehouse_dag.py took 0.041 seconds
[2025-11-17T22:16:20.296+0000] {processor.py:161} INFO - Started process (PID=5320) to work on /opt/airflow/dags/warehouse_dag.py
[2025-11-17T22:16:20.296+0000] {processor.py:830} INFO - Processing file /opt/airflow/dags/warehouse_dag.py for tasks to queue
[2025-11-17T22:16:20.297+0000] {logging_mixin.py:188} INFO - [2025-11-17T22:16:20.297+0000] {dagbag.py:545} INFO - Filling up the DagBag from /opt/airflow/dags/warehouse_dag.py
[2025-11-17T22:16:20.305+0000] {processor.py:840} INFO - DAG(s) 'warehouse_daily' retrieved from /opt/airflow/dags/warehouse_dag.py
[2025-11-17T22:16:20.319+0000] {logging_mixin.py:188} INFO - [2025-11-17T22:16:20.319+0000] {dag.py:3089} INFO - Sync 1 DAGs
[2025-11-17T22:16:20.328+0000] {logging_mixin.py:188} INFO - [2025-11-17T22:16:20.328+0000] {dag.py:3947} INFO - Setting next_dagrun for warehouse_daily to 2025-11-17 06:00:00+00:00, run_after=2025-11-18 06:00:00+00:00
[2025-11-17T22:16:20.337+0000] {processor.py:183} INFO - Processing /opt/airflow/dags/warehouse_dag.py took 0.045 seconds
[2025-11-17T23:19:34.106+0000] {processor.py:161} INFO - Started process (PID=5321) to work on /opt/airflow/dags/warehouse_dag.py
[2025-11-17T23:19:34.107+0000] {processor.py:830} INFO - Processing file /opt/airflow/dags/warehouse_dag.py for tasks to queue
[2025-11-17T23:19:34.108+0000] {logging_mixin.py:188} INFO - [2025-11-17T23:19:34.107+0000] {dagbag.py:545} INFO - Filling up the DagBag from /opt/airflow/dags/warehouse_dag.py
[2025-11-17T23:19:34.117+0000] {processor.py:840} INFO - DAG(s) 'warehouse_daily' retrieved from /opt/airflow/dags/warehouse_dag.py
[2025-11-17T23:19:34.130+0000] {logging_mixin.py:188} INFO - [2025-11-17T23:19:34.130+0000] {dag.py:3089} INFO - Sync 1 DAGs
[2025-11-17T23:19:34.137+0000] {logging_mixin.py:188} INFO - [2025-11-17T23:19:34.137+0000] {dag.py:3947} INFO - Setting next_dagrun for warehouse_daily to 2025-11-17 06:00:00+00:00, run_after=2025-11-18 06:00:00+00:00
[2025-11-17T23:19:34.145+0000] {processor.py:183} INFO - Processing /opt/airflow/dags/warehouse_dag.py took 0.043 seconds
[2025-11-17T23:20:04.339+0000] {processor.py:161} INFO - Started process (PID=5322) to work on /opt/airflow/dags/warehouse_dag.py
[2025-11-17T23:20:04.340+0000] {processor.py:830} INFO - Processing file /opt/airflow/dags/warehouse_dag.py for tasks to queue
[2025-11-17T23:20:04.341+0000] {logging_mixin.py:188} INFO - [2025-11-17T23:20:04.341+0000] {dagbag.py:545} INFO - Filling up the DagBag from /opt/airflow/dags/warehouse_dag.py
[2025-11-17T23:20:04.352+0000] {processor.py:840} INFO - DAG(s) 'warehouse_daily' retrieved from /opt/airflow/dags/warehouse_dag.py
[2025-11-17T23:20:04.365+0000] {logging_mixin.py:188} INFO - [2025-11-17T23:20:04.365+0000] {dag.py:3089} INFO - Sync 1 DAGs
[2025-11-17T23:20:04.371+0000] {logging_mixin.py:188} INFO - [2025-11-17T23:20:04.371+0000] {dag.py:3947} INFO - Setting next_dagrun for warehouse_daily to 2025-11-17 06:00:00+00:00, run_after=2025-11-18 06:00:00+00:00
[2025-11-17T23:20:04.380+0000] {processor.py:183} INFO - Processing /opt/airflow/dags/warehouse_dag.py took 0.046 seconds
[2025-11-17T23:51:14.850+0000] {processor.py:161} INFO - Started process (PID=5323) to work on /opt/airflow/dags/warehouse_dag.py
[2025-11-17T23:51:14.851+0000] {processor.py:830} INFO - Processing file /opt/airflow/dags/warehouse_dag.py for tasks to queue
[2025-11-17T23:51:14.851+0000] {logging_mixin.py:188} INFO - [2025-11-17T23:51:14.851+0000] {dagbag.py:545} INFO - Filling up the DagBag from /opt/airflow/dags/warehouse_dag.py
[2025-11-17T23:51:14.861+0000] {processor.py:840} INFO - DAG(s) 'warehouse_daily' retrieved from /opt/airflow/dags/warehouse_dag.py
[2025-11-17T23:51:14.874+0000] {logging_mixin.py:188} INFO - [2025-11-17T23:51:14.874+0000] {dag.py:3089} INFO - Sync 1 DAGs
[2025-11-17T23:51:14.881+0000] {logging_mixin.py:188} INFO - [2025-11-17T23:51:14.881+0000] {dag.py:3947} INFO - Setting next_dagrun for warehouse_daily to 2025-11-17 06:00:00+00:00, run_after=2025-11-18 06:00:00+00:00
[2025-11-17T23:51:14.889+0000] {processor.py:183} INFO - Processing /opt/airflow/dags/warehouse_dag.py took 0.043 seconds
[2025-11-17T23:51:45.075+0000] {processor.py:161} INFO - Started process (PID=5324) to work on /opt/airflow/dags/warehouse_dag.py
[2025-11-17T23:51:45.076+0000] {processor.py:830} INFO - Processing file /opt/airflow/dags/warehouse_dag.py for tasks to queue
[2025-11-17T23:51:45.077+0000] {logging_mixin.py:188} INFO - [2025-11-17T23:51:45.076+0000] {dagbag.py:545} INFO - Filling up the DagBag from /opt/airflow/dags/warehouse_dag.py
[2025-11-17T23:51:45.086+0000] {processor.py:840} INFO - DAG(s) 'warehouse_daily' retrieved from /opt/airflow/dags/warehouse_dag.py
[2025-11-17T23:51:45.101+0000] {logging_mixin.py:188} INFO - [2025-11-17T23:51:45.101+0000] {dag.py:3089} INFO - Sync 1 DAGs
[2025-11-17T23:51:45.108+0000] {logging_mixin.py:188} INFO - [2025-11-17T23:51:45.108+0000] {dag.py:3947} INFO - Setting next_dagrun for warehouse_daily to 2025-11-17 06:00:00+00:00, run_after=2025-11-18 06:00:00+00:00
[2025-11-17T23:51:45.116+0000] {processor.py:183} INFO - Processing /opt/airflow/dags/warehouse_dag.py took 0.045 seconds
