[2025-11-21T15:33:39.836+0000] {local_task_job_runner.py:120} INFO - ::group::Pre task execution logs
[2025-11-21T15:33:39.844+0000] {taskinstance.py:2076} INFO - Dependencies all met for dep_context=non-requeueable deps ti=<TaskInstance: warehouse_daily.train_models manual__2025-11-21T15:32:52.047809+00:00 [queued]>
[2025-11-21T15:33:39.845+0000] {taskinstance.py:2076} INFO - Dependencies all met for dep_context=requeueable deps ti=<TaskInstance: warehouse_daily.train_models manual__2025-11-21T15:32:52.047809+00:00 [queued]>
[2025-11-21T15:33:39.846+0000] {taskinstance.py:2306} INFO - Starting attempt 1 of 3
[2025-11-21T15:33:39.849+0000] {taskinstance.py:2330} INFO - Executing <Task(BashOperator): train_models> on 2025-11-21 15:32:52.047809+00:00
[2025-11-21T15:33:39.851+0000] {standard_task_runner.py:64} INFO - Started process 8953 to run task
[2025-11-21T15:33:39.852+0000] {standard_task_runner.py:90} INFO - Running: ['airflow', 'tasks', 'run', 'warehouse_daily', 'train_models', 'manual__2025-11-21T15:32:52.047809+00:00', '--job-id', '146', '--raw', '--subdir', 'DAGS_FOLDER/warehouse_dag.py', '--cfg-path', '/tmp/tmpz3xjj7a4']
[2025-11-21T15:33:39.853+0000] {standard_task_runner.py:91} INFO - Job 146: Subtask train_models
[2025-11-21T15:33:39.863+0000] {task_command.py:426} INFO - Running <TaskInstance: warehouse_daily.train_models manual__2025-11-21T15:32:52.047809+00:00 [running]> on host 8b16c83c8b1e
[2025-11-21T15:33:39.933+0000] {taskinstance.py:2648} INFO - Exporting env vars: AIRFLOW_CTX_DAG_OWNER='wyko' AIRFLOW_CTX_DAG_ID='warehouse_daily' AIRFLOW_CTX_TASK_ID='train_models' AIRFLOW_CTX_EXECUTION_DATE='2025-11-21T15:32:52.047809+00:00' AIRFLOW_CTX_TRY_NUMBER='1' AIRFLOW_CTX_DAG_RUN_ID='manual__2025-11-21T15:32:52.047809+00:00'
[2025-11-21T15:33:39.934+0000] {taskinstance.py:430} INFO - ::endgroup::
[2025-11-21T15:33:39.938+0000] {subprocess.py:63} INFO - Tmp dir root location: /tmp
[2025-11-21T15:33:39.938+0000] {subprocess.py:75} INFO - Running command: ['/usr/bin/bash', '-c', 'cd /opt/airflow/repo && python ml/ml_final.py']
[2025-11-21T15:33:39.941+0000] {subprocess.py:86} INFO - Output:
[2025-11-21T15:34:08.955+0000] {subprocess.py:93} INFO - 
[2025-11-21T15:34:08.955+0000] {subprocess.py:93} INFO - === Trenowany model: RandomForest ===
[2025-11-21T15:34:08.956+0000] {subprocess.py:93} INFO - Fitting 2 folds for each of 5 candidates, totalling 10 fits
[2025-11-21T15:34:08.957+0000] {subprocess.py:93} INFO - MAE  = 5,818.97
[2025-11-21T15:34:08.958+0000] {subprocess.py:93} INFO - RMSE = 22,080.96
[2025-11-21T15:34:08.958+0000] {subprocess.py:93} INFO - R²   = 0.9923
[2025-11-21T15:34:08.959+0000] {subprocess.py:93} INFO - Czas trenowania: 10.59s
[2025-11-21T15:34:08.959+0000] {subprocess.py:93} INFO - 
[2025-11-21T15:34:08.959+0000] {subprocess.py:93} INFO - === Trenowany model: GradientBoosting ===
[2025-11-21T15:34:08.959+0000] {subprocess.py:93} INFO - Fitting 2 folds for each of 5 candidates, totalling 10 fits
[2025-11-21T15:34:08.959+0000] {subprocess.py:93} INFO - MAE  = 10,379.97
[2025-11-21T15:34:08.959+0000] {subprocess.py:93} INFO - RMSE = 24,814.04
[2025-11-21T15:34:08.959+0000] {subprocess.py:93} INFO - R²   = 0.9903
[2025-11-21T15:34:08.959+0000] {subprocess.py:93} INFO - Czas trenowania: 11.13s
[2025-11-21T15:34:08.959+0000] {subprocess.py:93} INFO - 
[2025-11-21T15:34:08.959+0000] {subprocess.py:93} INFO - === Trenowany model: XGBRegressor ===
[2025-11-21T15:34:08.959+0000] {subprocess.py:93} INFO - Fitting 2 folds for each of 5 candidates, totalling 10 fits
[2025-11-21T15:34:08.959+0000] {subprocess.py:93} INFO - MAE  = 11,013.70
[2025-11-21T15:34:08.959+0000] {subprocess.py:93} INFO - RMSE = 24,550.32
[2025-11-21T15:34:08.959+0000] {subprocess.py:93} INFO - R²   = 0.9905
[2025-11-21T15:34:08.959+0000] {subprocess.py:93} INFO - Czas trenowania: 2.94s
[2025-11-21T15:34:08.959+0000] {subprocess.py:93} INFO - 
[2025-11-21T15:34:08.961+0000] {subprocess.py:93} INFO - Zapisano metryki: artifacts/model_metrics.csv
[2025-11-21T15:34:08.961+0000] {subprocess.py:93} INFO - Najlepszy model: RandomForest (MAE=5,818.97)
[2025-11-21T15:34:08.962+0000] {subprocess.py:93} INFO - Zapisano pipeline do: artifacts/best_model_RandomForest.joblib
[2025-11-21T15:34:09.038+0000] {subprocess.py:97} INFO - Command exited with return code 0
[2025-11-21T15:34:09.038+0000] {taskinstance.py:441} INFO - ::group::Post task execution logs
[2025-11-21T15:34:09.046+0000] {taskinstance.py:1206} INFO - Marking task as SUCCESS. dag_id=warehouse_daily, task_id=train_models, run_id=manual__2025-11-21T15:32:52.047809+00:00, execution_date=20251121T153252, start_date=20251121T153339, end_date=20251121T153409
[2025-11-21T15:34:09.060+0000] {local_task_job_runner.py:243} INFO - Task exited with return code 0
[2025-11-21T15:34:09.066+0000] {taskinstance.py:3503} INFO - 1 downstream tasks scheduled from follow-on schedule check
[2025-11-21T15:34:09.067+0000] {local_task_job_runner.py:222} INFO - ::endgroup::
