[2025-11-23T06:27:13.862+0000] {local_task_job_runner.py:120} INFO - ::group::Pre task execution logs
[2025-11-23T06:27:13.873+0000] {taskinstance.py:2076} INFO - Dependencies all met for dep_context=non-requeueable deps ti=<TaskInstance: warehouse_daily.wait_for_db scheduled__2025-11-22T06:00:00+00:00 [queued]>
[2025-11-23T06:27:13.876+0000] {taskinstance.py:2076} INFO - Dependencies all met for dep_context=requeueable deps ti=<TaskInstance: warehouse_daily.wait_for_db scheduled__2025-11-22T06:00:00+00:00 [queued]>
[2025-11-23T06:27:13.876+0000] {taskinstance.py:2306} INFO - Starting attempt 1 of 3
[2025-11-23T06:27:13.881+0000] {taskinstance.py:2330} INFO - Executing <Task(SqlSensor): wait_for_db> on 2025-11-22 06:00:00+00:00
[2025-11-23T06:27:13.883+0000] {standard_task_runner.py:64} INFO - Started process 2345 to run task
[2025-11-23T06:27:13.885+0000] {standard_task_runner.py:90} INFO - Running: ['airflow', 'tasks', 'run', 'warehouse_daily', 'wait_for_db', 'scheduled__2025-11-22T06:00:00+00:00', '--job-id', '37', '--raw', '--subdir', 'DAGS_FOLDER/warehouse_dag.py', '--cfg-path', '/tmp/tmpi6jtd_n3']
[2025-11-23T06:27:13.885+0000] {standard_task_runner.py:91} INFO - Job 37: Subtask wait_for_db
[2025-11-23T06:27:13.900+0000] {task_command.py:426} INFO - Running <TaskInstance: warehouse_daily.wait_for_db scheduled__2025-11-22T06:00:00+00:00 [running]> on host e41cc4788735
[2025-11-23T06:27:13.979+0000] {taskinstance.py:2648} INFO - Exporting env vars: AIRFLOW_CTX_DAG_OWNER='wyko' AIRFLOW_CTX_DAG_ID='warehouse_daily' AIRFLOW_CTX_TASK_ID='wait_for_db' AIRFLOW_CTX_EXECUTION_DATE='2025-11-22T06:00:00+00:00' AIRFLOW_CTX_TRY_NUMBER='1' AIRFLOW_CTX_DAG_RUN_ID='scheduled__2025-11-22T06:00:00+00:00'
[2025-11-23T06:27:13.979+0000] {taskinstance.py:430} INFO - ::endgroup::
[2025-11-23T06:27:13.984+0000] {crypto.py:82} WARNING - empty cryptography key - values will not be stored encrypted.
[2025-11-23T06:27:13.984+0000] {base.py:84} INFO - Using connection ID 'warehouse_pg' for task execution.
[2025-11-23T06:27:14.019+0000] {sql.py:96} INFO - Poking: SELECT 1; (with parameters None)
[2025-11-23T06:27:14.020+0000] {base.py:84} INFO - Using connection ID 'warehouse_pg' for task execution.
[2025-11-23T06:27:14.026+0000] {sql.py:495} INFO - Running statement: SELECT 1;, parameters: None
[2025-11-23T06:27:14.027+0000] {sql.py:504} INFO - Rows affected: 1
[2025-11-23T06:27:14.027+0000] {base.py:294} INFO - Success criteria met. Exiting.
[2025-11-23T06:27:14.027+0000] {taskinstance.py:441} INFO - ::group::Post task execution logs
[2025-11-23T06:27:14.029+0000] {taskinstance.py:1206} INFO - Marking task as SUCCESS. dag_id=warehouse_daily, task_id=wait_for_db, run_id=scheduled__2025-11-22T06:00:00+00:00, execution_date=20251122T060000, start_date=20251123T062713, end_date=20251123T062714
[2025-11-23T06:27:14.039+0000] {local_task_job_runner.py:243} INFO - Task exited with return code 0
[2025-11-23T06:27:14.048+0000] {taskinstance.py:3503} INFO - 1 downstream tasks scheduled from follow-on schedule check
[2025-11-23T06:27:14.049+0000] {local_task_job_runner.py:222} INFO - ::endgroup::
