[2025-11-14T06:00:54.989+0000] {local_task_job_runner.py:120} INFO - ::group::Pre task execution logs
[2025-11-14T06:00:54.996+0000] {taskinstance.py:2076} INFO - Dependencies all met for dep_context=non-requeueable deps ti=<TaskInstance: warehouse_daily.wait_for_db scheduled__2025-11-13T06:00:00+00:00 [queued]>
[2025-11-14T06:00:54.998+0000] {taskinstance.py:2076} INFO - Dependencies all met for dep_context=requeueable deps ti=<TaskInstance: warehouse_daily.wait_for_db scheduled__2025-11-13T06:00:00+00:00 [queued]>
[2025-11-14T06:00:54.998+0000] {taskinstance.py:2306} INFO - Starting attempt 1 of 3
[2025-11-14T06:00:55.002+0000] {taskinstance.py:2330} INFO - Executing <Task(SqlSensor): wait_for_db> on 2025-11-13 06:00:00+00:00
[2025-11-14T06:00:55.004+0000] {standard_task_runner.py:64} INFO - Started process 916 to run task
[2025-11-14T06:00:55.005+0000] {standard_task_runner.py:90} INFO - Running: ['airflow', 'tasks', 'run', 'warehouse_daily', 'wait_for_db', 'scheduled__2025-11-13T06:00:00+00:00', '--job-id', '25', '--raw', '--subdir', 'DAGS_FOLDER/warehouse_dag.py', '--cfg-path', '/tmp/tmpny700dq2']
[2025-11-14T06:00:55.006+0000] {standard_task_runner.py:91} INFO - Job 25: Subtask wait_for_db
[2025-11-14T06:00:55.018+0000] {task_command.py:426} INFO - Running <TaskInstance: warehouse_daily.wait_for_db scheduled__2025-11-13T06:00:00+00:00 [running]> on host 8b16c83c8b1e
[2025-11-14T06:00:55.098+0000] {taskinstance.py:2648} INFO - Exporting env vars: AIRFLOW_CTX_DAG_OWNER='wyko' AIRFLOW_CTX_DAG_ID='warehouse_daily' AIRFLOW_CTX_TASK_ID='wait_for_db' AIRFLOW_CTX_EXECUTION_DATE='2025-11-13T06:00:00+00:00' AIRFLOW_CTX_TRY_NUMBER='1' AIRFLOW_CTX_DAG_RUN_ID='scheduled__2025-11-13T06:00:00+00:00'
[2025-11-14T06:00:55.098+0000] {taskinstance.py:430} INFO - ::endgroup::
[2025-11-14T06:00:55.104+0000] {crypto.py:82} WARNING - empty cryptography key - values will not be stored encrypted.
[2025-11-14T06:00:55.105+0000] {base.py:84} INFO - Using connection ID 'warehouse_pg' for task execution.
[2025-11-14T06:00:55.154+0000] {sql.py:96} INFO - Poking: SELECT 1; (with parameters None)
[2025-11-14T06:00:55.154+0000] {base.py:84} INFO - Using connection ID 'warehouse_pg' for task execution.
[2025-11-14T06:00:55.160+0000] {sql.py:495} INFO - Running statement: SELECT 1;, parameters: None
[2025-11-14T06:00:55.160+0000] {sql.py:504} INFO - Rows affected: 1
[2025-11-14T06:00:55.161+0000] {base.py:294} INFO - Success criteria met. Exiting.
[2025-11-14T06:00:55.161+0000] {taskinstance.py:441} INFO - ::group::Post task execution logs
[2025-11-14T06:00:55.163+0000] {taskinstance.py:1206} INFO - Marking task as SUCCESS. dag_id=warehouse_daily, task_id=wait_for_db, run_id=scheduled__2025-11-13T06:00:00+00:00, execution_date=20251113T060000, start_date=20251114T060054, end_date=20251114T060055
[2025-11-14T06:00:55.208+0000] {local_task_job_runner.py:243} INFO - Task exited with return code 0
[2025-11-14T06:00:55.219+0000] {taskinstance.py:3503} INFO - 1 downstream tasks scheduled from follow-on schedule check
[2025-11-14T06:00:55.220+0000] {local_task_job_runner.py:222} INFO - ::endgroup::
