[2025-11-23T08:00:09.382+0000] {local_task_job_runner.py:120} INFO - ::group::Pre task execution logs
[2025-11-23T08:00:09.390+0000] {taskinstance.py:2076} INFO - Dependencies all met for dep_context=non-requeueable deps ti=<TaskInstance: warehouse_daily.shap_explainer_ml scheduled__2025-11-22T06:00:00+00:00 [queued]>
[2025-11-23T08:00:09.392+0000] {taskinstance.py:2076} INFO - Dependencies all met for dep_context=requeueable deps ti=<TaskInstance: warehouse_daily.shap_explainer_ml scheduled__2025-11-22T06:00:00+00:00 [queued]>
[2025-11-23T08:00:09.392+0000] {taskinstance.py:2306} INFO - Starting attempt 1 of 3
[2025-11-23T08:00:09.397+0000] {taskinstance.py:2330} INFO - Executing <Task(BashOperator): shap_explainer_ml> on 2025-11-22 06:00:00+00:00
[2025-11-23T08:00:09.399+0000] {standard_task_runner.py:64} INFO - Started process 3072 to run task
[2025-11-23T08:00:09.400+0000] {standard_task_runner.py:90} INFO - Running: ['airflow', 'tasks', 'run', 'warehouse_daily', 'shap_explainer_ml', 'scheduled__2025-11-22T06:00:00+00:00', '--job-id', '48', '--raw', '--subdir', 'DAGS_FOLDER/warehouse_dag.py', '--cfg-path', '/tmp/tmpi8ytpakb']
[2025-11-23T08:00:09.401+0000] {standard_task_runner.py:91} INFO - Job 48: Subtask shap_explainer_ml
[2025-11-23T08:00:09.412+0000] {task_command.py:426} INFO - Running <TaskInstance: warehouse_daily.shap_explainer_ml scheduled__2025-11-22T06:00:00+00:00 [running]> on host e41cc4788735
[2025-11-23T08:00:09.484+0000] {taskinstance.py:2648} INFO - Exporting env vars: AIRFLOW_CTX_DAG_OWNER='wyko' AIRFLOW_CTX_DAG_ID='warehouse_daily' AIRFLOW_CTX_TASK_ID='shap_explainer_ml' AIRFLOW_CTX_EXECUTION_DATE='2025-11-22T06:00:00+00:00' AIRFLOW_CTX_TRY_NUMBER='1' AIRFLOW_CTX_DAG_RUN_ID='scheduled__2025-11-22T06:00:00+00:00'
[2025-11-23T08:00:09.485+0000] {taskinstance.py:430} INFO - ::endgroup::
[2025-11-23T08:00:09.489+0000] {subprocess.py:63} INFO - Tmp dir root location: /tmp
[2025-11-23T08:00:09.489+0000] {subprocess.py:75} INFO - Running command: ['/usr/bin/bash', '-c', 'cd /opt/airflow/repo && python ml/shap_explainer.py']
[2025-11-23T08:00:09.492+0000] {subprocess.py:86} INFO - Output:
[2025-11-23T08:00:09.856+0000] {subprocess.py:93} INFO - /opt/airflow/repo/ml/shap_explainer.py:4: FutureWarning: In the future `np.bool` will be defined as the corresponding NumPy scalar.
[2025-11-23T08:00:09.856+0000] {subprocess.py:93} INFO -   if not hasattr(np, "bool"):
[2025-11-23T08:02:49.134+0000] {subprocess.py:93} INFO - Ładowanie modelu: /opt/airflow/repo/artifacts/best_model_RandomForest.joblib
[2025-11-23T08:02:49.135+0000] {subprocess.py:93} INFO - Pobieranie próby danych...
[2025-11-23T08:02:49.136+0000] {subprocess.py:93} INFO - Transformacja danych...
[2025-11-23T08:02:49.137+0000] {subprocess.py:93} INFO - Obliczanie wartości SHAP...
[2025-11-23T08:02:49.138+0000] {subprocess.py:93} INFO - Zapis do CSV...
[2025-11-23T08:02:49.138+0000] {subprocess.py:93} INFO - Zapisano SHAP CSV → /opt/airflow/repo/artifacts/shap_values.csv
[2025-11-23T08:02:49.138+0000] {subprocess.py:93} INFO - Rysowanie wykresu (bar plot)...
[2025-11-23T08:02:49.138+0000] {subprocess.py:93} INFO - Wykres zapisany → /opt/airflow/repo/artifacts/shap_summary.png
[2025-11-23T08:02:49.138+0000] {subprocess.py:93} INFO - DONE ✔
[2025-11-23T08:02:49.281+0000] {subprocess.py:97} INFO - Command exited with return code 0
[2025-11-23T08:02:49.281+0000] {taskinstance.py:441} INFO - ::group::Post task execution logs
[2025-11-23T08:02:49.288+0000] {taskinstance.py:1206} INFO - Marking task as SUCCESS. dag_id=warehouse_daily, task_id=shap_explainer_ml, run_id=scheduled__2025-11-22T06:00:00+00:00, execution_date=20251122T060000, start_date=20251123T080009, end_date=20251123T080249
[2025-11-23T08:02:49.341+0000] {local_task_job_runner.py:243} INFO - Task exited with return code 0
[2025-11-23T08:02:49.346+0000] {taskinstance.py:3503} INFO - 1 downstream tasks scheduled from follow-on schedule check
[2025-11-23T08:02:49.348+0000] {local_task_job_runner.py:222} INFO - ::endgroup::
