[2025-11-21T07:17:42.543+0000] {local_task_job_runner.py:120} INFO - ::group::Pre task execution logs
[2025-11-21T07:17:42.560+0000] {taskinstance.py:2076} INFO - Dependencies all met for dep_context=non-requeueable deps ti=<TaskInstance: warehouse_daily.silver_logic_checks scheduled__2025-11-20T06:00:00+00:00 [queued]>
[2025-11-21T07:17:42.563+0000] {taskinstance.py:2076} INFO - Dependencies all met for dep_context=requeueable deps ti=<TaskInstance: warehouse_daily.silver_logic_checks scheduled__2025-11-20T06:00:00+00:00 [queued]>
[2025-11-21T07:17:42.563+0000] {taskinstance.py:2306} INFO - Starting attempt 1 of 3
[2025-11-21T07:17:42.574+0000] {taskinstance.py:2330} INFO - Executing <Task(SQLExecuteQueryOperator): silver_logic_checks> on 2025-11-20 06:00:00+00:00
[2025-11-21T07:17:42.579+0000] {standard_task_runner.py:64} INFO - Started process 7915 to run task
[2025-11-21T07:17:42.580+0000] {standard_task_runner.py:90} INFO - Running: ['airflow', 'tasks', 'run', 'warehouse_daily', 'silver_logic_checks', 'scheduled__2025-11-20T06:00:00+00:00', '--job-id', '133', '--raw', '--subdir', 'DAGS_FOLDER/warehouse_dag.py', '--cfg-path', '/tmp/tmpf3shz4ol']
[2025-11-21T07:17:42.581+0000] {standard_task_runner.py:91} INFO - Job 133: Subtask silver_logic_checks
[2025-11-21T07:17:42.595+0000] {task_command.py:426} INFO - Running <TaskInstance: warehouse_daily.silver_logic_checks scheduled__2025-11-20T06:00:00+00:00 [running]> on host 8b16c83c8b1e
[2025-11-21T07:17:42.688+0000] {taskinstance.py:2648} INFO - Exporting env vars: AIRFLOW_CTX_DAG_OWNER='wyko' AIRFLOW_CTX_DAG_ID='warehouse_daily' AIRFLOW_CTX_TASK_ID='silver_logic_checks' AIRFLOW_CTX_EXECUTION_DATE='2025-11-20T06:00:00+00:00' AIRFLOW_CTX_TRY_NUMBER='1' AIRFLOW_CTX_DAG_RUN_ID='scheduled__2025-11-20T06:00:00+00:00'
[2025-11-21T07:17:42.688+0000] {taskinstance.py:430} INFO - ::endgroup::
[2025-11-21T07:17:42.693+0000] {sql.py:282} INFO - Executing: CREATE OR REPLACE VIEW gold.clean as

select
	*,
	CASE
		WHEN 
		floor is not null and 
		total_floors is not null AND
		floor > total_floors 
		THEN True
		else False
	end as invalid_floor_flag
		
FROM silver.housing_clean
[2025-11-21T07:17:42.693+0000] {crypto.py:82} WARNING - empty cryptography key - values will not be stored encrypted.
[2025-11-21T07:17:42.693+0000] {base.py:84} INFO - Using connection ID 'warehouse_pg' for task execution.
[2025-11-21T07:17:42.711+0000] {base.py:84} INFO - Using connection ID 'warehouse_pg' for task execution.
[2025-11-21T07:17:42.716+0000] {sql.py:495} INFO - Running statement: CREATE OR REPLACE VIEW gold.clean as

select
	*,
	CASE
		WHEN 
		floor is not null and 
		total_floors is not null AND
		floor > total_floors 
		THEN True
		else False
	end as invalid_floor_flag
		
FROM silver.housing_clean, parameters: None
[2025-11-21T07:17:42.718+0000] {taskinstance.py:441} INFO - ::group::Post task execution logs
[2025-11-21T07:17:42.720+0000] {taskinstance.py:1206} INFO - Marking task as SUCCESS. dag_id=warehouse_daily, task_id=silver_logic_checks, run_id=scheduled__2025-11-20T06:00:00+00:00, execution_date=20251120T060000, start_date=20251121T071742, end_date=20251121T071742
[2025-11-21T07:17:42.765+0000] {local_task_job_runner.py:243} INFO - Task exited with return code 0
[2025-11-21T07:17:42.773+0000] {taskinstance.py:3503} INFO - 1 downstream tasks scheduled from follow-on schedule check
[2025-11-21T07:17:42.775+0000] {local_task_job_runner.py:222} INFO - ::endgroup::
[2025-11-21T15:58:38.653+0000] {local_task_job_runner.py:120} INFO - ::group::Pre task execution logs
[2025-11-21T15:58:38.661+0000] {taskinstance.py:2076} INFO - Dependencies all met for dep_context=non-requeueable deps ti=<TaskInstance: warehouse_daily.silver_logic_checks scheduled__2025-11-20T06:00:00+00:00 [queued]>
[2025-11-21T15:58:38.662+0000] {taskinstance.py:2076} INFO - Dependencies all met for dep_context=requeueable deps ti=<TaskInstance: warehouse_daily.silver_logic_checks scheduled__2025-11-20T06:00:00+00:00 [queued]>
[2025-11-21T15:58:38.663+0000] {taskinstance.py:2306} INFO - Starting attempt 1 of 3
[2025-11-21T15:58:38.666+0000] {taskinstance.py:2330} INFO - Executing <Task(SQLExecuteQueryOperator): silver_logic_checks> on 2025-11-20 06:00:00+00:00
[2025-11-21T15:58:38.668+0000] {standard_task_runner.py:64} INFO - Started process 527 to run task
[2025-11-21T15:58:38.669+0000] {standard_task_runner.py:90} INFO - Running: ['airflow', 'tasks', 'run', 'warehouse_daily', 'silver_logic_checks', 'scheduled__2025-11-20T06:00:00+00:00', '--job-id', '15', '--raw', '--subdir', 'DAGS_FOLDER/warehouse_dag.py', '--cfg-path', '/tmp/tmpeg5_ozv4']
[2025-11-21T15:58:38.670+0000] {standard_task_runner.py:91} INFO - Job 15: Subtask silver_logic_checks
[2025-11-21T15:58:38.682+0000] {task_command.py:426} INFO - Running <TaskInstance: warehouse_daily.silver_logic_checks scheduled__2025-11-20T06:00:00+00:00 [running]> on host 584e6fca837f
[2025-11-21T15:58:38.755+0000] {taskinstance.py:2648} INFO - Exporting env vars: AIRFLOW_CTX_DAG_OWNER='wyko' AIRFLOW_CTX_DAG_ID='warehouse_daily' AIRFLOW_CTX_TASK_ID='silver_logic_checks' AIRFLOW_CTX_EXECUTION_DATE='2025-11-20T06:00:00+00:00' AIRFLOW_CTX_TRY_NUMBER='1' AIRFLOW_CTX_DAG_RUN_ID='scheduled__2025-11-20T06:00:00+00:00'
[2025-11-21T15:58:38.755+0000] {taskinstance.py:430} INFO - ::endgroup::
[2025-11-21T15:58:38.760+0000] {sql.py:282} INFO - Executing: CREATE OR REPLACE VIEW gold.clean as

select
	*,
	CASE
		WHEN 
		floor is not null and 
		total_floors is not null AND
		floor > total_floors 
		THEN True
		else False
	end as invalid_floor_flag
		
FROM silver.housing_clean
[2025-11-21T15:58:38.760+0000] {crypto.py:82} WARNING - empty cryptography key - values will not be stored encrypted.
[2025-11-21T15:58:38.760+0000] {base.py:84} INFO - Using connection ID 'warehouse_pg' for task execution.
[2025-11-21T15:58:38.776+0000] {base.py:84} INFO - Using connection ID 'warehouse_pg' for task execution.
[2025-11-21T15:58:38.781+0000] {sql.py:495} INFO - Running statement: CREATE OR REPLACE VIEW gold.clean as

select
	*,
	CASE
		WHEN 
		floor is not null and 
		total_floors is not null AND
		floor > total_floors 
		THEN True
		else False
	end as invalid_floor_flag
		
FROM silver.housing_clean, parameters: None
[2025-11-21T15:58:38.783+0000] {taskinstance.py:441} INFO - ::group::Post task execution logs
[2025-11-21T15:58:38.785+0000] {taskinstance.py:1206} INFO - Marking task as SUCCESS. dag_id=warehouse_daily, task_id=silver_logic_checks, run_id=scheduled__2025-11-20T06:00:00+00:00, execution_date=20251120T060000, start_date=20251121T155838, end_date=20251121T155838
[2025-11-21T15:58:38.815+0000] {local_task_job_runner.py:243} INFO - Task exited with return code 0
[2025-11-21T15:58:38.822+0000] {taskinstance.py:3503} INFO - 1 downstream tasks scheduled from follow-on schedule check
[2025-11-21T15:58:38.824+0000] {local_task_job_runner.py:222} INFO - ::endgroup::
[2025-11-21T16:15:05.335+0000] {local_task_job_runner.py:120} INFO - ::group::Pre task execution logs
[2025-11-21T16:15:05.343+0000] {taskinstance.py:2076} INFO - Dependencies all met for dep_context=non-requeueable deps ti=<TaskInstance: warehouse_daily.silver_logic_checks scheduled__2025-11-20T06:00:00+00:00 [queued]>
[2025-11-21T16:15:05.345+0000] {taskinstance.py:2076} INFO - Dependencies all met for dep_context=requeueable deps ti=<TaskInstance: warehouse_daily.silver_logic_checks scheduled__2025-11-20T06:00:00+00:00 [queued]>
[2025-11-21T16:15:05.345+0000] {taskinstance.py:2306} INFO - Starting attempt 1 of 3
[2025-11-21T16:15:05.349+0000] {taskinstance.py:2330} INFO - Executing <Task(SQLExecuteQueryOperator): silver_logic_checks> on 2025-11-20 06:00:00+00:00
[2025-11-21T16:15:05.351+0000] {standard_task_runner.py:64} INFO - Started process 509 to run task
[2025-11-21T16:15:05.352+0000] {standard_task_runner.py:90} INFO - Running: ['airflow', 'tasks', 'run', 'warehouse_daily', 'silver_logic_checks', 'scheduled__2025-11-20T06:00:00+00:00', '--job-id', '15', '--raw', '--subdir', 'DAGS_FOLDER/warehouse_dag.py', '--cfg-path', '/tmp/tmpg9r2sm4v']
[2025-11-21T16:15:05.352+0000] {standard_task_runner.py:91} INFO - Job 15: Subtask silver_logic_checks
[2025-11-21T16:15:05.365+0000] {task_command.py:426} INFO - Running <TaskInstance: warehouse_daily.silver_logic_checks scheduled__2025-11-20T06:00:00+00:00 [running]> on host 4e64c7378c33
[2025-11-21T16:15:05.437+0000] {taskinstance.py:2648} INFO - Exporting env vars: AIRFLOW_CTX_DAG_OWNER='wyko' AIRFLOW_CTX_DAG_ID='warehouse_daily' AIRFLOW_CTX_TASK_ID='silver_logic_checks' AIRFLOW_CTX_EXECUTION_DATE='2025-11-20T06:00:00+00:00' AIRFLOW_CTX_TRY_NUMBER='1' AIRFLOW_CTX_DAG_RUN_ID='scheduled__2025-11-20T06:00:00+00:00'
[2025-11-21T16:15:05.438+0000] {taskinstance.py:430} INFO - ::endgroup::
[2025-11-21T16:15:05.442+0000] {sql.py:282} INFO - Executing: CREATE OR REPLACE VIEW gold.clean as

select
	*,
	CASE
		WHEN 
		floor is not null and 
		total_floors is not null AND
		floor > total_floors 
		THEN True
		else False
	end as invalid_floor_flag
		
FROM silver.housing_clean
[2025-11-21T16:15:05.442+0000] {crypto.py:82} WARNING - empty cryptography key - values will not be stored encrypted.
[2025-11-21T16:15:05.443+0000] {base.py:84} INFO - Using connection ID 'warehouse_pg' for task execution.
[2025-11-21T16:15:05.458+0000] {base.py:84} INFO - Using connection ID 'warehouse_pg' for task execution.
[2025-11-21T16:15:05.465+0000] {sql.py:495} INFO - Running statement: CREATE OR REPLACE VIEW gold.clean as

select
	*,
	CASE
		WHEN 
		floor is not null and 
		total_floors is not null AND
		floor > total_floors 
		THEN True
		else False
	end as invalid_floor_flag
		
FROM silver.housing_clean, parameters: None
[2025-11-21T16:15:05.467+0000] {taskinstance.py:441} INFO - ::group::Post task execution logs
[2025-11-21T16:15:05.469+0000] {taskinstance.py:1206} INFO - Marking task as SUCCESS. dag_id=warehouse_daily, task_id=silver_logic_checks, run_id=scheduled__2025-11-20T06:00:00+00:00, execution_date=20251120T060000, start_date=20251121T161505, end_date=20251121T161505
[2025-11-21T16:15:05.500+0000] {local_task_job_runner.py:243} INFO - Task exited with return code 0
[2025-11-21T16:15:05.507+0000] {taskinstance.py:3503} INFO - 1 downstream tasks scheduled from follow-on schedule check
[2025-11-21T16:15:05.509+0000] {local_task_job_runner.py:222} INFO - ::endgroup::
