[2025-11-13T13:43:40.695+0000] {local_task_job_runner.py:120} INFO - ::group::Pre task execution logs
[2025-11-13T13:43:40.703+0000] {taskinstance.py:2076} INFO - Dependencies all met for dep_context=non-requeueable deps ti=<TaskInstance: warehouse_daily.train_models manual__2025-11-13T13:42:49.210595+00:00 [queued]>
[2025-11-13T13:43:40.704+0000] {taskinstance.py:2076} INFO - Dependencies all met for dep_context=requeueable deps ti=<TaskInstance: warehouse_daily.train_models manual__2025-11-13T13:42:49.210595+00:00 [queued]>
[2025-11-13T13:43:40.705+0000] {taskinstance.py:2306} INFO - Starting attempt 1 of 3
[2025-11-13T13:43:40.708+0000] {taskinstance.py:2330} INFO - Executing <Task(BashOperator): train_models> on 2025-11-13 13:42:49.210595+00:00
[2025-11-13T13:43:40.710+0000] {standard_task_runner.py:64} INFO - Started process 1168 to run task
[2025-11-13T13:43:40.711+0000] {standard_task_runner.py:90} INFO - Running: ['airflow', 'tasks', 'run', 'warehouse_daily', 'train_models', 'manual__2025-11-13T13:42:49.210595+00:00', '--job-id', '30', '--raw', '--subdir', 'DAGS_FOLDER/warehouse_dag.py', '--cfg-path', '/tmp/tmpjqr5y466']
[2025-11-13T13:43:40.712+0000] {standard_task_runner.py:91} INFO - Job 30: Subtask train_models
[2025-11-13T13:43:40.723+0000] {task_command.py:426} INFO - Running <TaskInstance: warehouse_daily.train_models manual__2025-11-13T13:42:49.210595+00:00 [running]> on host 1e1b3e3b62cf
[2025-11-13T13:43:40.801+0000] {taskinstance.py:2648} INFO - Exporting env vars: AIRFLOW_CTX_DAG_OWNER='wyko' AIRFLOW_CTX_DAG_ID='warehouse_daily' AIRFLOW_CTX_TASK_ID='train_models' AIRFLOW_CTX_EXECUTION_DATE='2025-11-13T13:42:49.210595+00:00' AIRFLOW_CTX_TRY_NUMBER='1' AIRFLOW_CTX_DAG_RUN_ID='manual__2025-11-13T13:42:49.210595+00:00'
[2025-11-13T13:43:40.801+0000] {taskinstance.py:430} INFO - ::endgroup::
[2025-11-13T13:43:40.805+0000] {subprocess.py:63} INFO - Tmp dir root location: /tmp
[2025-11-13T13:43:40.805+0000] {subprocess.py:75} INFO - Running command: ['/usr/bin/bash', '-c', 'cd /opt/airflow/repo && python ml/train_models.py']
[2025-11-13T13:43:40.808+0000] {subprocess.py:86} INFO - Output:
[2025-11-13T13:43:40.834+0000] {subprocess.py:93} INFO - python: can't open file '/opt/airflow/repo/ml/train_models.py': [Errno 2] No such file or directory
[2025-11-13T13:43:40.837+0000] {subprocess.py:97} INFO - Command exited with return code 2
[2025-11-13T13:43:40.837+0000] {taskinstance.py:441} INFO - ::group::Post task execution logs
[2025-11-13T13:43:40.840+0000] {taskinstance.py:2905} ERROR - Task failed with exception
Traceback (most recent call last):
  File "/home/airflow/.local/lib/python3.12/site-packages/airflow/models/taskinstance.py", line 465, in _execute_task
    result = _execute_callable(context=context, **execute_callable_kwargs)
             ^^^^^^^^^^^^^^^^^^^^^^^^^^^^^^^^^^^^^^^^^^^^^^^^^^^^^^^^^^^^^
  File "/home/airflow/.local/lib/python3.12/site-packages/airflow/models/taskinstance.py", line 432, in _execute_callable
    return execute_callable(context=context, **execute_callable_kwargs)
           ^^^^^^^^^^^^^^^^^^^^^^^^^^^^^^^^^^^^^^^^^^^^^^^^^^^^^^^^^^^^
  File "/home/airflow/.local/lib/python3.12/site-packages/airflow/models/baseoperator.py", line 401, in wrapper
    return func(self, *args, **kwargs)
           ^^^^^^^^^^^^^^^^^^^^^^^^^^^
  File "/home/airflow/.local/lib/python3.12/site-packages/airflow/operators/bash.py", line 243, in execute
    raise AirflowException(
airflow.exceptions.AirflowException: Bash command failed. The command returned a non-zero exit code 2.
[2025-11-13T13:43:40.842+0000] {taskinstance.py:1206} INFO - Marking task as UP_FOR_RETRY. dag_id=warehouse_daily, task_id=train_models, run_id=manual__2025-11-13T13:42:49.210595+00:00, execution_date=20251113T134249, start_date=20251113T134340, end_date=20251113T134340
[2025-11-13T13:43:40.847+0000] {standard_task_runner.py:110} ERROR - Failed to execute job 30 for task train_models (Bash command failed. The command returned a non-zero exit code 2.; 1168)
[2025-11-13T13:43:40.853+0000] {local_task_job_runner.py:243} INFO - Task exited with return code 1
[2025-11-13T13:43:40.858+0000] {taskinstance.py:3503} INFO - 0 downstream tasks scheduled from follow-on schedule check
[2025-11-13T13:43:40.858+0000] {local_task_job_runner.py:222} INFO - ::endgroup::
