[2025-11-13T13:43:01.419+0000] {local_task_job_runner.py:120} INFO - ::group::Pre task execution logs
[2025-11-13T13:43:01.429+0000] {taskinstance.py:2076} INFO - Dependencies all met for dep_context=non-requeueable deps ti=<TaskInstance: warehouse_daily.load_processed_to_pg manual__2025-11-13T13:42:49.210595+00:00 [queued]>
[2025-11-13T13:43:01.431+0000] {taskinstance.py:2076} INFO - Dependencies all met for dep_context=requeueable deps ti=<TaskInstance: warehouse_daily.load_processed_to_pg manual__2025-11-13T13:42:49.210595+00:00 [queued]>
[2025-11-13T13:43:01.431+0000] {taskinstance.py:2306} INFO - Starting attempt 1 of 3
[2025-11-13T13:43:01.438+0000] {taskinstance.py:2330} INFO - Executing <Task(BashOperator): load_processed_to_pg> on 2025-11-13 13:42:49.210595+00:00
[2025-11-13T13:43:01.440+0000] {standard_task_runner.py:64} INFO - Started process 1042 to run task
[2025-11-13T13:43:01.441+0000] {standard_task_runner.py:90} INFO - Running: ['airflow', 'tasks', 'run', 'warehouse_daily', 'load_processed_to_pg', 'manual__2025-11-13T13:42:49.210595+00:00', '--job-id', '24', '--raw', '--subdir', 'DAGS_FOLDER/warehouse_dag.py', '--cfg-path', '/tmp/tmpa7nvhtvh']
[2025-11-13T13:43:01.442+0000] {standard_task_runner.py:91} INFO - Job 24: Subtask load_processed_to_pg
[2025-11-13T13:43:01.455+0000] {task_command.py:426} INFO - Running <TaskInstance: warehouse_daily.load_processed_to_pg manual__2025-11-13T13:42:49.210595+00:00 [running]> on host 1e1b3e3b62cf
[2025-11-13T13:43:01.532+0000] {taskinstance.py:2648} INFO - Exporting env vars: AIRFLOW_CTX_DAG_OWNER='wyko' AIRFLOW_CTX_DAG_ID='warehouse_daily' AIRFLOW_CTX_TASK_ID='load_processed_to_pg' AIRFLOW_CTX_EXECUTION_DATE='2025-11-13T13:42:49.210595+00:00' AIRFLOW_CTX_TRY_NUMBER='1' AIRFLOW_CTX_DAG_RUN_ID='manual__2025-11-13T13:42:49.210595+00:00'
[2025-11-13T13:43:01.533+0000] {taskinstance.py:430} INFO - ::endgroup::
[2025-11-13T13:43:01.537+0000] {subprocess.py:63} INFO - Tmp dir root location: /tmp
[2025-11-13T13:43:01.537+0000] {subprocess.py:75} INFO - Running command: ['/usr/bin/bash', '-c', 'python /opt/airflow/repo/etl/load.py']
[2025-11-13T13:43:01.540+0000] {subprocess.py:86} INFO - Output:
[2025-11-13T13:43:24.263+0000] {subprocess.py:93} INFO -  Loaded to Postgres public.housing
[2025-11-13T13:43:24.367+0000] {subprocess.py:97} INFO - Command exited with return code 0
[2025-11-13T13:43:24.368+0000] {taskinstance.py:441} INFO - ::group::Post task execution logs
[2025-11-13T13:43:24.376+0000] {taskinstance.py:1206} INFO - Marking task as SUCCESS. dag_id=warehouse_daily, task_id=load_processed_to_pg, run_id=manual__2025-11-13T13:42:49.210595+00:00, execution_date=20251113T134249, start_date=20251113T134301, end_date=20251113T134324
[2025-11-13T13:43:24.408+0000] {local_task_job_runner.py:243} INFO - Task exited with return code 0
[2025-11-13T13:43:24.414+0000] {taskinstance.py:3503} INFO - 2 downstream tasks scheduled from follow-on schedule check
[2025-11-13T13:43:24.416+0000] {local_task_job_runner.py:222} INFO - ::endgroup::
