[2025-11-12T18:05:29.561+0000] {local_task_job_runner.py:120} INFO - ::group::Pre task execution logs
[2025-11-12T18:05:29.569+0000] {taskinstance.py:2076} INFO - Dependencies all met for dep_context=non-requeueable deps ti=<TaskInstance: warehouse_daily.wait_for_db manual__2025-11-12T18:05:27.074461+00:00 [queued]>
[2025-11-12T18:05:29.570+0000] {taskinstance.py:2076} INFO - Dependencies all met for dep_context=requeueable deps ti=<TaskInstance: warehouse_daily.wait_for_db manual__2025-11-12T18:05:27.074461+00:00 [queued]>
[2025-11-12T18:05:29.571+0000] {taskinstance.py:2306} INFO - Starting attempt 1 of 3
[2025-11-12T18:05:29.574+0000] {taskinstance.py:2330} INFO - Executing <Task(SqlSensor): wait_for_db> on 2025-11-12 18:05:27.074461+00:00
[2025-11-12T18:05:29.576+0000] {standard_task_runner.py:64} INFO - Started process 189 to run task
[2025-11-12T18:05:29.577+0000] {standard_task_runner.py:90} INFO - Running: ['airflow', 'tasks', 'run', 'warehouse_daily', 'wait_for_db', 'manual__2025-11-12T18:05:27.074461+00:00', '--job-id', '6', '--raw', '--subdir', 'DAGS_FOLDER/warehouse_dag.py', '--cfg-path', '/tmp/tmpm1pjyz_e']
[2025-11-12T18:05:29.578+0000] {standard_task_runner.py:91} INFO - Job 6: Subtask wait_for_db
[2025-11-12T18:05:29.589+0000] {task_command.py:426} INFO - Running <TaskInstance: warehouse_daily.wait_for_db manual__2025-11-12T18:05:27.074461+00:00 [running]> on host cd9db11ce5b0
[2025-11-12T18:05:29.605+0000] {taskinstance.py:2648} INFO - Exporting env vars: AIRFLOW_CTX_DAG_OWNER='wyko' AIRFLOW_CTX_DAG_ID='warehouse_daily' AIRFLOW_CTX_TASK_ID='wait_for_db' AIRFLOW_CTX_EXECUTION_DATE='2025-11-12T18:05:27.074461+00:00' AIRFLOW_CTX_TRY_NUMBER='1' AIRFLOW_CTX_DAG_RUN_ID='manual__2025-11-12T18:05:27.074461+00:00'
[2025-11-12T18:05:29.605+0000] {taskinstance.py:430} INFO - ::endgroup::
[2025-11-12T18:05:29.663+0000] {taskinstance.py:441} INFO - ::group::Post task execution logs
[2025-11-12T18:05:29.664+0000] {taskinstance.py:2905} ERROR - Task failed with exception
Traceback (most recent call last):
  File "/home/airflow/.local/lib/python3.12/site-packages/airflow/models/taskinstance.py", line 465, in _execute_task
    result = _execute_callable(context=context, **execute_callable_kwargs)
             ^^^^^^^^^^^^^^^^^^^^^^^^^^^^^^^^^^^^^^^^^^^^^^^^^^^^^^^^^^^^^
  File "/home/airflow/.local/lib/python3.12/site-packages/airflow/models/taskinstance.py", line 432, in _execute_callable
    return execute_callable(context=context, **execute_callable_kwargs)
           ^^^^^^^^^^^^^^^^^^^^^^^^^^^^^^^^^^^^^^^^^^^^^^^^^^^^^^^^^^^^
  File "/home/airflow/.local/lib/python3.12/site-packages/airflow/models/baseoperator.py", line 401, in wrapper
    return func(self, *args, **kwargs)
           ^^^^^^^^^^^^^^^^^^^^^^^^^^^
  File "/home/airflow/.local/lib/python3.12/site-packages/airflow/sensors/base.py", line 264, in execute
    raise e
  File "/home/airflow/.local/lib/python3.12/site-packages/airflow/sensors/base.py", line 246, in execute
    poke_return = self.poke(context)
                  ^^^^^^^^^^^^^^^^^^
  File "/home/airflow/.local/lib/python3.12/site-packages/airflow/providers/common/sql/sensors/sql.py", line 94, in poke
    hook = self._get_hook()
           ^^^^^^^^^^^^^^^^
  File "/home/airflow/.local/lib/python3.12/site-packages/airflow/providers/common/sql/sensors/sql.py", line 84, in _get_hook
    conn = BaseHook.get_connection(self.conn_id)
           ^^^^^^^^^^^^^^^^^^^^^^^^^^^^^^^^^^^^^
  File "/home/airflow/.local/lib/python3.12/site-packages/airflow/hooks/base.py", line 83, in get_connection
    conn = Connection.get_connection_from_secrets(conn_id)
           ^^^^^^^^^^^^^^^^^^^^^^^^^^^^^^^^^^^^^^^^^^^^^^^
  File "/home/airflow/.local/lib/python3.12/site-packages/airflow/models/connection.py", line 519, in get_connection_from_secrets
    raise AirflowNotFoundException(f"The conn_id `{conn_id}` isn't defined")
airflow.exceptions.AirflowNotFoundException: The conn_id `warehouse_pg` isn't defined
[2025-11-12T18:05:29.665+0000] {taskinstance.py:1206} INFO - Marking task as UP_FOR_RETRY. dag_id=warehouse_daily, task_id=wait_for_db, run_id=manual__2025-11-12T18:05:27.074461+00:00, execution_date=20251112T180527, start_date=20251112T180529, end_date=20251112T180529
[2025-11-12T18:05:29.668+0000] {standard_task_runner.py:110} ERROR - Failed to execute job 6 for task wait_for_db (The conn_id `warehouse_pg` isn't defined; 189)
[2025-11-12T18:05:29.687+0000] {local_task_job_runner.py:243} INFO - Task exited with return code 1
[2025-11-12T18:05:29.693+0000] {taskinstance.py:3503} INFO - 0 downstream tasks scheduled from follow-on schedule check
[2025-11-12T18:05:29.694+0000] {local_task_job_runner.py:222} INFO - ::endgroup::
