[2025-11-21T15:43:35.412+0000] {local_task_job_runner.py:120} INFO - ::group::Pre task execution logs
[2025-11-21T15:43:35.420+0000] {taskinstance.py:2076} INFO - Dependencies all met for dep_context=non-requeueable deps ti=<TaskInstance: warehouse_daily.feature_importance_ml manual__2025-11-21T15:32:52.047809+00:00 [queued]>
[2025-11-21T15:43:35.422+0000] {taskinstance.py:2076} INFO - Dependencies all met for dep_context=requeueable deps ti=<TaskInstance: warehouse_daily.feature_importance_ml manual__2025-11-21T15:32:52.047809+00:00 [queued]>
[2025-11-21T15:43:35.422+0000] {taskinstance.py:2306} INFO - Starting attempt 3 of 5
[2025-11-21T15:43:35.426+0000] {taskinstance.py:2330} INFO - Executing <Task(BashOperator): feature_importance_ml> on 2025-11-21 15:32:52.047809+00:00
[2025-11-21T15:43:35.427+0000] {standard_task_runner.py:64} INFO - Started process 9462 to run task
[2025-11-21T15:43:35.428+0000] {standard_task_runner.py:90} INFO - Running: ['airflow', 'tasks', 'run', 'warehouse_daily', 'feature_importance_ml', 'manual__2025-11-21T15:32:52.047809+00:00', '--job-id', '149', '--raw', '--subdir', 'DAGS_FOLDER/warehouse_dag.py', '--cfg-path', '/tmp/tmp09dni0td']
[2025-11-21T15:43:35.429+0000] {standard_task_runner.py:91} INFO - Job 149: Subtask feature_importance_ml
[2025-11-21T15:43:35.439+0000] {task_command.py:426} INFO - Running <TaskInstance: warehouse_daily.feature_importance_ml manual__2025-11-21T15:32:52.047809+00:00 [running]> on host 8b16c83c8b1e
[2025-11-21T15:43:35.506+0000] {taskinstance.py:2648} INFO - Exporting env vars: AIRFLOW_CTX_DAG_OWNER='wyko' AIRFLOW_CTX_DAG_ID='warehouse_daily' AIRFLOW_CTX_TASK_ID='feature_importance_ml' AIRFLOW_CTX_EXECUTION_DATE='2025-11-21T15:32:52.047809+00:00' AIRFLOW_CTX_TRY_NUMBER='3' AIRFLOW_CTX_DAG_RUN_ID='manual__2025-11-21T15:32:52.047809+00:00'
[2025-11-21T15:43:35.506+0000] {taskinstance.py:430} INFO - ::endgroup::
[2025-11-21T15:43:35.510+0000] {subprocess.py:63} INFO - Tmp dir root location: /tmp
[2025-11-21T15:43:35.510+0000] {subprocess.py:75} INFO - Running command: ['/usr/bin/bash', '-c', 'cd /opt/airflow/repo && python ml/feature_importance.py']
[2025-11-21T15:43:35.514+0000] {subprocess.py:86} INFO - Output:
[2025-11-21T15:43:35.865+0000] {subprocess.py:93} INFO - Traceback (most recent call last):
[2025-11-21T15:43:35.865+0000] {subprocess.py:93} INFO -   File "/opt/airflow/repo/ml/feature_importance.py", line 3, in <module>
[2025-11-21T15:43:35.867+0000] {subprocess.py:93} INFO -     import matplotlib.pyplot as plt
[2025-11-21T15:43:35.868+0000] {subprocess.py:93} INFO - ModuleNotFoundError: No module named 'matplotlib'
[2025-11-21T15:43:35.893+0000] {subprocess.py:97} INFO - Command exited with return code 1
[2025-11-21T15:43:35.894+0000] {taskinstance.py:441} INFO - ::group::Post task execution logs
[2025-11-21T15:43:35.896+0000] {taskinstance.py:2905} ERROR - Task failed with exception
Traceback (most recent call last):
  File "/home/airflow/.local/lib/python3.12/site-packages/airflow/models/taskinstance.py", line 465, in _execute_task
    result = _execute_callable(context=context, **execute_callable_kwargs)
             ^^^^^^^^^^^^^^^^^^^^^^^^^^^^^^^^^^^^^^^^^^^^^^^^^^^^^^^^^^^^^
  File "/home/airflow/.local/lib/python3.12/site-packages/airflow/models/taskinstance.py", line 432, in _execute_callable
    return execute_callable(context=context, **execute_callable_kwargs)
           ^^^^^^^^^^^^^^^^^^^^^^^^^^^^^^^^^^^^^^^^^^^^^^^^^^^^^^^^^^^^
  File "/home/airflow/.local/lib/python3.12/site-packages/airflow/models/baseoperator.py", line 401, in wrapper
    return func(self, *args, **kwargs)
           ^^^^^^^^^^^^^^^^^^^^^^^^^^^
  File "/home/airflow/.local/lib/python3.12/site-packages/airflow/operators/bash.py", line 243, in execute
    raise AirflowException(
airflow.exceptions.AirflowException: Bash command failed. The command returned a non-zero exit code 1.
[2025-11-21T15:43:35.897+0000] {taskinstance.py:1206} INFO - Marking task as UP_FOR_RETRY. dag_id=warehouse_daily, task_id=feature_importance_ml, run_id=manual__2025-11-21T15:32:52.047809+00:00, execution_date=20251121T153252, start_date=20251121T154335, end_date=20251121T154335
[2025-11-21T15:43:35.902+0000] {standard_task_runner.py:110} ERROR - Failed to execute job 149 for task feature_importance_ml (Bash command failed. The command returned a non-zero exit code 1.; 9462)
[2025-11-21T15:43:35.913+0000] {local_task_job_runner.py:243} INFO - Task exited with return code 1
[2025-11-21T15:43:35.920+0000] {taskinstance.py:3503} INFO - 0 downstream tasks scheduled from follow-on schedule check
[2025-11-21T15:43:35.920+0000] {local_task_job_runner.py:222} INFO - ::endgroup::
