[2025-11-19T06:40:16.795+0000] {local_task_job_runner.py:120} INFO - ::group::Pre task execution logs
[2025-11-19T06:40:16.803+0000] {taskinstance.py:2076} INFO - Dependencies all met for dep_context=non-requeueable deps ti=<TaskInstance: warehouse_daily.train_models scheduled__2025-11-18T06:00:00+00:00 [queued]>
[2025-11-19T06:40:16.804+0000] {taskinstance.py:2076} INFO - Dependencies all met for dep_context=requeueable deps ti=<TaskInstance: warehouse_daily.train_models scheduled__2025-11-18T06:00:00+00:00 [queued]>
[2025-11-19T06:40:16.805+0000] {taskinstance.py:2306} INFO - Starting attempt 1 of 3
[2025-11-19T06:40:16.808+0000] {taskinstance.py:2330} INFO - Executing <Task(BashOperator): train_models> on 2025-11-18 06:00:00+00:00
[2025-11-19T06:40:16.810+0000] {standard_task_runner.py:64} INFO - Started process 6298 to run task
[2025-11-19T06:40:16.811+0000] {standard_task_runner.py:90} INFO - Running: ['airflow', 'tasks', 'run', 'warehouse_daily', 'train_models', 'scheduled__2025-11-18T06:00:00+00:00', '--job-id', '116', '--raw', '--subdir', 'DAGS_FOLDER/warehouse_dag.py', '--cfg-path', '/tmp/tmphrzz0rl6']
[2025-11-19T06:40:16.812+0000] {standard_task_runner.py:91} INFO - Job 116: Subtask train_models
[2025-11-19T06:40:16.823+0000] {task_command.py:426} INFO - Running <TaskInstance: warehouse_daily.train_models scheduled__2025-11-18T06:00:00+00:00 [running]> on host 8b16c83c8b1e
[2025-11-19T06:40:16.893+0000] {taskinstance.py:2648} INFO - Exporting env vars: AIRFLOW_CTX_DAG_OWNER='wyko' AIRFLOW_CTX_DAG_ID='warehouse_daily' AIRFLOW_CTX_TASK_ID='train_models' AIRFLOW_CTX_EXECUTION_DATE='2025-11-18T06:00:00+00:00' AIRFLOW_CTX_TRY_NUMBER='1' AIRFLOW_CTX_DAG_RUN_ID='scheduled__2025-11-18T06:00:00+00:00'
[2025-11-19T06:40:16.894+0000] {taskinstance.py:430} INFO - ::endgroup::
[2025-11-19T06:40:16.898+0000] {subprocess.py:63} INFO - Tmp dir root location: /tmp
[2025-11-19T06:40:16.898+0000] {subprocess.py:75} INFO - Running command: ['/usr/bin/bash', '-c', 'cd /opt/airflow/repo && python ml/ml_final.py']
[2025-11-19T06:40:16.901+0000] {subprocess.py:86} INFO - Output:
[2025-11-19T07:41:10.221+0000] {subprocess.py:93} INFO - 
[2025-11-19T07:41:10.222+0000] {subprocess.py:93} INFO - === Trenowany model: RandomForest ===
[2025-11-19T07:41:10.222+0000] {subprocess.py:93} INFO - Fitting 2 folds for each of 5 candidates, totalling 10 fits
[2025-11-19T07:41:10.222+0000] {subprocess.py:93} INFO - MAE  = 5,818.97
[2025-11-19T07:41:10.223+0000] {subprocess.py:93} INFO - RMSE = 22,080.96
[2025-11-19T07:41:10.223+0000] {subprocess.py:93} INFO - R²   = 0.9923
[2025-11-19T07:41:10.223+0000] {subprocess.py:93} INFO - Czas trenowania: 1508.19s
[2025-11-19T07:41:10.223+0000] {subprocess.py:93} INFO - 
[2025-11-19T07:41:10.223+0000] {subprocess.py:93} INFO - === Trenowany model: GradientBoosting ===
[2025-11-19T07:41:10.223+0000] {subprocess.py:93} INFO - Fitting 2 folds for each of 5 candidates, totalling 10 fits
[2025-11-19T07:41:10.223+0000] {subprocess.py:93} INFO - MAE  = 10,379.97
[2025-11-19T07:41:10.224+0000] {subprocess.py:93} INFO - RMSE = 24,814.04
[2025-11-19T07:41:10.224+0000] {subprocess.py:93} INFO - R²   = 0.9903
[2025-11-19T07:41:10.224+0000] {subprocess.py:93} INFO - Czas trenowania: 119.94s
[2025-11-19T07:41:10.224+0000] {subprocess.py:93} INFO - 
[2025-11-19T07:41:10.224+0000] {subprocess.py:93} INFO - === Trenowany model: XGBRegressor ===
[2025-11-19T07:41:10.224+0000] {subprocess.py:93} INFO - Fitting 2 folds for each of 5 candidates, totalling 10 fits
[2025-11-19T07:41:10.224+0000] {subprocess.py:93} INFO - MAE  = 11,013.70
[2025-11-19T07:41:10.224+0000] {subprocess.py:93} INFO - RMSE = 24,550.32
[2025-11-19T07:41:10.224+0000] {subprocess.py:93} INFO - R²   = 0.9905
[2025-11-19T07:41:10.225+0000] {subprocess.py:93} INFO - Czas trenowania: 40.24s
[2025-11-19T07:41:10.225+0000] {subprocess.py:93} INFO - 
[2025-11-19T07:41:10.225+0000] {subprocess.py:93} INFO - Zapisano metryki: artifacts/model_metrics.csv
[2025-11-19T07:41:10.225+0000] {subprocess.py:93} INFO - Najlepszy model: RandomForest (MAE=5,818.97)
[2025-11-19T07:41:10.225+0000] {subprocess.py:93} INFO - Zapisano pipeline do: artifacts/best_model_RandomForest.joblib
[2025-11-19T07:41:10.343+0000] {subprocess.py:97} INFO - Command exited with return code 0
[2025-11-19T07:41:10.343+0000] {taskinstance.py:441} INFO - ::group::Post task execution logs
[2025-11-19T07:41:10.353+0000] {taskinstance.py:1206} INFO - Marking task as SUCCESS. dag_id=warehouse_daily, task_id=train_models, run_id=scheduled__2025-11-18T06:00:00+00:00, execution_date=20251118T060000, start_date=20251119T064016, end_date=20251119T074110
[2025-11-19T07:41:10.388+0000] {local_task_job_runner.py:243} INFO - Task exited with return code 0
[2025-11-19T07:41:10.393+0000] {taskinstance.py:3503} INFO - 0 downstream tasks scheduled from follow-on schedule check
[2025-11-19T07:41:10.394+0000] {local_task_job_runner.py:222} INFO - ::endgroup::
