[2025-11-21T06:45:38.212+0000] {local_task_job_runner.py:120} INFO - ::group::Pre task execution logs
[2025-11-21T06:45:38.220+0000] {taskinstance.py:2076} INFO - Dependencies all met for dep_context=non-requeueable deps ti=<TaskInstance: warehouse_daily.silver_cast_normalize scheduled__2025-11-20T06:00:00+00:00 [queued]>
[2025-11-21T06:45:38.221+0000] {taskinstance.py:2076} INFO - Dependencies all met for dep_context=requeueable deps ti=<TaskInstance: warehouse_daily.silver_cast_normalize scheduled__2025-11-20T06:00:00+00:00 [queued]>
[2025-11-21T06:45:38.221+0000] {taskinstance.py:2306} INFO - Starting attempt 1 of 3
[2025-11-21T06:45:38.225+0000] {taskinstance.py:2330} INFO - Executing <Task(SQLExecuteQueryOperator): silver_cast_normalize> on 2025-11-20 06:00:00+00:00
[2025-11-21T06:45:38.227+0000] {standard_task_runner.py:64} INFO - Started process 7900 to run task
[2025-11-21T06:45:38.228+0000] {standard_task_runner.py:90} INFO - Running: ['airflow', 'tasks', 'run', 'warehouse_daily', 'silver_cast_normalize', 'scheduled__2025-11-20T06:00:00+00:00', '--job-id', '132', '--raw', '--subdir', 'DAGS_FOLDER/warehouse_dag.py', '--cfg-path', '/tmp/tmp02jakpzt']
[2025-11-21T06:45:38.229+0000] {standard_task_runner.py:91} INFO - Job 132: Subtask silver_cast_normalize
[2025-11-21T06:45:38.240+0000] {task_command.py:426} INFO - Running <TaskInstance: warehouse_daily.silver_cast_normalize scheduled__2025-11-20T06:00:00+00:00 [running]> on host 8b16c83c8b1e
[2025-11-21T06:45:38.319+0000] {taskinstance.py:2648} INFO - Exporting env vars: AIRFLOW_CTX_DAG_OWNER='wyko' AIRFLOW_CTX_DAG_ID='warehouse_daily' AIRFLOW_CTX_TASK_ID='silver_cast_normalize' AIRFLOW_CTX_EXECUTION_DATE='2025-11-20T06:00:00+00:00' AIRFLOW_CTX_TRY_NUMBER='1' AIRFLOW_CTX_DAG_RUN_ID='scheduled__2025-11-20T06:00:00+00:00'
[2025-11-21T06:45:38.319+0000] {taskinstance.py:430} INFO - ::endgroup::
[2025-11-21T06:45:38.323+0000] {sql.py:282} INFO - Executing: create or replace view silver.housing_clean as
	select
	
    replace(listing_id::text, ',', '')::BIGINT           AS listing_id,
    NULLIF(TRIM("date"), '')::date                       AS listing_date,

    CASE WHEN city IS NULL OR TRIM(city) = '' 
         THEN NULL ELSE INITCAP(TRIM(city)) END          AS city,
         
    CASE WHEN district IS NULL OR TRIM(district) = '' 
         THEN NULL ELSE INITCAP(TRIM(district)) END      AS district,
         
    NULLIF(TRIM(postal_code), '')                        AS postal_code,

    -- liczby całkowite
    rooms::int                                           AS rooms,
    floor::int                                           AS floor,
    total_floors::int                                    AS total_floors,
    REPLACE(year_built::text, ',', '')::int                    AS year_built,
    


    ROUND(area_sqm::numeric, 2)::numeric(12,2)           AS area_sqm,
    ROUND(distance_center_km::numeric, 2)::numeric(12,2) AS distance_center_km,


    (price_sqm::numeric)::numeric(18,2)                  AS price_sqm,
    (price_total::numeric)::numeric(18,2)                AS price_total,
    
	has_elevator


from silver.housing_typed;
[2025-11-21T06:45:38.324+0000] {crypto.py:82} WARNING - empty cryptography key - values will not be stored encrypted.
[2025-11-21T06:45:38.324+0000] {base.py:84} INFO - Using connection ID 'warehouse_pg' for task execution.
[2025-11-21T06:45:38.340+0000] {base.py:84} INFO - Using connection ID 'warehouse_pg' for task execution.
[2025-11-21T06:45:38.345+0000] {sql.py:495} INFO - Running statement: create or replace view silver.housing_clean as
	select
	
    replace(listing_id::text, ',', '')::BIGINT           AS listing_id,
    NULLIF(TRIM("date"), '')::date                       AS listing_date,

    CASE WHEN city IS NULL OR TRIM(city) = '' 
         THEN NULL ELSE INITCAP(TRIM(city)) END          AS city,
         
    CASE WHEN district IS NULL OR TRIM(district) = '' 
         THEN NULL ELSE INITCAP(TRIM(district)) END      AS district,
         
    NULLIF(TRIM(postal_code), '')                        AS postal_code,

    -- liczby całkowite
    rooms::int                                           AS rooms,
    floor::int                                           AS floor,
    total_floors::int                                    AS total_floors,
    REPLACE(year_built::text, ',', '')::int                    AS year_built,
    


    ROUND(area_sqm::numeric, 2)::numeric(12,2)           AS area_sqm,
    ROUND(distance_center_km::numeric, 2)::numeric(12,2) AS distance_center_km,


    (price_sqm::numeric)::numeric(18,2)                  AS price_sqm,
    (price_total::numeric)::numeric(18,2)                AS price_total,
    
	has_elevator


from silver.housing_typed;, parameters: None
[2025-11-21T06:45:38.348+0000] {taskinstance.py:441} INFO - ::group::Post task execution logs
[2025-11-21T06:45:38.350+0000] {taskinstance.py:1206} INFO - Marking task as SUCCESS. dag_id=warehouse_daily, task_id=silver_cast_normalize, run_id=scheduled__2025-11-20T06:00:00+00:00, execution_date=20251120T060000, start_date=20251121T064538, end_date=20251121T064538
[2025-11-21T06:45:38.372+0000] {local_task_job_runner.py:243} INFO - Task exited with return code 0
[2025-11-21T06:45:38.379+0000] {taskinstance.py:3503} INFO - 1 downstream tasks scheduled from follow-on schedule check
[2025-11-21T06:45:38.381+0000] {local_task_job_runner.py:222} INFO - ::endgroup::
[2025-11-21T15:58:34.807+0000] {local_task_job_runner.py:120} INFO - ::group::Pre task execution logs
[2025-11-21T15:58:34.815+0000] {taskinstance.py:2076} INFO - Dependencies all met for dep_context=non-requeueable deps ti=<TaskInstance: warehouse_daily.silver_cast_normalize scheduled__2025-11-20T06:00:00+00:00 [queued]>
[2025-11-21T15:58:34.816+0000] {taskinstance.py:2076} INFO - Dependencies all met for dep_context=requeueable deps ti=<TaskInstance: warehouse_daily.silver_cast_normalize scheduled__2025-11-20T06:00:00+00:00 [queued]>
[2025-11-21T15:58:34.817+0000] {taskinstance.py:2306} INFO - Starting attempt 1 of 3
[2025-11-21T15:58:34.820+0000] {taskinstance.py:2330} INFO - Executing <Task(SQLExecuteQueryOperator): silver_cast_normalize> on 2025-11-20 06:00:00+00:00
[2025-11-21T15:58:34.822+0000] {standard_task_runner.py:64} INFO - Started process 482 to run task
[2025-11-21T15:58:34.823+0000] {standard_task_runner.py:90} INFO - Running: ['airflow', 'tasks', 'run', 'warehouse_daily', 'silver_cast_normalize', 'scheduled__2025-11-20T06:00:00+00:00', '--job-id', '12', '--raw', '--subdir', 'DAGS_FOLDER/warehouse_dag.py', '--cfg-path', '/tmp/tmpniwwb_1m']
[2025-11-21T15:58:34.824+0000] {standard_task_runner.py:91} INFO - Job 12: Subtask silver_cast_normalize
[2025-11-21T15:58:34.836+0000] {task_command.py:426} INFO - Running <TaskInstance: warehouse_daily.silver_cast_normalize scheduled__2025-11-20T06:00:00+00:00 [running]> on host 584e6fca837f
[2025-11-21T15:58:34.911+0000] {taskinstance.py:2648} INFO - Exporting env vars: AIRFLOW_CTX_DAG_OWNER='wyko' AIRFLOW_CTX_DAG_ID='warehouse_daily' AIRFLOW_CTX_TASK_ID='silver_cast_normalize' AIRFLOW_CTX_EXECUTION_DATE='2025-11-20T06:00:00+00:00' AIRFLOW_CTX_TRY_NUMBER='1' AIRFLOW_CTX_DAG_RUN_ID='scheduled__2025-11-20T06:00:00+00:00'
[2025-11-21T15:58:34.911+0000] {taskinstance.py:430} INFO - ::endgroup::
[2025-11-21T15:58:34.915+0000] {sql.py:282} INFO - Executing: create or replace view silver.housing_clean as
	select
	
    replace(listing_id::text, ',', '')::BIGINT           AS listing_id,
    NULLIF(TRIM("date"), '')::date                       AS listing_date,

    CASE WHEN city IS NULL OR TRIM(city) = '' 
         THEN NULL ELSE INITCAP(TRIM(city)) END          AS city,
         
    CASE WHEN district IS NULL OR TRIM(district) = '' 
         THEN NULL ELSE INITCAP(TRIM(district)) END      AS district,
         
    NULLIF(TRIM(postal_code), '')                        AS postal_code,

    -- liczby całkowite
    rooms::int                                           AS rooms,
    floor::int                                           AS floor,
    total_floors::int                                    AS total_floors,
    REPLACE(year_built::text, ',', '')::int                    AS year_built,
    


    ROUND(area_sqm::numeric, 2)::numeric(12,2)           AS area_sqm,
    ROUND(distance_center_km::numeric, 2)::numeric(12,2) AS distance_center_km,


    (price_sqm::numeric)::numeric(18,2)                  AS price_sqm,
    (price_total::numeric)::numeric(18,2)                AS price_total,
    
	has_elevator


from silver.housing_typed;
[2025-11-21T15:58:34.916+0000] {crypto.py:82} WARNING - empty cryptography key - values will not be stored encrypted.
[2025-11-21T15:58:34.916+0000] {base.py:84} INFO - Using connection ID 'warehouse_pg' for task execution.
[2025-11-21T15:58:34.931+0000] {base.py:84} INFO - Using connection ID 'warehouse_pg' for task execution.
[2025-11-21T15:58:34.939+0000] {sql.py:495} INFO - Running statement: create or replace view silver.housing_clean as
	select
	
    replace(listing_id::text, ',', '')::BIGINT           AS listing_id,
    NULLIF(TRIM("date"), '')::date                       AS listing_date,

    CASE WHEN city IS NULL OR TRIM(city) = '' 
         THEN NULL ELSE INITCAP(TRIM(city)) END          AS city,
         
    CASE WHEN district IS NULL OR TRIM(district) = '' 
         THEN NULL ELSE INITCAP(TRIM(district)) END      AS district,
         
    NULLIF(TRIM(postal_code), '')                        AS postal_code,

    -- liczby całkowite
    rooms::int                                           AS rooms,
    floor::int                                           AS floor,
    total_floors::int                                    AS total_floors,
    REPLACE(year_built::text, ',', '')::int                    AS year_built,
    


    ROUND(area_sqm::numeric, 2)::numeric(12,2)           AS area_sqm,
    ROUND(distance_center_km::numeric, 2)::numeric(12,2) AS distance_center_km,


    (price_sqm::numeric)::numeric(18,2)                  AS price_sqm,
    (price_total::numeric)::numeric(18,2)                AS price_total,
    
	has_elevator


from silver.housing_typed;, parameters: None
[2025-11-21T15:58:34.941+0000] {taskinstance.py:441} INFO - ::group::Post task execution logs
[2025-11-21T15:58:34.943+0000] {taskinstance.py:1206} INFO - Marking task as SUCCESS. dag_id=warehouse_daily, task_id=silver_cast_normalize, run_id=scheduled__2025-11-20T06:00:00+00:00, execution_date=20251120T060000, start_date=20251121T155834, end_date=20251121T155834
[2025-11-21T15:58:34.968+0000] {local_task_job_runner.py:243} INFO - Task exited with return code 0
[2025-11-21T15:58:34.975+0000] {taskinstance.py:3503} INFO - 1 downstream tasks scheduled from follow-on schedule check
[2025-11-21T15:58:34.976+0000] {local_task_job_runner.py:222} INFO - ::endgroup::
[2025-11-21T16:15:01.525+0000] {local_task_job_runner.py:120} INFO - ::group::Pre task execution logs
[2025-11-21T16:15:01.533+0000] {taskinstance.py:2076} INFO - Dependencies all met for dep_context=non-requeueable deps ti=<TaskInstance: warehouse_daily.silver_cast_normalize scheduled__2025-11-20T06:00:00+00:00 [queued]>
[2025-11-21T16:15:01.535+0000] {taskinstance.py:2076} INFO - Dependencies all met for dep_context=requeueable deps ti=<TaskInstance: warehouse_daily.silver_cast_normalize scheduled__2025-11-20T06:00:00+00:00 [queued]>
[2025-11-21T16:15:01.535+0000] {taskinstance.py:2306} INFO - Starting attempt 1 of 3
[2025-11-21T16:15:01.538+0000] {taskinstance.py:2330} INFO - Executing <Task(SQLExecuteQueryOperator): silver_cast_normalize> on 2025-11-20 06:00:00+00:00
[2025-11-21T16:15:01.540+0000] {standard_task_runner.py:64} INFO - Started process 464 to run task
[2025-11-21T16:15:01.541+0000] {standard_task_runner.py:90} INFO - Running: ['airflow', 'tasks', 'run', 'warehouse_daily', 'silver_cast_normalize', 'scheduled__2025-11-20T06:00:00+00:00', '--job-id', '12', '--raw', '--subdir', 'DAGS_FOLDER/warehouse_dag.py', '--cfg-path', '/tmp/tmpp_w0mfmk']
[2025-11-21T16:15:01.542+0000] {standard_task_runner.py:91} INFO - Job 12: Subtask silver_cast_normalize
[2025-11-21T16:15:01.553+0000] {task_command.py:426} INFO - Running <TaskInstance: warehouse_daily.silver_cast_normalize scheduled__2025-11-20T06:00:00+00:00 [running]> on host 4e64c7378c33
[2025-11-21T16:15:01.622+0000] {taskinstance.py:2648} INFO - Exporting env vars: AIRFLOW_CTX_DAG_OWNER='wyko' AIRFLOW_CTX_DAG_ID='warehouse_daily' AIRFLOW_CTX_TASK_ID='silver_cast_normalize' AIRFLOW_CTX_EXECUTION_DATE='2025-11-20T06:00:00+00:00' AIRFLOW_CTX_TRY_NUMBER='1' AIRFLOW_CTX_DAG_RUN_ID='scheduled__2025-11-20T06:00:00+00:00'
[2025-11-21T16:15:01.622+0000] {taskinstance.py:430} INFO - ::endgroup::
[2025-11-21T16:15:01.627+0000] {sql.py:282} INFO - Executing: create or replace view silver.housing_clean as
	select
	
    replace(listing_id::text, ',', '')::BIGINT           AS listing_id,
    NULLIF(TRIM("date"), '')::date                       AS listing_date,

    CASE WHEN city IS NULL OR TRIM(city) = '' 
         THEN NULL ELSE INITCAP(TRIM(city)) END          AS city,
         
    CASE WHEN district IS NULL OR TRIM(district) = '' 
         THEN NULL ELSE INITCAP(TRIM(district)) END      AS district,
         
    NULLIF(TRIM(postal_code), '')                        AS postal_code,

    -- liczby całkowite
    rooms::int                                           AS rooms,
    floor::int                                           AS floor,
    total_floors::int                                    AS total_floors,
    REPLACE(year_built::text, ',', '')::int                    AS year_built,
    


    ROUND(area_sqm::numeric, 2)::numeric(12,2)           AS area_sqm,
    ROUND(distance_center_km::numeric, 2)::numeric(12,2) AS distance_center_km,


    (price_sqm::numeric)::numeric(18,2)                  AS price_sqm,
    (price_total::numeric)::numeric(18,2)                AS price_total,
    
	has_elevator


from silver.housing_typed;
[2025-11-21T16:15:01.627+0000] {crypto.py:82} WARNING - empty cryptography key - values will not be stored encrypted.
[2025-11-21T16:15:01.627+0000] {base.py:84} INFO - Using connection ID 'warehouse_pg' for task execution.
[2025-11-21T16:15:01.643+0000] {base.py:84} INFO - Using connection ID 'warehouse_pg' for task execution.
[2025-11-21T16:15:01.649+0000] {sql.py:495} INFO - Running statement: create or replace view silver.housing_clean as
	select
	
    replace(listing_id::text, ',', '')::BIGINT           AS listing_id,
    NULLIF(TRIM("date"), '')::date                       AS listing_date,

    CASE WHEN city IS NULL OR TRIM(city) = '' 
         THEN NULL ELSE INITCAP(TRIM(city)) END          AS city,
         
    CASE WHEN district IS NULL OR TRIM(district) = '' 
         THEN NULL ELSE INITCAP(TRIM(district)) END      AS district,
         
    NULLIF(TRIM(postal_code), '')                        AS postal_code,

    -- liczby całkowite
    rooms::int                                           AS rooms,
    floor::int                                           AS floor,
    total_floors::int                                    AS total_floors,
    REPLACE(year_built::text, ',', '')::int                    AS year_built,
    


    ROUND(area_sqm::numeric, 2)::numeric(12,2)           AS area_sqm,
    ROUND(distance_center_km::numeric, 2)::numeric(12,2) AS distance_center_km,


    (price_sqm::numeric)::numeric(18,2)                  AS price_sqm,
    (price_total::numeric)::numeric(18,2)                AS price_total,
    
	has_elevator


from silver.housing_typed;, parameters: None
[2025-11-21T16:15:01.652+0000] {taskinstance.py:441} INFO - ::group::Post task execution logs
[2025-11-21T16:15:01.654+0000] {taskinstance.py:1206} INFO - Marking task as SUCCESS. dag_id=warehouse_daily, task_id=silver_cast_normalize, run_id=scheduled__2025-11-20T06:00:00+00:00, execution_date=20251120T060000, start_date=20251121T161501, end_date=20251121T161501
[2025-11-21T16:15:01.689+0000] {local_task_job_runner.py:243} INFO - Task exited with return code 0
[2025-11-21T16:15:01.696+0000] {taskinstance.py:3503} INFO - 1 downstream tasks scheduled from follow-on schedule check
[2025-11-21T16:15:01.698+0000] {local_task_job_runner.py:222} INFO - ::endgroup::
