[2025-11-13T06:06:49.920+0000] {local_task_job_runner.py:120} INFO - ::group::Pre task execution logs
[2025-11-13T06:06:49.939+0000] {taskinstance.py:2076} INFO - Dependencies all met for dep_context=non-requeueable deps ti=<TaskInstance: warehouse_daily.load_processed_to_pg scheduled__2025-11-12T06:00:00+00:00 [queued]>
[2025-11-13T06:06:49.944+0000] {taskinstance.py:2076} INFO - Dependencies all met for dep_context=requeueable deps ti=<TaskInstance: warehouse_daily.load_processed_to_pg scheduled__2025-11-12T06:00:00+00:00 [queued]>
[2025-11-13T06:06:49.944+0000] {taskinstance.py:2306} INFO - Starting attempt 1 of 3
[2025-11-13T06:06:49.953+0000] {taskinstance.py:2330} INFO - Executing <Task(BashOperator): load_processed_to_pg> on 2025-11-12 06:00:00+00:00
[2025-11-13T06:06:49.956+0000] {standard_task_runner.py:64} INFO - Started process 1336 to run task
[2025-11-13T06:06:49.959+0000] {standard_task_runner.py:90} INFO - Running: ['airflow', 'tasks', 'run', 'warehouse_daily', 'load_processed_to_pg', 'scheduled__2025-11-12T06:00:00+00:00', '--job-id', '50', '--raw', '--subdir', 'DAGS_FOLDER/warehouse_dag.py', '--cfg-path', '/tmp/tmpecvz4tm6']
[2025-11-13T06:06:49.961+0000] {standard_task_runner.py:91} INFO - Job 50: Subtask load_processed_to_pg
[2025-11-13T06:06:49.989+0000] {task_command.py:426} INFO - Running <TaskInstance: warehouse_daily.load_processed_to_pg scheduled__2025-11-12T06:00:00+00:00 [running]> on host 6561605caf49
[2025-11-13T06:06:50.169+0000] {taskinstance.py:2648} INFO - Exporting env vars: AIRFLOW_CTX_DAG_OWNER='wyko' AIRFLOW_CTX_DAG_ID='warehouse_daily' AIRFLOW_CTX_TASK_ID='load_processed_to_pg' AIRFLOW_CTX_EXECUTION_DATE='2025-11-12T06:00:00+00:00' AIRFLOW_CTX_TRY_NUMBER='1' AIRFLOW_CTX_DAG_RUN_ID='scheduled__2025-11-12T06:00:00+00:00'
[2025-11-13T06:06:50.170+0000] {taskinstance.py:430} INFO - ::endgroup::
[2025-11-13T06:06:50.181+0000] {subprocess.py:63} INFO - Tmp dir root location: /tmp
[2025-11-13T06:06:50.182+0000] {subprocess.py:75} INFO - Running command: ['/usr/bin/bash', '-c', 'python /opt/airflow/repo/etl/load.py']
[2025-11-13T06:06:50.191+0000] {subprocess.py:86} INFO - Output:
[2025-11-13T06:22:25.833+0000] {subprocess.py:93} INFO -  Loaded to Postgres public.housing
[2025-11-13T06:22:26.097+0000] {subprocess.py:97} INFO - Command exited with return code 0
[2025-11-13T06:22:26.098+0000] {taskinstance.py:441} INFO - ::group::Post task execution logs
[2025-11-13T06:22:26.115+0000] {taskinstance.py:1206} INFO - Marking task as SUCCESS. dag_id=warehouse_daily, task_id=load_processed_to_pg, run_id=scheduled__2025-11-12T06:00:00+00:00, execution_date=20251112T060000, start_date=20251113T060649, end_date=20251113T062226
[2025-11-13T06:22:26.138+0000] {local_task_job_runner.py:243} INFO - Task exited with return code 0
[2025-11-13T06:22:26.153+0000] {taskinstance.py:3503} INFO - 2 downstream tasks scheduled from follow-on schedule check
[2025-11-13T06:22:26.156+0000] {local_task_job_runner.py:222} INFO - ::endgroup::
[2025-11-13T09:52:06.517+0000] {local_task_job_runner.py:120} INFO - ::group::Pre task execution logs
[2025-11-13T09:52:06.524+0000] {taskinstance.py:2076} INFO - Dependencies all met for dep_context=non-requeueable deps ti=<TaskInstance: warehouse_daily.load_processed_to_pg scheduled__2025-11-12T06:00:00+00:00 [queued]>
[2025-11-13T09:52:06.526+0000] {taskinstance.py:2076} INFO - Dependencies all met for dep_context=requeueable deps ti=<TaskInstance: warehouse_daily.load_processed_to_pg scheduled__2025-11-12T06:00:00+00:00 [queued]>
[2025-11-13T09:52:06.526+0000] {taskinstance.py:2306} INFO - Starting attempt 1 of 3
[2025-11-13T09:52:06.530+0000] {taskinstance.py:2330} INFO - Executing <Task(BashOperator): load_processed_to_pg> on 2025-11-12 06:00:00+00:00
[2025-11-13T09:52:06.531+0000] {standard_task_runner.py:64} INFO - Started process 361 to run task
[2025-11-13T09:52:06.532+0000] {standard_task_runner.py:90} INFO - Running: ['airflow', 'tasks', 'run', 'warehouse_daily', 'load_processed_to_pg', 'scheduled__2025-11-12T06:00:00+00:00', '--job-id', '9', '--raw', '--subdir', 'DAGS_FOLDER/warehouse_dag.py', '--cfg-path', '/tmp/tmp3a9irq0q']
[2025-11-13T09:52:06.533+0000] {standard_task_runner.py:91} INFO - Job 9: Subtask load_processed_to_pg
[2025-11-13T09:52:06.544+0000] {task_command.py:426} INFO - Running <TaskInstance: warehouse_daily.load_processed_to_pg scheduled__2025-11-12T06:00:00+00:00 [running]> on host 1e1b3e3b62cf
[2025-11-13T09:52:06.560+0000] {taskinstance.py:2648} INFO - Exporting env vars: AIRFLOW_CTX_DAG_OWNER='wyko' AIRFLOW_CTX_DAG_ID='warehouse_daily' AIRFLOW_CTX_TASK_ID='load_processed_to_pg' AIRFLOW_CTX_EXECUTION_DATE='2025-11-12T06:00:00+00:00' AIRFLOW_CTX_TRY_NUMBER='1' AIRFLOW_CTX_DAG_RUN_ID='scheduled__2025-11-12T06:00:00+00:00'
[2025-11-13T09:52:06.560+0000] {taskinstance.py:430} INFO - ::endgroup::
[2025-11-13T09:52:06.612+0000] {subprocess.py:63} INFO - Tmp dir root location: /tmp
[2025-11-13T09:52:06.612+0000] {subprocess.py:75} INFO - Running command: ['/usr/bin/bash', '-c', 'python /opt/airflow/repo/etl/load.py']
[2025-11-13T09:52:06.615+0000] {subprocess.py:86} INFO - Output:
[2025-11-13T09:52:27.860+0000] {subprocess.py:93} INFO -  Loaded to Postgres public.housing
[2025-11-13T09:52:27.952+0000] {subprocess.py:97} INFO - Command exited with return code 0
[2025-11-13T09:52:27.952+0000] {taskinstance.py:441} INFO - ::group::Post task execution logs
[2025-11-13T09:52:27.960+0000] {taskinstance.py:1206} INFO - Marking task as SUCCESS. dag_id=warehouse_daily, task_id=load_processed_to_pg, run_id=scheduled__2025-11-12T06:00:00+00:00, execution_date=20251112T060000, start_date=20251113T095206, end_date=20251113T095227
[2025-11-13T09:52:27.996+0000] {local_task_job_runner.py:243} INFO - Task exited with return code 0
[2025-11-13T09:52:28.002+0000] {taskinstance.py:3503} INFO - 2 downstream tasks scheduled from follow-on schedule check
[2025-11-13T09:52:28.004+0000] {local_task_job_runner.py:222} INFO - ::endgroup::
