[2025-11-13T13:42:52.953+0000] {local_task_job_runner.py:120} INFO - ::group::Pre task execution logs
[2025-11-13T13:42:52.962+0000] {taskinstance.py:2076} INFO - Dependencies all met for dep_context=non-requeueable deps ti=<TaskInstance: warehouse_daily.extract_to_minio manual__2025-11-13T13:42:49.210595+00:00 [queued]>
[2025-11-13T13:42:52.964+0000] {taskinstance.py:2076} INFO - Dependencies all met for dep_context=requeueable deps ti=<TaskInstance: warehouse_daily.extract_to_minio manual__2025-11-13T13:42:49.210595+00:00 [queued]>
[2025-11-13T13:42:52.964+0000] {taskinstance.py:2306} INFO - Starting attempt 1 of 3
[2025-11-13T13:42:52.968+0000] {taskinstance.py:2330} INFO - Executing <Task(BashOperator): extract_to_minio> on 2025-11-13 13:42:49.210595+00:00
[2025-11-13T13:42:52.970+0000] {standard_task_runner.py:64} INFO - Started process 965 to run task
[2025-11-13T13:42:52.971+0000] {standard_task_runner.py:90} INFO - Running: ['airflow', 'tasks', 'run', 'warehouse_daily', 'extract_to_minio', 'manual__2025-11-13T13:42:49.210595+00:00', '--job-id', '22', '--raw', '--subdir', 'DAGS_FOLDER/warehouse_dag.py', '--cfg-path', '/tmp/tmpqmadn982']
[2025-11-13T13:42:52.972+0000] {standard_task_runner.py:91} INFO - Job 22: Subtask extract_to_minio
[2025-11-13T13:42:52.983+0000] {task_command.py:426} INFO - Running <TaskInstance: warehouse_daily.extract_to_minio manual__2025-11-13T13:42:49.210595+00:00 [running]> on host 1e1b3e3b62cf
[2025-11-13T13:42:53.059+0000] {taskinstance.py:2648} INFO - Exporting env vars: AIRFLOW_CTX_DAG_OWNER='wyko' AIRFLOW_CTX_DAG_ID='warehouse_daily' AIRFLOW_CTX_TASK_ID='extract_to_minio' AIRFLOW_CTX_EXECUTION_DATE='2025-11-13T13:42:49.210595+00:00' AIRFLOW_CTX_TRY_NUMBER='1' AIRFLOW_CTX_DAG_RUN_ID='manual__2025-11-13T13:42:49.210595+00:00'
[2025-11-13T13:42:53.060+0000] {taskinstance.py:430} INFO - ::endgroup::
[2025-11-13T13:42:53.064+0000] {subprocess.py:63} INFO - Tmp dir root location: /tmp
[2025-11-13T13:42:53.064+0000] {subprocess.py:75} INFO - Running command: ['/usr/bin/bash', '-c', 'cd /opt/airflow/repo && python etl/extract.py']
[2025-11-13T13:42:53.067+0000] {subprocess.py:86} INFO - Output:
[2025-11-13T13:42:56.582+0000] {subprocess.py:93} INFO - Succesfully Uploaded data/raw/housing_800k.csv → s3://raw/housing_800k.csv  (rows=800,000)
[2025-11-13T13:42:56.642+0000] {subprocess.py:97} INFO - Command exited with return code 0
[2025-11-13T13:42:56.643+0000] {taskinstance.py:441} INFO - ::group::Post task execution logs
[2025-11-13T13:42:56.650+0000] {taskinstance.py:1206} INFO - Marking task as SUCCESS. dag_id=warehouse_daily, task_id=extract_to_minio, run_id=manual__2025-11-13T13:42:49.210595+00:00, execution_date=20251113T134249, start_date=20251113T134252, end_date=20251113T134256
[2025-11-13T13:42:56.683+0000] {local_task_job_runner.py:243} INFO - Task exited with return code 0
[2025-11-13T13:42:56.690+0000] {taskinstance.py:3503} INFO - 1 downstream tasks scheduled from follow-on schedule check
[2025-11-13T13:42:56.691+0000] {local_task_job_runner.py:222} INFO - ::endgroup::
