[2025-11-16T07:20:10.763+0000] {local_task_job_runner.py:120} INFO - ::group::Pre task execution logs
[2025-11-16T07:20:10.781+0000] {taskinstance.py:2076} INFO - Dependencies all met for dep_context=non-requeueable deps ti=<TaskInstance: warehouse_daily.transform_to_parquet scheduled__2025-11-15T06:00:00+00:00 [queued]>
[2025-11-16T07:20:10.785+0000] {taskinstance.py:2076} INFO - Dependencies all met for dep_context=requeueable deps ti=<TaskInstance: warehouse_daily.transform_to_parquet scheduled__2025-11-15T06:00:00+00:00 [queued]>
[2025-11-16T07:20:10.785+0000] {taskinstance.py:2306} INFO - Starting attempt 1 of 3
[2025-11-16T07:20:10.794+0000] {taskinstance.py:2330} INFO - Executing <Task(BashOperator): transform_to_parquet> on 2025-11-15 06:00:00+00:00
[2025-11-16T07:20:10.807+0000] {standard_task_runner.py:64} INFO - Started process 3826 to run task
[2025-11-16T07:20:10.810+0000] {standard_task_runner.py:90} INFO - Running: ['airflow', 'tasks', 'run', 'warehouse_daily', 'transform_to_parquet', 'scheduled__2025-11-15T06:00:00+00:00', '--job-id', '79', '--raw', '--subdir', 'DAGS_FOLDER/warehouse_dag.py', '--cfg-path', '/tmp/tmpbwxfddw4']
[2025-11-16T07:20:10.812+0000] {standard_task_runner.py:91} INFO - Job 79: Subtask transform_to_parquet
[2025-11-16T07:20:10.835+0000] {task_command.py:426} INFO - Running <TaskInstance: warehouse_daily.transform_to_parquet scheduled__2025-11-15T06:00:00+00:00 [running]> on host 8b16c83c8b1e
[2025-11-16T07:20:10.973+0000] {taskinstance.py:2648} INFO - Exporting env vars: AIRFLOW_CTX_DAG_OWNER='wyko' AIRFLOW_CTX_DAG_ID='warehouse_daily' AIRFLOW_CTX_TASK_ID='transform_to_parquet' AIRFLOW_CTX_EXECUTION_DATE='2025-11-15T06:00:00+00:00' AIRFLOW_CTX_TRY_NUMBER='1' AIRFLOW_CTX_DAG_RUN_ID='scheduled__2025-11-15T06:00:00+00:00'
[2025-11-16T07:20:10.974+0000] {taskinstance.py:430} INFO - ::endgroup::
[2025-11-16T07:20:10.983+0000] {subprocess.py:63} INFO - Tmp dir root location: /tmp
[2025-11-16T07:20:10.984+0000] {subprocess.py:75} INFO - Running command: ['/usr/bin/bash', '-c', 'python /opt/airflow/repo/etl/transform.py --src housing_800k.csv --dst housing_800k.parquet']
[2025-11-16T07:20:10.989+0000] {subprocess.py:86} INFO - Output:
[2025-11-16T07:20:21.416+0000] {subprocess.py:93} INFO -  Processed 800,000 rows → s3://processed/housing_800k.parquet
[2025-11-16T07:20:21.856+0000] {subprocess.py:97} INFO - Command exited with return code 0
[2025-11-16T07:20:21.858+0000] {taskinstance.py:441} INFO - ::group::Post task execution logs
[2025-11-16T07:20:21.884+0000] {taskinstance.py:1206} INFO - Marking task as SUCCESS. dag_id=warehouse_daily, task_id=transform_to_parquet, run_id=scheduled__2025-11-15T06:00:00+00:00, execution_date=20251115T060000, start_date=20251116T072010, end_date=20251116T072021
[2025-11-16T07:20:21.927+0000] {local_task_job_runner.py:243} INFO - Task exited with return code 0
[2025-11-16T07:20:21.952+0000] {taskinstance.py:3503} INFO - 1 downstream tasks scheduled from follow-on schedule check
[2025-11-16T07:20:21.959+0000] {local_task_job_runner.py:222} INFO - ::endgroup::
