[2025-11-21T16:18:13.953+0000] {local_task_job_runner.py:120} INFO - ::group::Pre task execution logs
[2025-11-21T16:18:13.961+0000] {taskinstance.py:2076} INFO - Dependencies all met for dep_context=non-requeueable deps ti=<TaskInstance: warehouse_daily.shap_explainer_ml manual__2025-11-21T16:13:54.669748+00:00 [queued]>
[2025-11-21T16:18:13.963+0000] {taskinstance.py:2076} INFO - Dependencies all met for dep_context=requeueable deps ti=<TaskInstance: warehouse_daily.shap_explainer_ml manual__2025-11-21T16:13:54.669748+00:00 [queued]>
[2025-11-21T16:18:13.964+0000] {taskinstance.py:2306} INFO - Starting attempt 1 of 3
[2025-11-21T16:18:13.967+0000] {taskinstance.py:2330} INFO - Executing <Task(BashOperator): shap_explainer_ml> on 2025-11-21 16:13:54.669748+00:00
[2025-11-21T16:18:13.969+0000] {standard_task_runner.py:64} INFO - Started process 1660 to run task
[2025-11-21T16:18:13.970+0000] {standard_task_runner.py:90} INFO - Running: ['airflow', 'tasks', 'run', 'warehouse_daily', 'shap_explainer_ml', 'manual__2025-11-21T16:13:54.669748+00:00', '--job-id', '26', '--raw', '--subdir', 'DAGS_FOLDER/warehouse_dag.py', '--cfg-path', '/tmp/tmpkyr2tcr8']
[2025-11-21T16:18:13.971+0000] {standard_task_runner.py:91} INFO - Job 26: Subtask shap_explainer_ml
[2025-11-21T16:18:13.984+0000] {task_command.py:426} INFO - Running <TaskInstance: warehouse_daily.shap_explainer_ml manual__2025-11-21T16:13:54.669748+00:00 [running]> on host 4e64c7378c33
[2025-11-21T16:18:14.058+0000] {taskinstance.py:2648} INFO - Exporting env vars: AIRFLOW_CTX_DAG_OWNER='wyko' AIRFLOW_CTX_DAG_ID='warehouse_daily' AIRFLOW_CTX_TASK_ID='shap_explainer_ml' AIRFLOW_CTX_EXECUTION_DATE='2025-11-21T16:13:54.669748+00:00' AIRFLOW_CTX_TRY_NUMBER='1' AIRFLOW_CTX_DAG_RUN_ID='manual__2025-11-21T16:13:54.669748+00:00'
[2025-11-21T16:18:14.059+0000] {taskinstance.py:430} INFO - ::endgroup::
[2025-11-21T16:18:14.063+0000] {subprocess.py:63} INFO - Tmp dir root location: /tmp
[2025-11-21T16:18:14.063+0000] {subprocess.py:75} INFO - Running command: ['/usr/bin/bash', '-c', 'cd /opt/airflow/repo && python ml/shap_explainer.py']
[2025-11-21T16:18:14.068+0000] {subprocess.py:86} INFO - Output:
[2025-11-21T16:18:14.440+0000] {subprocess.py:93} INFO - /opt/airflow/repo/ml/shap_explainer.py:4: FutureWarning: In the future `np.bool` will be defined as the corresponding NumPy scalar.
[2025-11-21T16:18:14.441+0000] {subprocess.py:93} INFO -   if not hasattr(np, "bool"):
[2025-11-21T16:19:51.825+0000] {subprocess.py:93} INFO - Ładowanie modelu: artifacts/best_model_RandomForest.joblib
[2025-11-21T16:19:51.826+0000] {subprocess.py:93} INFO - Pobieranie próby danych...
[2025-11-21T16:19:51.826+0000] {subprocess.py:93} INFO - Transformacja danych...
[2025-11-21T16:19:51.827+0000] {subprocess.py:93} INFO - Obliczanie wartości SHAP...
[2025-11-21T16:19:51.829+0000] {subprocess.py:93} INFO - Zapis do CSV...
[2025-11-21T16:19:51.829+0000] {subprocess.py:93} INFO - Zapisano SHAP CSV → artifacts/shap_values.csv
[2025-11-21T16:19:51.829+0000] {subprocess.py:93} INFO - Rysowanie wykresu (bar plot)...
[2025-11-21T16:19:51.829+0000] {subprocess.py:93} INFO - Wykres zapisany → artifacts/shap_summary.png
[2025-11-21T16:19:51.829+0000] {subprocess.py:93} INFO - DONE ✔
[2025-11-21T16:19:51.966+0000] {subprocess.py:97} INFO - Command exited with return code 0
[2025-11-21T16:19:51.966+0000] {taskinstance.py:441} INFO - ::group::Post task execution logs
[2025-11-21T16:19:51.974+0000] {taskinstance.py:1206} INFO - Marking task as SUCCESS. dag_id=warehouse_daily, task_id=shap_explainer_ml, run_id=manual__2025-11-21T16:13:54.669748+00:00, execution_date=20251121T161354, start_date=20251121T161813, end_date=20251121T161951
[2025-11-21T16:19:52.003+0000] {local_task_job_runner.py:243} INFO - Task exited with return code 0
[2025-11-21T16:19:52.007+0000] {taskinstance.py:3503} INFO - 1 downstream tasks scheduled from follow-on schedule check
[2025-11-21T16:19:52.008+0000] {local_task_job_runner.py:222} INFO - ::endgroup::
