[2025-11-12T19:06:02.589+0000] {local_task_job_runner.py:120} INFO - ::group::Pre task execution logs
[2025-11-12T19:06:02.598+0000] {taskinstance.py:2076} INFO - Dependencies all met for dep_context=non-requeueable deps ti=<TaskInstance: warehouse_daily.transform_to_parquet manual__2025-11-12T19:05:46.681163+00:00 [queued]>
[2025-11-12T19:06:02.600+0000] {taskinstance.py:2076} INFO - Dependencies all met for dep_context=requeueable deps ti=<TaskInstance: warehouse_daily.transform_to_parquet manual__2025-11-12T19:05:46.681163+00:00 [queued]>
[2025-11-12T19:06:02.600+0000] {taskinstance.py:2306} INFO - Starting attempt 1 of 3
[2025-11-12T19:06:02.603+0000] {taskinstance.py:2330} INFO - Executing <Task(BashOperator): transform_to_parquet> on 2025-11-12 19:05:46.681163+00:00
[2025-11-12T19:06:02.605+0000] {standard_task_runner.py:64} INFO - Started process 291 to run task
[2025-11-12T19:06:02.606+0000] {standard_task_runner.py:90} INFO - Running: ['airflow', 'tasks', 'run', 'warehouse_daily', 'transform_to_parquet', 'manual__2025-11-12T19:05:46.681163+00:00', '--job-id', '8', '--raw', '--subdir', 'DAGS_FOLDER/warehouse_dag.py', '--cfg-path', '/tmp/tmp48nj7hu8']
[2025-11-12T19:06:02.607+0000] {standard_task_runner.py:91} INFO - Job 8: Subtask transform_to_parquet
[2025-11-12T19:06:02.618+0000] {task_command.py:426} INFO - Running <TaskInstance: warehouse_daily.transform_to_parquet manual__2025-11-12T19:05:46.681163+00:00 [running]> on host 6561605caf49
[2025-11-12T19:06:02.634+0000] {taskinstance.py:2648} INFO - Exporting env vars: AIRFLOW_CTX_DAG_OWNER='wyko' AIRFLOW_CTX_DAG_ID='warehouse_daily' AIRFLOW_CTX_TASK_ID='transform_to_parquet' AIRFLOW_CTX_EXECUTION_DATE='2025-11-12T19:05:46.681163+00:00' AIRFLOW_CTX_TRY_NUMBER='1' AIRFLOW_CTX_DAG_RUN_ID='manual__2025-11-12T19:05:46.681163+00:00'
[2025-11-12T19:06:02.634+0000] {taskinstance.py:430} INFO - ::endgroup::
[2025-11-12T19:06:02.688+0000] {subprocess.py:63} INFO - Tmp dir root location: /tmp
[2025-11-12T19:06:02.689+0000] {subprocess.py:75} INFO - Running command: ['/usr/bin/bash', '-c', 'python /opt/airflow/repo/etl/transform.py --src housing_800k.csv --dst housing_800k.parquet']
[2025-11-12T19:06:02.692+0000] {subprocess.py:86} INFO - Output:
[2025-11-12T19:06:04.637+0000] {subprocess.py:93} INFO -  Processed 800,000 rows → s3://processed/housing_800k.parquet
[2025-11-12T19:06:04.701+0000] {subprocess.py:97} INFO - Command exited with return code 0
[2025-11-12T19:06:04.701+0000] {taskinstance.py:441} INFO - ::group::Post task execution logs
[2025-11-12T19:06:04.708+0000] {taskinstance.py:1206} INFO - Marking task as SUCCESS. dag_id=warehouse_daily, task_id=transform_to_parquet, run_id=manual__2025-11-12T19:05:46.681163+00:00, execution_date=20251112T190546, start_date=20251112T190602, end_date=20251112T190604
[2025-11-12T19:06:04.724+0000] {local_task_job_runner.py:243} INFO - Task exited with return code 0
[2025-11-12T19:06:04.730+0000] {taskinstance.py:3503} INFO - 1 downstream tasks scheduled from follow-on schedule check
[2025-11-12T19:06:04.731+0000] {local_task_job_runner.py:222} INFO - ::endgroup::
