[2025-11-22T06:04:07.799+0000] {local_task_job_runner.py:120} INFO - ::group::Pre task execution logs
[2025-11-22T06:04:07.807+0000] {taskinstance.py:2076} INFO - Dependencies all met for dep_context=non-requeueable deps ti=<TaskInstance: warehouse_daily.load_processed_to_pg scheduled__2025-11-21T06:00:00+00:00 [queued]>
[2025-11-22T06:04:07.809+0000] {taskinstance.py:2076} INFO - Dependencies all met for dep_context=requeueable deps ti=<TaskInstance: warehouse_daily.load_processed_to_pg scheduled__2025-11-21T06:00:00+00:00 [queued]>
[2025-11-22T06:04:07.809+0000] {taskinstance.py:2306} INFO - Starting attempt 1 of 3
[2025-11-22T06:04:07.813+0000] {taskinstance.py:2330} INFO - Executing <Task(BashOperator): load_processed_to_pg> on 2025-11-21 06:00:00+00:00
[2025-11-22T06:04:07.814+0000] {standard_task_runner.py:64} INFO - Started process 1966 to run task
[2025-11-22T06:04:07.816+0000] {standard_task_runner.py:90} INFO - Running: ['airflow', 'tasks', 'run', 'warehouse_daily', 'load_processed_to_pg', 'scheduled__2025-11-21T06:00:00+00:00', '--job-id', '32', '--raw', '--subdir', 'DAGS_FOLDER/warehouse_dag.py', '--cfg-path', '/tmp/tmp365t4z0p']
[2025-11-22T06:04:07.816+0000] {standard_task_runner.py:91} INFO - Job 32: Subtask load_processed_to_pg
[2025-11-22T06:04:07.828+0000] {task_command.py:426} INFO - Running <TaskInstance: warehouse_daily.load_processed_to_pg scheduled__2025-11-21T06:00:00+00:00 [running]> on host 4e64c7378c33
[2025-11-22T06:04:07.898+0000] {taskinstance.py:2648} INFO - Exporting env vars: AIRFLOW_CTX_DAG_OWNER='wyko' AIRFLOW_CTX_DAG_ID='warehouse_daily' AIRFLOW_CTX_TASK_ID='load_processed_to_pg' AIRFLOW_CTX_EXECUTION_DATE='2025-11-21T06:00:00+00:00' AIRFLOW_CTX_TRY_NUMBER='1' AIRFLOW_CTX_DAG_RUN_ID='scheduled__2025-11-21T06:00:00+00:00'
[2025-11-22T06:04:07.899+0000] {taskinstance.py:430} INFO - ::endgroup::
[2025-11-22T06:04:07.903+0000] {subprocess.py:63} INFO - Tmp dir root location: /tmp
[2025-11-22T06:04:07.903+0000] {subprocess.py:75} INFO - Running command: ['/usr/bin/bash', '-c', 'python /opt/airflow/repo/etl/load.py']
[2025-11-22T06:04:07.906+0000] {subprocess.py:86} INFO - Output:
[2025-11-22T06:16:05.434+0000] {subprocess.py:93} INFO -  Loaded to Postgres public.housing
[2025-11-22T06:16:05.625+0000] {subprocess.py:97} INFO - Command exited with return code 0
[2025-11-22T06:16:05.626+0000] {taskinstance.py:441} INFO - ::group::Post task execution logs
[2025-11-22T06:16:05.640+0000] {taskinstance.py:1206} INFO - Marking task as SUCCESS. dag_id=warehouse_daily, task_id=load_processed_to_pg, run_id=scheduled__2025-11-21T06:00:00+00:00, execution_date=20251121T060000, start_date=20251122T060407, end_date=20251122T061605
[2025-11-22T06:16:05.652+0000] {local_task_job_runner.py:243} INFO - Task exited with return code 0
[2025-11-22T06:16:05.745+0000] {taskinstance.py:3503} INFO - 2 downstream tasks scheduled from follow-on schedule check
[2025-11-22T06:16:05.749+0000] {local_task_job_runner.py:222} INFO - ::endgroup::
[2025-11-22T14:37:30.591+0000] {local_task_job_runner.py:120} INFO - ::group::Pre task execution logs
[2025-11-22T14:37:30.599+0000] {taskinstance.py:2076} INFO - Dependencies all met for dep_context=non-requeueable deps ti=<TaskInstance: warehouse_daily.load_processed_to_pg scheduled__2025-11-21T06:00:00+00:00 [queued]>
[2025-11-22T14:37:30.601+0000] {taskinstance.py:2076} INFO - Dependencies all met for dep_context=requeueable deps ti=<TaskInstance: warehouse_daily.load_processed_to_pg scheduled__2025-11-21T06:00:00+00:00 [queued]>
[2025-11-22T14:37:30.601+0000] {taskinstance.py:2306} INFO - Starting attempt 1 of 3
[2025-11-22T14:37:30.605+0000] {taskinstance.py:2330} INFO - Executing <Task(BashOperator): load_processed_to_pg> on 2025-11-21 06:00:00+00:00
[2025-11-22T14:37:30.606+0000] {standard_task_runner.py:64} INFO - Started process 344 to run task
[2025-11-22T14:37:30.607+0000] {standard_task_runner.py:90} INFO - Running: ['airflow', 'tasks', 'run', 'warehouse_daily', 'load_processed_to_pg', 'scheduled__2025-11-21T06:00:00+00:00', '--job-id', '9', '--raw', '--subdir', 'DAGS_FOLDER/warehouse_dag.py', '--cfg-path', '/tmp/tmplqegi3kf']
[2025-11-22T14:37:30.608+0000] {standard_task_runner.py:91} INFO - Job 9: Subtask load_processed_to_pg
[2025-11-22T14:37:30.620+0000] {task_command.py:426} INFO - Running <TaskInstance: warehouse_daily.load_processed_to_pg scheduled__2025-11-21T06:00:00+00:00 [running]> on host e41cc4788735
[2025-11-22T14:37:30.691+0000] {taskinstance.py:2648} INFO - Exporting env vars: AIRFLOW_CTX_DAG_OWNER='wyko' AIRFLOW_CTX_DAG_ID='warehouse_daily' AIRFLOW_CTX_TASK_ID='load_processed_to_pg' AIRFLOW_CTX_EXECUTION_DATE='2025-11-21T06:00:00+00:00' AIRFLOW_CTX_TRY_NUMBER='1' AIRFLOW_CTX_DAG_RUN_ID='scheduled__2025-11-21T06:00:00+00:00'
[2025-11-22T14:37:30.691+0000] {taskinstance.py:430} INFO - ::endgroup::
[2025-11-22T14:37:30.696+0000] {subprocess.py:63} INFO - Tmp dir root location: /tmp
[2025-11-22T14:37:30.696+0000] {subprocess.py:75} INFO - Running command: ['/usr/bin/bash', '-c', 'python /opt/airflow/repo/etl/load.py']
[2025-11-22T14:37:30.699+0000] {subprocess.py:86} INFO - Output:
[2025-11-22T14:37:51.879+0000] {subprocess.py:93} INFO -  Loaded to Postgres public.housing
[2025-11-22T14:37:51.966+0000] {subprocess.py:97} INFO - Command exited with return code 0
[2025-11-22T14:37:51.967+0000] {taskinstance.py:441} INFO - ::group::Post task execution logs
[2025-11-22T14:37:51.973+0000] {taskinstance.py:1206} INFO - Marking task as SUCCESS. dag_id=warehouse_daily, task_id=load_processed_to_pg, run_id=scheduled__2025-11-21T06:00:00+00:00, execution_date=20251121T060000, start_date=20251122T143730, end_date=20251122T143751
[2025-11-22T14:37:52.002+0000] {local_task_job_runner.py:243} INFO - Task exited with return code 0
[2025-11-22T14:37:52.009+0000] {taskinstance.py:3503} INFO - 2 downstream tasks scheduled from follow-on schedule check
[2025-11-22T14:37:52.011+0000] {local_task_job_runner.py:222} INFO - ::endgroup::
