[2025-11-23T08:27:22.918+0000] {local_task_job_runner.py:120} INFO - ::group::Pre task execution logs
[2025-11-23T08:27:22.926+0000] {taskinstance.py:2076} INFO - Dependencies all met for dep_context=non-requeueable deps ti=<TaskInstance: warehouse_daily.load_processed_to_pg manual__2025-11-23T08:27:11.650061+00:00 [queued]>
[2025-11-23T08:27:22.928+0000] {taskinstance.py:2076} INFO - Dependencies all met for dep_context=requeueable deps ti=<TaskInstance: warehouse_daily.load_processed_to_pg manual__2025-11-23T08:27:11.650061+00:00 [queued]>
[2025-11-23T08:27:22.928+0000] {taskinstance.py:2306} INFO - Starting attempt 1 of 3
[2025-11-23T08:27:22.932+0000] {taskinstance.py:2330} INFO - Executing <Task(BashOperator): load_processed_to_pg> on 2025-11-23 08:27:11.650061+00:00
[2025-11-23T08:27:22.934+0000] {standard_task_runner.py:64} INFO - Started process 3296 to run task
[2025-11-23T08:27:22.935+0000] {standard_task_runner.py:90} INFO - Running: ['airflow', 'tasks', 'run', 'warehouse_daily', 'load_processed_to_pg', 'manual__2025-11-23T08:27:11.650061+00:00', '--job-id', '53', '--raw', '--subdir', 'DAGS_FOLDER/warehouse_dag.py', '--cfg-path', '/tmp/tmppbf8l9by']
[2025-11-23T08:27:22.936+0000] {standard_task_runner.py:91} INFO - Job 53: Subtask load_processed_to_pg
[2025-11-23T08:27:22.946+0000] {task_command.py:426} INFO - Running <TaskInstance: warehouse_daily.load_processed_to_pg manual__2025-11-23T08:27:11.650061+00:00 [running]> on host e41cc4788735
[2025-11-23T08:27:23.018+0000] {taskinstance.py:2648} INFO - Exporting env vars: AIRFLOW_CTX_DAG_OWNER='wyko' AIRFLOW_CTX_DAG_ID='warehouse_daily' AIRFLOW_CTX_TASK_ID='load_processed_to_pg' AIRFLOW_CTX_EXECUTION_DATE='2025-11-23T08:27:11.650061+00:00' AIRFLOW_CTX_TRY_NUMBER='1' AIRFLOW_CTX_DAG_RUN_ID='manual__2025-11-23T08:27:11.650061+00:00'
[2025-11-23T08:27:23.019+0000] {taskinstance.py:430} INFO - ::endgroup::
[2025-11-23T08:27:23.023+0000] {subprocess.py:63} INFO - Tmp dir root location: /tmp
[2025-11-23T08:27:23.023+0000] {subprocess.py:75} INFO - Running command: ['/usr/bin/bash', '-c', 'python /opt/airflow/repo/etl/load.py']
[2025-11-23T08:27:23.026+0000] {subprocess.py:86} INFO - Output:
[2025-11-23T08:27:43.890+0000] {subprocess.py:93} INFO -  Loaded to Postgres public.housing
[2025-11-23T08:27:43.979+0000] {subprocess.py:97} INFO - Command exited with return code 0
[2025-11-23T08:27:43.979+0000] {taskinstance.py:441} INFO - ::group::Post task execution logs
[2025-11-23T08:27:43.986+0000] {taskinstance.py:1206} INFO - Marking task as SUCCESS. dag_id=warehouse_daily, task_id=load_processed_to_pg, run_id=manual__2025-11-23T08:27:11.650061+00:00, execution_date=20251123T082711, start_date=20251123T082722, end_date=20251123T082743
[2025-11-23T08:27:44.007+0000] {local_task_job_runner.py:243} INFO - Task exited with return code 0
[2025-11-23T08:27:44.051+0000] {taskinstance.py:3503} INFO - 2 downstream tasks scheduled from follow-on schedule check
[2025-11-23T08:27:44.052+0000] {local_task_job_runner.py:222} INFO - ::endgroup::
