[2025-11-14T16:51:05.611+0000] {local_task_job_runner.py:120} INFO - ::group::Pre task execution logs
[2025-11-14T16:51:05.619+0000] {taskinstance.py:2076} INFO - Dependencies all met for dep_context=non-requeueable deps ti=<TaskInstance: warehouse_daily.train_models manual__2025-11-14T16:42:08.384178+00:00 [queued]>
[2025-11-14T16:51:05.621+0000] {taskinstance.py:2076} INFO - Dependencies all met for dep_context=requeueable deps ti=<TaskInstance: warehouse_daily.train_models manual__2025-11-14T16:42:08.384178+00:00 [queued]>
[2025-11-14T16:51:05.621+0000] {taskinstance.py:2306} INFO - Starting attempt 2 of 3
[2025-11-14T16:51:05.625+0000] {taskinstance.py:2330} INFO - Executing <Task(BashOperator): train_models> on 2025-11-14 16:42:08.384178+00:00
[2025-11-14T16:51:05.627+0000] {standard_task_runner.py:64} INFO - Started process 2590 to run task
[2025-11-14T16:51:05.628+0000] {standard_task_runner.py:90} INFO - Running: ['airflow', 'tasks', 'run', 'warehouse_daily', 'train_models', 'manual__2025-11-14T16:42:08.384178+00:00', '--job-id', '65', '--raw', '--subdir', 'DAGS_FOLDER/warehouse_dag.py', '--cfg-path', '/tmp/tmpcrlqk__6']
[2025-11-14T16:51:05.629+0000] {standard_task_runner.py:91} INFO - Job 65: Subtask train_models
[2025-11-14T16:51:05.640+0000] {task_command.py:426} INFO - Running <TaskInstance: warehouse_daily.train_models manual__2025-11-14T16:42:08.384178+00:00 [running]> on host 8b16c83c8b1e
[2025-11-14T16:51:05.716+0000] {taskinstance.py:2648} INFO - Exporting env vars: AIRFLOW_CTX_DAG_OWNER='wyko' AIRFLOW_CTX_DAG_ID='warehouse_daily' AIRFLOW_CTX_TASK_ID='train_models' AIRFLOW_CTX_EXECUTION_DATE='2025-11-14T16:42:08.384178+00:00' AIRFLOW_CTX_TRY_NUMBER='2' AIRFLOW_CTX_DAG_RUN_ID='manual__2025-11-14T16:42:08.384178+00:00'
[2025-11-14T16:51:05.717+0000] {taskinstance.py:430} INFO - ::endgroup::
[2025-11-14T16:51:05.721+0000] {subprocess.py:63} INFO - Tmp dir root location: /tmp
[2025-11-14T16:51:05.721+0000] {subprocess.py:75} INFO - Running command: ['/usr/bin/bash', '-c', 'cd /opt/airflow/repo && python ml/ml_final.py']
[2025-11-14T16:51:05.724+0000] {subprocess.py:86} INFO - Output:
[2025-11-14T16:53:24.916+0000] {subprocess.py:93} INFO - 
[2025-11-14T16:53:24.917+0000] {subprocess.py:93} INFO - === Trenowany model: RandomForest ===
[2025-11-14T16:53:24.920+0000] {subprocess.py:93} INFO - Fitting 2 folds for each of 5 candidates, totalling 10 fits
[2025-11-14T16:53:24.920+0000] {subprocess.py:93} INFO - MAE  = 4,498.84
[2025-11-14T16:53:24.920+0000] {subprocess.py:93} INFO - RMSE = 24,624.41
[2025-11-14T16:53:24.920+0000] {subprocess.py:93} INFO - R²   = 0.9900
[2025-11-14T16:53:24.920+0000] {subprocess.py:93} INFO - Czas trenowania: 79.96s
[2025-11-14T16:53:24.920+0000] {subprocess.py:93} INFO - 
[2025-11-14T16:53:24.920+0000] {subprocess.py:93} INFO - === Trenowany model: GradientBoosting ===
[2025-11-14T16:53:24.920+0000] {subprocess.py:93} INFO - Fitting 2 folds for each of 5 candidates, totalling 10 fits
[2025-11-14T16:53:24.920+0000] {subprocess.py:93} INFO - MAE  = 8,941.41
[2025-11-14T16:53:24.920+0000] {subprocess.py:93} INFO - RMSE = 25,716.59
[2025-11-14T16:53:24.920+0000] {subprocess.py:93} INFO - R²   = 0.9891
[2025-11-14T16:53:24.920+0000] {subprocess.py:93} INFO - Czas trenowania: 47.21s
[2025-11-14T16:53:24.920+0000] {subprocess.py:93} INFO - 
[2025-11-14T16:53:24.920+0000] {subprocess.py:93} INFO - === Trenowany model: XGBRegressor ===
[2025-11-14T16:53:24.920+0000] {subprocess.py:93} INFO - Fitting 2 folds for each of 5 candidates, totalling 10 fits
[2025-11-14T16:53:24.921+0000] {subprocess.py:93} INFO - MAE  = 10,916.05
[2025-11-14T16:53:24.921+0000] {subprocess.py:93} INFO - RMSE = 25,650.95
[2025-11-14T16:53:24.921+0000] {subprocess.py:93} INFO - R²   = 0.9891
[2025-11-14T16:53:24.921+0000] {subprocess.py:93} INFO - Czas trenowania: 7.18s
[2025-11-14T16:53:24.921+0000] {subprocess.py:93} INFO - 
[2025-11-14T16:53:24.921+0000] {subprocess.py:93} INFO - Zapisano metryki: artifacts/model_metrics.csv
[2025-11-14T16:53:24.921+0000] {subprocess.py:93} INFO - Najlepszy model: RandomForest (MAE=4,498.84)
[2025-11-14T16:53:24.921+0000] {subprocess.py:93} INFO - Zapisano pipeline do: artifacts/best_model_RandomForest.joblib
[2025-11-14T16:53:24.921+0000] {subprocess.py:93} INFO - Zapisano feature importance: artifacts/feature_importance.csv
[2025-11-14T16:53:25.028+0000] {subprocess.py:97} INFO - Command exited with return code 0
[2025-11-14T16:53:25.028+0000] {taskinstance.py:441} INFO - ::group::Post task execution logs
[2025-11-14T16:53:25.035+0000] {taskinstance.py:1206} INFO - Marking task as SUCCESS. dag_id=warehouse_daily, task_id=train_models, run_id=manual__2025-11-14T16:42:08.384178+00:00, execution_date=20251114T164208, start_date=20251114T165105, end_date=20251114T165325
[2025-11-14T16:53:25.086+0000] {local_task_job_runner.py:243} INFO - Task exited with return code 0
[2025-11-14T16:53:25.090+0000] {taskinstance.py:3503} INFO - 0 downstream tasks scheduled from follow-on schedule check
[2025-11-14T16:53:25.090+0000] {local_task_job_runner.py:222} INFO - ::endgroup::
