[2025-11-14T16:42:57.783+0000] {local_task_job_runner.py:120} INFO - ::group::Pre task execution logs
[2025-11-14T16:42:57.791+0000] {taskinstance.py:2076} INFO - Dependencies all met for dep_context=non-requeueable deps ti=<TaskInstance: warehouse_daily.train_models manual__2025-11-14T16:42:08.384178+00:00 [queued]>
[2025-11-14T16:42:57.793+0000] {taskinstance.py:2076} INFO - Dependencies all met for dep_context=requeueable deps ti=<TaskInstance: warehouse_daily.train_models manual__2025-11-14T16:42:08.384178+00:00 [queued]>
[2025-11-14T16:42:57.793+0000] {taskinstance.py:2306} INFO - Starting attempt 1 of 3
[2025-11-14T16:42:57.797+0000] {taskinstance.py:2330} INFO - Executing <Task(BashOperator): train_models> on 2025-11-14 16:42:08.384178+00:00
[2025-11-14T16:42:57.799+0000] {standard_task_runner.py:64} INFO - Started process 2162 to run task
[2025-11-14T16:42:57.800+0000] {standard_task_runner.py:90} INFO - Running: ['airflow', 'tasks', 'run', 'warehouse_daily', 'train_models', 'manual__2025-11-14T16:42:08.384178+00:00', '--job-id', '64', '--raw', '--subdir', 'DAGS_FOLDER/warehouse_dag.py', '--cfg-path', '/tmp/tmp0nmw_680']
[2025-11-14T16:42:57.801+0000] {standard_task_runner.py:91} INFO - Job 64: Subtask train_models
[2025-11-14T16:42:57.811+0000] {task_command.py:426} INFO - Running <TaskInstance: warehouse_daily.train_models manual__2025-11-14T16:42:08.384178+00:00 [running]> on host 8b16c83c8b1e
[2025-11-14T16:42:57.885+0000] {taskinstance.py:2648} INFO - Exporting env vars: AIRFLOW_CTX_DAG_OWNER='wyko' AIRFLOW_CTX_DAG_ID='warehouse_daily' AIRFLOW_CTX_TASK_ID='train_models' AIRFLOW_CTX_EXECUTION_DATE='2025-11-14T16:42:08.384178+00:00' AIRFLOW_CTX_TRY_NUMBER='1' AIRFLOW_CTX_DAG_RUN_ID='manual__2025-11-14T16:42:08.384178+00:00'
[2025-11-14T16:42:57.886+0000] {taskinstance.py:430} INFO - ::endgroup::
[2025-11-14T16:42:57.890+0000] {subprocess.py:63} INFO - Tmp dir root location: /tmp
[2025-11-14T16:42:57.890+0000] {subprocess.py:75} INFO - Running command: ['/usr/bin/bash', '-c', 'cd /opt/airflow/repo && python ml/ml_final.py']
[2025-11-14T16:42:57.893+0000] {subprocess.py:86} INFO - Output:
[2025-11-14T16:46:04.265+0000] {local_task_job_runner.py:313} WARNING - State of this instance has been externally set to restarting. Terminating instance.
[2025-11-14T16:46:04.265+0000] {local_task_job_runner.py:222} INFO - ::endgroup::
[2025-11-14T16:46:04.265+0000] {process_utils.py:132} INFO - Sending 15 to group 2162. PIDs of all processes in the group: [2163, 2162]
[2025-11-14T16:46:04.265+0000] {process_utils.py:87} INFO - Sending the signal 15 to group 2162
[2025-11-14T16:46:04.266+0000] {taskinstance.py:2611} ERROR - Received SIGTERM. Terminating subprocesses.
[2025-11-14T16:46:04.266+0000] {subprocess.py:104} INFO - Sending SIGTERM signal to process group
[2025-11-14T16:46:04.266+0000] {taskinstance.py:441} INFO - ::group::Post task execution logs
[2025-11-14T16:46:04.269+0000] {taskinstance.py:2905} ERROR - Task failed with exception
Traceback (most recent call last):
  File "/home/airflow/.local/lib/python3.12/site-packages/airflow/models/taskinstance.py", line 465, in _execute_task
    result = _execute_callable(context=context, **execute_callable_kwargs)
             ^^^^^^^^^^^^^^^^^^^^^^^^^^^^^^^^^^^^^^^^^^^^^^^^^^^^^^^^^^^^^
  File "/home/airflow/.local/lib/python3.12/site-packages/airflow/models/taskinstance.py", line 432, in _execute_callable
    return execute_callable(context=context, **execute_callable_kwargs)
           ^^^^^^^^^^^^^^^^^^^^^^^^^^^^^^^^^^^^^^^^^^^^^^^^^^^^^^^^^^^^
  File "/home/airflow/.local/lib/python3.12/site-packages/airflow/models/baseoperator.py", line 401, in wrapper
    return func(self, *args, **kwargs)
           ^^^^^^^^^^^^^^^^^^^^^^^^^^^
  File "/home/airflow/.local/lib/python3.12/site-packages/airflow/operators/bash.py", line 234, in execute
    result = self.subprocess_hook.run_command(
             ^^^^^^^^^^^^^^^^^^^^^^^^^^^^^^^^^
  File "/home/airflow/.local/lib/python3.12/site-packages/airflow/hooks/subprocess.py", line 91, in run_command
    for raw_line in iter(self.sub_process.stdout.readline, b""):
  File "/home/airflow/.local/lib/python3.12/site-packages/airflow/models/taskinstance.py", line 2613, in signal_handler
    raise AirflowTaskTerminated("Task received SIGTERM signal")
airflow.exceptions.AirflowTaskTerminated: Task received SIGTERM signal
[2025-11-14T16:46:04.270+0000] {taskinstance.py:1206} INFO - Marking task as UP_FOR_RETRY. dag_id=warehouse_daily, task_id=train_models, run_id=manual__2025-11-14T16:42:08.384178+00:00, execution_date=20251114T164208, start_date=20251114T164257, end_date=20251114T164604
[2025-11-14T16:46:04.306+0000] {process_utils.py:80} INFO - Process psutil.Process(pid=2163, status='terminated', started='16:42:56') (2163) terminated with exit code None
[2025-11-14T16:46:04.306+0000] {process_utils.py:80} INFO - Process psutil.Process(pid=2162, status='terminated', exitcode=2, started='16:42:56') (2162) terminated with exit code 2
